ARM GAS  C:\Users\DHEERA~1\AppData\Local\Temp\cckyz0xa.s 			page 1


   1              		.syntax unified
   2              		.cpu cortex-m3
   3              		.fpu softvfp
   4              		.eabi_attribute 20, 1
   5              		.eabi_attribute 21, 1
   6              		.eabi_attribute 23, 3
   7              		.eabi_attribute 24, 1
   8              		.eabi_attribute 25, 1
   9              		.eabi_attribute 26, 1
  10              		.eabi_attribute 30, 1
  11              		.eabi_attribute 34, 1
  12              		.eabi_attribute 18, 4
  13              		.thumb
  14              		.syntax unified
  15              		.file	"button.c"
  16              		.text
  17              	.Ltext0:
  18              		.cfi_sections	.debug_frame
  19              		.section	.text.BUTTON_Init,"ax",%progbits
  20              		.align	2
  21              		.global	BUTTON_Init
  22              		.thumb
  23              		.thumb_func
  24              		.type	BUTTON_Init, %function
  25              	BUTTON_Init:
  26              	.LFB110:
  27              		.file 1 "source\\bsw\\button.c"
   1:source\bsw/button.c **** /**
   2:source\bsw/button.c **** * \file button.c
   3:source\bsw/button.c **** * \author P. Fromm
   4:source\bsw/button.c **** * \date 29.7.17
   5:source\bsw/button.c **** *
   6:source\bsw/button.c **** * \brief Simple button driver
   7:source\bsw/button.c **** *
   8:source\bsw/button.c **** * \copyright Copyright ©2016
   9:source\bsw/button.c **** * Department of electrical engineering and information technology, Hochschule Darmstadt - Universit
  10:source\bsw/button.c **** * Permission to use, copy, modify, and distribute this software and its documentation for education
  11:source\bsw/button.c **** * (unless permitted by h_da) and official h_da projects, is hereby granted for enrolled students of
  12:source\bsw/button.c **** * this paragraph and the following paragraph appear in all copies, modifications, and distributions
  13:source\bsw/button.c **** * Contact Prof.Dr.-Ing. Peter Fromm, peter.fromm@h-da.de, Birkenweg 8 64295 Darmstadt - GERMANY for
  14:source\bsw/button.c **** *
  15:source\bsw/button.c **** * \warning This software is a PROTOTYPE version and is not designed or intended for use in producti
  16:source\bsw/button.c **** * The user represents and warrants that it will NOT use or redistribute the Software for such purpo
  17:source\bsw/button.c **** * This prototype is for research purposes only. This software is provided "AS IS," without a warran
  18:source\bsw/button.c **** */
  19:source\bsw/button.c **** 
  20:source\bsw/button.c **** /*****************************************************************************/
  21:source\bsw/button.c **** /* Include files                                                             */
  22:source\bsw/button.c **** /*****************************************************************************/
  23:source\bsw/button.c **** #include "project.h"
  24:source\bsw/button.c **** #include "button.h"
  25:source\bsw/button.c **** 
  26:source\bsw/button.c **** #include "button_1.h"
  27:source\bsw/button.c **** #include "button_2.h"
  28:source\bsw/button.c **** //#include "button_3.h"
  29:source\bsw/button.c **** //#include "button_4.h"
  30:source\bsw/button.c **** 
ARM GAS  C:\Users\DHEERA~1\AppData\Local\Temp\cckyz0xa.s 			page 2


  31:source\bsw/button.c **** 
  32:source\bsw/button.c **** /*****************************************************************************/
  33:source\bsw/button.c **** /* Local pre-processor symbols/macros ('#define')                            */
  34:source\bsw/button.c **** /*****************************************************************************/
  35:source\bsw/button.c **** 
  36:source\bsw/button.c **** /*****************************************************************************/
  37:source\bsw/button.c **** /* Global variable definitions (declared in header file with 'extern')       */
  38:source\bsw/button.c **** /*****************************************************************************/
  39:source\bsw/button.c **** 
  40:source\bsw/button.c **** /*****************************************************************************/
  41:source\bsw/button.c **** /* Local type definitions ('typedef')                                        */
  42:source\bsw/button.c **** /*****************************************************************************/
  43:source\bsw/button.c **** 
  44:source\bsw/button.c **** /*****************************************************************************/
  45:source\bsw/button.c **** /* Local variable definitions ('static')                                     */
  46:source\bsw/button.c **** /*****************************************************************************/
  47:source\bsw/button.c **** 
  48:source\bsw/button.c **** 
  49:source\bsw/button.c **** 
  50:source\bsw/button.c **** /*****************************************************************************/
  51:source\bsw/button.c **** /* Local function prototypes ('static')                                      */
  52:source\bsw/button.c **** /*****************************************************************************/
  53:source\bsw/button.c **** 
  54:source\bsw/button.c **** 
  55:source\bsw/button.c **** /*****************************************************************************/
  56:source\bsw/button.c **** /* Function implementation - global ('extern') and local ('static')          */
  57:source\bsw/button.c **** /*****************************************************************************/
  58:source\bsw/button.c **** 
  59:source\bsw/button.c **** /**
  60:source\bsw/button.c ****  * Initialize Button
  61:source\bsw/button.c ****  * @return RC_SUCCESS if ok
  62:source\bsw/button.c ****  */
  63:source\bsw/button.c **** RC_t BUTTON_Init(cyisraddress address)
  64:source\bsw/button.c **** {
  28              		.loc 1 64 0
  29              		.cfi_startproc
  30              		@ args = 0, pretend = 0, frame = 0
  31              		@ frame_needed = 0, uses_anonymous_args = 0
  32              	.LVL0:
  65:source\bsw/button.c ****  
  66:source\bsw/button.c ****     if (address != 0)
  33              		.loc 1 66 0
  34 0000 20B1     		cbz	r0, .L4
  64:source\bsw/button.c ****  
  35              		.loc 1 64 0
  36 0002 08B5     		push	{r3, lr}
  37              		.cfi_def_cfa_offset 8
  38              		.cfi_offset 3, -8
  39              		.cfi_offset 14, -4
  67:source\bsw/button.c ****     {
  68:source\bsw/button.c ****         isr_Button_StartEx(address);
  40              		.loc 1 68 0
  41 0004 FFF7FEFF 		bl	isr_Button_StartEx
  42              	.LVL1:
  69:source\bsw/button.c ****     }
  70:source\bsw/button.c ****     
  71:source\bsw/button.c ****     return RC_SUCCESS;
ARM GAS  C:\Users\DHEERA~1\AppData\Local\Temp\cckyz0xa.s 			page 3


  72:source\bsw/button.c **** }
  43              		.loc 1 72 0
  44 0008 0020     		movs	r0, #0
  45 000a 08BD     		pop	{r3, pc}
  46              	.LVL2:
  47              	.L4:
  48              		.cfi_def_cfa_offset 0
  49              		.cfi_restore 3
  50              		.cfi_restore 14
  51 000c 0020     		movs	r0, #0
  52              	.LVL3:
  53 000e 7047     		bx	lr
  54              		.cfi_endproc
  55              	.LFE110:
  56              		.size	BUTTON_Init, .-BUTTON_Init
  57              		.section	.text.BUTTON_IsPressed,"ax",%progbits
  58              		.align	2
  59              		.global	BUTTON_IsPressed
  60              		.thumb
  61              		.thumb_func
  62              		.type	BUTTON_IsPressed, %function
  63              	BUTTON_IsPressed:
  64              	.LFB111:
  73:source\bsw/button.c **** 
  74:source\bsw/button.c **** /**
  75:source\bsw/button.c ****  * Initialize Button
  76:source\bsw/button.c ****  * @param BUTTON_id_t button - check if the corresponding button is pressed
  77:source\bsw/button.c ****  * @return TRUE if button is pressed
  78:source\bsw/button.c ****  */
  79:source\bsw/button.c **** boolean_t BUTTON_IsPressed(BUTTON_id_t button)
  80:source\bsw/button.c **** {
  65              		.loc 1 80 0
  66              		.cfi_startproc
  67              		@ args = 0, pretend = 0, frame = 0
  68              		@ frame_needed = 0, uses_anonymous_args = 0
  69              	.LVL4:
  70 0000 08B5     		push	{r3, lr}
  71              		.cfi_def_cfa_offset 8
  72              		.cfi_offset 3, -8
  73              		.cfi_offset 14, -4
  74              	.LVL5:
  81:source\bsw/button.c ****     boolean_t result = FALSE;
  82:source\bsw/button.c ****     
  83:source\bsw/button.c ****     switch (button)
  75              		.loc 1 83 0
  76 0002 0328     		cmp	r0, #3
  77 0004 1BD8     		bhi	.L12
  78 0006 DFE800F0 		tbb	[pc, r0]
  79              	.L8:
  80 000a 02       		.byte	(.L7-.L8)/2
  81 000b 08       		.byte	(.L9-.L8)/2
  82 000c 0E       		.byte	(.L10-.L8)/2
  83 000d 14       		.byte	(.L11-.L8)/2
  84              		.p2align 1
  85              	.L7:
  86              	.LBB2:
  84:source\bsw/button.c ****     {
ARM GAS  C:\Users\DHEERA~1\AppData\Local\Temp\cckyz0xa.s 			page 4


  85:source\bsw/button.c ****         case BUTTON_1 : if (BUTTON_1_Read() == 1) result = TRUE; break;
  87              		.loc 1 85 0
  88 000e FFF7FEFF 		bl	BUTTON_1_Read
  89              	.LVL6:
  90 0012 0128     		cmp	r0, #1
  91 0014 15D0     		beq	.L13
  92              	.LBE2:
  81:source\bsw/button.c ****     boolean_t result = FALSE;
  93              		.loc 1 81 0
  94 0016 0020     		movs	r0, #0
  95 0018 08BD     		pop	{r3, pc}
  96              	.LVL7:
  97              	.L9:
  98              	.LBB3:
  86:source\bsw/button.c ****         case BUTTON_2 : if (BUTTON_2_Read() == 1) result = TRUE; break;
  99              		.loc 1 86 0
 100 001a FFF7FEFF 		bl	BUTTON_2_Read
 101              	.LVL8:
 102 001e 0128     		cmp	r0, #1
 103 0020 11D0     		beq	.L14
 104              	.LBE3:
  81:source\bsw/button.c ****     boolean_t result = FALSE;
 105              		.loc 1 81 0
 106 0022 0020     		movs	r0, #0
 107 0024 08BD     		pop	{r3, pc}
 108              	.LVL9:
 109              	.L10:
 110              	.LBB4:
  87:source\bsw/button.c ****         case BUTTON_3 : if (BUTTON_3_Read() == 1) result = TRUE; break;
 111              		.loc 1 87 0
 112 0026 FFF7FEFF 		bl	BUTTON_3_Read
 113              	.LVL10:
 114 002a 0128     		cmp	r0, #1
 115 002c 0DD0     		beq	.L15
 116              	.LBE4:
  81:source\bsw/button.c ****     
 117              		.loc 1 81 0
 118 002e 0020     		movs	r0, #0
 119 0030 08BD     		pop	{r3, pc}
 120              	.LVL11:
 121              	.L11:
 122              	.LBB5:
  88:source\bsw/button.c ****         case BUTTON_4 : if (BUTTON_4_Read() == 1) result = TRUE; break;
 123              		.loc 1 88 0
 124 0032 FFF7FEFF 		bl	BUTTON_4_Read
 125              	.LVL12:
 126 0036 0128     		cmp	r0, #1
 127 0038 09D0     		beq	.L16
 128              	.LBE5:
  81:source\bsw/button.c ****     
 129              		.loc 1 81 0
 130 003a 0020     		movs	r0, #0
 131 003c 08BD     		pop	{r3, pc}
 132              	.LVL13:
 133              	.L12:
 134 003e 0020     		movs	r0, #0
 135              	.LVL14:
ARM GAS  C:\Users\DHEERA~1\AppData\Local\Temp\cckyz0xa.s 			page 5


 136 0040 08BD     		pop	{r3, pc}
 137              	.L13:
 138              	.LBB6:
  85:source\bsw/button.c ****         case BUTTON_2 : if (BUTTON_2_Read() == 1) result = TRUE; break;
 139              		.loc 1 85 0
 140 0042 0120     		movs	r0, #1
 141 0044 08BD     		pop	{r3, pc}
 142              	.L14:
 143              	.LBE6:
 144              	.LBB7:
  86:source\bsw/button.c ****         case BUTTON_3 : if (BUTTON_3_Read() == 1) result = TRUE; break;
 145              		.loc 1 86 0
 146 0046 0120     		movs	r0, #1
 147 0048 08BD     		pop	{r3, pc}
 148              	.L15:
 149              	.LBE7:
 150              	.LBB8:
  87:source\bsw/button.c ****         case BUTTON_4 : if (BUTTON_4_Read() == 1) result = TRUE; break;
 151              		.loc 1 87 0
 152 004a 0120     		movs	r0, #1
 153 004c 08BD     		pop	{r3, pc}
 154              	.L16:
 155              	.LBE8:
 156              	.LBB9:
 157              		.loc 1 88 0
 158 004e 0120     		movs	r0, #1
 159              	.LVL15:
 160              	.LBE9:
  89:source\bsw/button.c ****     }
  90:source\bsw/button.c ****     
  91:source\bsw/button.c ****     return result;
  92:source\bsw/button.c **** }
 161              		.loc 1 92 0
 162 0050 08BD     		pop	{r3, pc}
 163              		.cfi_endproc
 164              	.LFE111:
 165              		.size	BUTTON_IsPressed, .-BUTTON_IsPressed
 166 0052 00BF     		.text
 167              	.Letext0:
 168              		.file 2 "d:\\psoc creator\\4.4\\psoc creator\\import\\gnu\\arm\\5.4.1\\arm-none-eabi\\include\\mac
 169              		.file 3 "d:\\psoc creator\\4.4\\psoc creator\\import\\gnu\\arm\\5.4.1\\arm-none-eabi\\include\\sys
 170              		.file 4 "Generated_Source\\PSoC5/cytypes.h"
 171              		.file 5 "Generated_Source\\PSoC5/ErikaOS_1_common_ee_types.inc"
 172              		.file 6 "Generated_Source\\PSoC5/ErikaOS_1_cortex_mx_ee_cpu.inc"
 173              		.file 7 "source\\bsw\\global.h"
 174              		.file 8 "source\\bsw\\button.h"
 175              		.file 9 "Generated_Source\\PSoC5/ErikaOS_1_ee_oo_intfunc.inc"
 176              		.file 10 "Generated_Source\\PSoC5/ErikaOS_1_cortex_mx_ee_context.inc"
 177              		.file 11 "Generated_Source\\PSoC5/ErikaOS_1_common_ee_primitives.inc"
 178              		.file 12 "Generated_Source\\PSoC5/core_cm3.h"
 179              		.file 13 "Generated_Source\\PSoC5/isr_Button.h"
 180              		.section	.debug_info,"",%progbits
 181              	.Ldebug_info0:
 182 0000 59030000 		.4byte	0x359
 183 0004 0400     		.2byte	0x4
 184 0006 00000000 		.4byte	.Ldebug_abbrev0
 185 000a 04       		.byte	0x4
ARM GAS  C:\Users\DHEERA~1\AppData\Local\Temp\cckyz0xa.s 			page 6


 186 000b 01       		.uleb128 0x1
 187 000c B1020000 		.4byte	.LASF70
 188 0010 0C       		.byte	0xc
 189 0011 25000000 		.4byte	.LASF71
 190 0015 35040000 		.4byte	.LASF72
 191 0019 60000000 		.4byte	.Ldebug_ranges0+0x60
 192 001d 00000000 		.4byte	0
 193 0021 00000000 		.4byte	.Ldebug_line0
 194 0025 02       		.uleb128 0x2
 195 0026 01       		.byte	0x1
 196 0027 06       		.byte	0x6
 197 0028 2B020000 		.4byte	.LASF0
 198 002c 02       		.uleb128 0x2
 199 002d 01       		.byte	0x1
 200 002e 08       		.byte	0x8
 201 002f 04020000 		.4byte	.LASF1
 202 0033 02       		.uleb128 0x2
 203 0034 02       		.byte	0x2
 204 0035 05       		.byte	0x5
 205 0036 4D000000 		.4byte	.LASF2
 206 003a 02       		.uleb128 0x2
 207 003b 02       		.byte	0x2
 208 003c 07       		.byte	0x7
 209 003d 9E020000 		.4byte	.LASF3
 210 0041 03       		.uleb128 0x3
 211 0042 E2030000 		.4byte	.LASF9
 212 0046 02       		.byte	0x2
 213 0047 3F       		.byte	0x3f
 214 0048 4C000000 		.4byte	0x4c
 215 004c 02       		.uleb128 0x2
 216 004d 04       		.byte	0x4
 217 004e 05       		.byte	0x5
 218 004f 93010000 		.4byte	.LASF4
 219 0053 02       		.uleb128 0x2
 220 0054 04       		.byte	0x4
 221 0055 07       		.byte	0x7
 222 0056 93030000 		.4byte	.LASF5
 223 005a 02       		.uleb128 0x2
 224 005b 08       		.byte	0x8
 225 005c 05       		.byte	0x5
 226 005d 48010000 		.4byte	.LASF6
 227 0061 02       		.uleb128 0x2
 228 0062 08       		.byte	0x8
 229 0063 07       		.byte	0x7
 230 0064 37020000 		.4byte	.LASF7
 231 0068 04       		.uleb128 0x4
 232 0069 04       		.byte	0x4
 233 006a 05       		.byte	0x5
 234 006b 696E7400 		.ascii	"int\000"
 235 006f 02       		.uleb128 0x2
 236 0070 04       		.byte	0x4
 237 0071 07       		.byte	0x7
 238 0072 4E020000 		.4byte	.LASF8
 239 0076 03       		.uleb128 0x3
 240 0077 65030000 		.4byte	.LASF10
 241 007b 03       		.byte	0x3
 242 007c 2C       		.byte	0x2c
ARM GAS  C:\Users\DHEERA~1\AppData\Local\Temp\cckyz0xa.s 			page 7


 243 007d 41000000 		.4byte	0x41
 244 0081 02       		.uleb128 0x2
 245 0082 04       		.byte	0x4
 246 0083 04       		.byte	0x4
 247 0084 34010000 		.4byte	.LASF11
 248 0088 02       		.uleb128 0x2
 249 0089 08       		.byte	0x8
 250 008a 04       		.byte	0x4
 251 008b A5030000 		.4byte	.LASF12
 252 008f 02       		.uleb128 0x2
 253 0090 01       		.byte	0x1
 254 0091 08       		.byte	0x8
 255 0092 4B030000 		.4byte	.LASF13
 256 0096 05       		.uleb128 0x5
 257 0097 1E020000 		.4byte	.LASF14
 258 009b 04       		.byte	0x4
 259 009c A502     		.2byte	0x2a5
 260 009e A2000000 		.4byte	0xa2
 261 00a2 06       		.uleb128 0x6
 262 00a3 04       		.byte	0x4
 263 00a4 A8000000 		.4byte	0xa8
 264 00a8 07       		.uleb128 0x7
 265 00a9 02       		.uleb128 0x2
 266 00aa 08       		.byte	0x8
 267 00ab 04       		.byte	0x4
 268 00ac 12020000 		.4byte	.LASF15
 269 00b0 02       		.uleb128 0x2
 270 00b1 04       		.byte	0x4
 271 00b2 07       		.byte	0x7
 272 00b3 7D000000 		.4byte	.LASF16
 273 00b7 03       		.uleb128 0x3
 274 00b8 8D020000 		.4byte	.LASF17
 275 00bc 05       		.byte	0x5
 276 00bd 53       		.byte	0x53
 277 00be 68000000 		.4byte	0x68
 278 00c2 03       		.uleb128 0x3
 279 00c3 B0000000 		.4byte	.LASF18
 280 00c7 05       		.byte	0x5
 281 00c8 54       		.byte	0x54
 282 00c9 6F000000 		.4byte	0x6f
 283 00cd 03       		.uleb128 0x3
 284 00ce BE030000 		.4byte	.LASF19
 285 00d2 06       		.byte	0x6
 286 00d3 4D       		.byte	0x4d
 287 00d4 C2000000 		.4byte	0xc2
 288 00d8 03       		.uleb128 0x3
 289 00d9 94000000 		.4byte	.LASF20
 290 00dd 06       		.byte	0x6
 291 00de 4F       		.byte	0x4f
 292 00df C2000000 		.4byte	0xc2
 293 00e3 03       		.uleb128 0x3
 294 00e4 BA000000 		.4byte	.LASF21
 295 00e8 06       		.byte	0x6
 296 00e9 78       		.byte	0x78
 297 00ea B7000000 		.4byte	0xb7
 298 00ee 03       		.uleb128 0x3
 299 00ef FA010000 		.4byte	.LASF22
ARM GAS  C:\Users\DHEERA~1\AppData\Local\Temp\cckyz0xa.s 			page 8


 300 00f3 07       		.byte	0x7
 301 00f4 82       		.byte	0x82
 302 00f5 2C000000 		.4byte	0x2c
 303 00f9 08       		.uleb128 0x8
 304 00fa 65524300 		.ascii	"eRC\000"
 305 00fe 01       		.byte	0x1
 306 00ff 25000000 		.4byte	0x25
 307 0103 07       		.byte	0x7
 308 0104 AC       		.byte	0xac
 309 0105 A0010000 		.4byte	0x1a0
 310 0109 09       		.uleb128 0x9
 311 010a 1A000000 		.4byte	.LASF23
 312 010e 00       		.byte	0
 313 010f 0A       		.uleb128 0xa
 314 0110 86040000 		.4byte	.LASF24
 315 0114 7F       		.sleb128 -1
 316 0115 0A       		.uleb128 0xa
 317 0116 69020000 		.4byte	.LASF25
 318 011a 7E       		.sleb128 -2
 319 011b 0A       		.uleb128 0xa
 320 011c 86000000 		.4byte	.LASF26
 321 0120 7D       		.sleb128 -3
 322 0121 0A       		.uleb128 0xa
 323 0122 8F040000 		.4byte	.LASF27
 324 0126 7C       		.sleb128 -4
 325 0127 0A       		.uleb128 0xa
 326 0128 17010000 		.4byte	.LASF28
 327 012c 7B       		.sleb128 -5
 328 012d 0A       		.uleb128 0xa
 329 012e 57000000 		.4byte	.LASF29
 330 0132 7A       		.sleb128 -6
 331 0133 0A       		.uleb128 0xa
 332 0134 9C010000 		.4byte	.LASF30
 333 0138 79       		.sleb128 -7
 334 0139 0A       		.uleb128 0xa
 335 013a 50030000 		.4byte	.LASF31
 336 013e 78       		.sleb128 -8
 337 013f 0A       		.uleb128 0xa
 338 0140 77020000 		.4byte	.LASF32
 339 0144 77       		.sleb128 -9
 340 0145 0A       		.uleb128 0xa
 341 0146 BD010000 		.4byte	.LASF33
 342 014a 76       		.sleb128 -10
 343 014b 0A       		.uleb128 0xa
 344 014c BC040000 		.4byte	.LASF34
 345 0150 75       		.sleb128 -11
 346 0151 0A       		.uleb128 0xa
 347 0152 5B020000 		.4byte	.LASF35
 348 0156 74       		.sleb128 -12
 349 0157 0A       		.uleb128 0xa
 350 0158 AC030000 		.4byte	.LASF36
 351 015c 73       		.sleb128 -13
 352 015d 0A       		.uleb128 0xa
 353 015e 07000000 		.4byte	.LASF37
 354 0162 72       		.sleb128 -14
 355 0163 0A       		.uleb128 0xa
 356 0164 39000000 		.4byte	.LASF38
ARM GAS  C:\Users\DHEERA~1\AppData\Local\Temp\cckyz0xa.s 			page 9


 357 0168 71       		.sleb128 -15
 358 0169 0A       		.uleb128 0xa
 359 016a D7010000 		.4byte	.LASF39
 360 016e 70       		.sleb128 -16
 361 016f 0A       		.uleb128 0xa
 362 0170 9C000000 		.4byte	.LASF40
 363 0174 6F       		.sleb128 -17
 364 0175 0A       		.uleb128 0xa
 365 0176 68000000 		.4byte	.LASF41
 366 017a 6E       		.sleb128 -18
 367 017b 0A       		.uleb128 0xa
 368 017c 6F010000 		.4byte	.LASF42
 369 0180 6D       		.sleb128 -19
 370 0181 0A       		.uleb128 0xa
 371 0182 6D030000 		.4byte	.LASF43
 372 0186 6C       		.sleb128 -20
 373 0187 0A       		.uleb128 0xa
 374 0188 E8010000 		.4byte	.LASF44
 375 018c 6B       		.sleb128 -21
 376 018d 0A       		.uleb128 0xa
 377 018e 10040000 		.4byte	.LASF45
 378 0192 6A       		.sleb128 -22
 379 0193 0A       		.uleb128 0xa
 380 0194 C1000000 		.4byte	.LASF46
 381 0198 69       		.sleb128 -23
 382 0199 0A       		.uleb128 0xa
 383 019a 82010000 		.4byte	.LASF47
 384 019e 68       		.sleb128 -24
 385 019f 00       		.byte	0
 386 01a0 03       		.uleb128 0x3
 387 01a1 B7040000 		.4byte	.LASF48
 388 01a5 07       		.byte	0x7
 389 01a6 C8       		.byte	0xc8
 390 01a7 F9000000 		.4byte	0xf9
 391 01ab 0B       		.uleb128 0xb
 392 01ac 96020000 		.4byte	.LASF49
 393 01b0 01       		.byte	0x1
 394 01b1 2C000000 		.4byte	0x2c
 395 01b5 08       		.byte	0x8
 396 01b6 59       		.byte	0x59
 397 01b7 D4010000 		.4byte	0x1d4
 398 01bb 09       		.uleb128 0x9
 399 01bc EC030000 		.4byte	.LASF50
 400 01c0 00       		.byte	0
 401 01c1 09       		.uleb128 0x9
 402 01c2 F5030000 		.4byte	.LASF51
 403 01c6 01       		.byte	0x1
 404 01c7 09       		.uleb128 0x9
 405 01c8 FE030000 		.4byte	.LASF52
 406 01cc 02       		.byte	0x2
 407 01cd 09       		.uleb128 0x9
 408 01ce 07040000 		.4byte	.LASF53
 409 01d2 03       		.byte	0x3
 410 01d3 00       		.byte	0
 411 01d4 03       		.uleb128 0x3
 412 01d5 CB010000 		.4byte	.LASF54
 413 01d9 08       		.byte	0x8
ARM GAS  C:\Users\DHEERA~1\AppData\Local\Temp\cckyz0xa.s 			page 10


 414 01da 5F       		.byte	0x5f
 415 01db AB010000 		.4byte	0x1ab
 416 01df 0C       		.uleb128 0xc
 417 01e0 3F030000 		.4byte	.LASF55
 418 01e4 01       		.byte	0x1
 419 01e5 3F       		.byte	0x3f
 420 01e6 A0010000 		.4byte	0x1a0
 421 01ea 00000000 		.4byte	.LFB110
 422 01ee 10000000 		.4byte	.LFE110-.LFB110
 423 01f2 01       		.uleb128 0x1
 424 01f3 9C       		.byte	0x9c
 425 01f4 19020000 		.4byte	0x219
 426 01f8 0D       		.uleb128 0xd
 427 01f9 AE010000 		.4byte	.LASF57
 428 01fd 01       		.byte	0x1
 429 01fe 3F       		.byte	0x3f
 430 01ff 96000000 		.4byte	0x96
 431 0203 00000000 		.4byte	.LLST0
 432 0207 0E       		.uleb128 0xe
 433 0208 08000000 		.4byte	.LVL1
 434 020c 25030000 		.4byte	0x325
 435 0210 0F       		.uleb128 0xf
 436 0211 01       		.uleb128 0x1
 437 0212 50       		.byte	0x50
 438 0213 03       		.uleb128 0x3
 439 0214 F3       		.byte	0xf3
 440 0215 01       		.uleb128 0x1
 441 0216 50       		.byte	0x50
 442 0217 00       		.byte	0
 443 0218 00       		.byte	0
 444 0219 0C       		.uleb128 0xc
 445 021a ED000000 		.4byte	.LASF56
 446 021e 01       		.byte	0x1
 447 021f 4F       		.byte	0x4f
 448 0220 EE000000 		.4byte	0xee
 449 0224 00000000 		.4byte	.LFB111
 450 0228 52000000 		.4byte	.LFE111-.LFB111
 451 022c 01       		.uleb128 0x1
 452 022d 9C       		.byte	0x9c
 453 022e DD020000 		.4byte	0x2dd
 454 0232 0D       		.uleb128 0xd
 455 0233 B6010000 		.4byte	.LASF58
 456 0237 01       		.byte	0x1
 457 0238 4F       		.byte	0x4f
 458 0239 D4010000 		.4byte	0x1d4
 459 023d 3A000000 		.4byte	.LLST1
 460 0241 10       		.uleb128 0x10
 461 0242 00000000 		.4byte	.LASF73
 462 0246 01       		.byte	0x1
 463 0247 51       		.byte	0x51
 464 0248 EE000000 		.4byte	0xee
 465 024c BF000000 		.4byte	.LLST2
 466 0250 11       		.uleb128 0x11
 467 0251 00000000 		.4byte	.Ldebug_ranges0+0
 468 0255 74020000 		.4byte	0x274
 469 0259 12       		.uleb128 0x12
 470 025a 3A010000 		.4byte	.LASF59
ARM GAS  C:\Users\DHEERA~1\AppData\Local\Temp\cckyz0xa.s 			page 11


 471 025e 01       		.byte	0x1
 472 025f 55       		.byte	0x55
 473 0260 68000000 		.4byte	0x68
 474 0264 6A020000 		.4byte	0x26a
 475 0268 13       		.uleb128 0x13
 476 0269 00       		.byte	0
 477 026a 14       		.uleb128 0x14
 478 026b 12000000 		.4byte	.LVL6
 479 026f 30030000 		.4byte	0x330
 480 0273 00       		.byte	0
 481 0274 11       		.uleb128 0x11
 482 0275 18000000 		.4byte	.Ldebug_ranges0+0x18
 483 0279 98020000 		.4byte	0x298
 484 027d 12       		.uleb128 0x12
 485 027e D4030000 		.4byte	.LASF60
 486 0282 01       		.byte	0x1
 487 0283 56       		.byte	0x56
 488 0284 68000000 		.4byte	0x68
 489 0288 8E020000 		.4byte	0x28e
 490 028c 13       		.uleb128 0x13
 491 028d 00       		.byte	0
 492 028e 14       		.uleb128 0x14
 493 028f 1E000000 		.4byte	.LVL8
 494 0293 3B030000 		.4byte	0x33b
 495 0297 00       		.byte	0
 496 0298 11       		.uleb128 0x11
 497 0299 30000000 		.4byte	.Ldebug_ranges0+0x30
 498 029d BC020000 		.4byte	0x2bc
 499 02a1 12       		.uleb128 0x12
 500 02a2 26010000 		.4byte	.LASF61
 501 02a6 01       		.byte	0x1
 502 02a7 57       		.byte	0x57
 503 02a8 68000000 		.4byte	0x68
 504 02ac B2020000 		.4byte	0x2b2
 505 02b0 13       		.uleb128 0x13
 506 02b1 00       		.byte	0
 507 02b2 14       		.uleb128 0x14
 508 02b3 2A000000 		.4byte	.LVL10
 509 02b7 46030000 		.4byte	0x346
 510 02bb 00       		.byte	0
 511 02bc 15       		.uleb128 0x15
 512 02bd 48000000 		.4byte	.Ldebug_ranges0+0x48
 513 02c1 12       		.uleb128 0x12
 514 02c2 C6030000 		.4byte	.LASF62
 515 02c6 01       		.byte	0x1
 516 02c7 58       		.byte	0x58
 517 02c8 68000000 		.4byte	0x68
 518 02cc D2020000 		.4byte	0x2d2
 519 02d0 13       		.uleb128 0x13
 520 02d1 00       		.byte	0
 521 02d2 14       		.uleb128 0x14
 522 02d3 36000000 		.4byte	.LVL12
 523 02d7 51030000 		.4byte	0x351
 524 02db 00       		.byte	0
 525 02dc 00       		.byte	0
 526 02dd 16       		.uleb128 0x16
 527 02de 9F040000 		.4byte	.LASF63
ARM GAS  C:\Users\DHEERA~1\AppData\Local\Temp\cckyz0xa.s 			page 12


 528 02e2 09       		.byte	0x9
 529 02e3 40       		.byte	0x40
 530 02e4 CD000000 		.4byte	0xcd
 531 02e8 16       		.uleb128 0x16
 532 02e9 56010000 		.4byte	.LASF64
 533 02ed 09       		.byte	0x9
 534 02ee 47       		.byte	0x47
 535 02ef D8000000 		.4byte	0xd8
 536 02f3 16       		.uleb128 0x16
 537 02f4 80030000 		.4byte	.LASF65
 538 02f8 09       		.byte	0x9
 539 02f9 4A       		.byte	0x4a
 540 02fa CD000000 		.4byte	0xcd
 541 02fe 16       		.uleb128 0x16
 542 02ff FE000000 		.4byte	.LASF66
 543 0303 0A       		.byte	0xa
 544 0304 48       		.byte	0x48
 545 0305 E3000000 		.4byte	0xe3
 546 0309 16       		.uleb128 0x16
 547 030a D8000000 		.4byte	.LASF67
 548 030e 0B       		.byte	0xb
 549 030f 44       		.byte	0x44
 550 0310 CD000000 		.4byte	0xcd
 551 0314 17       		.uleb128 0x17
 552 0315 79040000 		.4byte	.LASF68
 553 0319 0C       		.byte	0xc
 554 031a 1207     		.2byte	0x712
 555 031c 20030000 		.4byte	0x320
 556 0320 18       		.uleb128 0x18
 557 0321 76000000 		.4byte	0x76
 558 0325 19       		.uleb128 0x19
 559 0326 22040000 		.4byte	.LASF69
 560 032a 22040000 		.4byte	.LASF69
 561 032e 0D       		.byte	0xd
 562 032f 18       		.byte	0x18
 563 0330 19       		.uleb128 0x19
 564 0331 3A010000 		.4byte	.LASF59
 565 0335 3A010000 		.4byte	.LASF59
 566 0339 01       		.byte	0x1
 567 033a 55       		.byte	0x55
 568 033b 19       		.uleb128 0x19
 569 033c D4030000 		.4byte	.LASF60
 570 0340 D4030000 		.4byte	.LASF60
 571 0344 01       		.byte	0x1
 572 0345 56       		.byte	0x56
 573 0346 19       		.uleb128 0x19
 574 0347 26010000 		.4byte	.LASF61
 575 034b 26010000 		.4byte	.LASF61
 576 034f 01       		.byte	0x1
 577 0350 57       		.byte	0x57
 578 0351 19       		.uleb128 0x19
 579 0352 C6030000 		.4byte	.LASF62
 580 0356 C6030000 		.4byte	.LASF62
 581 035a 01       		.byte	0x1
 582 035b 58       		.byte	0x58
 583 035c 00       		.byte	0
 584              		.section	.debug_abbrev,"",%progbits
ARM GAS  C:\Users\DHEERA~1\AppData\Local\Temp\cckyz0xa.s 			page 13


 585              	.Ldebug_abbrev0:
 586 0000 01       		.uleb128 0x1
 587 0001 11       		.uleb128 0x11
 588 0002 01       		.byte	0x1
 589 0003 25       		.uleb128 0x25
 590 0004 0E       		.uleb128 0xe
 591 0005 13       		.uleb128 0x13
 592 0006 0B       		.uleb128 0xb
 593 0007 03       		.uleb128 0x3
 594 0008 0E       		.uleb128 0xe
 595 0009 1B       		.uleb128 0x1b
 596 000a 0E       		.uleb128 0xe
 597 000b 55       		.uleb128 0x55
 598 000c 17       		.uleb128 0x17
 599 000d 11       		.uleb128 0x11
 600 000e 01       		.uleb128 0x1
 601 000f 10       		.uleb128 0x10
 602 0010 17       		.uleb128 0x17
 603 0011 00       		.byte	0
 604 0012 00       		.byte	0
 605 0013 02       		.uleb128 0x2
 606 0014 24       		.uleb128 0x24
 607 0015 00       		.byte	0
 608 0016 0B       		.uleb128 0xb
 609 0017 0B       		.uleb128 0xb
 610 0018 3E       		.uleb128 0x3e
 611 0019 0B       		.uleb128 0xb
 612 001a 03       		.uleb128 0x3
 613 001b 0E       		.uleb128 0xe
 614 001c 00       		.byte	0
 615 001d 00       		.byte	0
 616 001e 03       		.uleb128 0x3
 617 001f 16       		.uleb128 0x16
 618 0020 00       		.byte	0
 619 0021 03       		.uleb128 0x3
 620 0022 0E       		.uleb128 0xe
 621 0023 3A       		.uleb128 0x3a
 622 0024 0B       		.uleb128 0xb
 623 0025 3B       		.uleb128 0x3b
 624 0026 0B       		.uleb128 0xb
 625 0027 49       		.uleb128 0x49
 626 0028 13       		.uleb128 0x13
 627 0029 00       		.byte	0
 628 002a 00       		.byte	0
 629 002b 04       		.uleb128 0x4
 630 002c 24       		.uleb128 0x24
 631 002d 00       		.byte	0
 632 002e 0B       		.uleb128 0xb
 633 002f 0B       		.uleb128 0xb
 634 0030 3E       		.uleb128 0x3e
 635 0031 0B       		.uleb128 0xb
 636 0032 03       		.uleb128 0x3
 637 0033 08       		.uleb128 0x8
 638 0034 00       		.byte	0
 639 0035 00       		.byte	0
 640 0036 05       		.uleb128 0x5
 641 0037 16       		.uleb128 0x16
ARM GAS  C:\Users\DHEERA~1\AppData\Local\Temp\cckyz0xa.s 			page 14


 642 0038 00       		.byte	0
 643 0039 03       		.uleb128 0x3
 644 003a 0E       		.uleb128 0xe
 645 003b 3A       		.uleb128 0x3a
 646 003c 0B       		.uleb128 0xb
 647 003d 3B       		.uleb128 0x3b
 648 003e 05       		.uleb128 0x5
 649 003f 49       		.uleb128 0x49
 650 0040 13       		.uleb128 0x13
 651 0041 00       		.byte	0
 652 0042 00       		.byte	0
 653 0043 06       		.uleb128 0x6
 654 0044 0F       		.uleb128 0xf
 655 0045 00       		.byte	0
 656 0046 0B       		.uleb128 0xb
 657 0047 0B       		.uleb128 0xb
 658 0048 49       		.uleb128 0x49
 659 0049 13       		.uleb128 0x13
 660 004a 00       		.byte	0
 661 004b 00       		.byte	0
 662 004c 07       		.uleb128 0x7
 663 004d 15       		.uleb128 0x15
 664 004e 00       		.byte	0
 665 004f 27       		.uleb128 0x27
 666 0050 19       		.uleb128 0x19
 667 0051 00       		.byte	0
 668 0052 00       		.byte	0
 669 0053 08       		.uleb128 0x8
 670 0054 04       		.uleb128 0x4
 671 0055 01       		.byte	0x1
 672 0056 03       		.uleb128 0x3
 673 0057 08       		.uleb128 0x8
 674 0058 0B       		.uleb128 0xb
 675 0059 0B       		.uleb128 0xb
 676 005a 49       		.uleb128 0x49
 677 005b 13       		.uleb128 0x13
 678 005c 3A       		.uleb128 0x3a
 679 005d 0B       		.uleb128 0xb
 680 005e 3B       		.uleb128 0x3b
 681 005f 0B       		.uleb128 0xb
 682 0060 01       		.uleb128 0x1
 683 0061 13       		.uleb128 0x13
 684 0062 00       		.byte	0
 685 0063 00       		.byte	0
 686 0064 09       		.uleb128 0x9
 687 0065 28       		.uleb128 0x28
 688 0066 00       		.byte	0
 689 0067 03       		.uleb128 0x3
 690 0068 0E       		.uleb128 0xe
 691 0069 1C       		.uleb128 0x1c
 692 006a 0B       		.uleb128 0xb
 693 006b 00       		.byte	0
 694 006c 00       		.byte	0
 695 006d 0A       		.uleb128 0xa
 696 006e 28       		.uleb128 0x28
 697 006f 00       		.byte	0
 698 0070 03       		.uleb128 0x3
ARM GAS  C:\Users\DHEERA~1\AppData\Local\Temp\cckyz0xa.s 			page 15


 699 0071 0E       		.uleb128 0xe
 700 0072 1C       		.uleb128 0x1c
 701 0073 0D       		.uleb128 0xd
 702 0074 00       		.byte	0
 703 0075 00       		.byte	0
 704 0076 0B       		.uleb128 0xb
 705 0077 04       		.uleb128 0x4
 706 0078 01       		.byte	0x1
 707 0079 03       		.uleb128 0x3
 708 007a 0E       		.uleb128 0xe
 709 007b 0B       		.uleb128 0xb
 710 007c 0B       		.uleb128 0xb
 711 007d 49       		.uleb128 0x49
 712 007e 13       		.uleb128 0x13
 713 007f 3A       		.uleb128 0x3a
 714 0080 0B       		.uleb128 0xb
 715 0081 3B       		.uleb128 0x3b
 716 0082 0B       		.uleb128 0xb
 717 0083 01       		.uleb128 0x1
 718 0084 13       		.uleb128 0x13
 719 0085 00       		.byte	0
 720 0086 00       		.byte	0
 721 0087 0C       		.uleb128 0xc
 722 0088 2E       		.uleb128 0x2e
 723 0089 01       		.byte	0x1
 724 008a 3F       		.uleb128 0x3f
 725 008b 19       		.uleb128 0x19
 726 008c 03       		.uleb128 0x3
 727 008d 0E       		.uleb128 0xe
 728 008e 3A       		.uleb128 0x3a
 729 008f 0B       		.uleb128 0xb
 730 0090 3B       		.uleb128 0x3b
 731 0091 0B       		.uleb128 0xb
 732 0092 27       		.uleb128 0x27
 733 0093 19       		.uleb128 0x19
 734 0094 49       		.uleb128 0x49
 735 0095 13       		.uleb128 0x13
 736 0096 11       		.uleb128 0x11
 737 0097 01       		.uleb128 0x1
 738 0098 12       		.uleb128 0x12
 739 0099 06       		.uleb128 0x6
 740 009a 40       		.uleb128 0x40
 741 009b 18       		.uleb128 0x18
 742 009c 9742     		.uleb128 0x2117
 743 009e 19       		.uleb128 0x19
 744 009f 01       		.uleb128 0x1
 745 00a0 13       		.uleb128 0x13
 746 00a1 00       		.byte	0
 747 00a2 00       		.byte	0
 748 00a3 0D       		.uleb128 0xd
 749 00a4 05       		.uleb128 0x5
 750 00a5 00       		.byte	0
 751 00a6 03       		.uleb128 0x3
 752 00a7 0E       		.uleb128 0xe
 753 00a8 3A       		.uleb128 0x3a
 754 00a9 0B       		.uleb128 0xb
 755 00aa 3B       		.uleb128 0x3b
ARM GAS  C:\Users\DHEERA~1\AppData\Local\Temp\cckyz0xa.s 			page 16


 756 00ab 0B       		.uleb128 0xb
 757 00ac 49       		.uleb128 0x49
 758 00ad 13       		.uleb128 0x13
 759 00ae 02       		.uleb128 0x2
 760 00af 17       		.uleb128 0x17
 761 00b0 00       		.byte	0
 762 00b1 00       		.byte	0
 763 00b2 0E       		.uleb128 0xe
 764 00b3 898201   		.uleb128 0x4109
 765 00b6 01       		.byte	0x1
 766 00b7 11       		.uleb128 0x11
 767 00b8 01       		.uleb128 0x1
 768 00b9 31       		.uleb128 0x31
 769 00ba 13       		.uleb128 0x13
 770 00bb 00       		.byte	0
 771 00bc 00       		.byte	0
 772 00bd 0F       		.uleb128 0xf
 773 00be 8A8201   		.uleb128 0x410a
 774 00c1 00       		.byte	0
 775 00c2 02       		.uleb128 0x2
 776 00c3 18       		.uleb128 0x18
 777 00c4 9142     		.uleb128 0x2111
 778 00c6 18       		.uleb128 0x18
 779 00c7 00       		.byte	0
 780 00c8 00       		.byte	0
 781 00c9 10       		.uleb128 0x10
 782 00ca 34       		.uleb128 0x34
 783 00cb 00       		.byte	0
 784 00cc 03       		.uleb128 0x3
 785 00cd 0E       		.uleb128 0xe
 786 00ce 3A       		.uleb128 0x3a
 787 00cf 0B       		.uleb128 0xb
 788 00d0 3B       		.uleb128 0x3b
 789 00d1 0B       		.uleb128 0xb
 790 00d2 49       		.uleb128 0x49
 791 00d3 13       		.uleb128 0x13
 792 00d4 02       		.uleb128 0x2
 793 00d5 17       		.uleb128 0x17
 794 00d6 00       		.byte	0
 795 00d7 00       		.byte	0
 796 00d8 11       		.uleb128 0x11
 797 00d9 0B       		.uleb128 0xb
 798 00da 01       		.byte	0x1
 799 00db 55       		.uleb128 0x55
 800 00dc 17       		.uleb128 0x17
 801 00dd 01       		.uleb128 0x1
 802 00de 13       		.uleb128 0x13
 803 00df 00       		.byte	0
 804 00e0 00       		.byte	0
 805 00e1 12       		.uleb128 0x12
 806 00e2 2E       		.uleb128 0x2e
 807 00e3 01       		.byte	0x1
 808 00e4 3F       		.uleb128 0x3f
 809 00e5 19       		.uleb128 0x19
 810 00e6 03       		.uleb128 0x3
 811 00e7 0E       		.uleb128 0xe
 812 00e8 3A       		.uleb128 0x3a
ARM GAS  C:\Users\DHEERA~1\AppData\Local\Temp\cckyz0xa.s 			page 17


 813 00e9 0B       		.uleb128 0xb
 814 00ea 3B       		.uleb128 0x3b
 815 00eb 0B       		.uleb128 0xb
 816 00ec 49       		.uleb128 0x49
 817 00ed 13       		.uleb128 0x13
 818 00ee 3C       		.uleb128 0x3c
 819 00ef 19       		.uleb128 0x19
 820 00f0 01       		.uleb128 0x1
 821 00f1 13       		.uleb128 0x13
 822 00f2 00       		.byte	0
 823 00f3 00       		.byte	0
 824 00f4 13       		.uleb128 0x13
 825 00f5 18       		.uleb128 0x18
 826 00f6 00       		.byte	0
 827 00f7 00       		.byte	0
 828 00f8 00       		.byte	0
 829 00f9 14       		.uleb128 0x14
 830 00fa 898201   		.uleb128 0x4109
 831 00fd 00       		.byte	0
 832 00fe 11       		.uleb128 0x11
 833 00ff 01       		.uleb128 0x1
 834 0100 31       		.uleb128 0x31
 835 0101 13       		.uleb128 0x13
 836 0102 00       		.byte	0
 837 0103 00       		.byte	0
 838 0104 15       		.uleb128 0x15
 839 0105 0B       		.uleb128 0xb
 840 0106 01       		.byte	0x1
 841 0107 55       		.uleb128 0x55
 842 0108 17       		.uleb128 0x17
 843 0109 00       		.byte	0
 844 010a 00       		.byte	0
 845 010b 16       		.uleb128 0x16
 846 010c 34       		.uleb128 0x34
 847 010d 00       		.byte	0
 848 010e 03       		.uleb128 0x3
 849 010f 0E       		.uleb128 0xe
 850 0110 3A       		.uleb128 0x3a
 851 0111 0B       		.uleb128 0xb
 852 0112 3B       		.uleb128 0x3b
 853 0113 0B       		.uleb128 0xb
 854 0114 49       		.uleb128 0x49
 855 0115 13       		.uleb128 0x13
 856 0116 3F       		.uleb128 0x3f
 857 0117 19       		.uleb128 0x19
 858 0118 3C       		.uleb128 0x3c
 859 0119 19       		.uleb128 0x19
 860 011a 00       		.byte	0
 861 011b 00       		.byte	0
 862 011c 17       		.uleb128 0x17
 863 011d 34       		.uleb128 0x34
 864 011e 00       		.byte	0
 865 011f 03       		.uleb128 0x3
 866 0120 0E       		.uleb128 0xe
 867 0121 3A       		.uleb128 0x3a
 868 0122 0B       		.uleb128 0xb
 869 0123 3B       		.uleb128 0x3b
ARM GAS  C:\Users\DHEERA~1\AppData\Local\Temp\cckyz0xa.s 			page 18


 870 0124 05       		.uleb128 0x5
 871 0125 49       		.uleb128 0x49
 872 0126 13       		.uleb128 0x13
 873 0127 3F       		.uleb128 0x3f
 874 0128 19       		.uleb128 0x19
 875 0129 3C       		.uleb128 0x3c
 876 012a 19       		.uleb128 0x19
 877 012b 00       		.byte	0
 878 012c 00       		.byte	0
 879 012d 18       		.uleb128 0x18
 880 012e 35       		.uleb128 0x35
 881 012f 00       		.byte	0
 882 0130 49       		.uleb128 0x49
 883 0131 13       		.uleb128 0x13
 884 0132 00       		.byte	0
 885 0133 00       		.byte	0
 886 0134 19       		.uleb128 0x19
 887 0135 2E       		.uleb128 0x2e
 888 0136 00       		.byte	0
 889 0137 3F       		.uleb128 0x3f
 890 0138 19       		.uleb128 0x19
 891 0139 3C       		.uleb128 0x3c
 892 013a 19       		.uleb128 0x19
 893 013b 6E       		.uleb128 0x6e
 894 013c 0E       		.uleb128 0xe
 895 013d 03       		.uleb128 0x3
 896 013e 0E       		.uleb128 0xe
 897 013f 3A       		.uleb128 0x3a
 898 0140 0B       		.uleb128 0xb
 899 0141 3B       		.uleb128 0x3b
 900 0142 0B       		.uleb128 0xb
 901 0143 00       		.byte	0
 902 0144 00       		.byte	0
 903 0145 00       		.byte	0
 904              		.section	.debug_loc,"",%progbits
 905              	.Ldebug_loc0:
 906              	.LLST0:
 907 0000 00000000 		.4byte	.LVL0
 908 0004 07000000 		.4byte	.LVL1-1
 909 0008 0100     		.2byte	0x1
 910 000a 50       		.byte	0x50
 911 000b 07000000 		.4byte	.LVL1-1
 912 000f 0C000000 		.4byte	.LVL2
 913 0013 0400     		.2byte	0x4
 914 0015 F3       		.byte	0xf3
 915 0016 01       		.uleb128 0x1
 916 0017 50       		.byte	0x50
 917 0018 9F       		.byte	0x9f
 918 0019 0C000000 		.4byte	.LVL2
 919 001d 0E000000 		.4byte	.LVL3
 920 0021 0100     		.2byte	0x1
 921 0023 50       		.byte	0x50
 922 0024 0E000000 		.4byte	.LVL3
 923 0028 10000000 		.4byte	.LFE110
 924 002c 0400     		.2byte	0x4
 925 002e F3       		.byte	0xf3
 926 002f 01       		.uleb128 0x1
ARM GAS  C:\Users\DHEERA~1\AppData\Local\Temp\cckyz0xa.s 			page 19


 927 0030 50       		.byte	0x50
 928 0031 9F       		.byte	0x9f
 929 0032 00000000 		.4byte	0
 930 0036 00000000 		.4byte	0
 931              	.LLST1:
 932 003a 00000000 		.4byte	.LVL4
 933 003e 11000000 		.4byte	.LVL6-1
 934 0042 0100     		.2byte	0x1
 935 0044 50       		.byte	0x50
 936 0045 11000000 		.4byte	.LVL6-1
 937 0049 1A000000 		.4byte	.LVL7
 938 004d 0400     		.2byte	0x4
 939 004f F3       		.byte	0xf3
 940 0050 01       		.uleb128 0x1
 941 0051 50       		.byte	0x50
 942 0052 9F       		.byte	0x9f
 943 0053 1A000000 		.4byte	.LVL7
 944 0057 1D000000 		.4byte	.LVL8-1
 945 005b 0100     		.2byte	0x1
 946 005d 50       		.byte	0x50
 947 005e 1D000000 		.4byte	.LVL8-1
 948 0062 26000000 		.4byte	.LVL9
 949 0066 0400     		.2byte	0x4
 950 0068 F3       		.byte	0xf3
 951 0069 01       		.uleb128 0x1
 952 006a 50       		.byte	0x50
 953 006b 9F       		.byte	0x9f
 954 006c 26000000 		.4byte	.LVL9
 955 0070 29000000 		.4byte	.LVL10-1
 956 0074 0100     		.2byte	0x1
 957 0076 50       		.byte	0x50
 958 0077 29000000 		.4byte	.LVL10-1
 959 007b 32000000 		.4byte	.LVL11
 960 007f 0400     		.2byte	0x4
 961 0081 F3       		.byte	0xf3
 962 0082 01       		.uleb128 0x1
 963 0083 50       		.byte	0x50
 964 0084 9F       		.byte	0x9f
 965 0085 32000000 		.4byte	.LVL11
 966 0089 35000000 		.4byte	.LVL12-1
 967 008d 0100     		.2byte	0x1
 968 008f 50       		.byte	0x50
 969 0090 35000000 		.4byte	.LVL12-1
 970 0094 3E000000 		.4byte	.LVL13
 971 0098 0400     		.2byte	0x4
 972 009a F3       		.byte	0xf3
 973 009b 01       		.uleb128 0x1
 974 009c 50       		.byte	0x50
 975 009d 9F       		.byte	0x9f
 976 009e 3E000000 		.4byte	.LVL13
 977 00a2 40000000 		.4byte	.LVL14
 978 00a6 0100     		.2byte	0x1
 979 00a8 50       		.byte	0x50
 980 00a9 40000000 		.4byte	.LVL14
 981 00ad 52000000 		.4byte	.LFE111
 982 00b1 0400     		.2byte	0x4
 983 00b3 F3       		.byte	0xf3
ARM GAS  C:\Users\DHEERA~1\AppData\Local\Temp\cckyz0xa.s 			page 20


 984 00b4 01       		.uleb128 0x1
 985 00b5 50       		.byte	0x50
 986 00b6 9F       		.byte	0x9f
 987 00b7 00000000 		.4byte	0
 988 00bb 00000000 		.4byte	0
 989              	.LLST2:
 990 00bf 02000000 		.4byte	.LVL5
 991 00c3 50000000 		.4byte	.LVL15
 992 00c7 0200     		.2byte	0x2
 993 00c9 30       		.byte	0x30
 994 00ca 9F       		.byte	0x9f
 995 00cb 50000000 		.4byte	.LVL15
 996 00cf 52000000 		.4byte	.LFE111
 997 00d3 0100     		.2byte	0x1
 998 00d5 50       		.byte	0x50
 999 00d6 00000000 		.4byte	0
 1000 00da 00000000 		.4byte	0
 1001              		.section	.debug_aranges,"",%progbits
 1002 0000 24000000 		.4byte	0x24
 1003 0004 0200     		.2byte	0x2
 1004 0006 00000000 		.4byte	.Ldebug_info0
 1005 000a 04       		.byte	0x4
 1006 000b 00       		.byte	0
 1007 000c 0000     		.2byte	0
 1008 000e 0000     		.2byte	0
 1009 0010 00000000 		.4byte	.LFB110
 1010 0014 10000000 		.4byte	.LFE110-.LFB110
 1011 0018 00000000 		.4byte	.LFB111
 1012 001c 52000000 		.4byte	.LFE111-.LFB111
 1013 0020 00000000 		.4byte	0
 1014 0024 00000000 		.4byte	0
 1015              		.section	.debug_ranges,"",%progbits
 1016              	.Ldebug_ranges0:
 1017 0000 0E000000 		.4byte	.LBB2
 1018 0004 16000000 		.4byte	.LBE2
 1019 0008 42000000 		.4byte	.LBB6
 1020 000c 46000000 		.4byte	.LBE6
 1021 0010 00000000 		.4byte	0
 1022 0014 00000000 		.4byte	0
 1023 0018 1A000000 		.4byte	.LBB3
 1024 001c 22000000 		.4byte	.LBE3
 1025 0020 46000000 		.4byte	.LBB7
 1026 0024 4A000000 		.4byte	.LBE7
 1027 0028 00000000 		.4byte	0
 1028 002c 00000000 		.4byte	0
 1029 0030 26000000 		.4byte	.LBB4
 1030 0034 2E000000 		.4byte	.LBE4
 1031 0038 4A000000 		.4byte	.LBB8
 1032 003c 4E000000 		.4byte	.LBE8
 1033 0040 00000000 		.4byte	0
 1034 0044 00000000 		.4byte	0
 1035 0048 32000000 		.4byte	.LBB5
 1036 004c 3A000000 		.4byte	.LBE5
 1037 0050 4E000000 		.4byte	.LBB9
 1038 0054 50000000 		.4byte	.LBE9
 1039 0058 00000000 		.4byte	0
 1040 005c 00000000 		.4byte	0
ARM GAS  C:\Users\DHEERA~1\AppData\Local\Temp\cckyz0xa.s 			page 21


 1041 0060 00000000 		.4byte	.LFB110
 1042 0064 10000000 		.4byte	.LFE110
 1043 0068 00000000 		.4byte	.LFB111
 1044 006c 52000000 		.4byte	.LFE111
 1045 0070 00000000 		.4byte	0
 1046 0074 00000000 		.4byte	0
 1047              		.section	.debug_line,"",%progbits
 1048              	.Ldebug_line0:
 1049 0000 32020000 		.section	.debug_str,"MS",%progbits,1
 1049      0200F701 
 1049      00000201 
 1049      FB0E0D00 
 1049      01010101 
 1050              	.LASF73:
 1051 0000 72657375 		.ascii	"result\000"
 1051      6C7400
 1052              	.LASF37:
 1053 0007 52435F45 		.ascii	"RC_ERROR_READ_ONLY\000"
 1053      52524F52 
 1053      5F524541 
 1053      445F4F4E 
 1053      4C5900
 1054              	.LASF23:
 1055 001a 52435F53 		.ascii	"RC_SUCCESS\000"
 1055      55434345 
 1055      535300
 1056              	.LASF71:
 1057 0025 736F7572 		.ascii	"source\\bsw\\button.c\000"
 1057      63655C62 
 1057      73775C62 
 1057      7574746F 
 1057      6E2E6300 
 1058              	.LASF38:
 1059 0039 52435F45 		.ascii	"RC_ERROR_WRITE_ONLY\000"
 1059      52524F52 
 1059      5F575249 
 1059      54455F4F 
 1059      4E4C5900 
 1060              	.LASF2:
 1061 004d 73686F72 		.ascii	"short int\000"
 1061      7420696E 
 1061      7400
 1062              	.LASF29:
 1063 0057 52435F45 		.ascii	"RC_ERROR_OVERRUN\000"
 1063      52524F52 
 1063      5F4F5645 
 1063      5252554E 
 1063      00
 1064              	.LASF41:
 1065 0068 52435F45 		.ascii	"RC_ERROR_WRITE_FAILS\000"
 1065      52524F52 
 1065      5F575249 
 1065      54455F46 
 1065      41494C53 
 1066              	.LASF16:
 1067 007d 73697A65 		.ascii	"sizetype\000"
 1067      74797065 
ARM GAS  C:\Users\DHEERA~1\AppData\Local\Temp\cckyz0xa.s 			page 22


 1067      00
 1068              	.LASF26:
 1069 0086 52435F45 		.ascii	"RC_ERROR_ZERO\000"
 1069      52524F52 
 1069      5F5A4552 
 1069      4F00
 1070              	.LASF20:
 1071 0094 45455F46 		.ascii	"EE_FREG\000"
 1071      52454700 
 1072              	.LASF40:
 1073 009c 52435F45 		.ascii	"RC_ERROR_READ_FAILS\000"
 1073      52524F52 
 1073      5F524541 
 1073      445F4641 
 1073      494C5300 
 1074              	.LASF18:
 1075 00b0 45455F55 		.ascii	"EE_UINT32\000"
 1075      494E5433 
 1075      3200
 1076              	.LASF21:
 1077 00ba 45455F54 		.ascii	"EE_TID\000"
 1077      494400
 1078              	.LASF46:
 1079 00c1 52435F45 		.ascii	"RC_ERROR_INVALID_STATE\000"
 1079      52524F52 
 1079      5F494E56 
 1079      414C4944 
 1079      5F535441 
 1080              	.LASF67:
 1081 00d8 45455F49 		.ascii	"EE_IRQ_nesting_level\000"
 1081      52515F6E 
 1081      65737469 
 1081      6E675F6C 
 1081      6576656C 
 1082              	.LASF56:
 1083 00ed 42555454 		.ascii	"BUTTON_IsPressed\000"
 1083      4F4E5F49 
 1083      73507265 
 1083      73736564 
 1083      00
 1084              	.LASF66:
 1085 00fe 45455F73 		.ascii	"EE_std_endcycle_next_tid\000"
 1085      74645F65 
 1085      6E646379 
 1085      636C655F 
 1085      6E657874 
 1086              	.LASF28:
 1087 0117 52435F45 		.ascii	"RC_ERROR_RANGE\000"
 1087      52524F52 
 1087      5F52414E 
 1087      474500
 1088              	.LASF61:
 1089 0126 42555454 		.ascii	"BUTTON_3_Read\000"
 1089      4F4E5F33 
 1089      5F526561 
 1089      6400
 1090              	.LASF11:
ARM GAS  C:\Users\DHEERA~1\AppData\Local\Temp\cckyz0xa.s 			page 23


 1091 0134 666C6F61 		.ascii	"float\000"
 1091      7400
 1092              	.LASF59:
 1093 013a 42555454 		.ascii	"BUTTON_1_Read\000"
 1093      4F4E5F31 
 1093      5F526561 
 1093      6400
 1094              	.LASF6:
 1095 0148 6C6F6E67 		.ascii	"long long int\000"
 1095      206C6F6E 
 1095      6720696E 
 1095      7400
 1096              	.LASF64:
 1097 0156 45455F6F 		.ascii	"EE_oo_IRQ_suspend_status\000"
 1097      6F5F4952 
 1097      515F7375 
 1097      7370656E 
 1097      645F7374 
 1098              	.LASF42:
 1099 016f 52435F45 		.ascii	"RC_ERROR_NOT_MATCH\000"
 1099      52524F52 
 1099      5F4E4F54 
 1099      5F4D4154 
 1099      434800
 1100              	.LASF47:
 1101 0182 52435F45 		.ascii	"RC_ERROR_UNKNOWN\000"
 1101      52524F52 
 1101      5F554E4B 
 1101      4E4F574E 
 1101      00
 1102              	.LASF4:
 1103 0193 6C6F6E67 		.ascii	"long int\000"
 1103      20696E74 
 1103      00
 1104              	.LASF30:
 1105 019c 52435F45 		.ascii	"RC_ERROR_UNDERRUN\000"
 1105      52524F52 
 1105      5F554E44 
 1105      45525255 
 1105      4E00
 1106              	.LASF57:
 1107 01ae 61646472 		.ascii	"address\000"
 1107      65737300 
 1108              	.LASF58:
 1109 01b6 62757474 		.ascii	"button\000"
 1109      6F6E00
 1110              	.LASF33:
 1111 01bd 52435F45 		.ascii	"RC_ERROR_BUSY\000"
 1111      52524F52 
 1111      5F425553 
 1111      5900
 1112              	.LASF54:
 1113 01cb 42555454 		.ascii	"BUTTON_id_t\000"
 1113      4F4E5F69 
 1113      645F7400 
 1114              	.LASF39:
 1115 01d7 52435F45 		.ascii	"RC_ERROR_INVALID\000"
ARM GAS  C:\Users\DHEERA~1\AppData\Local\Temp\cckyz0xa.s 			page 24


 1115      52524F52 
 1115      5F494E56 
 1115      414C4944 
 1115      00
 1116              	.LASF44:
 1117 01e8 52435F45 		.ascii	"RC_ERROR_BAD_DATA\000"
 1117      52524F52 
 1117      5F424144 
 1117      5F444154 
 1117      4100
 1118              	.LASF22:
 1119 01fa 626F6F6C 		.ascii	"boolean_t\000"
 1119      65616E5F 
 1119      7400
 1120              	.LASF1:
 1121 0204 756E7369 		.ascii	"unsigned char\000"
 1121      676E6564 
 1121      20636861 
 1121      7200
 1122              	.LASF15:
 1123 0212 6C6F6E67 		.ascii	"long double\000"
 1123      20646F75 
 1123      626C6500 
 1124              	.LASF14:
 1125 021e 63796973 		.ascii	"cyisraddress\000"
 1125      72616464 
 1125      72657373 
 1125      00
 1126              	.LASF0:
 1127 022b 7369676E 		.ascii	"signed char\000"
 1127      65642063 
 1127      68617200 
 1128              	.LASF7:
 1129 0237 6C6F6E67 		.ascii	"long long unsigned int\000"
 1129      206C6F6E 
 1129      6720756E 
 1129      7369676E 
 1129      65642069 
 1130              	.LASF8:
 1131 024e 756E7369 		.ascii	"unsigned int\000"
 1131      676E6564 
 1131      20696E74 
 1131      00
 1132              	.LASF35:
 1133 025b 52435F45 		.ascii	"RC_ERROR_OPEN\000"
 1133      52524F52 
 1133      5F4F5045 
 1133      4E00
 1134              	.LASF25:
 1135 0269 52435F45 		.ascii	"RC_ERROR_NULL\000"
 1135      52524F52 
 1135      5F4E554C 
 1135      4C00
 1136              	.LASF32:
 1137 0277 52435F45 		.ascii	"RC_ERROR_BUFFER_EMTPY\000"
 1137      52524F52 
 1137      5F425546 
ARM GAS  C:\Users\DHEERA~1\AppData\Local\Temp\cckyz0xa.s 			page 25


 1137      4645525F 
 1137      454D5450 
 1138              	.LASF17:
 1139 028d 45455F49 		.ascii	"EE_INT32\000"
 1139      4E543332 
 1139      00
 1140              	.LASF49:
 1141 0296 65427574 		.ascii	"eButton\000"
 1141      746F6E00 
 1142              	.LASF3:
 1143 029e 73686F72 		.ascii	"short unsigned int\000"
 1143      7420756E 
 1143      7369676E 
 1143      65642069 
 1143      6E7400
 1144              	.LASF70:
 1145 02b1 474E5520 		.ascii	"GNU C11 5.4.1 20160609 (release) [ARM/embedded-5-br"
 1145      43313120 
 1145      352E342E 
 1145      31203230 
 1145      31363036 
 1146 02e4 616E6368 		.ascii	"anch revision 237715] -mcpu=cortex-m3 -mthumb -g -O"
 1146      20726576 
 1146      6973696F 
 1146      6E203233 
 1146      37373135 
 1147 0317 67202D66 		.ascii	"g -ffunction-sections -ffat-lto-objects\000"
 1147      66756E63 
 1147      74696F6E 
 1147      2D736563 
 1147      74696F6E 
 1148              	.LASF55:
 1149 033f 42555454 		.ascii	"BUTTON_Init\000"
 1149      4F4E5F49 
 1149      6E697400 
 1150              	.LASF13:
 1151 034b 63686172 		.ascii	"char\000"
 1151      00
 1152              	.LASF31:
 1153 0350 52435F45 		.ascii	"RC_ERROR_BUFFER_FULL\000"
 1153      52524F52 
 1153      5F425546 
 1153      4645525F 
 1153      46554C4C 
 1154              	.LASF10:
 1155 0365 696E7433 		.ascii	"int32_t\000"
 1155      325F7400 
 1156              	.LASF43:
 1157 036d 52435F45 		.ascii	"RC_ERROR_BAD_PARAM\000"
 1157      52524F52 
 1157      5F424144 
 1157      5F504152 
 1157      414D00
 1158              	.LASF65:
 1159 0380 45455F41 		.ascii	"EE_ApplicationMode\000"
 1159      70706C69 
 1159      63617469 
ARM GAS  C:\Users\DHEERA~1\AppData\Local\Temp\cckyz0xa.s 			page 26


 1159      6F6E4D6F 
 1159      646500
 1160              	.LASF5:
 1161 0393 6C6F6E67 		.ascii	"long unsigned int\000"
 1161      20756E73 
 1161      69676E65 
 1161      6420696E 
 1161      7400
 1162              	.LASF12:
 1163 03a5 646F7562 		.ascii	"double\000"
 1163      6C6500
 1164              	.LASF36:
 1165 03ac 52435F45 		.ascii	"RC_ERROR_CHECKSUM\000"
 1165      52524F52 
 1165      5F434845 
 1165      434B5355 
 1165      4D00
 1166              	.LASF19:
 1167 03be 45455F55 		.ascii	"EE_UREG\000"
 1167      52454700 
 1168              	.LASF62:
 1169 03c6 42555454 		.ascii	"BUTTON_4_Read\000"
 1169      4F4E5F34 
 1169      5F526561 
 1169      6400
 1170              	.LASF60:
 1171 03d4 42555454 		.ascii	"BUTTON_2_Read\000"
 1171      4F4E5F32 
 1171      5F526561 
 1171      6400
 1172              	.LASF9:
 1173 03e2 5F5F696E 		.ascii	"__int32_t\000"
 1173      7433325F 
 1173      7400
 1174              	.LASF50:
 1175 03ec 42555454 		.ascii	"BUTTON_1\000"
 1175      4F4E5F31 
 1175      00
 1176              	.LASF51:
 1177 03f5 42555454 		.ascii	"BUTTON_2\000"
 1177      4F4E5F32 
 1177      00
 1178              	.LASF52:
 1179 03fe 42555454 		.ascii	"BUTTON_3\000"
 1179      4F4E5F33 
 1179      00
 1180              	.LASF53:
 1181 0407 42555454 		.ascii	"BUTTON_4\000"
 1181      4F4E5F34 
 1181      00
 1182              	.LASF45:
 1183 0410 52435F45 		.ascii	"RC_ERROR_CANCELED\000"
 1183      52524F52 
 1183      5F43414E 
 1183      43454C45 
 1183      4400
 1184              	.LASF69:
ARM GAS  C:\Users\DHEERA~1\AppData\Local\Temp\cckyz0xa.s 			page 27


 1185 0422 6973725F 		.ascii	"isr_Button_StartEx\000"
 1185      42757474 
 1185      6F6E5F53 
 1185      74617274 
 1185      457800
 1186              	.LASF72:
 1187 0435 443A5C4D 		.ascii	"D:\\MS\\HDA\\Embedded\\EOS\\Workbook_continued\\Rea"
 1187      535C4844 
 1187      415C456D 
 1187      62656464 
 1187      65645C45 
 1188 0462 6374696F 		.ascii	"ction_Game_Erika.cydsn\000"
 1188      6E5F4761 
 1188      6D655F45 
 1188      72696B61 
 1188      2E637964 
 1189              	.LASF68:
 1190 0479 49544D5F 		.ascii	"ITM_RxBuffer\000"
 1190      52784275 
 1190      66666572 
 1190      00
 1191              	.LASF24:
 1192 0486 52435F45 		.ascii	"RC_ERROR\000"
 1192      52524F52 
 1192      00
 1193              	.LASF27:
 1194 048f 52435F45 		.ascii	"RC_ERROR_MEMORY\000"
 1194      52524F52 
 1194      5F4D454D 
 1194      4F525900 
 1195              	.LASF63:
 1196 049f 45455F6F 		.ascii	"EE_oo_IRQ_disable_count\000"
 1196      6F5F4952 
 1196      515F6469 
 1196      7361626C 
 1196      655F636F 
 1197              	.LASF48:
 1198 04b7 52435F74 		.ascii	"RC_t\000"
 1198      00
 1199              	.LASF34:
 1200 04bc 52435F45 		.ascii	"RC_ERROR_TIME_OUT\000"
 1200      52524F52 
 1200      5F54494D 
 1200      455F4F55 
 1200      5400
 1201              		.ident	"GCC: (GNU Tools for ARM Embedded Processors) 5.4.1 20160609 (release) [ARM/embedded-5-bran
