ARM GAS  C:\Users\DHEERA~1\AppData\Local\Temp\ccvKR16b.s 			page 1


   1              		.syntax unified
   2              		.cpu cortex-m3
   3              		.fpu softvfp
   4              		.eabi_attribute 20, 1
   5              		.eabi_attribute 21, 1
   6              		.eabi_attribute 23, 3
   7              		.eabi_attribute 24, 1
   8              		.eabi_attribute 25, 1
   9              		.eabi_attribute 26, 1
  10              		.eabi_attribute 30, 1
  11              		.eabi_attribute 34, 1
  12              		.eabi_attribute 18, 4
  13              		.thumb
  14              		.syntax unified
  15              		.file	"cymetadata.c"
  16              		.text
  17              	.Ltext0:
  18              		.cfi_sections	.debug_frame
  19              		.global	cy_metadata
  20              		.global	cy_meta_flashprotect
  21              		.global	cy_meta_wonvl
  22              		.global	cy_meta_custnvl
  23              		.global	cy_meta_configecc
  24              		.section	.cyconfigecc,"a",%progbits
  25              		.align	2
  26              		.type	cy_meta_configecc, %object
  27              		.size	cy_meta_configecc, 2160
  28              	cy_meta_configecc:
  29 0000 08       		.byte	8
  30 0001 52       		.byte	82
  31 0002 00       		.byte	0
  32 0003 40       		.byte	64
  33 0004 06       		.byte	6
  34 0005 64       		.byte	100
  35 0006 00       		.byte	0
  36 0007 40       		.byte	64
  37 0008 03       		.byte	3
  38 0009 65       		.byte	101
  39 000a 00       		.byte	0
  40 000b 40       		.byte	64
  41 000c 5B       		.byte	91
  42 000d 02       		.byte	2
  43 000e 01       		.byte	1
  44 000f 40       		.byte	64
  45 0010 35       		.byte	53
  46 0011 03       		.byte	3
  47 0012 01       		.byte	1
  48 0013 40       		.byte	64
  49 0014 05       		.byte	5
  50 0015 05       		.byte	5
  51 0016 01       		.byte	1
  52 0017 40       		.byte	64
  53 0018 58       		.byte	88
  54 0019 08       		.byte	8
  55 001a 01       		.byte	1
  56 001b 40       		.byte	64
  57 001c 48       		.byte	72
ARM GAS  C:\Users\DHEERA~1\AppData\Local\Temp\ccvKR16b.s 			page 2


  58 001d 09       		.byte	9
  59 001e 01       		.byte	1
  60 001f 40       		.byte	64
  61 0020 5B       		.byte	91
  62 0021 0A       		.byte	10
  63 0022 01       		.byte	1
  64 0023 40       		.byte	64
  65 0024 47       		.byte	71
  66 0025 0B       		.byte	11
  67 0026 01       		.byte	1
  68 0027 40       		.byte	64
  69 0028 5C       		.byte	92
  70 0029 0C       		.byte	12
  71 002a 01       		.byte	1
  72 002b 40       		.byte	64
  73 002c 34       		.byte	52
  74 002d 0D       		.byte	13
  75 002e 01       		.byte	1
  76 002f 40       		.byte	64
  77 0030 53       		.byte	83
  78 0031 18       		.byte	24
  79 0032 01       		.byte	1
  80 0033 40       		.byte	64
  81 0034 48       		.byte	72
  82 0035 19       		.byte	25
  83 0036 01       		.byte	1
  84 0037 40       		.byte	64
  85 0038 4C       		.byte	76
  86 0039 1A       		.byte	26
  87 003a 01       		.byte	1
  88 003b 40       		.byte	64
  89 003c 4C       		.byte	76
  90 003d 1B       		.byte	27
  91 003e 01       		.byte	1
  92 003f 40       		.byte	64
  93 0040 02       		.byte	2
  94 0041 40       		.byte	64
  95 0042 01       		.byte	1
  96 0043 40       		.byte	64
  97 0044 09       		.byte	9
  98 0045 41       		.byte	65
  99 0046 01       		.byte	1
 100 0047 40       		.byte	64
 101 0048 07       		.byte	7
 102 0049 42       		.byte	66
 103 004a 01       		.byte	1
 104 004b 40       		.byte	64
 105 004c 06       		.byte	6
 106 004d 45       		.byte	69
 107 004e 01       		.byte	1
 108 004f 40       		.byte	64
 109 0050 06       		.byte	6
 110 0051 46       		.byte	70
 111 0052 01       		.byte	1
 112 0053 40       		.byte	64
 113 0054 01       		.byte	1
 114 0055 47       		.byte	71
ARM GAS  C:\Users\DHEERA~1\AppData\Local\Temp\ccvKR16b.s 			page 3


 115 0056 01       		.byte	1
 116 0057 40       		.byte	64
 117 0058 0E       		.byte	14
 118 0059 4C       		.byte	76
 119 005a 01       		.byte	1
 120 005b 40       		.byte	64
 121 005c 0F       		.byte	15
 122 005d 4D       		.byte	77
 123 005e 01       		.byte	1
 124 005f 40       		.byte	64
 125 0060 06       		.byte	6
 126 0061 50       		.byte	80
 127 0062 01       		.byte	1
 128 0063 40       		.byte	64
 129 0064 01       		.byte	1
 130 0065 51       		.byte	81
 131 0066 01       		.byte	1
 132 0067 40       		.byte	64
 133 0068 00       		.byte	0
 134 0069 40       		.byte	64
 135 006a 01       		.byte	1
 136 006b 40       		.byte	64
 137 006c 08       		.byte	8
 138 006d 63       		.byte	99
 139 006e 09       		.byte	9
 140 006f A6       		.byte	-90
 141 0070 10       		.byte	16
 142 0071 28       		.byte	40
 143 0072 11       		.byte	17
 144 0073 09       		.byte	9
 145 0074 61       		.byte	97
 146 0075 80       		.byte	-128
 147 0076 64       		.byte	100
 148 0077 40       		.byte	64
 149 0078 82       		.byte	-126
 150 0079 0D       		.byte	13
 151 007a 83       		.byte	-125
 152 007b 0D       		.byte	13
 153 007c 89       		.byte	-119
 154 007d 0D       		.byte	13
 155 007e 8A       		.byte	-118
 156 007f 0D       		.byte	13
 157 0080 8B       		.byte	-117
 158 0081 0D       		.byte	13
 159 0082 8C       		.byte	-116
 160 0083 0D       		.byte	13
 161 0084 88       		.byte	-120
 162 0085 72       		.byte	114
 163 0086 89       		.byte	-119
 164 0087 38       		.byte	56
 165 0088 8A       		.byte	-118
 166 0089 0F       		.byte	15
 167 008a 02       		.byte	2
 168 008b 04       		.byte	4
 169 008c 06       		.byte	6
 170 008d 01       		.byte	1
 171 008e 0B       		.byte	11
ARM GAS  C:\Users\DHEERA~1\AppData\Local\Temp\ccvKR16b.s 			page 4


 172 008f 01       		.byte	1
 173 0090 12       		.byte	18
 174 0091 02       		.byte	2
 175 0092 1A       		.byte	26
 176 0093 02       		.byte	2
 177 0094 25       		.byte	37
 178 0095 02       		.byte	2
 179 0096 26       		.byte	38
 180 0097 01       		.byte	1
 181 0098 29       		.byte	41
 182 0099 02       		.byte	2
 183 009a 2F       		.byte	47
 184 009b 01       		.byte	1
 185 009c 30       		.byte	48
 186 009d 04       		.byte	4
 187 009e 31       		.byte	49
 188 009f 02       		.byte	2
 189 00a0 32       		.byte	50
 190 00a1 02       		.byte	2
 191 00a2 34       		.byte	52
 192 00a3 01       		.byte	1
 193 00a4 35       		.byte	53
 194 00a5 01       		.byte	1
 195 00a6 39       		.byte	57
 196 00a7 02       		.byte	2
 197 00a8 3F       		.byte	63
 198 00a9 11       		.byte	17
 199 00aa 40       		.byte	64
 200 00ab 40       		.byte	64
 201 00ac 41       		.byte	65
 202 00ad 06       		.byte	6
 203 00ae 45       		.byte	69
 204 00af D1       		.byte	-47
 205 00b0 46       		.byte	70
 206 00b1 20       		.byte	32
 207 00b2 48       		.byte	72
 208 00b3 0B       		.byte	11
 209 00b4 49       		.byte	73
 210 00b5 FF       		.byte	-1
 211 00b6 4A       		.byte	74
 212 00b7 FF       		.byte	-1
 213 00b8 4B       		.byte	75
 214 00b9 FF       		.byte	-1
 215 00ba 4D       		.byte	77
 216 00bb A0       		.byte	-96
 217 00bc 4F       		.byte	79
 218 00bd 04       		.byte	4
 219 00be 50       		.byte	80
 220 00bf 18       		.byte	24
 221 00c0 52       		.byte	82
 222 00c1 80       		.byte	-128
 223 00c2 54       		.byte	84
 224 00c3 05       		.byte	5
 225 00c4 58       		.byte	88
 226 00c5 04       		.byte	4
 227 00c6 59       		.byte	89
 228 00c7 04       		.byte	4
ARM GAS  C:\Users\DHEERA~1\AppData\Local\Temp\ccvKR16b.s 			page 5


 229 00c8 5A       		.byte	90
 230 00c9 04       		.byte	4
 231 00ca 5B       		.byte	91
 232 00cb 04       		.byte	4
 233 00cc 5C       		.byte	92
 234 00cd 01       		.byte	1
 235 00ce 5D       		.byte	93
 236 00cf 11       		.byte	17
 237 00d0 5F       		.byte	95
 238 00d1 01       		.byte	1
 239 00d2 60       		.byte	96
 240 00d3 40       		.byte	64
 241 00d4 62       		.byte	98
 242 00d5 C0       		.byte	-64
 243 00d6 64       		.byte	100
 244 00d7 40       		.byte	64
 245 00d8 65       		.byte	101
 246 00d9 40       		.byte	64
 247 00da 66       		.byte	102
 248 00db C0       		.byte	-64
 249 00dc 68       		.byte	104
 250 00dd C0       		.byte	-64
 251 00de 6A       		.byte	106
 252 00df C0       		.byte	-64
 253 00e0 6C       		.byte	108
 254 00e1 C0       		.byte	-64
 255 00e2 6E       		.byte	110
 256 00e3 C0       		.byte	-64
 257 00e4 86       		.byte	-122
 258 00e5 01       		.byte	1
 259 00e6 87       		.byte	-121
 260 00e7 01       		.byte	1
 261 00e8 92       		.byte	-110
 262 00e9 04       		.byte	4
 263 00ea 97       		.byte	-105
 264 00eb 02       		.byte	2
 265 00ec 98       		.byte	-104
 266 00ed 02       		.byte	2
 267 00ee 9B       		.byte	-101
 268 00ef 04       		.byte	4
 269 00f0 9F       		.byte	-97
 270 00f1 01       		.byte	1
 271 00f2 A5       		.byte	-91
 272 00f3 04       		.byte	4
 273 00f4 AA       		.byte	-86
 274 00f5 02       		.byte	2
 275 00f6 B1       		.byte	-79
 276 00f7 04       		.byte	4
 277 00f8 B2       		.byte	-78
 278 00f9 01       		.byte	1
 279 00fa B3       		.byte	-77
 280 00fb 01       		.byte	1
 281 00fc B4       		.byte	-76
 282 00fd 04       		.byte	4
 283 00fe B5       		.byte	-75
 284 00ff 02       		.byte	2
 285 0100 B6       		.byte	-74
ARM GAS  C:\Users\DHEERA~1\AppData\Local\Temp\ccvKR16b.s 			page 6


 286 0101 02       		.byte	2
 287 0102 BF       		.byte	-65
 288 0103 04       		.byte	4
 289 0104 C0       		.byte	-64
 290 0105 20       		.byte	32
 291 0106 C1       		.byte	-63
 292 0107 05       		.byte	5
 293 0108 C5       		.byte	-59
 294 0109 D0       		.byte	-48
 295 010a C6       		.byte	-58
 296 010b 02       		.byte	2
 297 010c C7       		.byte	-57
 298 010d 01       		.byte	1
 299 010e C8       		.byte	-56
 300 010f 16       		.byte	22
 301 0110 C9       		.byte	-55
 302 0111 FF       		.byte	-1
 303 0112 CA       		.byte	-54
 304 0113 FF       		.byte	-1
 305 0114 CB       		.byte	-53
 306 0115 FF       		.byte	-1
 307 0116 CD       		.byte	-51
 308 0117 A0       		.byte	-96
 309 0118 CF       		.byte	-49
 310 0119 04       		.byte	4
 311 011a D0       		.byte	-48
 312 011b 18       		.byte	24
 313 011c D2       		.byte	-46
 314 011d 80       		.byte	-128
 315 011e D4       		.byte	-44
 316 011f 05       		.byte	5
 317 0120 D8       		.byte	-40
 318 0121 04       		.byte	4
 319 0122 D9       		.byte	-39
 320 0123 04       		.byte	4
 321 0124 DA       		.byte	-38
 322 0125 04       		.byte	4
 323 0126 DB       		.byte	-37
 324 0127 04       		.byte	4
 325 0128 DC       		.byte	-36
 326 0129 11       		.byte	17
 327 012a DD       		.byte	-35
 328 012b 11       		.byte	17
 329 012c DF       		.byte	-33
 330 012d 01       		.byte	1
 331 012e E0       		.byte	-32
 332 012f 40       		.byte	64
 333 0130 E2       		.byte	-30
 334 0131 C0       		.byte	-64
 335 0132 E4       		.byte	-28
 336 0133 40       		.byte	64
 337 0134 E5       		.byte	-27
 338 0135 40       		.byte	64
 339 0136 E6       		.byte	-26
 340 0137 C0       		.byte	-64
 341 0138 E8       		.byte	-24
 342 0139 C0       		.byte	-64
ARM GAS  C:\Users\DHEERA~1\AppData\Local\Temp\ccvKR16b.s 			page 7


 343 013a EA       		.byte	-22
 344 013b C0       		.byte	-64
 345 013c EC       		.byte	-20
 346 013d C0       		.byte	-64
 347 013e EE       		.byte	-18
 348 013f C0       		.byte	-64
 349 0140 02       		.byte	2
 350 0141 20       		.byte	32
 351 0142 04       		.byte	4
 352 0143 08       		.byte	8
 353 0144 05       		.byte	5
 354 0145 02       		.byte	2
 355 0146 09       		.byte	9
 356 0147 20       		.byte	32
 357 0148 0B       		.byte	11
 358 0149 40       		.byte	64
 359 014a 0C       		.byte	12
 360 014b 20       		.byte	32
 361 014c 0D       		.byte	13
 362 014d 02       		.byte	2
 363 014e 10       		.byte	16
 364 014f 08       		.byte	8
 365 0150 15       		.byte	21
 366 0151 08       		.byte	8
 367 0152 18       		.byte	24
 368 0153 08       		.byte	8
 369 0154 19       		.byte	25
 370 0155 84       		.byte	-124
 371 0156 1A       		.byte	26
 372 0157 04       		.byte	4
 373 0158 1D       		.byte	29
 374 0159 02       		.byte	2
 375 015a 1E       		.byte	30
 376 015b 60       		.byte	96
 377 015c 1F       		.byte	31
 378 015d 10       		.byte	16
 379 015e 21       		.byte	33
 380 015f 20       		.byte	32
 381 0160 22       		.byte	34
 382 0161 04       		.byte	4
 383 0162 23       		.byte	35
 384 0163 80       		.byte	-128
 385 0164 27       		.byte	39
 386 0165 48       		.byte	72
 387 0166 29       		.byte	41
 388 0167 04       		.byte	4
 389 0168 2E       		.byte	46
 390 0169 40       		.byte	64
 391 016a 2F       		.byte	47
 392 016b 28       		.byte	40
 393 016c 30       		.byte	48
 394 016d 28       		.byte	40
 395 016e 31       		.byte	49
 396 016f 40       		.byte	64
 397 0170 32       		.byte	50
 398 0171 80       		.byte	-128
 399 0172 38       		.byte	56
ARM GAS  C:\Users\DHEERA~1\AppData\Local\Temp\ccvKR16b.s 			page 8


 400 0173 08       		.byte	8
 401 0174 3F       		.byte	63
 402 0175 20       		.byte	32
 403 0176 42       		.byte	66
 404 0177 04       		.byte	4
 405 0178 45       		.byte	69
 406 0179 02       		.byte	2
 407 017a 49       		.byte	73
 408 017b 41       		.byte	65
 409 017c 4C       		.byte	76
 410 017d 20       		.byte	32
 411 017e 4D       		.byte	77
 412 017f 01       		.byte	1
 413 0180 4E       		.byte	78
 414 0181 20       		.byte	32
 415 0182 4F       		.byte	79
 416 0183 20       		.byte	32
 417 0184 50       		.byte	80
 418 0185 08       		.byte	8
 419 0186 51       		.byte	81
 420 0187 04       		.byte	4
 421 0188 52       		.byte	82
 422 0189 80       		.byte	-128
 423 018a 57       		.byte	87
 424 018b 10       		.byte	16
 425 018c 59       		.byte	89
 426 018d 81       		.byte	-127
 427 018e 5A       		.byte	90
 428 018f 08       		.byte	8
 429 0190 5D       		.byte	93
 430 0191 01       		.byte	1
 431 0192 5F       		.byte	95
 432 0193 88       		.byte	-120
 433 0194 73       		.byte	115
 434 0195 40       		.byte	64
 435 0196 75       		.byte	117
 436 0197 02       		.byte	2
 437 0198 C0       		.byte	-64
 438 0199 34       		.byte	52
 439 019a C2       		.byte	-62
 440 019b 5A       		.byte	90
 441 019c C4       		.byte	-60
 442 019d 22       		.byte	34
 443 019e CA       		.byte	-54
 444 019f 72       		.byte	114
 445 01a0 CC       		.byte	-52
 446 01a1 0E       		.byte	14
 447 01a2 CE       		.byte	-50
 448 01a3 22       		.byte	34
 449 01a4 D0       		.byte	-48
 450 01a5 84       		.byte	-124
 451 01a6 D2       		.byte	-46
 452 01a7 28       		.byte	40
 453 01a8 D6       		.byte	-42
 454 01a9 DB       		.byte	-37
 455 01aa AB       		.byte	-85
 456 01ab 40       		.byte	64
ARM GAS  C:\Users\DHEERA~1\AppData\Local\Temp\ccvKR16b.s 			page 9


 457 01ac AF       		.byte	-81
 458 01ad 28       		.byte	40
 459 01ae B2       		.byte	-78
 460 01af 10       		.byte	16
 461 01b0 B3       		.byte	-77
 462 01b1 10       		.byte	16
 463 01b2 EA       		.byte	-22
 464 01b3 A0       		.byte	-96
 465 01b4 03       		.byte	3
 466 01b5 01       		.byte	1
 467 01b6 04       		.byte	4
 468 01b7 70       		.byte	112
 469 01b8 06       		.byte	6
 470 01b9 0C       		.byte	12
 471 01ba 0C       		.byte	12
 472 01bb 10       		.byte	16
 473 01bc 0D       		.byte	13
 474 01bd 04       		.byte	4
 475 01be 12       		.byte	18
 476 01bf 03       		.byte	3
 477 01c0 13       		.byte	19
 478 01c1 02       		.byte	2
 479 01c2 14       		.byte	20
 480 01c3 6C       		.byte	108
 481 01c4 16       		.byte	22
 482 01c5 11       		.byte	17
 483 01c6 1C       		.byte	28
 484 01c7 09       		.byte	9
 485 01c8 1E       		.byte	30
 486 01c9 10       		.byte	16
 487 01ca 26       		.byte	38
 488 01cb 20       		.byte	32
 489 01cc 27       		.byte	39
 490 01cd 02       		.byte	2
 491 01ce 28       		.byte	40
 492 01cf 14       		.byte	20
 493 01d0 2C       		.byte	44
 494 01d1 5C       		.byte	92
 495 01d2 2E       		.byte	46
 496 01d3 02       		.byte	2
 497 01d4 30       		.byte	48
 498 01d5 1F       		.byte	31
 499 01d6 31       		.byte	49
 500 01d7 04       		.byte	4
 501 01d8 32       		.byte	50
 502 01d9 60       		.byte	96
 503 01da 33       		.byte	51
 504 01db 02       		.byte	2
 505 01dc 37       		.byte	55
 506 01dd 01       		.byte	1
 507 01de 38       		.byte	56
 508 01df 08       		.byte	8
 509 01e0 3E       		.byte	62
 510 01e1 04       		.byte	4
 511 01e2 3F       		.byte	63
 512 01e3 05       		.byte	5
 513 01e4 52       		.byte	82
ARM GAS  C:\Users\DHEERA~1\AppData\Local\Temp\ccvKR16b.s 			page 10


 514 01e5 80       		.byte	-128
 515 01e6 58       		.byte	88
 516 01e7 04       		.byte	4
 517 01e8 59       		.byte	89
 518 01e9 04       		.byte	4
 519 01ea 5B       		.byte	91
 520 01eb 04       		.byte	4
 521 01ec 5C       		.byte	92
 522 01ed 20       		.byte	32
 523 01ee 5D       		.byte	93
 524 01ef 20       		.byte	32
 525 01f0 5F       		.byte	95
 526 01f1 01       		.byte	1
 527 01f2 81       		.byte	-127
 528 01f3 08       		.byte	8
 529 01f4 83       		.byte	-125
 530 01f5 02       		.byte	2
 531 01f6 84       		.byte	-124
 532 01f7 06       		.byte	6
 533 01f8 87       		.byte	-121
 534 01f9 0C       		.byte	12
 535 01fa 89       		.byte	-119
 536 01fb 0C       		.byte	12
 537 01fc 8C       		.byte	-116
 538 01fd 04       		.byte	4
 539 01fe 90       		.byte	-112
 540 01ff 0F       		.byte	15
 541 0200 94       		.byte	-108
 542 0201 09       		.byte	9
 543 0202 96       		.byte	-106
 544 0203 06       		.byte	6
 545 0204 98       		.byte	-104
 546 0205 07       		.byte	7
 547 0206 9A       		.byte	-102
 548 0207 08       		.byte	8
 549 0208 9B       		.byte	-101
 550 0209 0C       		.byte	12
 551 020a 9E       		.byte	-98
 552 020b 09       		.byte	9
 553 020c A0       		.byte	-96
 554 020d 06       		.byte	6
 555 020e A2       		.byte	-94
 556 020f 09       		.byte	9
 557 0210 A3       		.byte	-93
 558 0211 0C       		.byte	12
 559 0212 A5       		.byte	-91
 560 0213 04       		.byte	4
 561 0214 A7       		.byte	-89
 562 0215 02       		.byte	2
 563 0216 A8       		.byte	-88
 564 0217 02       		.byte	2
 565 0218 A9       		.byte	-87
 566 0219 0C       		.byte	12
 567 021a AB       		.byte	-85
 568 021b 01       		.byte	1
 569 021c AD       		.byte	-83
 570 021d 0C       		.byte	12
ARM GAS  C:\Users\DHEERA~1\AppData\Local\Temp\ccvKR16b.s 			page 11


 571 021e B1       		.byte	-79
 572 021f 0C       		.byte	12
 573 0220 B2       		.byte	-78
 574 0221 07       		.byte	7
 575 0222 B4       		.byte	-76
 576 0223 0E       		.byte	14
 577 0224 B7       		.byte	-73
 578 0225 03       		.byte	3
 579 0226 BA       		.byte	-70
 580 0227 22       		.byte	34
 581 0228 BF       		.byte	-65
 582 0229 40       		.byte	64
 583 022a C0       		.byte	-64
 584 022b 24       		.byte	36
 585 022c C1       		.byte	-63
 586 022d 05       		.byte	5
 587 022e C2       		.byte	-62
 588 022f 03       		.byte	3
 589 0230 C4       		.byte	-60
 590 0231 01       		.byte	1
 591 0232 C6       		.byte	-58
 592 0233 EC       		.byte	-20
 593 0234 C8       		.byte	-56
 594 0235 0C       		.byte	12
 595 0236 C9       		.byte	-55
 596 0237 FF       		.byte	-1
 597 0238 CA       		.byte	-54
 598 0239 FF       		.byte	-1
 599 023a CB       		.byte	-53
 600 023b FF       		.byte	-1
 601 023c CC       		.byte	-52
 602 023d 62       		.byte	98
 603 023e CD       		.byte	-51
 604 023f A0       		.byte	-96
 605 0240 CE       		.byte	-50
 606 0241 F0       		.byte	-16
 607 0242 CF       		.byte	-49
 608 0243 41       		.byte	65
 609 0244 D0       		.byte	-48
 610 0245 0C       		.byte	12
 611 0246 D4       		.byte	-44
 612 0247 05       		.byte	5
 613 0248 D8       		.byte	-40
 614 0249 04       		.byte	4
 615 024a D9       		.byte	-39
 616 024b 04       		.byte	4
 617 024c DA       		.byte	-38
 618 024d 04       		.byte	4
 619 024e DB       		.byte	-37
 620 024f 04       		.byte	4
 621 0250 DD       		.byte	-35
 622 0251 10       		.byte	16
 623 0252 DF       		.byte	-33
 624 0253 01       		.byte	1
 625 0254 E6       		.byte	-26
 626 0255 40       		.byte	64
 627 0256 E7       		.byte	-25
ARM GAS  C:\Users\DHEERA~1\AppData\Local\Temp\ccvKR16b.s 			page 12


 628 0257 02       		.byte	2
 629 0258 E9       		.byte	-23
 630 0259 10       		.byte	16
 631 025a EA       		.byte	-22
 632 025b 30       		.byte	48
 633 025c EB       		.byte	-21
 634 025d 10       		.byte	16
 635 025e ED       		.byte	-19
 636 025f 10       		.byte	16
 637 0260 EE       		.byte	-18
 638 0261 10       		.byte	16
 639 0262 EF       		.byte	-17
 640 0263 12       		.byte	18
 641 0264 00       		.byte	0
 642 0265 08       		.byte	8
 643 0266 01       		.byte	1
 644 0267 80       		.byte	-128
 645 0268 06       		.byte	6
 646 0269 21       		.byte	33
 647 026a 07       		.byte	7
 648 026b 20       		.byte	32
 649 026c 08       		.byte	8
 650 026d 88       		.byte	-120
 651 026e 0A       		.byte	10
 652 026f 80       		.byte	-128
 653 0270 0B       		.byte	11
 654 0271 04       		.byte	4
 655 0272 0E       		.byte	14
 656 0273 61       		.byte	97
 657 0274 11       		.byte	17
 658 0275 02       		.byte	2
 659 0276 12       		.byte	18
 660 0277 04       		.byte	4
 661 0278 14       		.byte	20
 662 0279 40       		.byte	64
 663 027a 15       		.byte	21
 664 027b 04       		.byte	4
 665 027c 16       		.byte	22
 666 027d 08       		.byte	8
 667 027e 17       		.byte	23
 668 027f 45       		.byte	69
 669 0280 18       		.byte	24
 670 0281 08       		.byte	8
 671 0282 1A       		.byte	26
 672 0283 80       		.byte	-128
 673 0284 1B       		.byte	27
 674 0285 29       		.byte	41
 675 0286 1D       		.byte	29
 676 0287 08       		.byte	8
 677 0288 1E       		.byte	30
 678 0289 40       		.byte	64
 679 028a 20       		.byte	32
 680 028b 01       		.byte	1
 681 028c 22       		.byte	34
 682 028d 01       		.byte	1
 683 028e 25       		.byte	37
 684 028f 40       		.byte	64
ARM GAS  C:\Users\DHEERA~1\AppData\Local\Temp\ccvKR16b.s 			page 13


 685 0290 26       		.byte	38
 686 0291 05       		.byte	5
 687 0292 27       		.byte	39
 688 0293 01       		.byte	1
 689 0294 28       		.byte	40
 690 0295 A0       		.byte	-96
 691 0296 2B       		.byte	43
 692 0297 05       		.byte	5
 693 0298 2F       		.byte	47
 694 0299 10       		.byte	16
 695 029a 33       		.byte	51
 696 029b 20       		.byte	32
 697 029c 37       		.byte	55
 698 029d 01       		.byte	1
 699 029e 39       		.byte	57
 700 029f 22       		.byte	34
 701 02a0 3B       		.byte	59
 702 02a1 04       		.byte	4
 703 02a2 3C       		.byte	60
 704 02a3 02       		.byte	2
 705 02a4 3E       		.byte	62
 706 02a5 40       		.byte	64
 707 02a6 40       		.byte	64
 708 02a7 89       		.byte	-119
 709 02a8 41       		.byte	65
 710 02a9 12       		.byte	18
 711 02aa 43       		.byte	67
 712 02ab 08       		.byte	8
 713 02ac 4B       		.byte	75
 714 02ad 80       		.byte	-128
 715 02ae 50       		.byte	80
 716 02af 80       		.byte	-128
 717 02b0 52       		.byte	82
 718 02b1 10       		.byte	16
 719 02b2 59       		.byte	89
 720 02b3 05       		.byte	5
 721 02b4 5B       		.byte	91
 722 02b5 80       		.byte	-128
 723 02b6 74       		.byte	116
 724 02b7 01       		.byte	1
 725 02b8 7E       		.byte	126
 726 02b9 40       		.byte	64
 727 02ba 7F       		.byte	127
 728 02bb 40       		.byte	64
 729 02bc 82       		.byte	-126
 730 02bd 01       		.byte	1
 731 02be 8C       		.byte	-116
 732 02bf 04       		.byte	4
 733 02c0 8D       		.byte	-115
 734 02c1 01       		.byte	1
 735 02c2 90       		.byte	-112
 736 02c3 04       		.byte	4
 737 02c4 91       		.byte	-111
 738 02c5 04       		.byte	4
 739 02c6 92       		.byte	-110
 740 02c7 11       		.byte	17
 741 02c8 97       		.byte	-105
ARM GAS  C:\Users\DHEERA~1\AppData\Local\Temp\ccvKR16b.s 			page 14


 742 02c9 05       		.byte	5
 743 02ca 99       		.byte	-103
 744 02cb 05       		.byte	5
 745 02cc 9A       		.byte	-102
 746 02cd 01       		.byte	1
 747 02ce 9B       		.byte	-101
 748 02cf 40       		.byte	64
 749 02d0 9C       		.byte	-100
 750 02d1 48       		.byte	72
 751 02d2 9E       		.byte	-98
 752 02d3 30       		.byte	48
 753 02d4 9F       		.byte	-97
 754 02d5 20       		.byte	32
 755 02d6 A2       		.byte	-94
 756 02d7 80       		.byte	-128
 757 02d8 A4       		.byte	-92
 758 02d9 80       		.byte	-128
 759 02da A5       		.byte	-91
 760 02db 08       		.byte	8
 761 02dc A6       		.byte	-90
 762 02dd 34       		.byte	52
 763 02de A7       		.byte	-89
 764 02df 29       		.byte	41
 765 02e0 C0       		.byte	-64
 766 02e1 A5       		.byte	-91
 767 02e2 C2       		.byte	-62
 768 02e3 BF       		.byte	-65
 769 02e4 C4       		.byte	-60
 770 02e5 EA       		.byte	-22
 771 02e6 CA       		.byte	-54
 772 02e7 4F       		.byte	79
 773 02e8 CC       		.byte	-52
 774 02e9 84       		.byte	-124
 775 02ea CE       		.byte	-50
 776 02eb 97       		.byte	-105
 777 02ec D0       		.byte	-48
 778 02ed 0F       		.byte	15
 779 02ee D2       		.byte	-46
 780 02ef 08       		.byte	8
 781 02f0 D6       		.byte	-42
 782 02f1 0B       		.byte	11
 783 02f2 E4       		.byte	-28
 784 02f3 01       		.byte	1
 785 02f4 02       		.byte	2
 786 02f5 01       		.byte	1
 787 02f6 03       		.byte	3
 788 02f7 04       		.byte	4
 789 02f8 06       		.byte	6
 790 02f9 04       		.byte	4
 791 02fa 07       		.byte	7
 792 02fb 01       		.byte	1
 793 02fc 0A       		.byte	10
 794 02fd 08       		.byte	8
 795 02fe 0B       		.byte	11
 796 02ff 04       		.byte	4
 797 0300 14       		.byte	20
 798 0301 02       		.byte	2
ARM GAS  C:\Users\DHEERA~1\AppData\Local\Temp\ccvKR16b.s 			page 15


 799 0302 17       		.byte	23
 800 0303 02       		.byte	2
 801 0304 1A       		.byte	26
 802 0305 04       		.byte	4
 803 0306 1B       		.byte	27
 804 0307 01       		.byte	1
 805 0308 1F       		.byte	31
 806 0309 02       		.byte	2
 807 030a 22       		.byte	34
 808 030b 08       		.byte	8
 809 030c 24       		.byte	36
 810 030d 01       		.byte	1
 811 030e 28       		.byte	40
 812 030f 01       		.byte	1
 813 0310 29       		.byte	41
 814 0311 01       		.byte	1
 815 0312 2D       		.byte	45
 816 0313 01       		.byte	1
 817 0314 32       		.byte	50
 818 0315 08       		.byte	8
 819 0316 33       		.byte	51
 820 0317 04       		.byte	4
 821 0318 34       		.byte	52
 822 0319 04       		.byte	4
 823 031a 35       		.byte	53
 824 031b 01       		.byte	1
 825 031c 36       		.byte	54
 826 031d 03       		.byte	3
 827 031e 37       		.byte	55
 828 031f 02       		.byte	2
 829 0320 38       		.byte	56
 830 0321 80       		.byte	-128
 831 0322 39       		.byte	57
 832 0323 20       		.byte	32
 833 0324 3E       		.byte	62
 834 0325 14       		.byte	20
 835 0326 3F       		.byte	63
 836 0327 44       		.byte	68
 837 0328 40       		.byte	64
 838 0329 40       		.byte	64
 839 032a 41       		.byte	65
 840 032b 06       		.byte	6
 841 032c 45       		.byte	69
 842 032d D0       		.byte	-48
 843 032e 46       		.byte	70
 844 032f 21       		.byte	33
 845 0330 48       		.byte	72
 846 0331 0E       		.byte	14
 847 0332 49       		.byte	73
 848 0333 FF       		.byte	-1
 849 0334 4A       		.byte	74
 850 0335 FF       		.byte	-1
 851 0336 4B       		.byte	75
 852 0337 FF       		.byte	-1
 853 0338 4D       		.byte	77
 854 0339 A0       		.byte	-96
 855 033a 4F       		.byte	79
ARM GAS  C:\Users\DHEERA~1\AppData\Local\Temp\ccvKR16b.s 			page 16


 856 033b 04       		.byte	4
 857 033c 50       		.byte	80
 858 033d 18       		.byte	24
 859 033e 54       		.byte	84
 860 033f 05       		.byte	5
 861 0340 58       		.byte	88
 862 0341 04       		.byte	4
 863 0342 59       		.byte	89
 864 0343 04       		.byte	4
 865 0344 5A       		.byte	90
 866 0345 04       		.byte	4
 867 0346 5B       		.byte	91
 868 0347 04       		.byte	4
 869 0348 5D       		.byte	93
 870 0349 22       		.byte	34
 871 034a 5F       		.byte	95
 872 034b 01       		.byte	1
 873 034c 60       		.byte	96
 874 034d 40       		.byte	64
 875 034e 62       		.byte	98
 876 034f C0       		.byte	-64
 877 0350 64       		.byte	100
 878 0351 40       		.byte	64
 879 0352 65       		.byte	101
 880 0353 40       		.byte	64
 881 0354 66       		.byte	102
 882 0355 C0       		.byte	-64
 883 0356 68       		.byte	104
 884 0357 C0       		.byte	-64
 885 0358 6A       		.byte	106
 886 0359 C0       		.byte	-64
 887 035a 6C       		.byte	108
 888 035b C0       		.byte	-64
 889 035c 6E       		.byte	110
 890 035d C0       		.byte	-64
 891 035e 82       		.byte	-126
 892 035f 02       		.byte	2
 893 0360 87       		.byte	-121
 894 0361 03       		.byte	3
 895 0362 89       		.byte	-119
 896 0363 01       		.byte	1
 897 0364 8B       		.byte	-117
 898 0365 06       		.byte	6
 899 0366 99       		.byte	-103
 900 0367 01       		.byte	1
 901 0368 9B       		.byte	-101
 902 0369 0E       		.byte	14
 903 036a 9D       		.byte	-99
 904 036b 0C       		.byte	12
 905 036c 9E       		.byte	-98
 906 036d 01       		.byte	1
 907 036e 9F       		.byte	-97
 908 036f 03       		.byte	3
 909 0370 A3       		.byte	-93
 910 0371 08       		.byte	8
 911 0372 AF       		.byte	-81
 912 0373 0C       		.byte	12
ARM GAS  C:\Users\DHEERA~1\AppData\Local\Temp\ccvKR16b.s 			page 17


 913 0374 B0       		.byte	-80
 914 0375 02       		.byte	2
 915 0376 B1       		.byte	-79
 916 0377 0F       		.byte	15
 917 0378 B4       		.byte	-76
 918 0379 01       		.byte	1
 919 037a BB       		.byte	-69
 920 037b 02       		.byte	2
 921 037c C0       		.byte	-64
 922 037d 03       		.byte	3
 923 037e C7       		.byte	-57
 924 037f 40       		.byte	64
 925 0380 C9       		.byte	-55
 926 0381 FF       		.byte	-1
 927 0382 CA       		.byte	-54
 928 0383 07       		.byte	7
 929 0384 CB       		.byte	-53
 930 0385 FF       		.byte	-1
 931 0386 CC       		.byte	-52
 932 0387 40       		.byte	64
 933 0388 CD       		.byte	-51
 934 0389 20       		.byte	32
 935 038a CE       		.byte	-50
 936 038b F0       		.byte	-16
 937 038c CF       		.byte	-49
 938 038d 05       		.byte	5
 939 038e D0       		.byte	-48
 940 038f 08       		.byte	8
 941 0390 D2       		.byte	-46
 942 0391 80       		.byte	-128
 943 0392 D4       		.byte	-44
 944 0393 05       		.byte	5
 945 0394 D8       		.byte	-40
 946 0395 04       		.byte	4
 947 0396 D9       		.byte	-39
 948 0397 04       		.byte	4
 949 0398 DA       		.byte	-38
 950 0399 04       		.byte	4
 951 039a DB       		.byte	-37
 952 039b 04       		.byte	4
 953 039c DC       		.byte	-36
 954 039d 02       		.byte	2
 955 039e DD       		.byte	-35
 956 039f 20       		.byte	32
 957 03a0 DF       		.byte	-33
 958 03a1 01       		.byte	1
 959 03a2 E0       		.byte	-32
 960 03a3 40       		.byte	64
 961 03a4 E1       		.byte	-31
 962 03a5 A8       		.byte	-88
 963 03a6 E2       		.byte	-30
 964 03a7 40       		.byte	64
 965 03a8 E3       		.byte	-29
 966 03a9 20       		.byte	32
 967 03aa 01       		.byte	1
 968 03ab 20       		.byte	32
 969 03ac 02       		.byte	2
ARM GAS  C:\Users\DHEERA~1\AppData\Local\Temp\ccvKR16b.s 			page 18


 970 03ad 10       		.byte	16
 971 03ae 03       		.byte	3
 972 03af 40       		.byte	64
 973 03b0 06       		.byte	6
 974 03b1 80       		.byte	-128
 975 03b2 09       		.byte	9
 976 03b3 20       		.byte	32
 977 03b4 0A       		.byte	10
 978 03b5 20       		.byte	32
 979 03b6 0D       		.byte	13
 980 03b7 40       		.byte	64
 981 03b8 10       		.byte	16
 982 03b9 10       		.byte	16
 983 03ba 12       		.byte	18
 984 03bb 40       		.byte	64
 985 03bc 13       		.byte	19
 986 03bd 20       		.byte	32
 987 03be 18       		.byte	24
 988 03bf 04       		.byte	4
 989 03c0 19       		.byte	25
 990 03c1 84       		.byte	-124
 991 03c2 1A       		.byte	26
 992 03c3 01       		.byte	1
 993 03c4 1D       		.byte	29
 994 03c5 10       		.byte	16
 995 03c6 1F       		.byte	31
 996 03c7 03       		.byte	3
 997 03c8 21       		.byte	33
 998 03c9 20       		.byte	32
 999 03ca 22       		.byte	34
 1000 03cb 84       		.byte	-124
 1001 03cc 27       		.byte	39
 1002 03cd 40       		.byte	64
 1003 03ce 28       		.byte	40
 1004 03cf 08       		.byte	8
 1005 03d0 2B       		.byte	43
 1006 03d1 01       		.byte	1
 1007 03d2 2D       		.byte	45
 1008 03d3 80       		.byte	-128
 1009 03d4 2E       		.byte	46
 1010 03d5 02       		.byte	2
 1011 03d6 30       		.byte	48
 1012 03d7 80       		.byte	-128
 1013 03d8 33       		.byte	51
 1014 03d9 28       		.byte	40
 1015 03da 34       		.byte	52
 1016 03db 10       		.byte	16
 1017 03dc 36       		.byte	54
 1018 03dd 10       		.byte	16
 1019 03de 37       		.byte	55
 1020 03df 40       		.byte	64
 1021 03e0 38       		.byte	56
 1022 03e1 20       		.byte	32
 1023 03e2 3B       		.byte	59
 1024 03e3 06       		.byte	6
 1025 03e4 3D       		.byte	61
 1026 03e5 04       		.byte	4
ARM GAS  C:\Users\DHEERA~1\AppData\Local\Temp\ccvKR16b.s 			page 19


 1027 03e6 3E       		.byte	62
 1028 03e7 20       		.byte	32
 1029 03e8 43       		.byte	67
 1030 03e9 02       		.byte	2
 1031 03ea 45       		.byte	69
 1032 03eb 08       		.byte	8
 1033 03ec 49       		.byte	73
 1034 03ed 02       		.byte	2
 1035 03ee 4B       		.byte	75
 1036 03ef 20       		.byte	32
 1037 03f0 4D       		.byte	77
 1038 03f1 04       		.byte	4
 1039 03f2 4E       		.byte	78
 1040 03f3 10       		.byte	16
 1041 03f4 50       		.byte	80
 1042 03f5 10       		.byte	16
 1043 03f6 51       		.byte	81
 1044 03f7 40       		.byte	64
 1045 03f8 53       		.byte	83
 1046 03f9 10       		.byte	16
 1047 03fa 56       		.byte	86
 1048 03fb 03       		.byte	3
 1049 03fc 58       		.byte	88
 1050 03fd 80       		.byte	-128
 1051 03fe 59       		.byte	89
 1052 03ff 02       		.byte	2
 1053 0400 5A       		.byte	90
 1054 0401 08       		.byte	8
 1055 0402 5E       		.byte	94
 1056 0403 08       		.byte	8
 1057 0404 5F       		.byte	95
 1058 0405 81       		.byte	-127
 1059 0406 76       		.byte	118
 1060 0407 80       		.byte	-128
 1061 0408 8F       		.byte	-113
 1062 0409 84       		.byte	-124
 1063 040a 92       		.byte	-110
 1064 040b 10       		.byte	16
 1065 040c 95       		.byte	-107
 1066 040d 80       		.byte	-128
 1067 040e 97       		.byte	-105
 1068 040f 02       		.byte	2
 1069 0410 98       		.byte	-104
 1070 0411 80       		.byte	-128
 1071 0412 99       		.byte	-103
 1072 0413 21       		.byte	33
 1073 0414 9A       		.byte	-102
 1074 0415 40       		.byte	64
 1075 0416 9B       		.byte	-101
 1076 0417 04       		.byte	4
 1077 0418 9C       		.byte	-100
 1078 0419 40       		.byte	64
 1079 041a 9D       		.byte	-99
 1080 041b 10       		.byte	16
 1081 041c A6       		.byte	-90
 1082 041d 20       		.byte	32
 1083 041e AF       		.byte	-81
ARM GAS  C:\Users\DHEERA~1\AppData\Local\Temp\ccvKR16b.s 			page 20


 1084 041f 20       		.byte	32
 1085 0420 B2       		.byte	-78
 1086 0421 01       		.byte	1
 1087 0422 B3       		.byte	-77
 1088 0423 14       		.byte	20
 1089 0424 C0       		.byte	-64
 1090 0425 1E       		.byte	30
 1091 0426 C2       		.byte	-62
 1092 0427 86       		.byte	-122
 1093 0428 C4       		.byte	-60
 1094 0429 0E       		.byte	14
 1095 042a CA       		.byte	-54
 1096 042b 9C       		.byte	-100
 1097 042c CC       		.byte	-52
 1098 042d 3E       		.byte	62
 1099 042e CE       		.byte	-50
 1100 042f 67       		.byte	103
 1101 0430 D0       		.byte	-48
 1102 0431 41       		.byte	65
 1103 0432 D2       		.byte	-46
 1104 0433 04       		.byte	4
 1105 0434 D6       		.byte	-42
 1106 0435 DB       		.byte	-37
 1107 0436 E8       		.byte	-24
 1108 0437 02       		.byte	2
 1109 0438 01       		.byte	1
 1110 0439 04       		.byte	4
 1111 043a 02       		.byte	2
 1112 043b 02       		.byte	2
 1113 043c 0A       		.byte	10
 1114 043d 04       		.byte	4
 1115 043e 0E       		.byte	14
 1116 043f 01       		.byte	1
 1117 0440 16       		.byte	22
 1118 0441 04       		.byte	4
 1119 0442 1B       		.byte	27
 1120 0443 04       		.byte	4
 1121 0444 20       		.byte	32
 1122 0445 01       		.byte	1
 1123 0446 2A       		.byte	42
 1124 0447 08       		.byte	8
 1125 0448 2B       		.byte	43
 1126 0449 01       		.byte	1
 1127 044a 2F       		.byte	47
 1128 044b 03       		.byte	3
 1129 044c 30       		.byte	48
 1130 044d 01       		.byte	1
 1131 044e 32       		.byte	50
 1132 044f 02       		.byte	2
 1133 0450 33       		.byte	51
 1134 0451 01       		.byte	1
 1135 0452 34       		.byte	52
 1136 0453 04       		.byte	4
 1137 0454 35       		.byte	53
 1138 0455 04       		.byte	4
 1139 0456 36       		.byte	54
 1140 0457 08       		.byte	8
ARM GAS  C:\Users\DHEERA~1\AppData\Local\Temp\ccvKR16b.s 			page 21


 1141 0458 37       		.byte	55
 1142 0459 02       		.byte	2
 1143 045a 3E       		.byte	62
 1144 045b 10       		.byte	16
 1145 045c 40       		.byte	64
 1146 045d 30       		.byte	48
 1147 045e 41       		.byte	65
 1148 045f 02       		.byte	2
 1149 0460 45       		.byte	69
 1150 0461 D0       		.byte	-48
 1151 0462 47       		.byte	71
 1152 0463 12       		.byte	18
 1153 0464 48       		.byte	72
 1154 0465 32       		.byte	50
 1155 0466 49       		.byte	73
 1156 0467 FF       		.byte	-1
 1157 0468 4A       		.byte	74
 1158 0469 FF       		.byte	-1
 1159 046a 4B       		.byte	75
 1160 046b FF       		.byte	-1
 1161 046c 4D       		.byte	77
 1162 046d A0       		.byte	-96
 1163 046e 4F       		.byte	79
 1164 046f 04       		.byte	4
 1165 0470 50       		.byte	80
 1166 0471 18       		.byte	24
 1167 0472 52       		.byte	82
 1168 0473 80       		.byte	-128
 1169 0474 54       		.byte	84
 1170 0475 05       		.byte	5
 1171 0476 58       		.byte	88
 1172 0477 04       		.byte	4
 1173 0478 59       		.byte	89
 1174 0479 04       		.byte	4
 1175 047a 5A       		.byte	90
 1176 047b 04       		.byte	4
 1177 047c 5B       		.byte	91
 1178 047d 04       		.byte	4
 1179 047e 5C       		.byte	92
 1180 047f 22       		.byte	34
 1181 0480 5D       		.byte	93
 1182 0481 22       		.byte	34
 1183 0482 5F       		.byte	95
 1184 0483 01       		.byte	1
 1185 0484 60       		.byte	96
 1186 0485 40       		.byte	64
 1187 0486 62       		.byte	98
 1188 0487 C0       		.byte	-64
 1189 0488 64       		.byte	100
 1190 0489 40       		.byte	64
 1191 048a 65       		.byte	101
 1192 048b 40       		.byte	64
 1193 048c 66       		.byte	102
 1194 048d C0       		.byte	-64
 1195 048e 68       		.byte	104
 1196 048f C0       		.byte	-64
 1197 0490 6A       		.byte	106
ARM GAS  C:\Users\DHEERA~1\AppData\Local\Temp\ccvKR16b.s 			page 22


 1198 0491 C0       		.byte	-64
 1199 0492 6C       		.byte	108
 1200 0493 C0       		.byte	-64
 1201 0494 6E       		.byte	110
 1202 0495 C0       		.byte	-64
 1203 0496 83       		.byte	-125
 1204 0497 04       		.byte	4
 1205 0498 86       		.byte	-122
 1206 0499 04       		.byte	4
 1207 049a 8F       		.byte	-113
 1208 049b 06       		.byte	6
 1209 049c 90       		.byte	-112
 1210 049d 01       		.byte	1
 1211 049e 9B       		.byte	-101
 1212 049f 01       		.byte	1
 1213 04a0 A3       		.byte	-93
 1214 04a1 01       		.byte	1
 1215 04a2 A9       		.byte	-87
 1216 04a3 02       		.byte	2
 1217 04a4 AA       		.byte	-86
 1218 04a5 07       		.byte	7
 1219 04a6 AE       		.byte	-82
 1220 04a7 08       		.byte	8
 1221 04a8 B0       		.byte	-80
 1222 04a9 02       		.byte	2
 1223 04aa B1       		.byte	-79
 1224 04ab 02       		.byte	2
 1225 04ac B2       		.byte	-78
 1226 04ad 01       		.byte	1
 1227 04ae B3       		.byte	-77
 1228 04af 04       		.byte	4
 1229 04b0 B4       		.byte	-76
 1230 04b1 08       		.byte	8
 1231 04b2 B5       		.byte	-75
 1232 04b3 01       		.byte	1
 1233 04b4 B6       		.byte	-74
 1234 04b5 04       		.byte	4
 1235 04b6 C0       		.byte	-64
 1236 04b7 60       		.byte	96
 1237 04b8 C1       		.byte	-63
 1238 04b9 05       		.byte	5
 1239 04ba C5       		.byte	-59
 1240 04bb D0       		.byte	-48
 1241 04bc C6       		.byte	-58
 1242 04bd 02       		.byte	2
 1243 04be C7       		.byte	-57
 1244 04bf 01       		.byte	1
 1245 04c0 C8       		.byte	-56
 1246 04c1 16       		.byte	22
 1247 04c2 C9       		.byte	-55
 1248 04c3 FF       		.byte	-1
 1249 04c4 CA       		.byte	-54
 1250 04c5 FF       		.byte	-1
 1251 04c6 CB       		.byte	-53
 1252 04c7 FF       		.byte	-1
 1253 04c8 CD       		.byte	-51
 1254 04c9 A0       		.byte	-96
ARM GAS  C:\Users\DHEERA~1\AppData\Local\Temp\ccvKR16b.s 			page 23


 1255 04ca CF       		.byte	-49
 1256 04cb 04       		.byte	4
 1257 04cc D0       		.byte	-48
 1258 04cd 18       		.byte	24
 1259 04ce D2       		.byte	-46
 1260 04cf 80       		.byte	-128
 1261 04d0 D8       		.byte	-40
 1262 04d1 04       		.byte	4
 1263 04d2 D9       		.byte	-39
 1264 04d3 04       		.byte	4
 1265 04d4 DA       		.byte	-38
 1266 04d5 04       		.byte	4
 1267 04d6 DB       		.byte	-37
 1268 04d7 04       		.byte	4
 1269 04d8 DC       		.byte	-36
 1270 04d9 21       		.byte	33
 1271 04da DD       		.byte	-35
 1272 04db 11       		.byte	17
 1273 04dc DF       		.byte	-33
 1274 04dd 01       		.byte	1
 1275 04de E0       		.byte	-32
 1276 04df 40       		.byte	64
 1277 04e0 E2       		.byte	-30
 1278 04e1 C0       		.byte	-64
 1279 04e2 E4       		.byte	-28
 1280 04e3 40       		.byte	64
 1281 04e4 E5       		.byte	-27
 1282 04e5 40       		.byte	64
 1283 04e6 E6       		.byte	-26
 1284 04e7 C0       		.byte	-64
 1285 04e8 E8       		.byte	-24
 1286 04e9 C0       		.byte	-64
 1287 04ea EA       		.byte	-22
 1288 04eb C0       		.byte	-64
 1289 04ec EC       		.byte	-20
 1290 04ed C0       		.byte	-64
 1291 04ee EE       		.byte	-18
 1292 04ef C0       		.byte	-64
 1293 04f0 03       		.byte	3
 1294 04f1 20       		.byte	32
 1295 04f2 05       		.byte	5
 1296 04f3 02       		.byte	2
 1297 04f4 06       		.byte	6
 1298 04f5 09       		.byte	9
 1299 04f6 0A       		.byte	10
 1300 04f7 40       		.byte	64
 1301 04f8 0D       		.byte	13
 1302 04f9 08       		.byte	8
 1303 04fa 12       		.byte	18
 1304 04fb 08       		.byte	8
 1305 04fc 13       		.byte	19
 1306 04fd 40       		.byte	64
 1307 04fe 17       		.byte	23
 1308 04ff 11       		.byte	17
 1309 0500 19       		.byte	25
 1310 0501 20       		.byte	32
 1311 0502 1A       		.byte	26
ARM GAS  C:\Users\DHEERA~1\AppData\Local\Temp\ccvKR16b.s 			page 24


 1312 0503 52       		.byte	82
 1313 0504 1B       		.byte	27
 1314 0505 20       		.byte	32
 1315 0506 1C       		.byte	28
 1316 0507 42       		.byte	66
 1317 0508 1D       		.byte	29
 1318 0509 08       		.byte	8
 1319 050a 1E       		.byte	30
 1320 050b 08       		.byte	8
 1321 050c 1F       		.byte	31
 1322 050d 08       		.byte	8
 1323 050e 21       		.byte	33
 1324 050f 02       		.byte	2
 1325 0510 23       		.byte	35
 1326 0511 14       		.byte	20
 1327 0512 27       		.byte	39
 1328 0513 25       		.byte	37
 1329 0514 28       		.byte	40
 1330 0515 40       		.byte	64
 1331 0516 29       		.byte	41
 1332 0517 10       		.byte	16
 1333 0518 2F       		.byte	47
 1334 0519 0A       		.byte	10
 1335 051a 32       		.byte	50
 1336 051b 20       		.byte	32
 1337 051c 33       		.byte	51
 1338 051d 10       		.byte	16
 1339 051e 36       		.byte	54
 1340 051f 20       		.byte	32
 1341 0520 39       		.byte	57
 1342 0521 80       		.byte	-128
 1343 0522 3B       		.byte	59
 1344 0523 02       		.byte	2
 1345 0524 3C       		.byte	60
 1346 0525 02       		.byte	2
 1347 0526 45       		.byte	69
 1348 0527 08       		.byte	8
 1349 0528 46       		.byte	70
 1350 0529 08       		.byte	8
 1351 052a 49       		.byte	73
 1352 052b 21       		.byte	33
 1353 052c 4B       		.byte	75
 1354 052d 80       		.byte	-128
 1355 052e 4F       		.byte	79
 1356 052f 01       		.byte	1
 1357 0530 52       		.byte	82
 1358 0531 48       		.byte	72
 1359 0532 53       		.byte	83
 1360 0533 40       		.byte	64
 1361 0534 56       		.byte	86
 1362 0535 09       		.byte	9
 1363 0536 57       		.byte	87
 1364 0537 02       		.byte	2
 1365 0538 5C       		.byte	92
 1366 0539 40       		.byte	64
 1367 053a 5E       		.byte	94
 1368 053b 08       		.byte	8
ARM GAS  C:\Users\DHEERA~1\AppData\Local\Temp\ccvKR16b.s 			page 25


 1369 053c 5F       		.byte	95
 1370 053d 01       		.byte	1
 1371 053e 60       		.byte	96
 1372 053f 80       		.byte	-128
 1373 0540 61       		.byte	97
 1374 0541 02       		.byte	2
 1375 0542 73       		.byte	115
 1376 0543 40       		.byte	64
 1377 0544 75       		.byte	117
 1378 0545 02       		.byte	2
 1379 0546 C0       		.byte	-64
 1380 0547 D4       		.byte	-44
 1381 0548 C2       		.byte	-62
 1382 0549 28       		.byte	40
 1383 054a C4       		.byte	-60
 1384 054b 53       		.byte	83
 1385 054c CA       		.byte	-54
 1386 054d 35       		.byte	53
 1387 054e CC       		.byte	-52
 1388 054f 24       		.byte	36
 1389 0550 CE       		.byte	-50
 1390 0551 89       		.byte	-119
 1391 0552 D0       		.byte	-48
 1392 0553 60       		.byte	96
 1393 0554 D2       		.byte	-46
 1394 0555 0C       		.byte	12
 1395 0556 D6       		.byte	-42
 1396 0557 D0       		.byte	-48
 1397 0558 40       		.byte	64
 1398 0559 10       		.byte	16
 1399 055a 41       		.byte	65
 1400 055b 02       		.byte	2
 1401 055c 49       		.byte	73
 1402 055d FF       		.byte	-1
 1403 055e 4A       		.byte	74
 1404 055f FF       		.byte	-1
 1405 0560 4B       		.byte	75
 1406 0561 FF       		.byte	-1
 1407 0562 4D       		.byte	77
 1408 0563 A0       		.byte	-96
 1409 0564 4F       		.byte	79
 1410 0565 04       		.byte	4
 1411 0566 50       		.byte	80
 1412 0567 18       		.byte	24
 1413 0568 56       		.byte	86
 1414 0569 02       		.byte	2
 1415 056a 57       		.byte	87
 1416 056b 13       		.byte	19
 1417 056c 5A       		.byte	90
 1418 056d 04       		.byte	4
 1419 056e 5B       		.byte	91
 1420 056f 04       		.byte	4
 1421 0570 5D       		.byte	93
 1422 0571 02       		.byte	2
 1423 0572 5F       		.byte	95
 1424 0573 01       		.byte	1
 1425 0574 60       		.byte	96
ARM GAS  C:\Users\DHEERA~1\AppData\Local\Temp\ccvKR16b.s 			page 26


 1426 0575 40       		.byte	64
 1427 0576 62       		.byte	98
 1428 0577 C0       		.byte	-64
 1429 0578 64       		.byte	100
 1430 0579 40       		.byte	64
 1431 057a 65       		.byte	101
 1432 057b 40       		.byte	64
 1433 057c 66       		.byte	102
 1434 057d C0       		.byte	-64
 1435 057e 68       		.byte	104
 1436 057f C0       		.byte	-64
 1437 0580 6A       		.byte	106
 1438 0581 C0       		.byte	-64
 1439 0582 6C       		.byte	108
 1440 0583 C0       		.byte	-64
 1441 0584 6E       		.byte	110
 1442 0585 C0       		.byte	-64
 1443 0586 84       		.byte	-124
 1444 0587 0C       		.byte	12
 1445 0588 85       		.byte	-123
 1446 0589 08       		.byte	8
 1447 058a 88       		.byte	-120
 1448 058b 03       		.byte	3
 1449 058c 89       		.byte	-119
 1450 058d 18       		.byte	24
 1451 058e 8C       		.byte	-116
 1452 058f 08       		.byte	8
 1453 0590 8D       		.byte	-115
 1454 0591 1C       		.byte	28
 1455 0592 8F       		.byte	-113
 1456 0593 01       		.byte	1
 1457 0594 90       		.byte	-112
 1458 0595 1F       		.byte	31
 1459 0596 93       		.byte	-109
 1460 0597 03       		.byte	3
 1461 0598 94       		.byte	-108
 1462 0599 13       		.byte	19
 1463 059a 96       		.byte	-106
 1464 059b 0C       		.byte	12
 1465 059c 98       		.byte	-104
 1466 059d 01       		.byte	1
 1467 059e 99       		.byte	-103
 1468 059f 1C       		.byte	28
 1469 05a0 9B       		.byte	-101
 1470 05a1 02       		.byte	2
 1471 05a2 9D       		.byte	-99
 1472 05a3 1F       		.byte	31
 1473 05a4 9E       		.byte	-98
 1474 05a5 03       		.byte	3
 1475 05a6 A0       		.byte	-96
 1476 05a7 1F       		.byte	31
 1477 05a8 A1       		.byte	-95
 1478 05a9 04       		.byte	4
 1479 05aa A4       		.byte	-92
 1480 05ab 1C       		.byte	28
 1481 05ac A6       		.byte	-90
 1482 05ad 03       		.byte	3
ARM GAS  C:\Users\DHEERA~1\AppData\Local\Temp\ccvKR16b.s 			page 27


 1483 05ae A7       		.byte	-89
 1484 05af 04       		.byte	4
 1485 05b0 A8       		.byte	-88
 1486 05b1 04       		.byte	4
 1487 05b2 A9       		.byte	-87
 1488 05b3 07       		.byte	7
 1489 05b4 AB       		.byte	-85
 1490 05b5 18       		.byte	24
 1491 05b6 AC       		.byte	-84
 1492 05b7 02       		.byte	2
 1493 05b8 AD       		.byte	-83
 1494 05b9 10       		.byte	16
 1495 05ba B0       		.byte	-80
 1496 05bb 10       		.byte	16
 1497 05bc B2       		.byte	-78
 1498 05bd 0F       		.byte	15
 1499 05be B5       		.byte	-75
 1500 05bf 1F       		.byte	31
 1501 05c0 BA       		.byte	-70
 1502 05c1 08       		.byte	8
 1503 05c2 BB       		.byte	-69
 1504 05c3 20       		.byte	32
 1505 05c4 BE       		.byte	-66
 1506 05c5 01       		.byte	1
 1507 05c6 C0       		.byte	-64
 1508 05c7 10       		.byte	16
 1509 05c8 C1       		.byte	-63
 1510 05c9 02       		.byte	2
 1511 05ca C5       		.byte	-59
 1512 05cb D1       		.byte	-47
 1513 05cc C6       		.byte	-58
 1514 05cd 20       		.byte	32
 1515 05ce C8       		.byte	-56
 1516 05cf 0B       		.byte	11
 1517 05d0 C9       		.byte	-55
 1518 05d1 FF       		.byte	-1
 1519 05d2 CA       		.byte	-54
 1520 05d3 FF       		.byte	-1
 1521 05d4 CB       		.byte	-53
 1522 05d5 FF       		.byte	-1
 1523 05d6 CD       		.byte	-51
 1524 05d7 AF       		.byte	-81
 1525 05d8 CE       		.byte	-50
 1526 05d9 0F       		.byte	15
 1527 05da CF       		.byte	-49
 1528 05db 04       		.byte	4
 1529 05dc D0       		.byte	-48
 1530 05dd 18       		.byte	24
 1531 05de D4       		.byte	-44
 1532 05df 18       		.byte	24
 1533 05e0 D8       		.byte	-40
 1534 05e1 04       		.byte	4
 1535 05e2 D9       		.byte	-39
 1536 05e3 04       		.byte	4
 1537 05e4 DA       		.byte	-38
 1538 05e5 04       		.byte	4
 1539 05e6 DB       		.byte	-37
ARM GAS  C:\Users\DHEERA~1\AppData\Local\Temp\ccvKR16b.s 			page 28


 1540 05e7 04       		.byte	4
 1541 05e8 DD       		.byte	-35
 1542 05e9 02       		.byte	2
 1543 05ea DF       		.byte	-33
 1544 05eb 01       		.byte	1
 1545 05ec E0       		.byte	-32
 1546 05ed 40       		.byte	64
 1547 05ee E2       		.byte	-30
 1548 05ef C0       		.byte	-64
 1549 05f0 E4       		.byte	-28
 1550 05f1 40       		.byte	64
 1551 05f2 E5       		.byte	-27
 1552 05f3 40       		.byte	64
 1553 05f4 E6       		.byte	-26
 1554 05f5 C0       		.byte	-64
 1555 05f6 E8       		.byte	-24
 1556 05f7 C0       		.byte	-64
 1557 05f8 EA       		.byte	-22
 1558 05f9 C0       		.byte	-64
 1559 05fa EC       		.byte	-20
 1560 05fb C0       		.byte	-64
 1561 05fc EE       		.byte	-18
 1562 05fd C0       		.byte	-64
 1563 05fe 00       		.byte	0
 1564 05ff 08       		.byte	8
 1565 0600 01       		.byte	1
 1566 0601 80       		.byte	-128
 1567 0602 02       		.byte	2
 1568 0603 08       		.byte	8
 1569 0604 08       		.byte	8
 1570 0605 A8       		.byte	-88
 1571 0606 0A       		.byte	10
 1572 0607 90       		.byte	-112
 1573 0608 11       		.byte	17
 1574 0609 02       		.byte	2
 1575 060a 12       		.byte	18
 1576 060b 44       		.byte	68
 1577 060c 13       		.byte	19
 1578 060d 44       		.byte	68
 1579 060e 19       		.byte	25
 1580 060f 02       		.byte	2
 1581 0610 1A       		.byte	26
 1582 0611 10       		.byte	16
 1583 0612 22       		.byte	34
 1584 0613 10       		.byte	16
 1585 0614 23       		.byte	35
 1586 0615 04       		.byte	4
 1587 0616 28       		.byte	40
 1588 0617 08       		.byte	8
 1589 0618 29       		.byte	41
 1590 0619 80       		.byte	-128
 1591 061a 2A       		.byte	42
 1592 061b 02       		.byte	2
 1593 061c 2B       		.byte	43
 1594 061d 10       		.byte	16
 1595 061e 31       		.byte	49
 1596 061f 02       		.byte	2
ARM GAS  C:\Users\DHEERA~1\AppData\Local\Temp\ccvKR16b.s 			page 29


 1597 0620 32       		.byte	50
 1598 0621 50       		.byte	80
 1599 0622 3A       		.byte	58
 1600 0623 54       		.byte	84
 1601 0624 40       		.byte	64
 1602 0625 02       		.byte	2
 1603 0626 41       		.byte	65
 1604 0627 20       		.byte	32
 1605 0628 44       		.byte	68
 1606 0629 02       		.byte	2
 1607 062a 45       		.byte	69
 1608 062b 60       		.byte	96
 1609 062c 4A       		.byte	74
 1610 062d 20       		.byte	32
 1611 062e 4B       		.byte	75
 1612 062f 01       		.byte	1
 1613 0630 51       		.byte	81
 1614 0631 20       		.byte	32
 1615 0632 53       		.byte	83
 1616 0633 10       		.byte	16
 1617 0634 5A       		.byte	90
 1618 0635 02       		.byte	2
 1619 0636 5D       		.byte	93
 1620 0637 02       		.byte	2
 1621 0638 60       		.byte	96
 1622 0639 04       		.byte	4
 1623 063a 62       		.byte	98
 1624 063b 80       		.byte	-128
 1625 063c 68       		.byte	104
 1626 063d 01       		.byte	1
 1627 063e 69       		.byte	105
 1628 063f 21       		.byte	33
 1629 0640 6B       		.byte	107
 1630 0641 10       		.byte	16
 1631 0642 6D       		.byte	109
 1632 0643 24       		.byte	36
 1633 0644 6F       		.byte	111
 1634 0645 01       		.byte	1
 1635 0646 70       		.byte	112
 1636 0647 41       		.byte	65
 1637 0648 73       		.byte	115
 1638 0649 18       		.byte	24
 1639 064a 74       		.byte	116
 1640 064b 04       		.byte	4
 1641 064c 75       		.byte	117
 1642 064d 80       		.byte	-128
 1643 064e 76       		.byte	118
 1644 064f 14       		.byte	20
 1645 0650 7A       		.byte	122
 1646 0651 08       		.byte	8
 1647 0652 7B       		.byte	123
 1648 0653 04       		.byte	4
 1649 0654 8B       		.byte	-117
 1650 0655 10       		.byte	16
 1651 0656 90       		.byte	-112
 1652 0657 04       		.byte	4
 1653 0658 92       		.byte	-110
ARM GAS  C:\Users\DHEERA~1\AppData\Local\Temp\ccvKR16b.s 			page 30


 1654 0659 83       		.byte	-125
 1655 065a 95       		.byte	-107
 1656 065b 02       		.byte	2
 1657 065c 97       		.byte	-105
 1658 065d 25       		.byte	37
 1659 065e 98       		.byte	-104
 1660 065f 80       		.byte	-128
 1661 0660 9A       		.byte	-102
 1662 0661 01       		.byte	1
 1663 0662 9B       		.byte	-101
 1664 0663 44       		.byte	68
 1665 0664 9C       		.byte	-100
 1666 0665 28       		.byte	40
 1667 0666 9D       		.byte	-99
 1668 0667 80       		.byte	-128
 1669 0668 9E       		.byte	-98
 1670 0669 0C       		.byte	12
 1671 066a 9F       		.byte	-97
 1672 066b 20       		.byte	32
 1673 066c A1       		.byte	-95
 1674 066d 41       		.byte	65
 1675 066e A2       		.byte	-94
 1676 066f 80       		.byte	-128
 1677 0670 A4       		.byte	-92
 1678 0671 04       		.byte	4
 1679 0672 A5       		.byte	-91
 1680 0673 02       		.byte	2
 1681 0674 A6       		.byte	-90
 1682 0675 30       		.byte	48
 1683 0676 A7       		.byte	-89
 1684 0677 04       		.byte	4
 1685 0678 B6       		.byte	-74
 1686 0679 10       		.byte	16
 1687 067a B7       		.byte	-73
 1688 067b 80       		.byte	-128
 1689 067c C0       		.byte	-64
 1690 067d 07       		.byte	7
 1691 067e C2       		.byte	-62
 1692 067f 0F       		.byte	15
 1693 0680 C4       		.byte	-60
 1694 0681 0F       		.byte	15
 1695 0682 CA       		.byte	-54
 1696 0683 0F       		.byte	15
 1697 0684 CC       		.byte	-52
 1698 0685 0D       		.byte	13
 1699 0686 CE       		.byte	-50
 1700 0687 0E       		.byte	14
 1701 0688 D0       		.byte	-48
 1702 0689 3C       		.byte	60
 1703 068a D6       		.byte	-42
 1704 068b 81       		.byte	-127
 1705 068c D8       		.byte	-40
 1706 068d 0C       		.byte	12
 1707 068e 01       		.byte	1
 1708 068f 01       		.byte	1
 1709 0690 02       		.byte	2
 1710 0691 01       		.byte	1
ARM GAS  C:\Users\DHEERA~1\AppData\Local\Temp\ccvKR16b.s 			page 31


 1711 0692 03       		.byte	3
 1712 0693 02       		.byte	2
 1713 0694 04       		.byte	4
 1714 0695 01       		.byte	1
 1715 0696 05       		.byte	5
 1716 0697 03       		.byte	3
 1717 0698 08       		.byte	8
 1718 0699 02       		.byte	2
 1719 069a 0A       		.byte	10
 1720 069b 0C       		.byte	12
 1721 069c 0D       		.byte	13
 1722 069d 02       		.byte	2
 1723 069e 0E       		.byte	14
 1724 069f 01       		.byte	1
 1725 06a0 0F       		.byte	15
 1726 06a1 01       		.byte	1
 1727 06a2 10       		.byte	16
 1728 06a3 08       		.byte	8
 1729 06a4 12       		.byte	18
 1730 06a5 02       		.byte	2
 1731 06a6 14       		.byte	20
 1732 06a7 01       		.byte	1
 1733 06a8 19       		.byte	25
 1734 06a9 04       		.byte	4
 1735 06aa 1A       		.byte	26
 1736 06ab 01       		.byte	1
 1737 06ac 1C       		.byte	28
 1738 06ad 04       		.byte	4
 1739 06ae 1E       		.byte	30
 1740 06af 12       		.byte	18
 1741 06b0 24       		.byte	36
 1742 06b1 0E       		.byte	14
 1743 06b2 25       		.byte	37
 1744 06b3 03       		.byte	3
 1745 06b4 28       		.byte	40
 1746 06b5 0E       		.byte	14
 1747 06b6 30       		.byte	48
 1748 06b7 01       		.byte	1
 1749 06b8 31       		.byte	49
 1750 06b9 03       		.byte	3
 1751 06ba 32       		.byte	50
 1752 06bb 0E       		.byte	14
 1753 06bc 33       		.byte	51
 1754 06bd 04       		.byte	4
 1755 06be 34       		.byte	52
 1756 06bf 10       		.byte	16
 1757 06c0 3E       		.byte	62
 1758 06c1 01       		.byte	1
 1759 06c2 3F       		.byte	63
 1760 06c3 04       		.byte	4
 1761 06c4 54       		.byte	84
 1762 06c5 01       		.byte	1
 1763 06c6 58       		.byte	88
 1764 06c7 04       		.byte	4
 1765 06c8 59       		.byte	89
 1766 06c9 04       		.byte	4
 1767 06ca 5B       		.byte	91
ARM GAS  C:\Users\DHEERA~1\AppData\Local\Temp\ccvKR16b.s 			page 32


 1768 06cb 04       		.byte	4
 1769 06cc 5F       		.byte	95
 1770 06cd 01       		.byte	1
 1771 06ce 80       		.byte	-128
 1772 06cf 06       		.byte	6
 1773 06d0 82       		.byte	-126
 1774 06d1 01       		.byte	1
 1775 06d2 83       		.byte	-125
 1776 06d3 08       		.byte	8
 1777 06d4 85       		.byte	-123
 1778 06d5 10       		.byte	16
 1779 06d6 89       		.byte	-119
 1780 06d7 10       		.byte	16
 1781 06d8 8A       		.byte	-118
 1782 06d9 01       		.byte	1
 1783 06da 8E       		.byte	-114
 1784 06db 02       		.byte	2
 1785 06dc 91       		.byte	-111
 1786 06dd 10       		.byte	16
 1787 06de 95       		.byte	-107
 1788 06df 03       		.byte	3
 1789 06e0 96       		.byte	-106
 1790 06e1 03       		.byte	3
 1791 06e2 97       		.byte	-105
 1792 06e3 0C       		.byte	12
 1793 06e4 99       		.byte	-103
 1794 06e5 03       		.byte	3
 1795 06e6 9B       		.byte	-101
 1796 06e7 04       		.byte	4
 1797 06e8 9D       		.byte	-99
 1798 06e9 0A       		.byte	10
 1799 06ea 9E       		.byte	-98
 1800 06eb 06       		.byte	6
 1801 06ec 9F       		.byte	-97
 1802 06ed 04       		.byte	4
 1803 06ee A5       		.byte	-91
 1804 06ef 03       		.byte	3
 1805 06f0 A7       		.byte	-89
 1806 06f1 04       		.byte	4
 1807 06f2 AA       		.byte	-86
 1808 06f3 05       		.byte	5
 1809 06f4 AB       		.byte	-85
 1810 06f5 05       		.byte	5
 1811 06f6 B1       		.byte	-79
 1812 06f7 10       		.byte	16
 1813 06f8 B2       		.byte	-78
 1814 06f9 07       		.byte	7
 1815 06fa B3       		.byte	-77
 1816 06fb 0F       		.byte	15
 1817 06fc BA       		.byte	-70
 1818 06fd 08       		.byte	8
 1819 06fe BB       		.byte	-69
 1820 06ff 08       		.byte	8
 1821 0700 C0       		.byte	-64
 1822 0701 23       		.byte	35
 1823 0702 C1       		.byte	-63
 1824 0703 06       		.byte	6
ARM GAS  C:\Users\DHEERA~1\AppData\Local\Temp\ccvKR16b.s 			page 33


 1825 0704 C5       		.byte	-59
 1826 0705 0C       		.byte	12
 1827 0706 C6       		.byte	-58
 1828 0707 E0       		.byte	-32
 1829 0708 C7       		.byte	-57
 1830 0709 0B       		.byte	11
 1831 070a C8       		.byte	-56
 1832 070b 19       		.byte	25
 1833 070c C9       		.byte	-55
 1834 070d FF       		.byte	-1
 1835 070e CA       		.byte	-54
 1836 070f FF       		.byte	-1
 1837 0710 CB       		.byte	-53
 1838 0711 FF       		.byte	-1
 1839 0712 CE       		.byte	-50
 1840 0713 F0       		.byte	-16
 1841 0714 CF       		.byte	-49
 1842 0715 44       		.byte	68
 1843 0716 D0       		.byte	-48
 1844 0717 0C       		.byte	12
 1845 0718 D8       		.byte	-40
 1846 0719 04       		.byte	4
 1847 071a D9       		.byte	-39
 1848 071b 04       		.byte	4
 1849 071c DA       		.byte	-38
 1850 071d 04       		.byte	4
 1851 071e DF       		.byte	-33
 1852 071f 01       		.byte	1
 1853 0720 E6       		.byte	-26
 1854 0721 C0       		.byte	-64
 1855 0722 EA       		.byte	-22
 1856 0723 40       		.byte	64
 1857 0724 EB       		.byte	-21
 1858 0725 02       		.byte	2
 1859 0726 00       		.byte	0
 1860 0727 10       		.byte	16
 1861 0728 02       		.byte	2
 1862 0729 02       		.byte	2
 1863 072a 03       		.byte	3
 1864 072b 50       		.byte	80
 1865 072c 06       		.byte	6
 1866 072d 01       		.byte	1
 1867 072e 07       		.byte	7
 1868 072f 44       		.byte	68
 1869 0730 09       		.byte	9
 1870 0731 08       		.byte	8
 1871 0732 0B       		.byte	11
 1872 0733 55       		.byte	85
 1873 0734 0E       		.byte	14
 1874 0735 21       		.byte	33
 1875 0736 11       		.byte	17
 1876 0737 24       		.byte	36
 1877 0738 12       		.byte	18
 1878 0739 04       		.byte	4
 1879 073a 17       		.byte	23
 1880 073b 10       		.byte	16
 1881 073c 18       		.byte	24
ARM GAS  C:\Users\DHEERA~1\AppData\Local\Temp\ccvKR16b.s 			page 34


 1882 073d 10       		.byte	16
 1883 073e 1A       		.byte	26
 1884 073f 40       		.byte	64
 1885 0740 1B       		.byte	27
 1886 0741 14       		.byte	20
 1887 0742 1D       		.byte	29
 1888 0743 08       		.byte	8
 1889 0744 1E       		.byte	30
 1890 0745 20       		.byte	32
 1891 0746 21       		.byte	33
 1892 0747 01       		.byte	1
 1893 0748 22       		.byte	34
 1894 0749 04       		.byte	4
 1895 074a 23       		.byte	35
 1896 074b 40       		.byte	64
 1897 074c 25       		.byte	37
 1898 074d 02       		.byte	2
 1899 074e 26       		.byte	38
 1900 074f 08       		.byte	8
 1901 0750 27       		.byte	39
 1902 0751 30       		.byte	48
 1903 0752 2A       		.byte	42
 1904 0753 04       		.byte	4
 1905 0754 2D       		.byte	45
 1906 0755 08       		.byte	8
 1907 0756 2E       		.byte	46
 1908 0757 20       		.byte	32
 1909 0758 30       		.byte	48
 1910 0759 20       		.byte	32
 1911 075a 36       		.byte	54
 1912 075b 18       		.byte	24
 1913 075c 37       		.byte	55
 1914 075d 41       		.byte	65
 1915 075e 39       		.byte	57
 1916 075f 04       		.byte	4
 1917 0760 3A       		.byte	58
 1918 0761 02       		.byte	2
 1919 0762 3B       		.byte	59
 1920 0763 41       		.byte	65
 1921 0764 3D       		.byte	61
 1922 0765 24       		.byte	36
 1923 0766 3E       		.byte	62
 1924 0767 01       		.byte	1
 1925 0768 46       		.byte	70
 1926 0769 20       		.byte	32
 1927 076a 47       		.byte	71
 1928 076b 24       		.byte	36
 1929 076c 4D       		.byte	77
 1930 076d 08       		.byte	8
 1931 076e 4E       		.byte	78
 1932 076f 10       		.byte	16
 1933 0770 4F       		.byte	79
 1934 0771 14       		.byte	20
 1935 0772 54       		.byte	84
 1936 0773 20       		.byte	32
 1937 0774 56       		.byte	86
 1938 0775 08       		.byte	8
ARM GAS  C:\Users\DHEERA~1\AppData\Local\Temp\ccvKR16b.s 			page 35


 1939 0776 58       		.byte	88
 1940 0777 01       		.byte	1
 1941 0778 5A       		.byte	90
 1942 0779 68       		.byte	104
 1943 077a 82       		.byte	-126
 1944 077b 02       		.byte	2
 1945 077c 83       		.byte	-125
 1946 077d 04       		.byte	4
 1947 077e 84       		.byte	-124
 1948 077f 21       		.byte	33
 1949 0780 88       		.byte	-120
 1950 0781 20       		.byte	32
 1951 0782 8A       		.byte	-118
 1952 0783 02       		.byte	2
 1953 0784 91       		.byte	-111
 1954 0785 04       		.byte	4
 1955 0786 92       		.byte	-110
 1956 0787 01       		.byte	1
 1957 0788 95       		.byte	-107
 1958 0789 02       		.byte	2
 1959 078a 97       		.byte	-105
 1960 078b 40       		.byte	64
 1961 078c 9A       		.byte	-102
 1962 078d 01       		.byte	1
 1963 078e 9B       		.byte	-101
 1964 078f 45       		.byte	69
 1965 0790 9C       		.byte	-100
 1966 0791 20       		.byte	32
 1967 0792 9E       		.byte	-98
 1968 0793 0A       		.byte	10
 1969 0794 9F       		.byte	-97
 1970 0795 20       		.byte	32
 1971 0796 A1       		.byte	-95
 1972 0797 10       		.byte	16
 1973 0798 A5       		.byte	-91
 1974 0799 02       		.byte	2
 1975 079a A6       		.byte	-90
 1976 079b 10       		.byte	16
 1977 079c A7       		.byte	-89
 1978 079d 14       		.byte	20
 1979 079e AB       		.byte	-85
 1980 079f 10       		.byte	16
 1981 07a0 AD       		.byte	-83
 1982 07a1 01       		.byte	1
 1983 07a2 B0       		.byte	-80
 1984 07a3 01       		.byte	1
 1985 07a4 B1       		.byte	-79
 1986 07a5 10       		.byte	16
 1987 07a6 B3       		.byte	-77
 1988 07a7 08       		.byte	8
 1989 07a8 B4       		.byte	-76
 1990 07a9 41       		.byte	65
 1991 07aa C0       		.byte	-64
 1992 07ab DF       		.byte	-33
 1993 07ac C2       		.byte	-62
 1994 07ad AF       		.byte	-81
 1995 07ae C4       		.byte	-60
ARM GAS  C:\Users\DHEERA~1\AppData\Local\Temp\ccvKR16b.s 			page 36


 1996 07af 46       		.byte	70
 1997 07b0 CA       		.byte	-54
 1998 07b1 62       		.byte	98
 1999 07b2 CC       		.byte	-52
 2000 07b3 F4       		.byte	-12
 2001 07b4 CE       		.byte	-50
 2002 07b5 EB       		.byte	-21
 2003 07b6 D0       		.byte	-48
 2004 07b7 60       		.byte	96
 2005 07b8 D2       		.byte	-46
 2006 07b9 20       		.byte	32
 2007 07ba D6       		.byte	-42
 2008 07bb 0F       		.byte	15
 2009 07bc E8       		.byte	-24
 2010 07bd 0C       		.byte	12
 2011 07be 32       		.byte	50
 2012 07bf 40       		.byte	64
 2013 07c0 CC       		.byte	-52
 2014 07c1 10       		.byte	16
 2015 07c2 06       		.byte	6
 2016 07c3 02       		.byte	2
 2017 07c4 0B       		.byte	11
 2018 07c5 20       		.byte	32
 2019 07c6 63       		.byte	99
 2020 07c7 02       		.byte	2
 2021 07c8 64       		.byte	100
 2022 07c9 10       		.byte	16
 2023 07ca 96       		.byte	-106
 2024 07cb 80       		.byte	-128
 2025 07cc C0       		.byte	-64
 2026 07cd 80       		.byte	-128
 2027 07ce C2       		.byte	-62
 2028 07cf 10       		.byte	16
 2029 07d0 D6       		.byte	-42
 2030 07d1 40       		.byte	64
 2031 07d2 D8       		.byte	-40
 2032 07d3 80       		.byte	-128
 2033 07d4 AA       		.byte	-86
 2034 07d5 40       		.byte	64
 2035 07d6 AE       		.byte	-82
 2036 07d7 02       		.byte	2
 2037 07d8 AF       		.byte	-81
 2038 07d9 10       		.byte	16
 2039 07da B0       		.byte	-80
 2040 07db 10       		.byte	16
 2041 07dc B3       		.byte	-77
 2042 07dd 01       		.byte	1
 2043 07de EC       		.byte	-20
 2044 07df 50       		.byte	80
 2045 07e0 EE       		.byte	-18
 2046 07e1 80       		.byte	-128
 2047 07e2 58       		.byte	88
 2048 07e3 80       		.byte	-128
 2049 07e4 5A       		.byte	90
 2050 07e5 01       		.byte	1
 2051 07e6 5F       		.byte	95
 2052 07e7 20       		.byte	32
ARM GAS  C:\Users\DHEERA~1\AppData\Local\Temp\ccvKR16b.s 			page 37


 2053 07e8 64       		.byte	100
 2054 07e9 01       		.byte	1
 2055 07ea D4       		.byte	-44
 2056 07eb 01       		.byte	1
 2057 07ec D6       		.byte	-42
 2058 07ed 07       		.byte	7
 2059 07ee AC       		.byte	-84
 2060 07ef 01       		.byte	1
 2061 07f0 B0       		.byte	-80
 2062 07f1 80       		.byte	-128
 2063 07f2 B2       		.byte	-78
 2064 07f3 01       		.byte	1
 2065 07f4 B3       		.byte	-77
 2066 07f5 20       		.byte	32
 2067 07f6 E8       		.byte	-24
 2068 07f7 04       		.byte	4
 2069 07f8 EC       		.byte	-20
 2070 07f9 05       		.byte	5
 2071 07fa 80       		.byte	-128
 2072 07fb 04       		.byte	4
 2073 07fc 53       		.byte	83
 2074 07fd 40       		.byte	64
 2075 07fe 57       		.byte	87
 2076 07ff 20       		.byte	32
 2077 0800 59       		.byte	89
 2078 0801 80       		.byte	-128
 2079 0802 5B       		.byte	91
 2080 0803 04       		.byte	4
 2081 0804 5E       		.byte	94
 2082 0805 01       		.byte	1
 2083 0806 5F       		.byte	95
 2084 0807 80       		.byte	-128
 2085 0808 60       		.byte	96
 2086 0809 08       		.byte	8
 2087 080a 64       		.byte	100
 2088 080b 04       		.byte	4
 2089 080c 8A       		.byte	-118
 2090 080d 01       		.byte	1
 2091 080e 90       		.byte	-112
 2092 080f 08       		.byte	8
 2093 0810 D4       		.byte	-44
 2094 0811 07       		.byte	7
 2095 0812 D6       		.byte	-42
 2096 0813 07       		.byte	7
 2097 0814 D8       		.byte	-40
 2098 0815 03       		.byte	3
 2099 0816 E4       		.byte	-28
 2100 0817 01       		.byte	1
 2101 0818 10       		.byte	16
 2102 0819 40       		.byte	64
 2103 081a 70       		.byte	112
 2104 081b 04       		.byte	4
 2105 081c 88       		.byte	-120
 2106 081d 40       		.byte	64
 2107 081e 90       		.byte	-112
 2108 081f 08       		.byte	8
 2109 0820 A9       		.byte	-87
ARM GAS  C:\Users\DHEERA~1\AppData\Local\Temp\ccvKR16b.s 			page 38


 2110 0821 80       		.byte	-128
 2111 0822 AF       		.byte	-81
 2112 0823 40       		.byte	64
 2113 0824 B0       		.byte	-80
 2114 0825 04       		.byte	4
 2115 0826 B3       		.byte	-77
 2116 0827 A0       		.byte	-96
 2117 0828 B4       		.byte	-76
 2118 0829 08       		.byte	8
 2119 082a B7       		.byte	-73
 2120 082b 04       		.byte	4
 2121 082c C4       		.byte	-60
 2122 082d 08       		.byte	8
 2123 082e DC       		.byte	-36
 2124 082f 01       		.byte	1
 2125 0830 E2       		.byte	-30
 2126 0831 01       		.byte	1
 2127 0832 E8       		.byte	-24
 2128 0833 03       		.byte	3
 2129 0834 EC       		.byte	-20
 2130 0835 0D       		.byte	13
 2131 0836 00       		.byte	0
 2132 0837 07       		.byte	7
 2133 0838 08       		.byte	8
 2134 0839 02       		.byte	2
 2135 083a 0C       		.byte	12
 2136 083b 07       		.byte	7
 2137 083c 0E       		.byte	14
 2138 083d 06       		.byte	6
 2139 083e 10       		.byte	16
 2140 083f 05       		.byte	5
 2141 0840 1C       		.byte	28
 2142 0841 05       		.byte	5
 2143 0842 00       		.byte	0
 2144 0843 03       		.byte	3
 2145 0844 18       		.byte	24
 2146 0845 C0       		.byte	-64
 2147 0846 C0       		.byte	-64
 2148 0847 00       		.byte	0
 2149 0848 C0       		.byte	-64
 2150 0849 00       		.byte	0
 2151 084a 00       		.byte	0
 2152 084b 00       		.byte	0
 2153 084c 80       		.byte	-128
 2154 084d 00       		.byte	0
 2155 084e 40       		.byte	64
 2156 084f 80       		.byte	-128
 2157 0850 80       		.byte	-128
 2158 0851 00       		.byte	0
 2159 0852 80       		.byte	-128
 2160 0853 00       		.byte	0
 2161 0854 00       		.byte	0
 2162 0855 00       		.byte	0
 2163 0856 00       		.byte	0
 2164 0857 00       		.byte	0
 2165 0858 00       		.byte	0
 2166 0859 FF       		.byte	-1
ARM GAS  C:\Users\DHEERA~1\AppData\Local\Temp\ccvKR16b.s 			page 39


 2167 085a FF       		.byte	-1
 2168 085b 00       		.byte	0
 2169 085c FF       		.byte	-1
 2170 085d 00       		.byte	0
 2171 085e 00       		.byte	0
 2172 085f 00       		.byte	0
 2173 0860 00       		.byte	0
 2174 0861 39       		.byte	57
 2175 0862 39       		.byte	57
 2176 0863 00       		.byte	0
 2177 0864 39       		.byte	57
 2178 0865 00       		.byte	0
 2179 0866 00       		.byte	0
 2180 0867 00       		.byte	0
 2181 0868 00       		.byte	0
 2182 0869 20       		.byte	32
 2183 086a 20       		.byte	32
 2184 086b 00       		.byte	0
 2185 086c 00       		.byte	0
 2186 086d 00       		.byte	0
 2187 086e 00       		.byte	0
 2188 086f 00       		.byte	0
 2189              		.section	.cywolatch,"a",%progbits
 2190              		.align	2
 2191              		.type	cy_meta_wonvl, %object
 2192              		.size	cy_meta_wonvl, 4
 2193              	cy_meta_wonvl:
 2194 0000 BC       		.byte	-68
 2195 0001 90       		.byte	-112
 2196 0002 AC       		.byte	-84
 2197 0003 AF       		.byte	-81
 2198              		.section	.cycustnvl,"a",%progbits
 2199              		.align	2
 2200              		.type	cy_meta_custnvl, %object
 2201              		.size	cy_meta_custnvl, 4
 2202              	cy_meta_custnvl:
 2203 0000 00       		.byte	0
 2204 0001 00       		.byte	0
 2205 0002 40       		.byte	64
 2206 0003 07       		.byte	7
 2207              		.section	.cymeta,"a",%progbits
 2208              		.align	2
 2209              		.type	cy_metadata, %object
 2210              		.size	cy_metadata, 12
 2211              	cy_metadata:
 2212 0000 00       		.byte	0
 2213 0001 01       		.byte	1
 2214 0002 2E       		.byte	46
 2215 0003 16       		.byte	22
 2216 0004 10       		.byte	16
 2217 0005 69       		.byte	105
 2218 0006 00       		.byte	0
 2219 0007 01       		.byte	1
 2220 0008 00       		.byte	0
 2221 0009 00       		.byte	0
 2222 000a 00       		.byte	0
 2223 000b 00       		.byte	0
ARM GAS  C:\Users\DHEERA~1\AppData\Local\Temp\ccvKR16b.s 			page 40


 2224              		.section	.cyflashprotect,"a",%progbits
 2225              		.align	2
 2226              		.type	cy_meta_flashprotect, %object
 2227              		.size	cy_meta_flashprotect, 256
 2228              	cy_meta_flashprotect:
 2229 0000 00000000 		.space	256
 2229      00000000 
 2229      00000000 
 2229      00000000 
 2229      00000000 
 2230              		.text
 2231              	.Letext0:
 2232              		.file 1 "d:\\psoc creator\\4.4\\psoc creator\\import\\gnu\\arm\\5.4.1\\arm-none-eabi\\include\\mac
 2233              		.file 2 "d:\\psoc creator\\4.4\\psoc creator\\import\\gnu\\arm\\5.4.1\\arm-none-eabi\\include\\sys
 2234              		.file 3 "Generated_Source\\PSoC5\\cymetadata.c"
 2235              		.section	.debug_info,"",%progbits
 2236              	.Ldebug_info0:
 2237 0000 35010000 		.4byte	0x135
 2238 0004 0400     		.2byte	0x4
 2239 0006 00000000 		.4byte	.Ldebug_abbrev0
 2240 000a 04       		.byte	0x4
 2241 000b 01       		.uleb128 0x1
 2242 000c 24000000 		.4byte	.LASF17
 2243 0010 0C       		.byte	0xc
 2244 0011 D7010000 		.4byte	.LASF18
 2245 0015 E7000000 		.4byte	.LASF19
 2246 0019 00000000 		.4byte	.Ldebug_line0
 2247 001d 02       		.uleb128 0x2
 2248 001e 01       		.byte	0x1
 2249 001f 06       		.byte	0x6
 2250 0020 CB010000 		.4byte	.LASF0
 2251 0024 03       		.uleb128 0x3
 2252 0025 00000000 		.4byte	.LASF9
 2253 0029 01       		.byte	0x1
 2254 002a 1D       		.byte	0x1d
 2255 002b 2F000000 		.4byte	0x2f
 2256 002f 02       		.uleb128 0x2
 2257 0030 01       		.byte	0x1
 2258 0031 08       		.byte	0x8
 2259 0032 16000000 		.4byte	.LASF1
 2260 0036 02       		.uleb128 0x2
 2261 0037 02       		.byte	0x2
 2262 0038 05       		.byte	0x5
 2263 0039 B8010000 		.4byte	.LASF2
 2264 003d 02       		.uleb128 0x2
 2265 003e 02       		.byte	0x2
 2266 003f 07       		.byte	0x7
 2267 0040 C4000000 		.4byte	.LASF3
 2268 0044 02       		.uleb128 0x2
 2269 0045 04       		.byte	0x4
 2270 0046 05       		.byte	0x5
 2271 0047 C2010000 		.4byte	.LASF4
 2272 004b 02       		.uleb128 0x2
 2273 004c 04       		.byte	0x4
 2274 004d 07       		.byte	0x7
 2275 004e B2000000 		.4byte	.LASF5
 2276 0052 02       		.uleb128 0x2
ARM GAS  C:\Users\DHEERA~1\AppData\Local\Temp\ccvKR16b.s 			page 41


 2277 0053 08       		.byte	0x8
 2278 0054 05       		.byte	0x5
 2279 0055 AA010000 		.4byte	.LASF6
 2280 0059 02       		.uleb128 0x2
 2281 005a 08       		.byte	0x8
 2282 005b 07       		.byte	0x7
 2283 005c 5F010000 		.4byte	.LASF7
 2284 0060 04       		.uleb128 0x4
 2285 0061 04       		.byte	0x4
 2286 0062 05       		.byte	0x5
 2287 0063 696E7400 		.ascii	"int\000"
 2288 0067 02       		.uleb128 0x2
 2289 0068 04       		.byte	0x4
 2290 0069 07       		.byte	0x7
 2291 006a 52010000 		.4byte	.LASF8
 2292 006e 03       		.uleb128 0x3
 2293 006f 76010000 		.4byte	.LASF10
 2294 0073 02       		.byte	0x2
 2295 0074 18       		.byte	0x18
 2296 0075 24000000 		.4byte	0x24
 2297 0079 05       		.uleb128 0x5
 2298 007a 91000000 		.4byte	0x91
 2299 007e 8A000000 		.4byte	0x8a
 2300 0082 06       		.uleb128 0x6
 2301 0083 8A000000 		.4byte	0x8a
 2302 0087 6F08     		.2byte	0x86f
 2303 0089 00       		.byte	0
 2304 008a 02       		.uleb128 0x2
 2305 008b 04       		.byte	0x4
 2306 008c 07       		.byte	0x7
 2307 008d A1010000 		.4byte	.LASF11
 2308 0091 07       		.uleb128 0x7
 2309 0092 6E000000 		.4byte	0x6e
 2310 0096 08       		.uleb128 0x8
 2311 0097 40010000 		.4byte	.LASF12
 2312 009b 03       		.byte	0x3
 2313 009c 1F       		.byte	0x1f
 2314 009d A7000000 		.4byte	0xa7
 2315 00a1 05       		.uleb128 0x5
 2316 00a2 03       		.byte	0x3
 2317 00a3 00000000 		.4byte	cy_meta_configecc
 2318 00a7 07       		.uleb128 0x7
 2319 00a8 79000000 		.4byte	0x79
 2320 00ac 05       		.uleb128 0x5
 2321 00ad 91000000 		.4byte	0x91
 2322 00b1 BC000000 		.4byte	0xbc
 2323 00b5 09       		.uleb128 0x9
 2324 00b6 8A000000 		.4byte	0x8a
 2325 00ba 03       		.byte	0x3
 2326 00bb 00       		.byte	0
 2327 00bc 0A       		.uleb128 0xa
 2328 00bd D7000000 		.4byte	.LASF13
 2329 00c1 03       		.byte	0x3
 2330 00c2 3A01     		.2byte	0x13a
 2331 00c4 CE000000 		.4byte	0xce
 2332 00c8 05       		.uleb128 0x5
 2333 00c9 03       		.byte	0x3
ARM GAS  C:\Users\DHEERA~1\AppData\Local\Temp\ccvKR16b.s 			page 42


 2334 00ca 00000000 		.4byte	cy_meta_custnvl
 2335 00ce 07       		.uleb128 0x7
 2336 00cf AC000000 		.4byte	0xac
 2337 00d3 0A       		.uleb128 0xa
 2338 00d4 93010000 		.4byte	.LASF14
 2339 00d8 03       		.byte	0x3
 2340 00d9 4801     		.2byte	0x148
 2341 00db E5000000 		.4byte	0xe5
 2342 00df 05       		.uleb128 0x5
 2343 00e0 03       		.byte	0x3
 2344 00e1 00000000 		.4byte	cy_meta_wonvl
 2345 00e5 07       		.uleb128 0x7
 2346 00e6 AC000000 		.4byte	0xac
 2347 00ea 05       		.uleb128 0x5
 2348 00eb 91000000 		.4byte	0x91
 2349 00ef FA000000 		.4byte	0xfa
 2350 00f3 09       		.uleb128 0x9
 2351 00f4 8A000000 		.4byte	0x8a
 2352 00f8 FF       		.byte	0xff
 2353 00f9 00       		.byte	0
 2354 00fa 0A       		.uleb128 0xa
 2355 00fb 7E010000 		.4byte	.LASF15
 2356 00ff 03       		.byte	0x3
 2357 0100 5601     		.2byte	0x156
 2358 0102 0C010000 		.4byte	0x10c
 2359 0106 05       		.uleb128 0x5
 2360 0107 03       		.byte	0x3
 2361 0108 00000000 		.4byte	cy_meta_flashprotect
 2362 010c 07       		.uleb128 0x7
 2363 010d EA000000 		.4byte	0xea
 2364 0111 05       		.uleb128 0x5
 2365 0112 91000000 		.4byte	0x91
 2366 0116 21010000 		.4byte	0x121
 2367 011a 09       		.uleb128 0x9
 2368 011b 8A000000 		.4byte	0x8a
 2369 011f 0B       		.byte	0xb
 2370 0120 00       		.byte	0
 2371 0121 0A       		.uleb128 0xa
 2372 0122 0A000000 		.4byte	.LASF16
 2373 0126 03       		.byte	0x3
 2374 0127 8301     		.2byte	0x183
 2375 0129 33010000 		.4byte	0x133
 2376 012d 05       		.uleb128 0x5
 2377 012e 03       		.byte	0x3
 2378 012f 00000000 		.4byte	cy_metadata
 2379 0133 07       		.uleb128 0x7
 2380 0134 11010000 		.4byte	0x111
 2381 0138 00       		.byte	0
 2382              		.section	.debug_abbrev,"",%progbits
 2383              	.Ldebug_abbrev0:
 2384 0000 01       		.uleb128 0x1
 2385 0001 11       		.uleb128 0x11
 2386 0002 01       		.byte	0x1
 2387 0003 25       		.uleb128 0x25
 2388 0004 0E       		.uleb128 0xe
 2389 0005 13       		.uleb128 0x13
 2390 0006 0B       		.uleb128 0xb
ARM GAS  C:\Users\DHEERA~1\AppData\Local\Temp\ccvKR16b.s 			page 43


 2391 0007 03       		.uleb128 0x3
 2392 0008 0E       		.uleb128 0xe
 2393 0009 1B       		.uleb128 0x1b
 2394 000a 0E       		.uleb128 0xe
 2395 000b 10       		.uleb128 0x10
 2396 000c 17       		.uleb128 0x17
 2397 000d 00       		.byte	0
 2398 000e 00       		.byte	0
 2399 000f 02       		.uleb128 0x2
 2400 0010 24       		.uleb128 0x24
 2401 0011 00       		.byte	0
 2402 0012 0B       		.uleb128 0xb
 2403 0013 0B       		.uleb128 0xb
 2404 0014 3E       		.uleb128 0x3e
 2405 0015 0B       		.uleb128 0xb
 2406 0016 03       		.uleb128 0x3
 2407 0017 0E       		.uleb128 0xe
 2408 0018 00       		.byte	0
 2409 0019 00       		.byte	0
 2410 001a 03       		.uleb128 0x3
 2411 001b 16       		.uleb128 0x16
 2412 001c 00       		.byte	0
 2413 001d 03       		.uleb128 0x3
 2414 001e 0E       		.uleb128 0xe
 2415 001f 3A       		.uleb128 0x3a
 2416 0020 0B       		.uleb128 0xb
 2417 0021 3B       		.uleb128 0x3b
 2418 0022 0B       		.uleb128 0xb
 2419 0023 49       		.uleb128 0x49
 2420 0024 13       		.uleb128 0x13
 2421 0025 00       		.byte	0
 2422 0026 00       		.byte	0
 2423 0027 04       		.uleb128 0x4
 2424 0028 24       		.uleb128 0x24
 2425 0029 00       		.byte	0
 2426 002a 0B       		.uleb128 0xb
 2427 002b 0B       		.uleb128 0xb
 2428 002c 3E       		.uleb128 0x3e
 2429 002d 0B       		.uleb128 0xb
 2430 002e 03       		.uleb128 0x3
 2431 002f 08       		.uleb128 0x8
 2432 0030 00       		.byte	0
 2433 0031 00       		.byte	0
 2434 0032 05       		.uleb128 0x5
 2435 0033 01       		.uleb128 0x1
 2436 0034 01       		.byte	0x1
 2437 0035 49       		.uleb128 0x49
 2438 0036 13       		.uleb128 0x13
 2439 0037 01       		.uleb128 0x1
 2440 0038 13       		.uleb128 0x13
 2441 0039 00       		.byte	0
 2442 003a 00       		.byte	0
 2443 003b 06       		.uleb128 0x6
 2444 003c 21       		.uleb128 0x21
 2445 003d 00       		.byte	0
 2446 003e 49       		.uleb128 0x49
 2447 003f 13       		.uleb128 0x13
ARM GAS  C:\Users\DHEERA~1\AppData\Local\Temp\ccvKR16b.s 			page 44


 2448 0040 2F       		.uleb128 0x2f
 2449 0041 05       		.uleb128 0x5
 2450 0042 00       		.byte	0
 2451 0043 00       		.byte	0
 2452 0044 07       		.uleb128 0x7
 2453 0045 26       		.uleb128 0x26
 2454 0046 00       		.byte	0
 2455 0047 49       		.uleb128 0x49
 2456 0048 13       		.uleb128 0x13
 2457 0049 00       		.byte	0
 2458 004a 00       		.byte	0
 2459 004b 08       		.uleb128 0x8
 2460 004c 34       		.uleb128 0x34
 2461 004d 00       		.byte	0
 2462 004e 03       		.uleb128 0x3
 2463 004f 0E       		.uleb128 0xe
 2464 0050 3A       		.uleb128 0x3a
 2465 0051 0B       		.uleb128 0xb
 2466 0052 3B       		.uleb128 0x3b
 2467 0053 0B       		.uleb128 0xb
 2468 0054 49       		.uleb128 0x49
 2469 0055 13       		.uleb128 0x13
 2470 0056 3F       		.uleb128 0x3f
 2471 0057 19       		.uleb128 0x19
 2472 0058 02       		.uleb128 0x2
 2473 0059 18       		.uleb128 0x18
 2474 005a 00       		.byte	0
 2475 005b 00       		.byte	0
 2476 005c 09       		.uleb128 0x9
 2477 005d 21       		.uleb128 0x21
 2478 005e 00       		.byte	0
 2479 005f 49       		.uleb128 0x49
 2480 0060 13       		.uleb128 0x13
 2481 0061 2F       		.uleb128 0x2f
 2482 0062 0B       		.uleb128 0xb
 2483 0063 00       		.byte	0
 2484 0064 00       		.byte	0
 2485 0065 0A       		.uleb128 0xa
 2486 0066 34       		.uleb128 0x34
 2487 0067 00       		.byte	0
 2488 0068 03       		.uleb128 0x3
 2489 0069 0E       		.uleb128 0xe
 2490 006a 3A       		.uleb128 0x3a
 2491 006b 0B       		.uleb128 0xb
 2492 006c 3B       		.uleb128 0x3b
 2493 006d 05       		.uleb128 0x5
 2494 006e 49       		.uleb128 0x49
 2495 006f 13       		.uleb128 0x13
 2496 0070 3F       		.uleb128 0x3f
 2497 0071 19       		.uleb128 0x19
 2498 0072 02       		.uleb128 0x2
 2499 0073 18       		.uleb128 0x18
 2500 0074 00       		.byte	0
 2501 0075 00       		.byte	0
 2502 0076 00       		.byte	0
 2503              		.section	.debug_aranges,"",%progbits
 2504 0000 14000000 		.4byte	0x14
ARM GAS  C:\Users\DHEERA~1\AppData\Local\Temp\ccvKR16b.s 			page 45


 2505 0004 0200     		.2byte	0x2
 2506 0006 00000000 		.4byte	.Ldebug_info0
 2507 000a 04       		.byte	0x4
 2508 000b 00       		.byte	0
 2509 000c 0000     		.2byte	0
 2510 000e 0000     		.2byte	0
 2511 0010 00000000 		.4byte	0
 2512 0014 00000000 		.4byte	0
 2513              		.section	.debug_line,"",%progbits
 2514              	.Ldebug_line0:
 2515 0000 05010000 		.section	.debug_str,"MS",%progbits,1
 2515      0200FF00 
 2515      00000201 
 2515      FB0E0D00 
 2515      01010101 
 2516              	.LASF9:
 2517 0000 5F5F7569 		.ascii	"__uint8_t\000"
 2517      6E74385F 
 2517      7400
 2518              	.LASF16:
 2519 000a 63795F6D 		.ascii	"cy_metadata\000"
 2519      65746164 
 2519      61746100 
 2520              	.LASF1:
 2521 0016 756E7369 		.ascii	"unsigned char\000"
 2521      676E6564 
 2521      20636861 
 2521      7200
 2522              	.LASF17:
 2523 0024 474E5520 		.ascii	"GNU C11 5.4.1 20160609 (release) [ARM/embedded-5-br"
 2523      43313120 
 2523      352E342E 
 2523      31203230 
 2523      31363036 
 2524 0057 616E6368 		.ascii	"anch revision 237715] -mcpu=cortex-m3 -mthumb -g -O"
 2524      20726576 
 2524      6973696F 
 2524      6E203233 
 2524      37373135 
 2525 008a 67202D66 		.ascii	"g -ffunction-sections -ffat-lto-objects\000"
 2525      66756E63 
 2525      74696F6E 
 2525      2D736563 
 2525      74696F6E 
 2526              	.LASF5:
 2527 00b2 6C6F6E67 		.ascii	"long unsigned int\000"
 2527      20756E73 
 2527      69676E65 
 2527      6420696E 
 2527      7400
 2528              	.LASF3:
 2529 00c4 73686F72 		.ascii	"short unsigned int\000"
 2529      7420756E 
 2529      7369676E 
 2529      65642069 
 2529      6E7400
 2530              	.LASF13:
ARM GAS  C:\Users\DHEERA~1\AppData\Local\Temp\ccvKR16b.s 			page 46


 2531 00d7 63795F6D 		.ascii	"cy_meta_custnvl\000"
 2531      6574615F 
 2531      63757374 
 2531      6E766C00 
 2532              	.LASF19:
 2533 00e7 443A5C4D 		.ascii	"D:\\MS\\HDA\\Embedded\\EOS\\LabAssignments\\Lab2\\R"
 2533      535C4844 
 2533      415C456D 
 2533      62656464 
 2533      65645C45 
 2534 0113 65616374 		.ascii	"eaction_Game_Final\\Reaction_Game_Erika.cydsn\000"
 2534      696F6E5F 
 2534      47616D65 
 2534      5F46696E 
 2534      616C5C52 
 2535              	.LASF12:
 2536 0140 63795F6D 		.ascii	"cy_meta_configecc\000"
 2536      6574615F 
 2536      636F6E66 
 2536      69676563 
 2536      6300
 2537              	.LASF8:
 2538 0152 756E7369 		.ascii	"unsigned int\000"
 2538      676E6564 
 2538      20696E74 
 2538      00
 2539              	.LASF7:
 2540 015f 6C6F6E67 		.ascii	"long long unsigned int\000"
 2540      206C6F6E 
 2540      6720756E 
 2540      7369676E 
 2540      65642069 
 2541              	.LASF10:
 2542 0176 75696E74 		.ascii	"uint8_t\000"
 2542      385F7400 
 2543              	.LASF15:
 2544 017e 63795F6D 		.ascii	"cy_meta_flashprotect\000"
 2544      6574615F 
 2544      666C6173 
 2544      6870726F 
 2544      74656374 
 2545              	.LASF14:
 2546 0193 63795F6D 		.ascii	"cy_meta_wonvl\000"
 2546      6574615F 
 2546      776F6E76 
 2546      6C00
 2547              	.LASF11:
 2548 01a1 73697A65 		.ascii	"sizetype\000"
 2548      74797065 
 2548      00
 2549              	.LASF6:
 2550 01aa 6C6F6E67 		.ascii	"long long int\000"
 2550      206C6F6E 
 2550      6720696E 
 2550      7400
 2551              	.LASF2:
 2552 01b8 73686F72 		.ascii	"short int\000"
ARM GAS  C:\Users\DHEERA~1\AppData\Local\Temp\ccvKR16b.s 			page 47


 2552      7420696E 
 2552      7400
 2553              	.LASF4:
 2554 01c2 6C6F6E67 		.ascii	"long int\000"
 2554      20696E74 
 2554      00
 2555              	.LASF0:
 2556 01cb 7369676E 		.ascii	"signed char\000"
 2556      65642063 
 2556      68617200 
 2557              	.LASF18:
 2558 01d7 47656E65 		.ascii	"Generated_Source\\PSoC5\\cymetadata.c\000"
 2558      72617465 
 2558      645F536F 
 2558      75726365 
 2558      5C50536F 
 2559              		.ident	"GCC: (GNU Tools for ARM Embedded Processors) 5.4.1 20160609 (release) [ARM/embedded-5-bran
