ARM GAS  C:\Users\DHEERA~1\AppData\Local\Temp\ccvfYc6H.s 			page 1


   1              		.syntax unified
   2              		.cpu cortex-m3
   3              		.fpu softvfp
   4              		.eabi_attribute 20, 1
   5              		.eabi_attribute 21, 1
   6              		.eabi_attribute 23, 3
   7              		.eabi_attribute 24, 1
   8              		.eabi_attribute 25, 1
   9              		.eabi_attribute 26, 1
  10              		.eabi_attribute 30, 1
  11              		.eabi_attribute 34, 1
  12              		.eabi_attribute 18, 4
  13              		.thumb
  14              		.syntax unified
  15              		.file	"ErikaOS_eecfg.c"
  16              		.text
  17              	.Ltext0:
  18              		.cfi_sections	.debug_frame
  19              		.global	EE_oo_autostart_task_data
  20              		.comm	EE_ApplicationMode,4,4
  21              		.global	EE_oo_action_ROM
  22              		.comm	EE_oo_counter_object_RAM,64,4
  23              		.global	EE_oo_counter_object_ROM
  24              		.global	EE_ALARM_ID
  25              		.global	EE_ALARM_NAME
  26              		.global	EE_alarm_ROM
  27              		.global	EE_counter_RAM
  28              		.global	EE_counter_ROM
  29              		.global	EE_th_is_extended
  30              		.global	EE_th_waswaiting
  31              		.global	EE_th_event_waitmask
  32              		.global	EE_th_event_active
  33              		.global	EE_th_terminate_nextask
  34              		.global	EE_rq_free
  35              		.comm	EE_rq_pairs_tid,24,4
  36              		.global	EE_rq_pairs_next
  37              		.global	EE_rq_link
  38              		.global	EE_th_rnact_max
  39              		.global	EE_th_rnact
  40              		.global	EE_rq_bitmask
  41              		.global	EE_rq_queues_tail
  42              		.global	EE_rq_queues_head
  43              		.global	EE_sys_ceiling
  44              		.global	EE_stkfirst
  45              		.global	EE_th_next
  46              		.global	EE_th_status
  47              		.global	EE_th_dispatch_prio
  48              		.global	EE_EVENT_ID
  49              		.global	EE_EVENT_NAME
  50              		.global	EE_TASK_NAME
  51              		.global	EE_th_ready_prio
  52              		.global	EE_terminate_real_th_body
  53              		.comm	EE_terminate_data,24,4
  54              		.global	EE_hal_thread_body
  55              		.global	EE_cortex_mx_IRQ_tos
  56              		.global	EE_cortex_mx_active_tos
  57              		.global	EE_cortex_mx_system_tos
ARM GAS  C:\Users\DHEERA~1\AppData\Local\Temp\ccvfYc6H.s 			page 2


  58              		.global	EE_std_thread_tos
  59              		.comm	EE_cortex_mx_stack_9,512,4
  60              		.comm	EE_cortex_mx_stack_2,2000,4
  61              		.section	.rodata
  62              		.align	2
  63              		.type	EE_oo_autostart_task_data, %object
  64              		.size	EE_oo_autostart_task_data, 8
  65              	EE_oo_autostart_task_data:
  66 0000 01000000 		.word	1
  67 0004 08000000 		.word	EE_oo_autostart_task_mode_OSDEFAULTAPPMODE
  68              		.type	EE_oo_autostart_task_mode_OSDEFAULTAPPMODE, %object
  69              		.size	EE_oo_autostart_task_mode_OSDEFAULTAPPMODE, 4
  70              	EE_oo_autostart_task_mode_OSDEFAULTAPPMODE:
  71 0008 00000000 		.space	4
  72              		.type	EE_oo_action_ROM, %object
  73              		.size	EE_oo_action_ROM, 80
  74              	EE_oo_action_ROM:
  75 000c 00       		.byte	0
  76 000d 000000   		.space	3
  77 0010 02000000 		.word	2
  78 0014 00000000 		.word	0
  79 0018 00000000 		.word	0
  80 001c FFFFFFFF 		.word	-1
  81 0020 01       		.byte	1
  82 0021 000000   		.space	3
  83 0024 01000000 		.word	1
  84 0028 04000000 		.word	4
  85 002c 00000000 		.word	0
  86 0030 FFFFFFFF 		.word	-1
  87 0034 00       		.byte	0
  88 0035 000000   		.space	3
  89 0038 04000000 		.word	4
  90 003c 00000000 		.word	0
  91 0040 00000000 		.word	0
  92 0044 FFFFFFFF 		.word	-1
  93 0048 00       		.byte	0
  94 0049 000000   		.space	3
  95 004c 05000000 		.word	5
  96 0050 00000000 		.word	0
  97 0054 00000000 		.word	0
  98 0058 FFFFFFFF 		.word	-1
  99              		.type	EE_oo_counter_object_ROM, %object
 100              		.size	EE_oo_counter_object_ROM, 48
 101              	EE_oo_counter_object_ROM:
 102 005c 00000000 		.word	0
 103 0060 00000000 		.word	0
 104 0064 00       		.byte	0
 105 0065 000000   		.space	3
 106 0068 00000000 		.word	0
 107 006c 01000000 		.word	1
 108 0070 00       		.byte	0
 109 0071 000000   		.space	3
 110 0074 00000000 		.word	0
 111 0078 02000000 		.word	2
 112 007c 00       		.byte	0
 113 007d 000000   		.space	3
 114 0080 00000000 		.word	0
ARM GAS  C:\Users\DHEERA~1\AppData\Local\Temp\ccvfYc6H.s 			page 3


 115 0084 03000000 		.word	3
 116 0088 00       		.byte	0
 117 0089 000000   		.space	3
 118              		.type	EE_ALARM_ID, %object
 119              		.size	EE_ALARM_ID, 16
 120              	EE_ALARM_ID:
 121 008c 00000000 		.word	0
 122 0090 01000000 		.word	1
 123 0094 02000000 		.word	2
 124 0098 03000000 		.word	3
 125              		.type	EE_alarm_ROM, %object
 126              		.size	EE_alarm_ROM, 16
 127              	EE_alarm_ROM:
 128 009c 00000000 		.word	0
 129 00a0 01000000 		.word	1
 130 00a4 02000000 		.word	2
 131 00a8 03000000 		.word	3
 132              		.type	EE_counter_ROM, %object
 133              		.size	EE_counter_ROM, 12
 134              	EE_counter_ROM:
 135 00ac 10270000 		.word	10000
 136 00b0 01000000 		.word	1
 137 00b4 00000000 		.word	0
 138              		.type	EE_th_is_extended, %object
 139              		.size	EE_th_is_extended, 24
 140              	EE_th_is_extended:
 141 00b8 00000000 		.word	0
 142 00bc 01000000 		.word	1
 143 00c0 00000000 		.word	0
 144 00c4 00000000 		.word	0
 145 00c8 00000000 		.word	0
 146 00cc 00000000 		.word	0
 147              		.type	EE_th_rnact_max, %object
 148              		.size	EE_th_rnact_max, 24
 149              	EE_th_rnact_max:
 150 00d0 01000000 		.word	1
 151 00d4 01000000 		.word	1
 152 00d8 01000000 		.word	1
 153 00dc 01000000 		.word	1
 154 00e0 01000000 		.word	1
 155 00e4 01000000 		.word	1
 156              		.type	EE_th_dispatch_prio, %object
 157              		.size	EE_th_dispatch_prio, 24
 158              	EE_th_dispatch_prio:
 159 00e8 80000000 		.word	128
 160 00ec 10000000 		.word	16
 161 00f0 80000000 		.word	128
 162 00f4 01000000 		.word	1
 163 00f8 01000000 		.word	1
 164 00fc 01000000 		.word	1
 165              		.type	EE_EVENT_ID, %object
 166              		.size	EE_EVENT_ID, 12
 167              	EE_EVENT_ID:
 168 0100 01000000 		.word	1
 169 0104 02000000 		.word	2
 170 0108 04000000 		.word	4
 171              		.type	EE_th_ready_prio, %object
ARM GAS  C:\Users\DHEERA~1\AppData\Local\Temp\ccvfYc6H.s 			page 4


 172              		.size	EE_th_ready_prio, 24
 173              	EE_th_ready_prio:
 174 010c 01000000 		.word	1
 175 0110 10000000 		.word	16
 176 0114 80000000 		.word	128
 177 0118 01000000 		.word	1
 178 011c 01000000 		.word	1
 179 0120 01000000 		.word	1
 180              		.type	EE_terminate_real_th_body, %object
 181              		.size	EE_terminate_real_th_body, 24
 182              	EE_terminate_real_th_body:
 183 0124 00000000 		.word	Functsk_init
 184 0128 00000000 		.word	Functsk_event
 185 012c 00000000 		.word	Functsk_timer
 186 0130 00000000 		.word	Functsk_score
 187 0134 00000000 		.word	Functsk_fader
 188 0138 00000000 		.word	Functsk_glower
 189              		.type	EE_hal_thread_body, %object
 190              		.size	EE_hal_thread_body, 24
 191              	EE_hal_thread_body:
 192 013c 00000000 		.word	EE_oo_thread_stub
 193 0140 00000000 		.word	EE_oo_thread_stub
 194 0144 00000000 		.word	EE_oo_thread_stub
 195 0148 00000000 		.word	EE_oo_thread_stub
 196 014c 00000000 		.word	EE_oo_thread_stub
 197 0150 00000000 		.word	EE_oo_thread_stub
 198              		.type	EE_std_thread_tos, %object
 199              		.size	EE_std_thread_tos, 28
 200              	EE_std_thread_tos:
 201 0154 00000000 		.word	0
 202 0158 00000000 		.word	0
 203 015c 01000000 		.word	1
 204 0160 00000000 		.word	0
 205 0164 00000000 		.word	0
 206 0168 00000000 		.word	0
 207 016c 00000000 		.word	0
 208              		.data
 209              		.align	2
 210              		.type	EE_ALARM_NAME, %object
 211              		.size	EE_ALARM_NAME, 16
 212              	EE_ALARM_NAME:
 213 0000 00000000 		.word	.LC0
 214 0004 0C000000 		.word	.LC1
 215 0008 20000000 		.word	.LC2
 216 000c 2C000000 		.word	.LC3
 217              		.type	EE_counter_RAM, %object
 218              		.size	EE_counter_RAM, 8
 219              	EE_counter_RAM:
 220 0010 00000000 		.word	0
 221 0014 FFFFFFFF 		.word	-1
 222              		.type	EE_th_terminate_nextask, %object
 223              		.size	EE_th_terminate_nextask, 24
 224              	EE_th_terminate_nextask:
 225 0018 FFFFFFFF 		.word	-1
 226 001c FFFFFFFF 		.word	-1
 227 0020 FFFFFFFF 		.word	-1
 228 0024 FFFFFFFF 		.word	-1
ARM GAS  C:\Users\DHEERA~1\AppData\Local\Temp\ccvfYc6H.s 			page 5


 229 0028 FFFFFFFF 		.word	-1
 230 002c FFFFFFFF 		.word	-1
 231              		.type	EE_rq_pairs_next, %object
 232              		.size	EE_rq_pairs_next, 24
 233              	EE_rq_pairs_next:
 234 0030 01000000 		.word	1
 235 0034 02000000 		.word	2
 236 0038 03000000 		.word	3
 237 003c 04000000 		.word	4
 238 0040 05000000 		.word	5
 239 0044 FFFFFFFF 		.word	-1
 240              		.type	EE_rq_link, %object
 241              		.size	EE_rq_link, 24
 242              	EE_rq_link:
 243 0048 00000000 		.word	0
 244 004c 04000000 		.word	4
 245 0050 07000000 		.word	7
 246 0054 00000000 		.word	0
 247 0058 00000000 		.word	0
 248 005c 00000000 		.word	0
 249              		.type	EE_th_rnact, %object
 250              		.size	EE_th_rnact, 24
 251              	EE_th_rnact:
 252 0060 01000000 		.word	1
 253 0064 01000000 		.word	1
 254 0068 01000000 		.word	1
 255 006c 01000000 		.word	1
 256 0070 01000000 		.word	1
 257 0074 01000000 		.word	1
 258              		.type	EE_rq_queues_tail, %object
 259              		.size	EE_rq_queues_tail, 64
 260              	EE_rq_queues_tail:
 261 0078 FFFFFFFF 		.word	-1
 262 007c FFFFFFFF 		.word	-1
 263 0080 FFFFFFFF 		.word	-1
 264 0084 FFFFFFFF 		.word	-1
 265 0088 FFFFFFFF 		.word	-1
 266 008c FFFFFFFF 		.word	-1
 267 0090 FFFFFFFF 		.word	-1
 268 0094 FFFFFFFF 		.word	-1
 269 0098 FFFFFFFF 		.word	-1
 270 009c FFFFFFFF 		.word	-1
 271 00a0 FFFFFFFF 		.word	-1
 272 00a4 FFFFFFFF 		.word	-1
 273 00a8 FFFFFFFF 		.word	-1
 274 00ac FFFFFFFF 		.word	-1
 275 00b0 FFFFFFFF 		.word	-1
 276 00b4 FFFFFFFF 		.word	-1
 277              		.type	EE_rq_queues_head, %object
 278              		.size	EE_rq_queues_head, 64
 279              	EE_rq_queues_head:
 280 00b8 FFFFFFFF 		.word	-1
 281 00bc FFFFFFFF 		.word	-1
 282 00c0 FFFFFFFF 		.word	-1
 283 00c4 FFFFFFFF 		.word	-1
 284 00c8 FFFFFFFF 		.word	-1
 285 00cc FFFFFFFF 		.word	-1
ARM GAS  C:\Users\DHEERA~1\AppData\Local\Temp\ccvfYc6H.s 			page 6


 286 00d0 FFFFFFFF 		.word	-1
 287 00d4 FFFFFFFF 		.word	-1
 288 00d8 FFFFFFFF 		.word	-1
 289 00dc FFFFFFFF 		.word	-1
 290 00e0 FFFFFFFF 		.word	-1
 291 00e4 FFFFFFFF 		.word	-1
 292 00e8 FFFFFFFF 		.word	-1
 293 00ec FFFFFFFF 		.word	-1
 294 00f0 FFFFFFFF 		.word	-1
 295 00f4 FFFFFFFF 		.word	-1
 296              		.type	EE_stkfirst, %object
 297              		.size	EE_stkfirst, 4
 298              	EE_stkfirst:
 299 00f8 FFFFFFFF 		.word	-1
 300              		.type	EE_th_next, %object
 301              		.size	EE_th_next, 24
 302              	EE_th_next:
 303 00fc FFFFFFFF 		.word	-1
 304 0100 FFFFFFFF 		.word	-1
 305 0104 FFFFFFFF 		.word	-1
 306 0108 FFFFFFFF 		.word	-1
 307 010c FFFFFFFF 		.word	-1
 308 0110 FFFFFFFF 		.word	-1
 309              		.type	EE_th_status, %object
 310              		.size	EE_th_status, 24
 311              	EE_th_status:
 312 0114 03000000 		.word	3
 313 0118 03000000 		.word	3
 314 011c 03000000 		.word	3
 315 0120 03000000 		.word	3
 316 0124 03000000 		.word	3
 317 0128 03000000 		.word	3
 318              		.type	EE_EVENT_NAME, %object
 319              		.size	EE_EVENT_NAME, 12
 320              	EE_EVENT_NAME:
 321 012c 38000000 		.word	.LC4
 322 0130 4C000000 		.word	.LC5
 323 0134 60000000 		.word	.LC6
 324              		.type	EE_TASK_NAME, %object
 325              		.size	EE_TASK_NAME, 24
 326              	EE_TASK_NAME:
 327 0138 6C000000 		.word	.LC7
 328 013c 78000000 		.word	.LC8
 329 0140 84000000 		.word	.LC9
 330 0144 90000000 		.word	.LC10
 331 0148 9C000000 		.word	.LC11
 332 014c A8000000 		.word	.LC12
 333              		.type	EE_cortex_mx_IRQ_tos, %object
 334              		.size	EE_cortex_mx_IRQ_tos, 4
 335              	EE_cortex_mx_IRQ_tos:
 336 0150 00020000 		.word	EE_cortex_mx_stack_9+512
 337              		.type	EE_cortex_mx_system_tos, %object
 338              		.size	EE_cortex_mx_system_tos, 8
 339              	EE_cortex_mx_system_tos:
 340 0154 00000000 		.word	0
 341 0158 A8070000 		.word	EE_cortex_mx_stack_2+1960
 342              		.section	.rodata.str1.4,"aMS",%progbits,1
ARM GAS  C:\Users\DHEERA~1\AppData\Local\Temp\ccvfYc6H.s 			page 7


 343              		.align	2
 344              	.LC0:
 345 0000 616C726D 		.ascii	"alrm_timer\000"
 345      5F74696D 
 345      657200
 346 000b 00       		.space	1
 347              	.LC1:
 348 000c 616C726D 		.ascii	"alrm_random_time\000"
 348      5F72616E 
 348      646F6D5F 
 348      74696D65 
 348      00
 349 001d 000000   		.space	3
 350              	.LC2:
 351 0020 616C726D 		.ascii	"alrm_fader\000"
 351      5F666164 
 351      657200
 352 002b 00       		.space	1
 353              	.LC3:
 354 002c 616C726D 		.ascii	"alrm_glower\000"
 354      5F676C6F 
 354      77657200 
 355              	.LC4:
 356 0038 65765F42 		.ascii	"ev_Button1_Press\000"
 356      7574746F 
 356      6E315F50 
 356      72657373 
 356      00
 357 0049 000000   		.space	3
 358              	.LC5:
 359 004c 65765F42 		.ascii	"ev_Button2_Press\000"
 359      7574746F 
 359      6E325F50 
 359      72657373 
 359      00
 360 005d 000000   		.space	3
 361              	.LC6:
 362 0060 65765F54 		.ascii	"ev_Timeout\000"
 362      696D656F 
 362      757400
 363 006b 00       		.space	1
 364              	.LC7:
 365 006c 74736B5F 		.ascii	"tsk_init\000"
 365      696E6974 
 365      00
 366 0075 000000   		.space	3
 367              	.LC8:
 368 0078 74736B5F 		.ascii	"tsk_event\000"
 368      6576656E 
 368      7400
 369 0082 0000     		.space	2
 370              	.LC9:
 371 0084 74736B5F 		.ascii	"tsk_timer\000"
 371      74696D65 
 371      7200
 372 008e 0000     		.space	2
 373              	.LC10:
ARM GAS  C:\Users\DHEERA~1\AppData\Local\Temp\ccvfYc6H.s 			page 8


 374 0090 74736B5F 		.ascii	"tsk_score\000"
 374      73636F72 
 374      6500
 375 009a 0000     		.space	2
 376              	.LC11:
 377 009c 74736B5F 		.ascii	"tsk_fader\000"
 377      66616465 
 377      7200
 378 00a6 0000     		.space	2
 379              	.LC12:
 380 00a8 74736B5F 		.ascii	"tsk_glower\000"
 380      676C6F77 
 380      657200
 381              		.bss
 382              		.align	2
 383              		.type	EE_th_waswaiting, %object
 384              		.size	EE_th_waswaiting, 24
 385              	EE_th_waswaiting:
 386 0000 00000000 		.space	24
 386      00000000 
 386      00000000 
 386      00000000 
 386      00000000 
 387              		.type	EE_th_event_waitmask, %object
 388              		.size	EE_th_event_waitmask, 24
 389              	EE_th_event_waitmask:
 390 0018 00000000 		.space	24
 390      00000000 
 390      00000000 
 390      00000000 
 390      00000000 
 391              		.type	EE_th_event_active, %object
 392              		.size	EE_th_event_active, 24
 393              	EE_th_event_active:
 394 0030 00000000 		.space	24
 394      00000000 
 394      00000000 
 394      00000000 
 394      00000000 
 395              		.type	EE_rq_free, %object
 396              		.size	EE_rq_free, 4
 397              	EE_rq_free:
 398 0048 00000000 		.space	4
 399              		.type	EE_rq_bitmask, %object
 400              		.size	EE_rq_bitmask, 2
 401              	EE_rq_bitmask:
 402 004c 0000     		.space	2
 403 004e 0000     		.space	2
 404              		.type	EE_sys_ceiling, %object
 405              		.size	EE_sys_ceiling, 4
 406              	EE_sys_ceiling:
 407 0050 00000000 		.space	4
 408              		.type	EE_cortex_mx_active_tos, %object
 409              		.size	EE_cortex_mx_active_tos, 4
 410              	EE_cortex_mx_active_tos:
 411 0054 00000000 		.space	4
 412              		.text
ARM GAS  C:\Users\DHEERA~1\AppData\Local\Temp\ccvfYc6H.s 			page 9


 413              	.Letext0:
 414              		.file 1 "Generated_Source\\PSoC5\\ErikaOS_common_ee_types.inc"
 415              		.file 2 "Generated_Source\\PSoC5\\ErikaOS_cortex_mx_ee_cpu.inc"
 416              		.file 3 "Generated_Source\\PSoC5\\ErikaOS_ee_oo_common.inc"
 417              		.file 4 "Generated_Source\\PSoC5\\ErikaOS_common_ee_hal_structs.inc"
 418              		.file 5 "Generated_Source\\PSoC5\\ErikaOS_eecfg.c"
 419              		.file 6 "Generated_Source\\PSoC5\\ErikaOS_ee_oo_intfunc.inc"
 420              		.file 7 "Generated_Source\\PSoC5\\ErikaOS_cortex_mx_ee_context.inc"
 421              		.file 8 "Generated_Source\\PSoC5\\ErikaOS_common_ee_primitives.inc"
 422              		.section	.debug_info,"",%progbits
 423              	.Ldebug_info0:
 424 0000 B3080000 		.4byte	0x8b3
 425 0004 0400     		.2byte	0x4
 426 0006 00000000 		.4byte	.Ldebug_abbrev0
 427 000a 04       		.byte	0x4
 428 000b 01       		.uleb128 0x1
 429 000c FC040000 		.4byte	.LASF112
 430 0010 0C       		.byte	0xc
 431 0011 7B000000 		.4byte	.LASF113
 432 0015 A4050000 		.4byte	.LASF114
 433 0019 00000000 		.4byte	.Ldebug_line0
 434 001d 02       		.uleb128 0x2
 435 001e 01       		.byte	0x1
 436 001f 06       		.byte	0x6
 437 0020 36010000 		.4byte	.LASF0
 438 0024 02       		.uleb128 0x2
 439 0025 01       		.byte	0x1
 440 0026 08       		.byte	0x8
 441 0027 74040000 		.4byte	.LASF1
 442 002b 02       		.uleb128 0x2
 443 002c 02       		.byte	0x2
 444 002d 05       		.byte	0x5
 445 002e B9040000 		.4byte	.LASF2
 446 0032 02       		.uleb128 0x2
 447 0033 02       		.byte	0x2
 448 0034 07       		.byte	0x7
 449 0035 9A020000 		.4byte	.LASF3
 450 0039 02       		.uleb128 0x2
 451 003a 04       		.byte	0x4
 452 003b 05       		.byte	0x5
 453 003c BD010000 		.4byte	.LASF4
 454 0040 02       		.uleb128 0x2
 455 0041 04       		.byte	0x4
 456 0042 07       		.byte	0x7
 457 0043 58020000 		.4byte	.LASF5
 458 0047 02       		.uleb128 0x2
 459 0048 08       		.byte	0x8
 460 0049 05       		.byte	0x5
 461 004a 28010000 		.4byte	.LASF6
 462 004e 02       		.uleb128 0x2
 463 004f 08       		.byte	0x8
 464 0050 07       		.byte	0x7
 465 0051 5E000000 		.4byte	.LASF7
 466 0055 03       		.uleb128 0x3
 467 0056 04       		.byte	0x4
 468 0057 05       		.byte	0x5
 469 0058 696E7400 		.ascii	"int\000"
ARM GAS  C:\Users\DHEERA~1\AppData\Local\Temp\ccvfYc6H.s 			page 10


 470 005c 02       		.uleb128 0x2
 471 005d 04       		.byte	0x4
 472 005e 07       		.byte	0x7
 473 005f 20020000 		.4byte	.LASF8
 474 0063 02       		.uleb128 0x2
 475 0064 08       		.byte	0x8
 476 0065 04       		.byte	0x4
 477 0066 C2030000 		.4byte	.LASF9
 478 006a 04       		.uleb128 0x4
 479 006b 41040000 		.4byte	.LASF10
 480 006f 01       		.byte	0x1
 481 0070 52       		.byte	0x52
 482 0071 32000000 		.4byte	0x32
 483 0075 04       		.uleb128 0x4
 484 0076 49070000 		.4byte	.LASF11
 485 007a 01       		.byte	0x1
 486 007b 53       		.byte	0x53
 487 007c 55000000 		.4byte	0x55
 488 0080 04       		.uleb128 0x4
 489 0081 3F070000 		.4byte	.LASF12
 490 0085 01       		.byte	0x1
 491 0086 54       		.byte	0x54
 492 0087 5C000000 		.4byte	0x5c
 493 008b 04       		.uleb128 0x4
 494 008c 94070000 		.4byte	.LASF13
 495 0090 01       		.byte	0x1
 496 0091 64       		.byte	0x64
 497 0092 96000000 		.4byte	0x96
 498 0096 05       		.uleb128 0x5
 499 0097 04       		.byte	0x4
 500 0098 06       		.uleb128 0x6
 501 0099 04       		.byte	0x4
 502 009a 9E000000 		.4byte	0x9e
 503 009e 07       		.uleb128 0x7
 504 009f 04       		.uleb128 0x4
 505 00a0 45030000 		.4byte	.LASF14
 506 00a4 01       		.byte	0x1
 507 00a5 70       		.byte	0x70
 508 00a6 98000000 		.4byte	0x98
 509 00aa 04       		.uleb128 0x4
 510 00ab 96050000 		.4byte	.LASF15
 511 00af 01       		.byte	0x1
 512 00b0 73       		.byte	0x73
 513 00b1 98000000 		.4byte	0x98
 514 00b5 04       		.uleb128 0x4
 515 00b6 2D020000 		.4byte	.LASF16
 516 00ba 02       		.byte	0x2
 517 00bb 4D       		.byte	0x4d
 518 00bc 80000000 		.4byte	0x80
 519 00c0 04       		.uleb128 0x4
 520 00c1 E4030000 		.4byte	.LASF17
 521 00c5 02       		.byte	0x2
 522 00c6 4E       		.byte	0x4e
 523 00c7 75000000 		.4byte	0x75
 524 00cb 04       		.uleb128 0x4
 525 00cc AE070000 		.4byte	.LASF18
 526 00d0 02       		.byte	0x2
ARM GAS  C:\Users\DHEERA~1\AppData\Local\Temp\ccvfYc6H.s 			page 11


 527 00d1 4F       		.byte	0x4f
 528 00d2 80000000 		.4byte	0x80
 529 00d6 04       		.uleb128 0x4
 530 00d7 3D000000 		.4byte	.LASF19
 531 00db 02       		.byte	0x2
 532 00dc 54       		.byte	0x54
 533 00dd B5000000 		.4byte	0xb5
 534 00e1 04       		.uleb128 0x4
 535 00e2 13020000 		.4byte	.LASF20
 536 00e6 02       		.byte	0x2
 537 00e7 78       		.byte	0x78
 538 00e8 75000000 		.4byte	0x75
 539 00ec 08       		.uleb128 0x8
 540 00ed DA000000 		.4byte	.LASF61
 541 00f1 04       		.byte	0x4
 542 00f2 04       		.byte	0x4
 543 00f3 4D       		.byte	0x4d
 544 00f4 05010000 		.4byte	0x105
 545 00f8 09       		.uleb128 0x9
 546 00f9 80070000 		.4byte	.LASF28
 547 00fd 04       		.byte	0x4
 548 00fe 4E       		.byte	0x4e
 549 00ff 8B000000 		.4byte	0x8b
 550 0103 00       		.byte	0
 551 0104 00       		.byte	0
 552 0105 0A       		.uleb128 0xa
 553 0106 A9030000 		.4byte	.LASF21
 554 010a 03       		.byte	0x3
 555 010b 1101     		.2byte	0x111
 556 010d 6A000000 		.4byte	0x6a
 557 0111 0A       		.uleb128 0xa
 558 0112 D1000000 		.4byte	.LASF22
 559 0116 03       		.byte	0x3
 560 0117 F701     		.2byte	0x1f7
 561 0119 E1000000 		.4byte	0xe1
 562 011d 0A       		.uleb128 0xa
 563 011e 59010000 		.4byte	.LASF23
 564 0122 03       		.byte	0x3
 565 0123 2C02     		.2byte	0x22c
 566 0125 B5000000 		.4byte	0xb5
 567 0129 0A       		.uleb128 0xa
 568 012a 1D000000 		.4byte	.LASF24
 569 012e 03       		.byte	0x3
 570 012f 3502     		.2byte	0x235
 571 0131 B5000000 		.4byte	0xb5
 572 0135 0A       		.uleb128 0xa
 573 0136 33060000 		.4byte	.LASF25
 574 013a 03       		.byte	0x3
 575 013b 5D02     		.2byte	0x25d
 576 013d B5000000 		.4byte	0xb5
 577 0141 0A       		.uleb128 0xa
 578 0142 32000000 		.4byte	.LASF26
 579 0146 03       		.byte	0x3
 580 0147 6302     		.2byte	0x263
 581 0149 B5000000 		.4byte	0xb5
 582 014d 0A       		.uleb128 0xa
 583 014e 56030000 		.4byte	.LASF27
ARM GAS  C:\Users\DHEERA~1\AppData\Local\Temp\ccvfYc6H.s 			page 12


 584 0152 03       		.byte	0x3
 585 0153 6C02     		.2byte	0x26c
 586 0155 B5000000 		.4byte	0xb5
 587 0159 0B       		.uleb128 0xb
 588 015a 0C       		.byte	0xc
 589 015b 03       		.byte	0x3
 590 015c 7202     		.2byte	0x272
 591 015e 8A010000 		.4byte	0x18a
 592 0162 0C       		.uleb128 0xc
 593 0163 E1000000 		.4byte	.LASF29
 594 0167 03       		.byte	0x3
 595 0168 7302     		.2byte	0x273
 596 016a 29010000 		.4byte	0x129
 597 016e 00       		.byte	0
 598 016f 0C       		.uleb128 0xc
 599 0170 EC030000 		.4byte	.LASF30
 600 0174 03       		.byte	0x3
 601 0175 7402     		.2byte	0x274
 602 0177 29010000 		.4byte	0x129
 603 017b 04       		.byte	0x4
 604 017c 0C       		.uleb128 0xc
 605 017d 0A020000 		.4byte	.LASF31
 606 0181 03       		.byte	0x3
 607 0182 7502     		.2byte	0x275
 608 0184 29010000 		.4byte	0x129
 609 0188 08       		.byte	0x8
 610 0189 00       		.byte	0
 611 018a 0A       		.uleb128 0xa
 612 018b E5040000 		.4byte	.LASF32
 613 018f 03       		.byte	0x3
 614 0190 7A02     		.2byte	0x27a
 615 0192 59010000 		.4byte	0x159
 616 0196 0B       		.uleb128 0xb
 617 0197 08       		.byte	0x8
 618 0198 03       		.byte	0x3
 619 0199 7D02     		.2byte	0x27d
 620 019b BA010000 		.4byte	0x1ba
 621 019f 0C       		.uleb128 0xc
 622 01a0 1A020000 		.4byte	.LASF33
 623 01a4 03       		.byte	0x3
 624 01a5 7E02     		.2byte	0x27e
 625 01a7 29010000 		.4byte	0x129
 626 01ab 00       		.byte	0
 627 01ac 0C       		.uleb128 0xc
 628 01ad 2D060000 		.4byte	.LASF34
 629 01b1 03       		.byte	0x3
 630 01b2 7F02     		.2byte	0x27f
 631 01b4 35010000 		.4byte	0x135
 632 01b8 04       		.byte	0x4
 633 01b9 00       		.byte	0
 634 01ba 0A       		.uleb128 0xa
 635 01bb 9A010000 		.4byte	.LASF35
 636 01bf 03       		.byte	0x3
 637 01c0 8002     		.2byte	0x280
 638 01c2 96010000 		.4byte	0x196
 639 01c6 0D       		.uleb128 0xd
 640 01c7 01       		.byte	0x1
ARM GAS  C:\Users\DHEERA~1\AppData\Local\Temp\ccvfYc6H.s 			page 13


 641 01c8 24000000 		.4byte	0x24
 642 01cc 03       		.byte	0x3
 643 01cd 8A02     		.2byte	0x28a
 644 01cf E0010000 		.4byte	0x1e0
 645 01d3 0E       		.uleb128 0xe
 646 01d4 82040000 		.4byte	.LASF36
 647 01d8 00       		.byte	0
 648 01d9 0E       		.uleb128 0xe
 649 01da 4B040000 		.4byte	.LASF37
 650 01de 01       		.byte	0x1
 651 01df 00       		.byte	0
 652 01e0 0A       		.uleb128 0xa
 653 01e1 C5020000 		.4byte	.LASF38
 654 01e5 03       		.byte	0x3
 655 01e6 8D02     		.2byte	0x28d
 656 01e8 C6010000 		.4byte	0x1c6
 657 01ec 0A       		.uleb128 0xa
 658 01ed F1020000 		.4byte	.LASF39
 659 01f1 03       		.byte	0x3
 660 01f2 9002     		.2byte	0x290
 661 01f4 E0010000 		.4byte	0x1e0
 662 01f8 0B       		.uleb128 0xb
 663 01f9 0C       		.byte	0xc
 664 01fa 03       		.byte	0x3
 665 01fb 9402     		.2byte	0x294
 666 01fd 27020000 		.4byte	0x227
 667 0201 0F       		.uleb128 0xf
 668 0202 6300     		.ascii	"c\000"
 669 0204 03       		.byte	0x3
 670 0205 9602     		.2byte	0x296
 671 0207 4D010000 		.4byte	0x14d
 672 020b 00       		.byte	0
 673 020c 0C       		.uleb128 0xc
 674 020d 8A060000 		.4byte	.LASF40
 675 0211 03       		.byte	0x3
 676 0212 9802     		.2byte	0x298
 677 0214 35010000 		.4byte	0x135
 678 0218 04       		.byte	0x4
 679 0219 0C       		.uleb128 0xc
 680 021a 95020000 		.4byte	.LASF41
 681 021e 03       		.byte	0x3
 682 021f 9A02     		.2byte	0x29a
 683 0221 EC010000 		.4byte	0x1ec
 684 0225 08       		.byte	0x8
 685 0226 00       		.byte	0
 686 0227 0A       		.uleb128 0xa
 687 0228 A2000000 		.4byte	.LASF42
 688 022c 03       		.byte	0x3
 689 022d 9B02     		.2byte	0x29b
 690 022f F8010000 		.4byte	0x1f8
 691 0233 0B       		.uleb128 0xb
 692 0234 10       		.byte	0x10
 693 0235 03       		.byte	0x3
 694 0236 9F02     		.2byte	0x29f
 695 0238 71020000 		.4byte	0x271
 696 023c 0C       		.uleb128 0xc
 697 023d F9030000 		.4byte	.LASF43
ARM GAS  C:\Users\DHEERA~1\AppData\Local\Temp\ccvfYc6H.s 			page 14


 698 0241 03       		.byte	0x3
 699 0242 A002     		.2byte	0x2a0
 700 0244 D6000000 		.4byte	0xd6
 701 0248 00       		.byte	0
 702 0249 0C       		.uleb128 0xc
 703 024a 77070000 		.4byte	.LASF44
 704 024e 03       		.byte	0x3
 705 024f A102     		.2byte	0x2a1
 706 0251 29010000 		.4byte	0x129
 707 0255 04       		.byte	0x4
 708 0256 0C       		.uleb128 0xc
 709 0257 75000000 		.4byte	.LASF45
 710 025b 03       		.byte	0x3
 711 025c A202     		.2byte	0x2a2
 712 025e 29010000 		.4byte	0x129
 713 0262 08       		.byte	0x8
 714 0263 0C       		.uleb128 0xc
 715 0264 00000000 		.4byte	.LASF46
 716 0268 03       		.byte	0x3
 717 0269 A302     		.2byte	0x2a3
 718 026b 35010000 		.4byte	0x135
 719 026f 0C       		.byte	0xc
 720 0270 00       		.byte	0
 721 0271 0A       		.uleb128 0xa
 722 0272 FE030000 		.4byte	.LASF47
 723 0276 03       		.byte	0x3
 724 0277 A402     		.2byte	0x2a4
 725 0279 33020000 		.4byte	0x233
 726 027d 0D       		.uleb128 0xd
 727 027e 01       		.byte	0x1
 728 027f 24000000 		.4byte	0x24
 729 0283 03       		.byte	0x3
 730 0284 A702     		.2byte	0x2a7
 731 0286 A3020000 		.4byte	0x2a3
 732 028a 0E       		.uleb128 0xe
 733 028b 4A060000 		.4byte	.LASF48
 734 028f 00       		.byte	0
 735 0290 0E       		.uleb128 0xe
 736 0291 92060000 		.4byte	.LASF49
 737 0295 01       		.byte	0x1
 738 0296 0E       		.uleb128 0xe
 739 0297 69060000 		.4byte	.LASF50
 740 029b 02       		.byte	0x2
 741 029c 0E       		.uleb128 0xe
 742 029d 0C060000 		.4byte	.LASF51
 743 02a1 03       		.byte	0x3
 744 02a2 00       		.byte	0
 745 02a3 0A       		.uleb128 0xa
 746 02a4 42010000 		.4byte	.LASF52
 747 02a8 03       		.byte	0x3
 748 02a9 AC02     		.2byte	0x2ac
 749 02ab 7D020000 		.4byte	0x27d
 750 02af 0A       		.uleb128 0xa
 751 02b0 EE060000 		.4byte	.LASF53
 752 02b4 03       		.byte	0x3
 753 02b5 AF02     		.2byte	0x2af
 754 02b7 A3020000 		.4byte	0x2a3
ARM GAS  C:\Users\DHEERA~1\AppData\Local\Temp\ccvfYc6H.s 			page 15


 755 02bb 0B       		.uleb128 0xb
 756 02bc 14       		.byte	0x14
 757 02bd 03       		.byte	0x3
 758 02be B202     		.2byte	0x2b2
 759 02c0 04030000 		.4byte	0x304
 760 02c4 0C       		.uleb128 0xc
 761 02c5 C4060000 		.4byte	.LASF54
 762 02c9 03       		.byte	0x3
 763 02ca B302     		.2byte	0x2b3
 764 02cc AF020000 		.4byte	0x2af
 765 02d0 00       		.byte	0
 766 02d1 0C       		.uleb128 0xc
 767 02d2 88070000 		.4byte	.LASF55
 768 02d6 03       		.byte	0x3
 769 02d7 B402     		.2byte	0x2b4
 770 02d9 11010000 		.4byte	0x111
 771 02dd 04       		.byte	0x4
 772 02de 0C       		.uleb128 0xc
 773 02df 8A050000 		.4byte	.LASF56
 774 02e3 03       		.byte	0x3
 775 02e4 B602     		.2byte	0x2b6
 776 02e6 1D010000 		.4byte	0x11d
 777 02ea 08       		.byte	0x8
 778 02eb 0F       		.uleb128 0xf
 779 02ec 6600     		.ascii	"f\000"
 780 02ee 03       		.byte	0x3
 781 02ef B802     		.2byte	0x2b8
 782 02f1 9F000000 		.4byte	0x9f
 783 02f5 0C       		.byte	0xc
 784 02f6 0C       		.uleb128 0xc
 785 02f7 B0040000 		.4byte	.LASF57
 786 02fb 03       		.byte	0x3
 787 02fc BA02     		.2byte	0x2ba
 788 02fe 4D010000 		.4byte	0x14d
 789 0302 10       		.byte	0x10
 790 0303 00       		.byte	0
 791 0304 0A       		.uleb128 0xa
 792 0305 2B040000 		.4byte	.LASF58
 793 0309 03       		.byte	0x3
 794 030a BB02     		.2byte	0x2bb
 795 030c BB020000 		.4byte	0x2bb
 796 0310 0B       		.uleb128 0xb
 797 0311 04       		.byte	0x4
 798 0312 03       		.byte	0x3
 799 0313 BD02     		.2byte	0x2bd
 800 0315 27030000 		.4byte	0x327
 801 0319 0C       		.uleb128 0xc
 802 031a 7B030000 		.4byte	.LASF59
 803 031e 03       		.byte	0x3
 804 031f BF02     		.2byte	0x2bf
 805 0321 41010000 		.4byte	0x141
 806 0325 00       		.byte	0
 807 0326 00       		.byte	0
 808 0327 0A       		.uleb128 0xa
 809 0328 35020000 		.4byte	.LASF60
 810 032c 03       		.byte	0x3
 811 032d C402     		.2byte	0x2c4
ARM GAS  C:\Users\DHEERA~1\AppData\Local\Temp\ccvfYc6H.s 			page 16


 812 032f 10030000 		.4byte	0x310
 813 0333 10       		.uleb128 0x10
 814 0334 7B020000 		.4byte	.LASF62
 815 0338 08       		.byte	0x8
 816 0339 03       		.byte	0x3
 817 033a 0E04     		.2byte	0x40e
 818 033c 5A030000 		.4byte	0x35a
 819 0340 0F       		.uleb128 0xf
 820 0341 6E7400   		.ascii	"nt\000"
 821 0344 03       		.byte	0x3
 822 0345 0F04     		.2byte	0x40f
 823 0347 B5000000 		.4byte	0xb5
 824 034b 00       		.byte	0
 825 034c 0C       		.uleb128 0xc
 826 034d D0060000 		.4byte	.LASF63
 827 0351 03       		.byte	0x3
 828 0352 1004     		.2byte	0x410
 829 0354 6A030000 		.4byte	0x36a
 830 0358 04       		.byte	0x4
 831 0359 00       		.byte	0
 832 035a 11       		.uleb128 0x11
 833 035b 65030000 		.4byte	0x365
 834 035f 65030000 		.4byte	0x365
 835 0363 12       		.uleb128 0x12
 836 0364 00       		.byte	0
 837 0365 13       		.uleb128 0x13
 838 0366 E1000000 		.4byte	0xe1
 839 036a 06       		.uleb128 0x6
 840 036b 04       		.byte	0x4
 841 036c 5A030000 		.4byte	0x35a
 842 0370 11       		.uleb128 0x11
 843 0371 65030000 		.4byte	0x365
 844 0375 80030000 		.4byte	0x380
 845 0379 14       		.uleb128 0x14
 846 037a 80030000 		.4byte	0x380
 847 037e 00       		.byte	0
 848 037f 00       		.byte	0
 849 0380 02       		.uleb128 0x2
 850 0381 04       		.byte	0x4
 851 0382 07       		.byte	0x7
 852 0383 B9030000 		.4byte	.LASF64
 853 0387 15       		.uleb128 0x15
 854 0388 F1000000 		.4byte	.LASF115
 855 038c 05       		.byte	0x5
 856 038d 6507     		.2byte	0x765
 857 038f 99030000 		.4byte	0x399
 858 0393 05       		.uleb128 0x5
 859 0394 03       		.byte	0x3
 860 0395 08000000 		.4byte	EE_oo_autostart_task_mode_OSDEFAULTAPPMODE
 861 0399 13       		.uleb128 0x13
 862 039a 70030000 		.4byte	0x370
 863 039e 11       		.uleb128 0x11
 864 039f AE030000 		.4byte	0x3ae
 865 03a3 AE030000 		.4byte	0x3ae
 866 03a7 14       		.uleb128 0x14
 867 03a8 80030000 		.4byte	0x380
 868 03ac 05       		.byte	0x5
ARM GAS  C:\Users\DHEERA~1\AppData\Local\Temp\ccvfYc6H.s 			page 17


 869 03ad 00       		.byte	0
 870 03ae 13       		.uleb128 0x13
 871 03af AA000000 		.4byte	0xaa
 872 03b3 16       		.uleb128 0x16
 873 03b4 A2060000 		.4byte	.LASF65
 874 03b8 05       		.byte	0x5
 875 03b9 D2       		.byte	0xd2
 876 03ba C4030000 		.4byte	0x3c4
 877 03be 05       		.uleb128 0x5
 878 03bf 03       		.byte	0x3
 879 03c0 00000000 		.4byte	EE_hal_thread_body
 880 03c4 13       		.uleb128 0x13
 881 03c5 9E030000 		.4byte	0x39e
 882 03c9 11       		.uleb128 0x11
 883 03ca D9030000 		.4byte	0x3d9
 884 03ce D9030000 		.4byte	0x3d9
 885 03d2 14       		.uleb128 0x14
 886 03d3 80030000 		.4byte	0x380
 887 03d7 06       		.byte	0x6
 888 03d8 00       		.byte	0
 889 03d9 13       		.uleb128 0x13
 890 03da B5000000 		.4byte	0xb5
 891 03de 16       		.uleb128 0x16
 892 03df FA050000 		.4byte	.LASF66
 893 03e3 05       		.byte	0x5
 894 03e4 71       		.byte	0x71
 895 03e5 EF030000 		.4byte	0x3ef
 896 03e9 05       		.uleb128 0x5
 897 03ea 03       		.byte	0x3
 898 03eb 00000000 		.4byte	EE_std_thread_tos
 899 03ef 13       		.uleb128 0x13
 900 03f0 C9030000 		.4byte	0x3c9
 901 03f4 11       		.uleb128 0x11
 902 03f5 80000000 		.4byte	0x80
 903 03f9 04040000 		.4byte	0x404
 904 03fd 14       		.uleb128 0x14
 905 03fe 80030000 		.4byte	0x380
 906 0402 05       		.byte	0x5
 907 0403 00       		.byte	0
 908 0404 16       		.uleb128 0x16
 909 0405 52070000 		.4byte	.LASF67
 910 0409 05       		.byte	0x5
 911 040a ED       		.byte	0xed
 912 040b F4030000 		.4byte	0x3f4
 913 040f 05       		.uleb128 0x5
 914 0410 03       		.byte	0x3
 915 0411 00000000 		.4byte	EE_terminate_data
 916 0415 16       		.uleb128 0x16
 917 0416 96040000 		.4byte	.LASF68
 918 041a 05       		.byte	0x5
 919 041b F0       		.byte	0xf0
 920 041c 26040000 		.4byte	0x426
 921 0420 05       		.uleb128 0x5
 922 0421 03       		.byte	0x3
 923 0422 00000000 		.4byte	EE_terminate_real_th_body
 924 0426 13       		.uleb128 0x13
 925 0427 9E030000 		.4byte	0x39e
ARM GAS  C:\Users\DHEERA~1\AppData\Local\Temp\ccvfYc6H.s 			page 18


 926 042b 11       		.uleb128 0x11
 927 042c EC000000 		.4byte	0xec
 928 0430 3B040000 		.4byte	0x43b
 929 0434 14       		.uleb128 0x14
 930 0435 80030000 		.4byte	0x380
 931 0439 01       		.byte	0x1
 932 043a 00       		.byte	0
 933 043b 16       		.uleb128 0x16
 934 043c 5C040000 		.4byte	.LASF69
 935 0440 05       		.byte	0x5
 936 0441 8D       		.byte	0x8d
 937 0442 2B040000 		.4byte	0x42b
 938 0446 05       		.uleb128 0x5
 939 0447 03       		.byte	0x3
 940 0448 00000000 		.4byte	EE_cortex_mx_system_tos
 941 044c 16       		.uleb128 0x16
 942 044d 82010000 		.4byte	.LASF70
 943 0451 05       		.byte	0x5
 944 0452 A9       		.byte	0xa9
 945 0453 B5000000 		.4byte	0xb5
 946 0457 05       		.uleb128 0x5
 947 0458 03       		.byte	0x3
 948 0459 00000000 		.4byte	EE_cortex_mx_active_tos
 949 045d 11       		.uleb128 0x11
 950 045e D9030000 		.4byte	0x3d9
 951 0462 6D040000 		.4byte	0x46d
 952 0466 14       		.uleb128 0x14
 953 0467 80030000 		.4byte	0x380
 954 046b 05       		.byte	0x5
 955 046c 00       		.byte	0
 956 046d 17       		.uleb128 0x17
 957 046e 59060000 		.4byte	.LASF71
 958 0472 05       		.byte	0x5
 959 0473 E202     		.2byte	0x2e2
 960 0475 7F040000 		.4byte	0x47f
 961 0479 05       		.uleb128 0x5
 962 047a 03       		.byte	0x3
 963 047b 00000000 		.4byte	EE_th_rnact_max
 964 047f 13       		.uleb128 0x13
 965 0480 5D040000 		.4byte	0x45d
 966 0484 17       		.uleb128 0x17
 967 0485 FD060000 		.4byte	.LASF72
 968 0489 05       		.byte	0x5
 969 048a 0C01     		.2byte	0x10c
 970 048c 96040000 		.4byte	0x496
 971 0490 05       		.uleb128 0x5
 972 0491 03       		.byte	0x3
 973 0492 00000000 		.4byte	EE_th_ready_prio
 974 0496 13       		.uleb128 0x13
 975 0497 5D040000 		.4byte	0x45d
 976 049b 17       		.uleb128 0x17
 977 049c 1C030000 		.4byte	.LASF73
 978 04a0 05       		.byte	0x5
 979 04a1 4502     		.2byte	0x245
 980 04a3 AD040000 		.4byte	0x4ad
 981 04a7 05       		.uleb128 0x5
 982 04a8 03       		.byte	0x3
ARM GAS  C:\Users\DHEERA~1\AppData\Local\Temp\ccvfYc6H.s 			page 19


 983 04a9 00000000 		.4byte	EE_th_dispatch_prio
 984 04ad 13       		.uleb128 0x13
 985 04ae 5D040000 		.4byte	0x45d
 986 04b2 11       		.uleb128 0x11
 987 04b3 C2040000 		.4byte	0x4c2
 988 04b7 C2040000 		.4byte	0x4c2
 989 04bb 14       		.uleb128 0x14
 990 04bc 80030000 		.4byte	0x380
 991 04c0 05       		.byte	0x5
 992 04c1 00       		.byte	0
 993 04c2 06       		.uleb128 0x6
 994 04c3 04       		.byte	0x4
 995 04c4 CF040000 		.4byte	0x4cf
 996 04c8 02       		.uleb128 0x2
 997 04c9 01       		.byte	0x1
 998 04ca 08       		.byte	0x8
 999 04cb 45060000 		.4byte	.LASF74
 1000 04cf 13       		.uleb128 0x13
 1001 04d0 C8040000 		.4byte	0x4c8
 1002 04d4 17       		.uleb128 0x17
 1003 04d5 D8040000 		.4byte	.LASF75
 1004 04d9 05       		.byte	0x5
 1005 04da 2801     		.2byte	0x128
 1006 04dc B2040000 		.4byte	0x4b2
 1007 04e0 05       		.uleb128 0x5
 1008 04e1 03       		.byte	0x3
 1009 04e2 00000000 		.4byte	EE_TASK_NAME
 1010 04e6 11       		.uleb128 0x11
 1011 04e7 C2040000 		.4byte	0x4c2
 1012 04eb F6040000 		.4byte	0x4f6
 1013 04ef 14       		.uleb128 0x14
 1014 04f0 80030000 		.4byte	0x380
 1015 04f4 02       		.byte	0x2
 1016 04f5 00       		.byte	0
 1017 04f6 17       		.uleb128 0x17
 1018 04f7 67010000 		.4byte	.LASF76
 1019 04fb 05       		.byte	0x5
 1020 04fc 8101     		.2byte	0x181
 1021 04fe E6040000 		.4byte	0x4e6
 1022 0502 05       		.uleb128 0x5
 1023 0503 03       		.byte	0x3
 1024 0504 00000000 		.4byte	EE_EVENT_NAME
 1025 0508 11       		.uleb128 0x11
 1026 0509 C2040000 		.4byte	0x4c2
 1027 050d 18050000 		.4byte	0x518
 1028 0511 14       		.uleb128 0x14
 1029 0512 80030000 		.4byte	0x380
 1030 0516 03       		.byte	0x3
 1031 0517 00       		.byte	0
 1032 0518 17       		.uleb128 0x17
 1033 0519 4A020000 		.4byte	.LASF77
 1034 051d 05       		.byte	0x5
 1035 051e 3D06     		.2byte	0x63d
 1036 0520 08050000 		.4byte	0x508
 1037 0524 05       		.uleb128 0x5
 1038 0525 03       		.byte	0x3
 1039 0526 00000000 		.4byte	EE_ALARM_NAME
ARM GAS  C:\Users\DHEERA~1\AppData\Local\Temp\ccvfYc6H.s 			page 20


 1040 052a 11       		.uleb128 0x11
 1041 052b 3A050000 		.4byte	0x53a
 1042 052f 3A050000 		.4byte	0x53a
 1043 0533 14       		.uleb128 0x14
 1044 0534 80030000 		.4byte	0x380
 1045 0538 02       		.byte	0x2
 1046 0539 00       		.byte	0
 1047 053a 13       		.uleb128 0x13
 1048 053b 40000000 		.4byte	0x40
 1049 053f 17       		.uleb128 0x17
 1050 0540 B1010000 		.4byte	.LASF78
 1051 0544 05       		.byte	0x5
 1052 0545 E201     		.2byte	0x1e2
 1053 0547 51050000 		.4byte	0x551
 1054 054b 05       		.uleb128 0x5
 1055 054c 03       		.byte	0x3
 1056 054d 00000000 		.4byte	EE_EVENT_ID
 1057 0551 13       		.uleb128 0x13
 1058 0552 2A050000 		.4byte	0x52a
 1059 0556 11       		.uleb128 0x11
 1060 0557 3A050000 		.4byte	0x53a
 1061 055b 66050000 		.4byte	0x566
 1062 055f 14       		.uleb128 0x14
 1063 0560 80030000 		.4byte	0x380
 1064 0564 03       		.byte	0x3
 1065 0565 00       		.byte	0
 1066 0566 17       		.uleb128 0x17
 1067 0567 1C010000 		.4byte	.LASF79
 1068 056b 05       		.byte	0x5
 1069 056c 5906     		.2byte	0x659
 1070 056e 78050000 		.4byte	0x578
 1071 0572 05       		.uleb128 0x5
 1072 0573 03       		.byte	0x3
 1073 0574 00000000 		.4byte	EE_ALARM_ID
 1074 0578 13       		.uleb128 0x13
 1075 0579 56050000 		.4byte	0x556
 1076 057d 11       		.uleb128 0x11
 1077 057e B5000000 		.4byte	0xb5
 1078 0582 8D050000 		.4byte	0x58d
 1079 0586 14       		.uleb128 0x14
 1080 0587 80030000 		.4byte	0x380
 1081 058b 05       		.byte	0x5
 1082 058c 00       		.byte	0
 1083 058d 17       		.uleb128 0x17
 1084 058e E4020000 		.4byte	.LASF80
 1085 0592 05       		.byte	0x5
 1086 0593 8102     		.2byte	0x281
 1087 0595 7D050000 		.4byte	0x57d
 1088 0599 05       		.uleb128 0x5
 1089 059a 03       		.byte	0x3
 1090 059b 00000000 		.4byte	EE_th_status
 1091 059f 11       		.uleb128 0x11
 1092 05a0 E1000000 		.4byte	0xe1
 1093 05a4 AF050000 		.4byte	0x5af
 1094 05a8 14       		.uleb128 0x14
 1095 05a9 80030000 		.4byte	0x380
 1096 05ad 05       		.byte	0x5
ARM GAS  C:\Users\DHEERA~1\AppData\Local\Temp\ccvfYc6H.s 			page 21


 1097 05ae 00       		.byte	0
 1098 05af 17       		.uleb128 0x17
 1099 05b0 8B040000 		.4byte	.LASF81
 1100 05b4 05       		.byte	0x5
 1101 05b5 9D02     		.2byte	0x29d
 1102 05b7 9F050000 		.4byte	0x59f
 1103 05bb 05       		.uleb128 0x5
 1104 05bc 03       		.byte	0x3
 1105 05bd 00000000 		.4byte	EE_th_next
 1106 05c1 17       		.uleb128 0x17
 1107 05c2 0E070000 		.4byte	.LASF82
 1108 05c6 05       		.byte	0x5
 1109 05c7 C702     		.2byte	0x2c7
 1110 05c9 7D050000 		.4byte	0x57d
 1111 05cd 05       		.uleb128 0x5
 1112 05ce 03       		.byte	0x3
 1113 05cf 00000000 		.4byte	EE_th_rnact
 1114 05d3 17       		.uleb128 0x17
 1115 05d4 05000000 		.4byte	.LASF83
 1116 05d8 05       		.byte	0x5
 1117 05d9 7703     		.2byte	0x377
 1118 05db 9F050000 		.4byte	0x59f
 1119 05df 05       		.uleb128 0x5
 1120 05e0 03       		.byte	0x3
 1121 05e1 00000000 		.4byte	EE_th_terminate_nextask
 1122 05e5 17       		.uleb128 0x17
 1123 05e6 26000000 		.4byte	.LASF84
 1124 05ea 05       		.byte	0x5
 1125 05eb B902     		.2byte	0x2b9
 1126 05ed E1000000 		.4byte	0xe1
 1127 05f1 05       		.uleb128 0x5
 1128 05f2 03       		.byte	0x3
 1129 05f3 00000000 		.4byte	EE_stkfirst
 1130 05f7 17       		.uleb128 0x17
 1131 05f8 B5060000 		.4byte	.LASF85
 1132 05fc 05       		.byte	0x5
 1133 05fd BC02     		.2byte	0x2bc
 1134 05ff B5000000 		.4byte	0xb5
 1135 0603 05       		.uleb128 0x5
 1136 0604 03       		.byte	0x3
 1137 0605 00000000 		.4byte	EE_sys_ceiling
 1138 0609 17       		.uleb128 0x17
 1139 060a D9030000 		.4byte	.LASF86
 1140 060e 05       		.byte	0x5
 1141 060f FD02     		.2byte	0x2fd
 1142 0611 7D050000 		.4byte	0x57d
 1143 0615 05       		.uleb128 0x5
 1144 0616 03       		.byte	0x3
 1145 0617 00000000 		.4byte	EE_rq_link
 1146 061b 11       		.uleb128 0x11
 1147 061c C0000000 		.4byte	0xc0
 1148 0620 2B060000 		.4byte	0x62b
 1149 0624 14       		.uleb128 0x14
 1150 0625 80030000 		.4byte	0x380
 1151 0629 0F       		.byte	0xf
 1152 062a 00       		.byte	0
 1153 062b 17       		.uleb128 0x17
ARM GAS  C:\Users\DHEERA~1\AppData\Local\Temp\ccvfYc6H.s 			page 22


 1154 062c C6010000 		.4byte	.LASF87
 1155 0630 05       		.byte	0x5
 1156 0631 BF02     		.2byte	0x2bf
 1157 0633 1B060000 		.4byte	0x61b
 1158 0637 05       		.uleb128 0x5
 1159 0638 03       		.byte	0x3
 1160 0639 00000000 		.4byte	EE_rq_queues_head
 1161 063d 17       		.uleb128 0x17
 1162 063e E8050000 		.4byte	.LASF88
 1163 0642 05       		.byte	0x5
 1164 0643 C102     		.2byte	0x2c1
 1165 0645 1B060000 		.4byte	0x61b
 1166 0649 05       		.uleb128 0x5
 1167 064a 03       		.byte	0x3
 1168 064b 00000000 		.4byte	EE_rq_queues_tail
 1169 064f 11       		.uleb128 0x11
 1170 0650 C0000000 		.4byte	0xc0
 1171 0654 5F060000 		.4byte	0x65f
 1172 0658 14       		.uleb128 0x14
 1173 0659 80030000 		.4byte	0x380
 1174 065d 05       		.byte	0x5
 1175 065e 00       		.byte	0
 1176 065f 17       		.uleb128 0x17
 1177 0660 C0000000 		.4byte	.LASF89
 1178 0664 05       		.byte	0x5
 1179 0665 1B03     		.2byte	0x31b
 1180 0667 4F060000 		.4byte	0x64f
 1181 066b 05       		.uleb128 0x5
 1182 066c 03       		.byte	0x3
 1183 066d 00000000 		.4byte	EE_rq_pairs_next
 1184 0671 17       		.uleb128 0x17
 1185 0672 1A070000 		.4byte	.LASF90
 1186 0676 05       		.byte	0x5
 1187 0677 7003     		.2byte	0x370
 1188 0679 9F050000 		.4byte	0x59f
 1189 067d 05       		.uleb128 0x5
 1190 067e 03       		.byte	0x3
 1191 067f 00000000 		.4byte	EE_rq_pairs_tid
 1192 0683 17       		.uleb128 0x17
 1193 0684 1F060000 		.4byte	.LASF91
 1194 0688 05       		.byte	0x5
 1195 0689 C402     		.2byte	0x2c4
 1196 068b 05010000 		.4byte	0x105
 1197 068f 05       		.uleb128 0x5
 1198 0690 03       		.byte	0x3
 1199 0691 00000000 		.4byte	EE_rq_bitmask
 1200 0695 17       		.uleb128 0x17
 1201 0696 CE030000 		.4byte	.LASF92
 1202 069a 05       		.byte	0x5
 1203 069b 7303     		.2byte	0x373
 1204 069d C0000000 		.4byte	0xc0
 1205 06a1 05       		.uleb128 0x5
 1206 06a2 03       		.byte	0x3
 1207 06a3 00000000 		.4byte	EE_rq_free
 1208 06a7 17       		.uleb128 0x17
 1209 06a8 64070000 		.4byte	.LASF93
 1210 06ac 05       		.byte	0x5
ARM GAS  C:\Users\DHEERA~1\AppData\Local\Temp\ccvfYc6H.s 			page 23


 1211 06ad 9A03     		.2byte	0x39a
 1212 06af 7D050000 		.4byte	0x57d
 1213 06b3 05       		.uleb128 0x5
 1214 06b4 03       		.byte	0x3
 1215 06b5 00000000 		.4byte	EE_th_event_active
 1216 06b9 17       		.uleb128 0x17
 1217 06ba C3040000 		.4byte	.LASF94
 1218 06be 05       		.byte	0x5
 1219 06bf B603     		.2byte	0x3b6
 1220 06c1 7D050000 		.4byte	0x57d
 1221 06c5 05       		.uleb128 0x5
 1222 06c6 03       		.byte	0x3
 1223 06c7 00000000 		.4byte	EE_th_event_waitmask
 1224 06cb 11       		.uleb128 0x11
 1225 06cc D6000000 		.4byte	0xd6
 1226 06d0 DB060000 		.4byte	0x6db
 1227 06d4 14       		.uleb128 0x14
 1228 06d5 80030000 		.4byte	0x380
 1229 06d9 05       		.byte	0x5
 1230 06da 00       		.byte	0
 1231 06db 17       		.uleb128 0x17
 1232 06dc 6A020000 		.4byte	.LASF95
 1233 06e0 05       		.byte	0x5
 1234 06e1 D203     		.2byte	0x3d2
 1235 06e3 CB060000 		.4byte	0x6cb
 1236 06e7 05       		.uleb128 0x5
 1237 06e8 03       		.byte	0x3
 1238 06e9 00000000 		.4byte	EE_th_waswaiting
 1239 06ed 17       		.uleb128 0x17
 1240 06ee 9C070000 		.4byte	.LASF96
 1241 06f2 05       		.byte	0x5
 1242 06f3 EE03     		.2byte	0x3ee
 1243 06f5 FF060000 		.4byte	0x6ff
 1244 06f9 05       		.uleb128 0x5
 1245 06fa 03       		.byte	0x3
 1246 06fb 00000000 		.4byte	EE_th_is_extended
 1247 06ff 13       		.uleb128 0x13
 1248 0700 5D040000 		.4byte	0x45d
 1249 0704 11       		.uleb128 0x11
 1250 0705 14070000 		.4byte	0x714
 1251 0709 14070000 		.4byte	0x714
 1252 070d 14       		.uleb128 0x14
 1253 070e 80030000 		.4byte	0x380
 1254 0712 00       		.byte	0
 1255 0713 00       		.byte	0
 1256 0714 13       		.uleb128 0x13
 1257 0715 8A010000 		.4byte	0x18a
 1258 0719 17       		.uleb128 0x17
 1259 071a 1C040000 		.4byte	.LASF97
 1260 071e 05       		.byte	0x5
 1261 071f FF05     		.2byte	0x5ff
 1262 0721 2B070000 		.4byte	0x72b
 1263 0725 05       		.uleb128 0x5
 1264 0726 03       		.byte	0x3
 1265 0727 00000000 		.4byte	EE_counter_ROM
 1266 072b 13       		.uleb128 0x13
 1267 072c 04070000 		.4byte	0x704
ARM GAS  C:\Users\DHEERA~1\AppData\Local\Temp\ccvfYc6H.s 			page 24


 1268 0730 11       		.uleb128 0x11
 1269 0731 40070000 		.4byte	0x740
 1270 0735 40070000 		.4byte	0x740
 1271 0739 14       		.uleb128 0x14
 1272 073a 80030000 		.4byte	0x380
 1273 073e 03       		.byte	0x3
 1274 073f 00       		.byte	0
 1275 0740 13       		.uleb128 0x13
 1276 0741 27020000 		.4byte	0x227
 1277 0745 17       		.uleb128 0x17
 1278 0746 62030000 		.4byte	.LASF98
 1279 074a 05       		.byte	0x5
 1280 074b 9606     		.2byte	0x696
 1281 074d 57070000 		.4byte	0x757
 1282 0751 05       		.uleb128 0x5
 1283 0752 03       		.byte	0x3
 1284 0753 00000000 		.4byte	EE_oo_counter_object_ROM
 1285 0757 13       		.uleb128 0x13
 1286 0758 30070000 		.4byte	0x730
 1287 075c 11       		.uleb128 0x11
 1288 075d 6C070000 		.4byte	0x76c
 1289 0761 6C070000 		.4byte	0x76c
 1290 0765 14       		.uleb128 0x14
 1291 0766 80030000 		.4byte	0x380
 1292 076a 03       		.byte	0x3
 1293 076b 00       		.byte	0
 1294 076c 13       		.uleb128 0x13
 1295 076d 04030000 		.4byte	0x304
 1296 0771 17       		.uleb128 0x17
 1297 0772 98030000 		.4byte	.LASF99
 1298 0776 05       		.byte	0x5
 1299 0777 BA06     		.2byte	0x6ba
 1300 0779 83070000 		.4byte	0x783
 1301 077d 05       		.uleb128 0x5
 1302 077e 03       		.byte	0x3
 1303 077f 00000000 		.4byte	EE_oo_action_ROM
 1304 0783 13       		.uleb128 0x13
 1305 0784 5C070000 		.4byte	0x75c
 1306 0788 11       		.uleb128 0x11
 1307 0789 98070000 		.4byte	0x798
 1308 078d 98070000 		.4byte	0x798
 1309 0791 14       		.uleb128 0x14
 1310 0792 80030000 		.4byte	0x380
 1311 0796 03       		.byte	0x3
 1312 0797 00       		.byte	0
 1313 0798 13       		.uleb128 0x13
 1314 0799 27030000 		.4byte	0x327
 1315 079d 17       		.uleb128 0x17
 1316 079e 75010000 		.4byte	.LASF100
 1317 07a2 05       		.byte	0x5
 1318 07a3 2006     		.2byte	0x620
 1319 07a5 AF070000 		.4byte	0x7af
 1320 07a9 05       		.uleb128 0x5
 1321 07aa 03       		.byte	0x3
 1322 07ab 00000000 		.4byte	EE_alarm_ROM
 1323 07af 13       		.uleb128 0x13
 1324 07b0 88070000 		.4byte	0x788
ARM GAS  C:\Users\DHEERA~1\AppData\Local\Temp\ccvfYc6H.s 			page 25


 1325 07b4 11       		.uleb128 0x11
 1326 07b5 BA010000 		.4byte	0x1ba
 1327 07b9 C4070000 		.4byte	0x7c4
 1328 07bd 14       		.uleb128 0x14
 1329 07be 80030000 		.4byte	0x380
 1330 07c2 00       		.byte	0
 1331 07c3 00       		.byte	0
 1332 07c4 17       		.uleb128 0x17
 1333 07c5 7B060000 		.4byte	.LASF101
 1334 07c9 05       		.byte	0x5
 1335 07ca 0C06     		.2byte	0x60c
 1336 07cc B4070000 		.4byte	0x7b4
 1337 07d0 05       		.uleb128 0x5
 1338 07d1 03       		.byte	0x3
 1339 07d2 00000000 		.4byte	EE_counter_RAM
 1340 07d6 11       		.uleb128 0x11
 1341 07d7 71020000 		.4byte	0x271
 1342 07db E6070000 		.4byte	0x7e6
 1343 07df 14       		.uleb128 0x14
 1344 07e0 80030000 		.4byte	0x380
 1345 07e4 03       		.byte	0x3
 1346 07e5 00       		.byte	0
 1347 07e6 17       		.uleb128 0x17
 1348 07e7 D5060000 		.4byte	.LASF102
 1349 07eb 05       		.byte	0x5
 1350 07ec B106     		.2byte	0x6b1
 1351 07ee D6070000 		.4byte	0x7d6
 1352 07f2 05       		.uleb128 0x5
 1353 07f3 03       		.byte	0x3
 1354 07f4 00000000 		.4byte	EE_oo_counter_object_RAM
 1355 07f8 11       		.uleb128 0x11
 1356 07f9 08080000 		.4byte	0x808
 1357 07fd 08080000 		.4byte	0x808
 1358 0801 14       		.uleb128 0x14
 1359 0802 80030000 		.4byte	0x380
 1360 0806 00       		.byte	0
 1361 0807 00       		.byte	0
 1362 0808 13       		.uleb128 0x13
 1363 0809 33030000 		.4byte	0x333
 1364 080d 17       		.uleb128 0x17
 1365 080e B6070000 		.4byte	.LASF103
 1366 0812 05       		.byte	0x5
 1367 0813 9607     		.2byte	0x796
 1368 0815 1F080000 		.4byte	0x81f
 1369 0819 05       		.uleb128 0x5
 1370 081a 03       		.byte	0x3
 1371 081b 00000000 		.4byte	EE_oo_autostart_task_data
 1372 081f 13       		.uleb128 0x13
 1373 0820 F8070000 		.4byte	0x7f8
 1374 0824 18       		.uleb128 0x18
 1375 0825 AD020000 		.4byte	.LASF104
 1376 0829 06       		.byte	0x6
 1377 082a 40       		.byte	0x40
 1378 082b B5000000 		.4byte	0xb5
 1379 082f 18       		.uleb128 0x18
 1380 0830 D8010000 		.4byte	.LASF105
 1381 0834 06       		.byte	0x6
ARM GAS  C:\Users\DHEERA~1\AppData\Local\Temp\ccvfYc6H.s 			page 26


 1382 0835 47       		.byte	0x47
 1383 0836 CB000000 		.4byte	0xcb
 1384 083a 17       		.uleb128 0x17
 1385 083b 85030000 		.4byte	.LASF106
 1386 083f 05       		.byte	0x5
 1387 0840 5C07     		.2byte	0x75c
 1388 0842 B5000000 		.4byte	0xb5
 1389 0846 05       		.uleb128 0x5
 1390 0847 03       		.byte	0x3
 1391 0848 00000000 		.4byte	EE_ApplicationMode
 1392 084c 18       		.uleb128 0x18
 1393 084d F1010000 		.4byte	.LASF107
 1394 0851 07       		.byte	0x7
 1395 0852 48       		.byte	0x48
 1396 0853 E1000000 		.4byte	0xe1
 1397 0857 18       		.uleb128 0x18
 1398 0858 2A070000 		.4byte	.LASF108
 1399 085c 08       		.byte	0x8
 1400 085d 44       		.byte	0x44
 1401 085e B5000000 		.4byte	0xb5
 1402 0862 16       		.uleb128 0x16
 1403 0863 49000000 		.4byte	.LASF109
 1404 0867 05       		.byte	0x5
 1405 0868 AD       		.byte	0xad
 1406 0869 EC000000 		.4byte	0xec
 1407 086d 05       		.uleb128 0x5
 1408 086e 03       		.byte	0x3
 1409 086f 00000000 		.4byte	EE_cortex_mx_IRQ_tos
 1410 0873 11       		.uleb128 0x11
 1411 0874 55000000 		.4byte	0x55
 1412 0878 84080000 		.4byte	0x884
 1413 087c 19       		.uleb128 0x19
 1414 087d 80030000 		.4byte	0x380
 1415 0881 F301     		.2byte	0x1f3
 1416 0883 00       		.byte	0
 1417 0884 16       		.uleb128 0x16
 1418 0885 07030000 		.4byte	.LASF110
 1419 0889 05       		.byte	0x5
 1420 088a 15       		.byte	0x15
 1421 088b 73080000 		.4byte	0x873
 1422 088f 05       		.uleb128 0x5
 1423 0890 03       		.byte	0x3
 1424 0891 00000000 		.4byte	EE_cortex_mx_stack_2
 1425 0895 11       		.uleb128 0x11
 1426 0896 55000000 		.4byte	0x55
 1427 089a A5080000 		.4byte	0x8a5
 1428 089e 14       		.uleb128 0x14
 1429 089f 80030000 		.4byte	0x380
 1430 08a3 7F       		.byte	0x7f
 1431 08a4 00       		.byte	0
 1432 08a5 16       		.uleb128 0x16
 1433 08a6 30030000 		.4byte	.LASF111
 1434 08aa 05       		.byte	0x5
 1435 08ab 32       		.byte	0x32
 1436 08ac 95080000 		.4byte	0x895
 1437 08b0 05       		.uleb128 0x5
 1438 08b1 03       		.byte	0x3
ARM GAS  C:\Users\DHEERA~1\AppData\Local\Temp\ccvfYc6H.s 			page 27


 1439 08b2 00000000 		.4byte	EE_cortex_mx_stack_9
 1440 08b6 00       		.byte	0
 1441              		.section	.debug_abbrev,"",%progbits
 1442              	.Ldebug_abbrev0:
 1443 0000 01       		.uleb128 0x1
 1444 0001 11       		.uleb128 0x11
 1445 0002 01       		.byte	0x1
 1446 0003 25       		.uleb128 0x25
 1447 0004 0E       		.uleb128 0xe
 1448 0005 13       		.uleb128 0x13
 1449 0006 0B       		.uleb128 0xb
 1450 0007 03       		.uleb128 0x3
 1451 0008 0E       		.uleb128 0xe
 1452 0009 1B       		.uleb128 0x1b
 1453 000a 0E       		.uleb128 0xe
 1454 000b 10       		.uleb128 0x10
 1455 000c 17       		.uleb128 0x17
 1456 000d 00       		.byte	0
 1457 000e 00       		.byte	0
 1458 000f 02       		.uleb128 0x2
 1459 0010 24       		.uleb128 0x24
 1460 0011 00       		.byte	0
 1461 0012 0B       		.uleb128 0xb
 1462 0013 0B       		.uleb128 0xb
 1463 0014 3E       		.uleb128 0x3e
 1464 0015 0B       		.uleb128 0xb
 1465 0016 03       		.uleb128 0x3
 1466 0017 0E       		.uleb128 0xe
 1467 0018 00       		.byte	0
 1468 0019 00       		.byte	0
 1469 001a 03       		.uleb128 0x3
 1470 001b 24       		.uleb128 0x24
 1471 001c 00       		.byte	0
 1472 001d 0B       		.uleb128 0xb
 1473 001e 0B       		.uleb128 0xb
 1474 001f 3E       		.uleb128 0x3e
 1475 0020 0B       		.uleb128 0xb
 1476 0021 03       		.uleb128 0x3
 1477 0022 08       		.uleb128 0x8
 1478 0023 00       		.byte	0
 1479 0024 00       		.byte	0
 1480 0025 04       		.uleb128 0x4
 1481 0026 16       		.uleb128 0x16
 1482 0027 00       		.byte	0
 1483 0028 03       		.uleb128 0x3
 1484 0029 0E       		.uleb128 0xe
 1485 002a 3A       		.uleb128 0x3a
 1486 002b 0B       		.uleb128 0xb
 1487 002c 3B       		.uleb128 0x3b
 1488 002d 0B       		.uleb128 0xb
 1489 002e 49       		.uleb128 0x49
 1490 002f 13       		.uleb128 0x13
 1491 0030 00       		.byte	0
 1492 0031 00       		.byte	0
 1493 0032 05       		.uleb128 0x5
 1494 0033 0F       		.uleb128 0xf
 1495 0034 00       		.byte	0
ARM GAS  C:\Users\DHEERA~1\AppData\Local\Temp\ccvfYc6H.s 			page 28


 1496 0035 0B       		.uleb128 0xb
 1497 0036 0B       		.uleb128 0xb
 1498 0037 00       		.byte	0
 1499 0038 00       		.byte	0
 1500 0039 06       		.uleb128 0x6
 1501 003a 0F       		.uleb128 0xf
 1502 003b 00       		.byte	0
 1503 003c 0B       		.uleb128 0xb
 1504 003d 0B       		.uleb128 0xb
 1505 003e 49       		.uleb128 0x49
 1506 003f 13       		.uleb128 0x13
 1507 0040 00       		.byte	0
 1508 0041 00       		.byte	0
 1509 0042 07       		.uleb128 0x7
 1510 0043 15       		.uleb128 0x15
 1511 0044 00       		.byte	0
 1512 0045 27       		.uleb128 0x27
 1513 0046 19       		.uleb128 0x19
 1514 0047 00       		.byte	0
 1515 0048 00       		.byte	0
 1516 0049 08       		.uleb128 0x8
 1517 004a 13       		.uleb128 0x13
 1518 004b 01       		.byte	0x1
 1519 004c 03       		.uleb128 0x3
 1520 004d 0E       		.uleb128 0xe
 1521 004e 0B       		.uleb128 0xb
 1522 004f 0B       		.uleb128 0xb
 1523 0050 3A       		.uleb128 0x3a
 1524 0051 0B       		.uleb128 0xb
 1525 0052 3B       		.uleb128 0x3b
 1526 0053 0B       		.uleb128 0xb
 1527 0054 01       		.uleb128 0x1
 1528 0055 13       		.uleb128 0x13
 1529 0056 00       		.byte	0
 1530 0057 00       		.byte	0
 1531 0058 09       		.uleb128 0x9
 1532 0059 0D       		.uleb128 0xd
 1533 005a 00       		.byte	0
 1534 005b 03       		.uleb128 0x3
 1535 005c 0E       		.uleb128 0xe
 1536 005d 3A       		.uleb128 0x3a
 1537 005e 0B       		.uleb128 0xb
 1538 005f 3B       		.uleb128 0x3b
 1539 0060 0B       		.uleb128 0xb
 1540 0061 49       		.uleb128 0x49
 1541 0062 13       		.uleb128 0x13
 1542 0063 38       		.uleb128 0x38
 1543 0064 0B       		.uleb128 0xb
 1544 0065 00       		.byte	0
 1545 0066 00       		.byte	0
 1546 0067 0A       		.uleb128 0xa
 1547 0068 16       		.uleb128 0x16
 1548 0069 00       		.byte	0
 1549 006a 03       		.uleb128 0x3
 1550 006b 0E       		.uleb128 0xe
 1551 006c 3A       		.uleb128 0x3a
 1552 006d 0B       		.uleb128 0xb
ARM GAS  C:\Users\DHEERA~1\AppData\Local\Temp\ccvfYc6H.s 			page 29


 1553 006e 3B       		.uleb128 0x3b
 1554 006f 05       		.uleb128 0x5
 1555 0070 49       		.uleb128 0x49
 1556 0071 13       		.uleb128 0x13
 1557 0072 00       		.byte	0
 1558 0073 00       		.byte	0
 1559 0074 0B       		.uleb128 0xb
 1560 0075 13       		.uleb128 0x13
 1561 0076 01       		.byte	0x1
 1562 0077 0B       		.uleb128 0xb
 1563 0078 0B       		.uleb128 0xb
 1564 0079 3A       		.uleb128 0x3a
 1565 007a 0B       		.uleb128 0xb
 1566 007b 3B       		.uleb128 0x3b
 1567 007c 05       		.uleb128 0x5
 1568 007d 01       		.uleb128 0x1
 1569 007e 13       		.uleb128 0x13
 1570 007f 00       		.byte	0
 1571 0080 00       		.byte	0
 1572 0081 0C       		.uleb128 0xc
 1573 0082 0D       		.uleb128 0xd
 1574 0083 00       		.byte	0
 1575 0084 03       		.uleb128 0x3
 1576 0085 0E       		.uleb128 0xe
 1577 0086 3A       		.uleb128 0x3a
 1578 0087 0B       		.uleb128 0xb
 1579 0088 3B       		.uleb128 0x3b
 1580 0089 05       		.uleb128 0x5
 1581 008a 49       		.uleb128 0x49
 1582 008b 13       		.uleb128 0x13
 1583 008c 38       		.uleb128 0x38
 1584 008d 0B       		.uleb128 0xb
 1585 008e 00       		.byte	0
 1586 008f 00       		.byte	0
 1587 0090 0D       		.uleb128 0xd
 1588 0091 04       		.uleb128 0x4
 1589 0092 01       		.byte	0x1
 1590 0093 0B       		.uleb128 0xb
 1591 0094 0B       		.uleb128 0xb
 1592 0095 49       		.uleb128 0x49
 1593 0096 13       		.uleb128 0x13
 1594 0097 3A       		.uleb128 0x3a
 1595 0098 0B       		.uleb128 0xb
 1596 0099 3B       		.uleb128 0x3b
 1597 009a 05       		.uleb128 0x5
 1598 009b 01       		.uleb128 0x1
 1599 009c 13       		.uleb128 0x13
 1600 009d 00       		.byte	0
 1601 009e 00       		.byte	0
 1602 009f 0E       		.uleb128 0xe
 1603 00a0 28       		.uleb128 0x28
 1604 00a1 00       		.byte	0
 1605 00a2 03       		.uleb128 0x3
 1606 00a3 0E       		.uleb128 0xe
 1607 00a4 1C       		.uleb128 0x1c
 1608 00a5 0B       		.uleb128 0xb
 1609 00a6 00       		.byte	0
ARM GAS  C:\Users\DHEERA~1\AppData\Local\Temp\ccvfYc6H.s 			page 30


 1610 00a7 00       		.byte	0
 1611 00a8 0F       		.uleb128 0xf
 1612 00a9 0D       		.uleb128 0xd
 1613 00aa 00       		.byte	0
 1614 00ab 03       		.uleb128 0x3
 1615 00ac 08       		.uleb128 0x8
 1616 00ad 3A       		.uleb128 0x3a
 1617 00ae 0B       		.uleb128 0xb
 1618 00af 3B       		.uleb128 0x3b
 1619 00b0 05       		.uleb128 0x5
 1620 00b1 49       		.uleb128 0x49
 1621 00b2 13       		.uleb128 0x13
 1622 00b3 38       		.uleb128 0x38
 1623 00b4 0B       		.uleb128 0xb
 1624 00b5 00       		.byte	0
 1625 00b6 00       		.byte	0
 1626 00b7 10       		.uleb128 0x10
 1627 00b8 13       		.uleb128 0x13
 1628 00b9 01       		.byte	0x1
 1629 00ba 03       		.uleb128 0x3
 1630 00bb 0E       		.uleb128 0xe
 1631 00bc 0B       		.uleb128 0xb
 1632 00bd 0B       		.uleb128 0xb
 1633 00be 3A       		.uleb128 0x3a
 1634 00bf 0B       		.uleb128 0xb
 1635 00c0 3B       		.uleb128 0x3b
 1636 00c1 05       		.uleb128 0x5
 1637 00c2 01       		.uleb128 0x1
 1638 00c3 13       		.uleb128 0x13
 1639 00c4 00       		.byte	0
 1640 00c5 00       		.byte	0
 1641 00c6 11       		.uleb128 0x11
 1642 00c7 01       		.uleb128 0x1
 1643 00c8 01       		.byte	0x1
 1644 00c9 49       		.uleb128 0x49
 1645 00ca 13       		.uleb128 0x13
 1646 00cb 01       		.uleb128 0x1
 1647 00cc 13       		.uleb128 0x13
 1648 00cd 00       		.byte	0
 1649 00ce 00       		.byte	0
 1650 00cf 12       		.uleb128 0x12
 1651 00d0 21       		.uleb128 0x21
 1652 00d1 00       		.byte	0
 1653 00d2 00       		.byte	0
 1654 00d3 00       		.byte	0
 1655 00d4 13       		.uleb128 0x13
 1656 00d5 26       		.uleb128 0x26
 1657 00d6 00       		.byte	0
 1658 00d7 49       		.uleb128 0x49
 1659 00d8 13       		.uleb128 0x13
 1660 00d9 00       		.byte	0
 1661 00da 00       		.byte	0
 1662 00db 14       		.uleb128 0x14
 1663 00dc 21       		.uleb128 0x21
 1664 00dd 00       		.byte	0
 1665 00de 49       		.uleb128 0x49
 1666 00df 13       		.uleb128 0x13
ARM GAS  C:\Users\DHEERA~1\AppData\Local\Temp\ccvfYc6H.s 			page 31


 1667 00e0 2F       		.uleb128 0x2f
 1668 00e1 0B       		.uleb128 0xb
 1669 00e2 00       		.byte	0
 1670 00e3 00       		.byte	0
 1671 00e4 15       		.uleb128 0x15
 1672 00e5 34       		.uleb128 0x34
 1673 00e6 00       		.byte	0
 1674 00e7 03       		.uleb128 0x3
 1675 00e8 0E       		.uleb128 0xe
 1676 00e9 3A       		.uleb128 0x3a
 1677 00ea 0B       		.uleb128 0xb
 1678 00eb 3B       		.uleb128 0x3b
 1679 00ec 05       		.uleb128 0x5
 1680 00ed 49       		.uleb128 0x49
 1681 00ee 13       		.uleb128 0x13
 1682 00ef 02       		.uleb128 0x2
 1683 00f0 18       		.uleb128 0x18
 1684 00f1 00       		.byte	0
 1685 00f2 00       		.byte	0
 1686 00f3 16       		.uleb128 0x16
 1687 00f4 34       		.uleb128 0x34
 1688 00f5 00       		.byte	0
 1689 00f6 03       		.uleb128 0x3
 1690 00f7 0E       		.uleb128 0xe
 1691 00f8 3A       		.uleb128 0x3a
 1692 00f9 0B       		.uleb128 0xb
 1693 00fa 3B       		.uleb128 0x3b
 1694 00fb 0B       		.uleb128 0xb
 1695 00fc 49       		.uleb128 0x49
 1696 00fd 13       		.uleb128 0x13
 1697 00fe 3F       		.uleb128 0x3f
 1698 00ff 19       		.uleb128 0x19
 1699 0100 02       		.uleb128 0x2
 1700 0101 18       		.uleb128 0x18
 1701 0102 00       		.byte	0
 1702 0103 00       		.byte	0
 1703 0104 17       		.uleb128 0x17
 1704 0105 34       		.uleb128 0x34
 1705 0106 00       		.byte	0
 1706 0107 03       		.uleb128 0x3
 1707 0108 0E       		.uleb128 0xe
 1708 0109 3A       		.uleb128 0x3a
 1709 010a 0B       		.uleb128 0xb
 1710 010b 3B       		.uleb128 0x3b
 1711 010c 05       		.uleb128 0x5
 1712 010d 49       		.uleb128 0x49
 1713 010e 13       		.uleb128 0x13
 1714 010f 3F       		.uleb128 0x3f
 1715 0110 19       		.uleb128 0x19
 1716 0111 02       		.uleb128 0x2
 1717 0112 18       		.uleb128 0x18
 1718 0113 00       		.byte	0
 1719 0114 00       		.byte	0
 1720 0115 18       		.uleb128 0x18
 1721 0116 34       		.uleb128 0x34
 1722 0117 00       		.byte	0
 1723 0118 03       		.uleb128 0x3
ARM GAS  C:\Users\DHEERA~1\AppData\Local\Temp\ccvfYc6H.s 			page 32


 1724 0119 0E       		.uleb128 0xe
 1725 011a 3A       		.uleb128 0x3a
 1726 011b 0B       		.uleb128 0xb
 1727 011c 3B       		.uleb128 0x3b
 1728 011d 0B       		.uleb128 0xb
 1729 011e 49       		.uleb128 0x49
 1730 011f 13       		.uleb128 0x13
 1731 0120 3F       		.uleb128 0x3f
 1732 0121 19       		.uleb128 0x19
 1733 0122 3C       		.uleb128 0x3c
 1734 0123 19       		.uleb128 0x19
 1735 0124 00       		.byte	0
 1736 0125 00       		.byte	0
 1737 0126 19       		.uleb128 0x19
 1738 0127 21       		.uleb128 0x21
 1739 0128 00       		.byte	0
 1740 0129 49       		.uleb128 0x49
 1741 012a 13       		.uleb128 0x13
 1742 012b 2F       		.uleb128 0x2f
 1743 012c 05       		.uleb128 0x5
 1744 012d 00       		.byte	0
 1745 012e 00       		.byte	0
 1746 012f 00       		.byte	0
 1747              		.section	.debug_aranges,"",%progbits
 1748 0000 14000000 		.4byte	0x14
 1749 0004 0200     		.2byte	0x2
 1750 0006 00000000 		.4byte	.Ldebug_info0
 1751 000a 04       		.byte	0x4
 1752 000b 00       		.byte	0
 1753 000c 0000     		.2byte	0
 1754 000e 0000     		.2byte	0
 1755 0010 00000000 		.4byte	0
 1756 0014 00000000 		.4byte	0
 1757              		.section	.debug_line,"",%progbits
 1758              	.Ldebug_line0:
 1759 0000 28010000 		.section	.debug_str,"MS",%progbits,1
 1759      02002201 
 1759      00000201 
 1759      FB0E0D00 
 1759      01010101 
 1760              	.LASF46:
 1761 0000 6E657874 		.ascii	"next\000"
 1761      00
 1762              	.LASF83:
 1763 0005 45455F74 		.ascii	"EE_th_terminate_nextask\000"
 1763      685F7465 
 1763      726D696E 
 1763      6174655F 
 1763      6E657874 
 1764              	.LASF24:
 1765 001d 5469636B 		.ascii	"TickType\000"
 1765      54797065 
 1765      00
 1766              	.LASF84:
 1767 0026 45455F73 		.ascii	"EE_stkfirst\000"
 1767      746B6669 
 1767      72737400 
ARM GAS  C:\Users\DHEERA~1\AppData\Local\Temp\ccvfYc6H.s 			page 33


 1768              	.LASF26:
 1769 0032 41637469 		.ascii	"ActionType\000"
 1769      6F6E5479 
 1769      706500
 1770              	.LASF19:
 1771 003d 45455F54 		.ascii	"EE_TYPEBOOL\000"
 1771      59504542 
 1771      4F4F4C00 
 1772              	.LASF109:
 1773 0049 45455F63 		.ascii	"EE_cortex_mx_IRQ_tos\000"
 1773      6F727465 
 1773      785F6D78 
 1773      5F495251 
 1773      5F746F73 
 1774              	.LASF7:
 1775 005e 6C6F6E67 		.ascii	"long long unsigned int\000"
 1775      206C6F6E 
 1775      6720756E 
 1775      7369676E 
 1775      65642069 
 1776              	.LASF45:
 1777 0075 64656C74 		.ascii	"delta\000"
 1777      6100
 1778              	.LASF113:
 1779 007b 47656E65 		.ascii	"Generated_Source\\PSoC5\\ErikaOS_eecfg.c\000"
 1779      72617465 
 1779      645F536F 
 1779      75726365 
 1779      5C50536F 
 1780              	.LASF42:
 1781 00a2 45455F6F 		.ascii	"EE_oo_counter_object_ROM_type\000"
 1781      6F5F636F 
 1781      756E7465 
 1781      725F6F62 
 1781      6A656374 
 1782              	.LASF89:
 1783 00c0 45455F72 		.ascii	"EE_rq_pairs_next\000"
 1783      715F7061 
 1783      6972735F 
 1783      6E657874 
 1783      00
 1784              	.LASF22:
 1785 00d1 5461736B 		.ascii	"TaskType\000"
 1785      54797065 
 1785      00
 1786              	.LASF61:
 1787 00da 45455F54 		.ascii	"EE_TOS\000"
 1787      4F5300
 1788              	.LASF29:
 1789 00e1 6D617861 		.ascii	"maxallowedvalue\000"
 1789      6C6C6F77 
 1789      65647661 
 1789      6C756500 
 1790              	.LASF115:
 1791 00f1 45455F6F 		.ascii	"EE_oo_autostart_task_mode_OSDEFAULTAPPMODE\000"
 1791      6F5F6175 
 1791      746F7374 
ARM GAS  C:\Users\DHEERA~1\AppData\Local\Temp\ccvfYc6H.s 			page 34


 1791      6172745F 
 1791      7461736B 
 1792              	.LASF79:
 1793 011c 45455F41 		.ascii	"EE_ALARM_ID\000"
 1793      4C41524D 
 1793      5F494400 
 1794              	.LASF6:
 1795 0128 6C6F6E67 		.ascii	"long long int\000"
 1795      206C6F6E 
 1795      6720696E 
 1795      7400
 1796              	.LASF0:
 1797 0136 7369676E 		.ascii	"signed char\000"
 1797      65642063 
 1797      68617200 
 1798              	.LASF52:
 1799 0142 45455F6F 		.ascii	"EE_oo_action_kind_type\000"
 1799      6F5F6163 
 1799      74696F6E 
 1799      5F6B696E 
 1799      645F7479 
 1800              	.LASF23:
 1801 0159 4576656E 		.ascii	"EventMaskType\000"
 1801      744D6173 
 1801      6B547970 
 1801      6500
 1802              	.LASF76:
 1803 0167 45455F45 		.ascii	"EE_EVENT_NAME\000"
 1803      56454E54 
 1803      5F4E414D 
 1803      4500
 1804              	.LASF100:
 1805 0175 45455F61 		.ascii	"EE_alarm_ROM\000"
 1805      6C61726D 
 1805      5F524F4D 
 1805      00
 1806              	.LASF70:
 1807 0182 45455F63 		.ascii	"EE_cortex_mx_active_tos\000"
 1807      6F727465 
 1807      785F6D78 
 1807      5F616374 
 1807      6976655F 
 1808              	.LASF35:
 1809 019a 45455F6F 		.ascii	"EE_oo_counter_RAM_type\000"
 1809      6F5F636F 
 1809      756E7465 
 1809      725F5241 
 1809      4D5F7479 
 1810              	.LASF78:
 1811 01b1 45455F45 		.ascii	"EE_EVENT_ID\000"
 1811      56454E54 
 1811      5F494400 
 1812              	.LASF4:
 1813 01bd 6C6F6E67 		.ascii	"long int\000"
 1813      20696E74 
 1813      00
 1814              	.LASF87:
ARM GAS  C:\Users\DHEERA~1\AppData\Local\Temp\ccvfYc6H.s 			page 35


 1815 01c6 45455F72 		.ascii	"EE_rq_queues_head\000"
 1815      715F7175 
 1815      65756573 
 1815      5F686561 
 1815      6400
 1816              	.LASF105:
 1817 01d8 45455F6F 		.ascii	"EE_oo_IRQ_suspend_status\000"
 1817      6F5F4952 
 1817      515F7375 
 1817      7370656E 
 1817      645F7374 
 1818              	.LASF107:
 1819 01f1 45455F73 		.ascii	"EE_std_endcycle_next_tid\000"
 1819      74645F65 
 1819      6E646379 
 1819      636C655F 
 1819      6E657874 
 1820              	.LASF31:
 1821 020a 6D696E63 		.ascii	"mincycle\000"
 1821      79636C65 
 1821      00
 1822              	.LASF20:
 1823 0213 45455F54 		.ascii	"EE_TID\000"
 1823      494400
 1824              	.LASF33:
 1825 021a 76616C75 		.ascii	"value\000"
 1825      6500
 1826              	.LASF8:
 1827 0220 756E7369 		.ascii	"unsigned int\000"
 1827      676E6564 
 1827      20696E74 
 1827      00
 1828              	.LASF16:
 1829 022d 45455F55 		.ascii	"EE_UREG\000"
 1829      52454700 
 1830              	.LASF60:
 1831 0235 45455F6F 		.ascii	"EE_oo_alarm_ROM_type\000"
 1831      6F5F616C 
 1831      61726D5F 
 1831      524F4D5F 
 1831      74797065 
 1832              	.LASF77:
 1833 024a 45455F41 		.ascii	"EE_ALARM_NAME\000"
 1833      4C41524D 
 1833      5F4E414D 
 1833      4500
 1834              	.LASF5:
 1835 0258 6C6F6E67 		.ascii	"long unsigned int\000"
 1835      20756E73 
 1835      69676E65 
 1835      6420696E 
 1835      7400
 1836              	.LASF95:
 1837 026a 45455F74 		.ascii	"EE_th_waswaiting\000"
 1837      685F7761 
 1837      73776169 
 1837      74696E67 
ARM GAS  C:\Users\DHEERA~1\AppData\Local\Temp\ccvfYc6H.s 			page 36


 1837      00
 1838              	.LASF62:
 1839 027b 45455F6F 		.ascii	"EE_oo_autostart_task_type\000"
 1839      6F5F6175 
 1839      746F7374 
 1839      6172745F 
 1839      7461736B 
 1840              	.LASF41:
 1841 0295 6B696E64 		.ascii	"kind\000"
 1841      00
 1842              	.LASF3:
 1843 029a 73686F72 		.ascii	"short unsigned int\000"
 1843      7420756E 
 1843      7369676E 
 1843      65642069 
 1843      6E7400
 1844              	.LASF104:
 1845 02ad 45455F6F 		.ascii	"EE_oo_IRQ_disable_count\000"
 1845      6F5F4952 
 1845      515F6469 
 1845      7361626C 
 1845      655F636F 
 1846              	.LASF38:
 1847 02c5 45455F6F 		.ascii	"EE_oo_counter_object_kind_type\000"
 1847      6F5F636F 
 1847      756E7465 
 1847      725F6F62 
 1847      6A656374 
 1848              	.LASF80:
 1849 02e4 45455F74 		.ascii	"EE_th_status\000"
 1849      685F7374 
 1849      61747573 
 1849      00
 1850              	.LASF39:
 1851 02f1 436F756E 		.ascii	"CounterObjectKindType\000"
 1851      7465724F 
 1851      626A6563 
 1851      744B696E 
 1851      64547970 
 1852              	.LASF110:
 1853 0307 45455F63 		.ascii	"EE_cortex_mx_stack_2\000"
 1853      6F727465 
 1853      785F6D78 
 1853      5F737461 
 1853      636B5F32 
 1854              	.LASF73:
 1855 031c 45455F74 		.ascii	"EE_th_dispatch_prio\000"
 1855      685F6469 
 1855      73706174 
 1855      63685F70 
 1855      72696F00 
 1856              	.LASF111:
 1857 0330 45455F63 		.ascii	"EE_cortex_mx_stack_9\000"
 1857      6F727465 
 1857      785F6D78 
 1857      5F737461 
 1857      636B5F39 
ARM GAS  C:\Users\DHEERA~1\AppData\Local\Temp\ccvfYc6H.s 			page 37


 1858              	.LASF14:
 1859 0345 45455F56 		.ascii	"EE_VOID_CALLBACK\000"
 1859      4F49445F 
 1859      43414C4C 
 1859      4241434B 
 1859      00
 1860              	.LASF27:
 1861 0356 436F756E 		.ascii	"CounterType\000"
 1861      74657254 
 1861      79706500 
 1862              	.LASF98:
 1863 0362 45455F6F 		.ascii	"EE_oo_counter_object_ROM\000"
 1863      6F5F636F 
 1863      756E7465 
 1863      725F6F62 
 1863      6A656374 
 1864              	.LASF59:
 1865 037b 61637469 		.ascii	"action_id\000"
 1865      6F6E5F69 
 1865      6400
 1866              	.LASF106:
 1867 0385 45455F41 		.ascii	"EE_ApplicationMode\000"
 1867      70706C69 
 1867      63617469 
 1867      6F6E4D6F 
 1867      646500
 1868              	.LASF99:
 1869 0398 45455F6F 		.ascii	"EE_oo_action_ROM\000"
 1869      6F5F6163 
 1869      74696F6E 
 1869      5F524F4D 
 1869      00
 1870              	.LASF21:
 1871 03a9 45455F54 		.ascii	"EE_TYPE_RQ_MASK\000"
 1871      5950455F 
 1871      52515F4D 
 1871      41534B00 
 1872              	.LASF64:
 1873 03b9 73697A65 		.ascii	"sizetype\000"
 1873      74797065 
 1873      00
 1874              	.LASF9:
 1875 03c2 6C6F6E67 		.ascii	"long double\000"
 1875      20646F75 
 1875      626C6500 
 1876              	.LASF92:
 1877 03ce 45455F72 		.ascii	"EE_rq_free\000"
 1877      715F6672 
 1877      656500
 1878              	.LASF86:
 1879 03d9 45455F72 		.ascii	"EE_rq_link\000"
 1879      715F6C69 
 1879      6E6B00
 1880              	.LASF17:
 1881 03e4 45455F53 		.ascii	"EE_SREG\000"
 1881      52454700 
 1882              	.LASF30:
ARM GAS  C:\Users\DHEERA~1\AppData\Local\Temp\ccvfYc6H.s 			page 38


 1883 03ec 7469636B 		.ascii	"ticksperbase\000"
 1883      73706572 
 1883      62617365 
 1883      00
 1884              	.LASF43:
 1885 03f9 75736564 		.ascii	"used\000"
 1885      00
 1886              	.LASF47:
 1887 03fe 45455F6F 		.ascii	"EE_oo_counter_object_RAM_type\000"
 1887      6F5F636F 
 1887      756E7465 
 1887      725F6F62 
 1887      6A656374 
 1888              	.LASF97:
 1889 041c 45455F63 		.ascii	"EE_counter_ROM\000"
 1889      6F756E74 
 1889      65725F52 
 1889      4F4D00
 1890              	.LASF58:
 1891 042b 45455F6F 		.ascii	"EE_oo_action_ROM_type\000"
 1891      6F5F6163 
 1891      74696F6E 
 1891      5F524F4D 
 1891      5F747970 
 1892              	.LASF10:
 1893 0441 45455F55 		.ascii	"EE_UINT16\000"
 1893      494E5431 
 1893      3600
 1894              	.LASF37:
 1895 044b 45455F53 		.ascii	"EE_SCHEDULETABLE\000"
 1895      43484544 
 1895      554C4554 
 1895      41424C45 
 1895      00
 1896              	.LASF69:
 1897 045c 45455F63 		.ascii	"EE_cortex_mx_system_tos\000"
 1897      6F727465 
 1897      785F6D78 
 1897      5F737973 
 1897      74656D5F 
 1898              	.LASF1:
 1899 0474 756E7369 		.ascii	"unsigned char\000"
 1899      676E6564 
 1899      20636861 
 1899      7200
 1900              	.LASF36:
 1901 0482 45455F41 		.ascii	"EE_ALARM\000"
 1901      4C41524D 
 1901      00
 1902              	.LASF81:
 1903 048b 45455F74 		.ascii	"EE_th_next\000"
 1903      685F6E65 
 1903      787400
 1904              	.LASF68:
 1905 0496 45455F74 		.ascii	"EE_terminate_real_th_body\000"
 1905      65726D69 
 1905      6E617465 
ARM GAS  C:\Users\DHEERA~1\AppData\Local\Temp\ccvfYc6H.s 			page 39


 1905      5F726561 
 1905      6C5F7468 
 1906              	.LASF57:
 1907 04b0 696E6363 		.ascii	"inccount\000"
 1907      6F756E74 
 1907      00
 1908              	.LASF2:
 1909 04b9 73686F72 		.ascii	"short int\000"
 1909      7420696E 
 1909      7400
 1910              	.LASF94:
 1911 04c3 45455F74 		.ascii	"EE_th_event_waitmask\000"
 1911      685F6576 
 1911      656E745F 
 1911      77616974 
 1911      6D61736B 
 1912              	.LASF75:
 1913 04d8 45455F54 		.ascii	"EE_TASK_NAME\000"
 1913      41534B5F 
 1913      4E414D45 
 1913      00
 1914              	.LASF32:
 1915 04e5 45455F6F 		.ascii	"EE_oo_counter_ROM_type\000"
 1915      6F5F636F 
 1915      756E7465 
 1915      725F524F 
 1915      4D5F7479 
 1916              	.LASF112:
 1917 04fc 474E5520 		.ascii	"GNU C11 5.4.1 20160609 (release) [ARM/embedded-5-br"
 1917      43313120 
 1917      352E342E 
 1917      31203230 
 1917      31363036 
 1918 052f 616E6368 		.ascii	"anch revision 237715] -mcpu=cortex-m3 -mthumb -g -O"
 1918      20726576 
 1918      6973696F 
 1918      6E203233 
 1918      37373135 
 1919 0562 67202D66 		.ascii	"g -ffunction-sections -ffat-lto-objects\000"
 1919      66756E63 
 1919      74696F6E 
 1919      2D736563 
 1919      74696F6E 
 1920              	.LASF56:
 1921 058a 61637469 		.ascii	"action_mask\000"
 1921      6F6E5F6D 
 1921      61736B00 
 1922              	.LASF15:
 1923 0596 45455F54 		.ascii	"EE_THREAD_PTR\000"
 1923      48524541 
 1923      445F5054 
 1923      5200
 1924              	.LASF114:
 1925 05a4 443A5C4D 		.ascii	"D:\\MS\\HDA\\Embedded\\EOS\\Workbook_continued\\Rea"
 1925      535C4844 
 1925      415C456D 
 1925      62656464 
ARM GAS  C:\Users\DHEERA~1\AppData\Local\Temp\ccvfYc6H.s 			page 40


 1925      65645C45 
 1926 05d1 6374696F 		.ascii	"ction_Game_Erika.cydsn\000"
 1926      6E5F4761 
 1926      6D655F45 
 1926      72696B61 
 1926      2E637964 
 1927              	.LASF88:
 1928 05e8 45455F72 		.ascii	"EE_rq_queues_tail\000"
 1928      715F7175 
 1928      65756573 
 1928      5F746169 
 1928      6C00
 1929              	.LASF66:
 1930 05fa 45455F73 		.ascii	"EE_std_thread_tos\000"
 1930      74645F74 
 1930      68726561 
 1930      645F746F 
 1930      7300
 1931              	.LASF51:
 1932 060c 45455F41 		.ascii	"EE_ACTION_CALLBACK\000"
 1932      4354494F 
 1932      4E5F4341 
 1932      4C4C4241 
 1932      434B00
 1933              	.LASF91:
 1934 061f 45455F72 		.ascii	"EE_rq_bitmask\000"
 1934      715F6269 
 1934      746D6173 
 1934      6B00
 1935              	.LASF34:
 1936 062d 66697273 		.ascii	"first\000"
 1936      7400
 1937              	.LASF25:
 1938 0633 436F756E 		.ascii	"CounterObjectType\000"
 1938      7465724F 
 1938      626A6563 
 1938      74547970 
 1938      6500
 1939              	.LASF74:
 1940 0645 63686172 		.ascii	"char\000"
 1940      00
 1941              	.LASF48:
 1942 064a 45455F41 		.ascii	"EE_ACTION_TASK\000"
 1942      4354494F 
 1942      4E5F5441 
 1942      534B00
 1943              	.LASF71:
 1944 0659 45455F74 		.ascii	"EE_th_rnact_max\000"
 1944      685F726E 
 1944      6163745F 
 1944      6D617800 
 1945              	.LASF50:
 1946 0669 45455F41 		.ascii	"EE_ACTION_COUNTER\000"
 1946      4354494F 
 1946      4E5F434F 
 1946      554E5445 
 1946      5200
ARM GAS  C:\Users\DHEERA~1\AppData\Local\Temp\ccvfYc6H.s 			page 41


 1947              	.LASF101:
 1948 067b 45455F63 		.ascii	"EE_counter_RAM\000"
 1948      6F756E74 
 1948      65725F52 
 1948      414D00
 1949              	.LASF40:
 1950 068a 73706563 		.ascii	"spec_id\000"
 1950      5F696400 
 1951              	.LASF49:
 1952 0692 45455F41 		.ascii	"EE_ACTION_EVENT\000"
 1952      4354494F 
 1952      4E5F4556 
 1952      454E5400 
 1953              	.LASF65:
 1954 06a2 45455F68 		.ascii	"EE_hal_thread_body\000"
 1954      616C5F74 
 1954      68726561 
 1954      645F626F 
 1954      647900
 1955              	.LASF85:
 1956 06b5 45455F73 		.ascii	"EE_sys_ceiling\000"
 1956      79735F63 
 1956      65696C69 
 1956      6E6700
 1957              	.LASF54:
 1958 06c4 61637469 		.ascii	"action_kind\000"
 1958      6F6E5F6B 
 1958      696E6400 
 1959              	.LASF63:
 1960 06d0 7461736B 		.ascii	"task\000"
 1960      00
 1961              	.LASF102:
 1962 06d5 45455F6F 		.ascii	"EE_oo_counter_object_RAM\000"
 1962      6F5F636F 
 1962      756E7465 
 1962      725F6F62 
 1962      6A656374 
 1963              	.LASF53:
 1964 06ee 41637469 		.ascii	"ActionKindType\000"
 1964      6F6E4B69 
 1964      6E645479 
 1964      706500
 1965              	.LASF72:
 1966 06fd 45455F74 		.ascii	"EE_th_ready_prio\000"
 1966      685F7265 
 1966      6164795F 
 1966      7072696F 
 1966      00
 1967              	.LASF82:
 1968 070e 45455F74 		.ascii	"EE_th_rnact\000"
 1968      685F726E 
 1968      61637400 
 1969              	.LASF90:
 1970 071a 45455F72 		.ascii	"EE_rq_pairs_tid\000"
 1970      715F7061 
 1970      6972735F 
 1970      74696400 
ARM GAS  C:\Users\DHEERA~1\AppData\Local\Temp\ccvfYc6H.s 			page 42


 1971              	.LASF108:
 1972 072a 45455F49 		.ascii	"EE_IRQ_nesting_level\000"
 1972      52515F6E 
 1972      65737469 
 1972      6E675F6C 
 1972      6576656C 
 1973              	.LASF12:
 1974 073f 45455F55 		.ascii	"EE_UINT32\000"
 1974      494E5433 
 1974      3200
 1975              	.LASF11:
 1976 0749 45455F49 		.ascii	"EE_INT32\000"
 1976      4E543332 
 1976      00
 1977              	.LASF67:
 1978 0752 45455F74 		.ascii	"EE_terminate_data\000"
 1978      65726D69 
 1978      6E617465 
 1978      5F646174 
 1978      6100
 1979              	.LASF93:
 1980 0764 45455F74 		.ascii	"EE_th_event_active\000"
 1980      685F6576 
 1980      656E745F 
 1980      61637469 
 1980      766500
 1981              	.LASF44:
 1982 0777 636E7463 		.ascii	"cntcycle\000"
 1982      79636C65 
 1982      00
 1983              	.LASF28:
 1984 0780 5359535F 		.ascii	"SYS_tos\000"
 1984      746F7300 
 1985              	.LASF55:
 1986 0788 61637469 		.ascii	"action_task\000"
 1986      6F6E5F74 
 1986      61736B00 
 1987              	.LASF13:
 1988 0794 45455F41 		.ascii	"EE_ADDR\000"
 1988      44445200 
 1989              	.LASF96:
 1990 079c 45455F74 		.ascii	"EE_th_is_extended\000"
 1990      685F6973 
 1990      5F657874 
 1990      656E6465 
 1990      6400
 1991              	.LASF18:
 1992 07ae 45455F46 		.ascii	"EE_FREG\000"
 1992      52454700 
 1993              	.LASF103:
 1994 07b6 45455F6F 		.ascii	"EE_oo_autostart_task_data\000"
 1994      6F5F6175 
 1994      746F7374 
 1994      6172745F 
 1994      7461736B 
 1995              		.ident	"GCC: (GNU Tools for ARM Embedded Processors) 5.4.1 20160609 (release) [ARM/embedded-5-bran
