ARM GAS  C:\Users\DHEERA~1\AppData\Local\Temp\ccTtv9ki.s 			page 1


   1              		.syntax unified
   2              		.cpu cortex-m3
   3              		.fpu softvfp
   4              		.eabi_attribute 20, 1
   5              		.eabi_attribute 21, 1
   6              		.eabi_attribute 23, 3
   7              		.eabi_attribute 24, 1
   8              		.eabi_attribute 25, 1
   9              		.eabi_attribute 26, 1
  10              		.eabi_attribute 30, 1
  11              		.eabi_attribute 34, 1
  12              		.eabi_attribute 18, 4
  13              		.thumb
  14              		.syntax unified
  15              		.file	"Erika_OS_eecfg.c"
  16              		.text
  17              	.Ltext0:
  18              		.cfi_sections	.debug_frame
  19              		.global	EE_oo_autostart_task_data
  20              		.comm	EE_ApplicationMode,4,4
  21              		.global	EE_oo_action_ROM
  22              		.comm	EE_oo_counter_object_RAM,80,4
  23              		.global	EE_oo_counter_object_ROM
  24              		.global	EE_ALARM_ID
  25              		.global	EE_ALARM_NAME
  26              		.global	EE_alarm_ROM
  27              		.global	EE_counter_RAM
  28              		.global	EE_counter_ROM
  29              		.global	EE_th_is_extended
  30              		.global	EE_th_waswaiting
  31              		.global	EE_th_event_waitmask
  32              		.global	EE_th_event_active
  33              		.global	EE_th_terminate_nextask
  34              		.global	EE_rq_free
  35              		.comm	EE_rq_pairs_tid,20,4
  36              		.global	EE_rq_pairs_next
  37              		.global	EE_rq_link
  38              		.global	EE_th_rnact_max
  39              		.global	EE_th_rnact
  40              		.global	EE_rq_bitmask
  41              		.global	EE_rq_queues_tail
  42              		.global	EE_rq_queues_head
  43              		.global	EE_sys_ceiling
  44              		.global	EE_stkfirst
  45              		.global	EE_th_next
  46              		.global	EE_th_status
  47              		.global	EE_th_dispatch_prio
  48              		.global	EE_EVENT_ID
  49              		.global	EE_EVENT_NAME
  50              		.global	EE_TASK_NAME
  51              		.global	EE_th_ready_prio
  52              		.global	EE_terminate_real_th_body
  53              		.comm	EE_terminate_data,20,4
  54              		.global	EE_hal_thread_body
  55              		.global	EE_cortex_mx_IRQ_tos
  56              		.global	EE_cortex_mx_active_tos
  57              		.global	EE_cortex_mx_system_tos
ARM GAS  C:\Users\DHEERA~1\AppData\Local\Temp\ccTtv9ki.s 			page 2


  58              		.global	EE_std_thread_tos
  59              		.comm	EE_cortex_mx_stack_9,512,4
  60              		.comm	EE_cortex_mx_stack_2,2000,4
  61              		.section	.rodata
  62              		.align	2
  63              		.type	EE_oo_autostart_task_data, %object
  64              		.size	EE_oo_autostart_task_data, 8
  65              	EE_oo_autostart_task_data:
  66 0000 01000000 		.word	1
  67 0004 08000000 		.word	EE_oo_autostart_task_mode_OSDEFAULTAPPMODE
  68              		.type	EE_oo_autostart_task_mode_OSDEFAULTAPPMODE, %object
  69              		.size	EE_oo_autostart_task_mode_OSDEFAULTAPPMODE, 4
  70              	EE_oo_autostart_task_mode_OSDEFAULTAPPMODE:
  71 0008 00000000 		.space	4
  72              		.type	EE_oo_action_ROM, %object
  73              		.size	EE_oo_action_ROM, 100
  74              	EE_oo_action_ROM:
  75 000c 00       		.byte	0
  76 000d 000000   		.space	3
  77 0010 02000000 		.word	2
  78 0014 00000000 		.word	0
  79 0018 00000000 		.word	0
  80 001c FFFFFFFF 		.word	-1
  81 0020 01       		.byte	1
  82 0021 000000   		.space	3
  83 0024 01000000 		.word	1
  84 0028 04000000 		.word	4
  85 002c 00000000 		.word	0
  86 0030 FFFFFFFF 		.word	-1
  87 0034 00       		.byte	0
  88 0035 000000   		.space	3
  89 0038 03000000 		.word	3
  90 003c 00000000 		.word	0
  91 0040 00000000 		.word	0
  92 0044 FFFFFFFF 		.word	-1
  93 0048 00       		.byte	0
  94 0049 000000   		.space	3
  95 004c 04000000 		.word	4
  96 0050 00000000 		.word	0
  97 0054 00000000 		.word	0
  98 0058 FFFFFFFF 		.word	-1
  99 005c 01       		.byte	1
 100 005d 000000   		.space	3
 101 0060 01000000 		.word	1
 102 0064 04000000 		.word	4
 103 0068 00000000 		.word	0
 104 006c FFFFFFFF 		.word	-1
 105              		.type	EE_oo_counter_object_ROM, %object
 106              		.size	EE_oo_counter_object_ROM, 60
 107              	EE_oo_counter_object_ROM:
 108 0070 00000000 		.word	0
 109 0074 00000000 		.word	0
 110 0078 00       		.byte	0
 111 0079 000000   		.space	3
 112 007c 00000000 		.word	0
 113 0080 01000000 		.word	1
 114 0084 00       		.byte	0
ARM GAS  C:\Users\DHEERA~1\AppData\Local\Temp\ccTtv9ki.s 			page 3


 115 0085 000000   		.space	3
 116 0088 00000000 		.word	0
 117 008c 02000000 		.word	2
 118 0090 00       		.byte	0
 119 0091 000000   		.space	3
 120 0094 00000000 		.word	0
 121 0098 03000000 		.word	3
 122 009c 00       		.byte	0
 123 009d 000000   		.space	3
 124 00a0 00000000 		.word	0
 125 00a4 04000000 		.word	4
 126 00a8 00       		.byte	0
 127 00a9 000000   		.space	3
 128              		.type	EE_ALARM_ID, %object
 129              		.size	EE_ALARM_ID, 20
 130              	EE_ALARM_ID:
 131 00ac 00000000 		.word	0
 132 00b0 01000000 		.word	1
 133 00b4 02000000 		.word	2
 134 00b8 03000000 		.word	3
 135 00bc 04000000 		.word	4
 136              		.type	EE_alarm_ROM, %object
 137              		.size	EE_alarm_ROM, 20
 138              	EE_alarm_ROM:
 139 00c0 00000000 		.word	0
 140 00c4 01000000 		.word	1
 141 00c8 02000000 		.word	2
 142 00cc 03000000 		.word	3
 143 00d0 04000000 		.word	4
 144              		.type	EE_counter_ROM, %object
 145              		.size	EE_counter_ROM, 12
 146              	EE_counter_ROM:
 147 00d4 10270000 		.word	10000
 148 00d8 01000000 		.word	1
 149 00dc 00000000 		.word	0
 150              		.type	EE_th_is_extended, %object
 151              		.size	EE_th_is_extended, 20
 152              	EE_th_is_extended:
 153 00e0 00000000 		.word	0
 154 00e4 01000000 		.word	1
 155 00e8 00000000 		.word	0
 156 00ec 00000000 		.word	0
 157 00f0 00000000 		.word	0
 158              		.type	EE_th_rnact_max, %object
 159              		.size	EE_th_rnact_max, 20
 160              	EE_th_rnact_max:
 161 00f4 01000000 		.word	1
 162 00f8 01000000 		.word	1
 163 00fc 01000000 		.word	1
 164 0100 01000000 		.word	1
 165 0104 01000000 		.word	1
 166              		.type	EE_th_dispatch_prio, %object
 167              		.size	EE_th_dispatch_prio, 20
 168              	EE_th_dispatch_prio:
 169 0108 80000000 		.word	128
 170 010c 10000000 		.word	16
 171 0110 80000000 		.word	128
ARM GAS  C:\Users\DHEERA~1\AppData\Local\Temp\ccTtv9ki.s 			page 4


 172 0114 01000000 		.word	1
 173 0118 01000000 		.word	1
 174              		.type	EE_EVENT_ID, %object
 175              		.size	EE_EVENT_ID, 12
 176              	EE_EVENT_ID:
 177 011c 01000000 		.word	1
 178 0120 02000000 		.word	2
 179 0124 04000000 		.word	4
 180              		.type	EE_th_ready_prio, %object
 181              		.size	EE_th_ready_prio, 20
 182              	EE_th_ready_prio:
 183 0128 01000000 		.word	1
 184 012c 10000000 		.word	16
 185 0130 80000000 		.word	128
 186 0134 01000000 		.word	1
 187 0138 01000000 		.word	1
 188              		.type	EE_terminate_real_th_body, %object
 189              		.size	EE_terminate_real_th_body, 20
 190              	EE_terminate_real_th_body:
 191 013c 00000000 		.word	Functsk_init
 192 0140 00000000 		.word	Functsk_event
 193 0144 00000000 		.word	Functsk_timer
 194 0148 00000000 		.word	Functsk_fader
 195 014c 00000000 		.word	Functsk_glower
 196              		.type	EE_hal_thread_body, %object
 197              		.size	EE_hal_thread_body, 20
 198              	EE_hal_thread_body:
 199 0150 00000000 		.word	EE_oo_thread_stub
 200 0154 00000000 		.word	EE_oo_thread_stub
 201 0158 00000000 		.word	EE_oo_thread_stub
 202 015c 00000000 		.word	EE_oo_thread_stub
 203 0160 00000000 		.word	EE_oo_thread_stub
 204              		.type	EE_std_thread_tos, %object
 205              		.size	EE_std_thread_tos, 24
 206              	EE_std_thread_tos:
 207 0164 00000000 		.word	0
 208 0168 00000000 		.word	0
 209 016c 01000000 		.word	1
 210 0170 00000000 		.word	0
 211 0174 00000000 		.word	0
 212 0178 00000000 		.word	0
 213              		.data
 214              		.align	2
 215              		.type	EE_ALARM_NAME, %object
 216              		.size	EE_ALARM_NAME, 20
 217              	EE_ALARM_NAME:
 218 0000 00000000 		.word	.LC0
 219 0004 0C000000 		.word	.LC1
 220 0008 20000000 		.word	.LC2
 221 000c 2C000000 		.word	.LC3
 222 0010 38000000 		.word	.LC4
 223              		.type	EE_counter_RAM, %object
 224              		.size	EE_counter_RAM, 8
 225              	EE_counter_RAM:
 226 0014 00000000 		.word	0
 227 0018 FFFFFFFF 		.word	-1
 228              		.type	EE_th_terminate_nextask, %object
ARM GAS  C:\Users\DHEERA~1\AppData\Local\Temp\ccTtv9ki.s 			page 5


 229              		.size	EE_th_terminate_nextask, 20
 230              	EE_th_terminate_nextask:
 231 001c FFFFFFFF 		.word	-1
 232 0020 FFFFFFFF 		.word	-1
 233 0024 FFFFFFFF 		.word	-1
 234 0028 FFFFFFFF 		.word	-1
 235 002c FFFFFFFF 		.word	-1
 236              		.type	EE_rq_pairs_next, %object
 237              		.size	EE_rq_pairs_next, 20
 238              	EE_rq_pairs_next:
 239 0030 01000000 		.word	1
 240 0034 02000000 		.word	2
 241 0038 03000000 		.word	3
 242 003c 04000000 		.word	4
 243 0040 FFFFFFFF 		.word	-1
 244              		.type	EE_rq_link, %object
 245              		.size	EE_rq_link, 20
 246              	EE_rq_link:
 247 0044 00000000 		.word	0
 248 0048 04000000 		.word	4
 249 004c 07000000 		.word	7
 250 0050 00000000 		.word	0
 251 0054 00000000 		.word	0
 252              		.type	EE_th_rnact, %object
 253              		.size	EE_th_rnact, 20
 254              	EE_th_rnact:
 255 0058 01000000 		.word	1
 256 005c 01000000 		.word	1
 257 0060 01000000 		.word	1
 258 0064 01000000 		.word	1
 259 0068 01000000 		.word	1
 260              		.type	EE_rq_queues_tail, %object
 261              		.size	EE_rq_queues_tail, 64
 262              	EE_rq_queues_tail:
 263 006c FFFFFFFF 		.word	-1
 264 0070 FFFFFFFF 		.word	-1
 265 0074 FFFFFFFF 		.word	-1
 266 0078 FFFFFFFF 		.word	-1
 267 007c FFFFFFFF 		.word	-1
 268 0080 FFFFFFFF 		.word	-1
 269 0084 FFFFFFFF 		.word	-1
 270 0088 FFFFFFFF 		.word	-1
 271 008c FFFFFFFF 		.word	-1
 272 0090 FFFFFFFF 		.word	-1
 273 0094 FFFFFFFF 		.word	-1
 274 0098 FFFFFFFF 		.word	-1
 275 009c FFFFFFFF 		.word	-1
 276 00a0 FFFFFFFF 		.word	-1
 277 00a4 FFFFFFFF 		.word	-1
 278 00a8 FFFFFFFF 		.word	-1
 279              		.type	EE_rq_queues_head, %object
 280              		.size	EE_rq_queues_head, 64
 281              	EE_rq_queues_head:
 282 00ac FFFFFFFF 		.word	-1
 283 00b0 FFFFFFFF 		.word	-1
 284 00b4 FFFFFFFF 		.word	-1
 285 00b8 FFFFFFFF 		.word	-1
ARM GAS  C:\Users\DHEERA~1\AppData\Local\Temp\ccTtv9ki.s 			page 6


 286 00bc FFFFFFFF 		.word	-1
 287 00c0 FFFFFFFF 		.word	-1
 288 00c4 FFFFFFFF 		.word	-1
 289 00c8 FFFFFFFF 		.word	-1
 290 00cc FFFFFFFF 		.word	-1
 291 00d0 FFFFFFFF 		.word	-1
 292 00d4 FFFFFFFF 		.word	-1
 293 00d8 FFFFFFFF 		.word	-1
 294 00dc FFFFFFFF 		.word	-1
 295 00e0 FFFFFFFF 		.word	-1
 296 00e4 FFFFFFFF 		.word	-1
 297 00e8 FFFFFFFF 		.word	-1
 298              		.type	EE_stkfirst, %object
 299              		.size	EE_stkfirst, 4
 300              	EE_stkfirst:
 301 00ec FFFFFFFF 		.word	-1
 302              		.type	EE_th_next, %object
 303              		.size	EE_th_next, 20
 304              	EE_th_next:
 305 00f0 FFFFFFFF 		.word	-1
 306 00f4 FFFFFFFF 		.word	-1
 307 00f8 FFFFFFFF 		.word	-1
 308 00fc FFFFFFFF 		.word	-1
 309 0100 FFFFFFFF 		.word	-1
 310              		.type	EE_th_status, %object
 311              		.size	EE_th_status, 20
 312              	EE_th_status:
 313 0104 03000000 		.word	3
 314 0108 03000000 		.word	3
 315 010c 03000000 		.word	3
 316 0110 03000000 		.word	3
 317 0114 03000000 		.word	3
 318              		.type	EE_EVENT_NAME, %object
 319              		.size	EE_EVENT_NAME, 12
 320              	EE_EVENT_NAME:
 321 0118 48000000 		.word	.LC5
 322 011c 5C000000 		.word	.LC6
 323 0120 70000000 		.word	.LC7
 324              		.type	EE_TASK_NAME, %object
 325              		.size	EE_TASK_NAME, 20
 326              	EE_TASK_NAME:
 327 0124 7C000000 		.word	.LC8
 328 0128 88000000 		.word	.LC9
 329 012c 94000000 		.word	.LC10
 330 0130 A0000000 		.word	.LC11
 331 0134 AC000000 		.word	.LC12
 332              		.type	EE_cortex_mx_IRQ_tos, %object
 333              		.size	EE_cortex_mx_IRQ_tos, 4
 334              	EE_cortex_mx_IRQ_tos:
 335 0138 00020000 		.word	EE_cortex_mx_stack_9+512
 336              		.type	EE_cortex_mx_system_tos, %object
 337              		.size	EE_cortex_mx_system_tos, 8
 338              	EE_cortex_mx_system_tos:
 339 013c 00000000 		.word	0
 340 0140 A8070000 		.word	EE_cortex_mx_stack_2+1960
 341              		.section	.rodata.str1.4,"aMS",%progbits,1
 342              		.align	2
ARM GAS  C:\Users\DHEERA~1\AppData\Local\Temp\ccTtv9ki.s 			page 7


 343              	.LC0:
 344 0000 616C726D 		.ascii	"alrm_timer\000"
 344      5F74696D 
 344      657200
 345 000b 00       		.space	1
 346              	.LC1:
 347 000c 616C726D 		.ascii	"alrm_random_time\000"
 347      5F72616E 
 347      646F6D5F 
 347      74696D65 
 347      00
 348 001d 000000   		.space	3
 349              	.LC2:
 350 0020 616C726D 		.ascii	"alrm_fader\000"
 350      5F666164 
 350      657200
 351 002b 00       		.space	1
 352              	.LC3:
 353 002c 616C726D 		.ascii	"alrm_glower\000"
 353      5F676C6F 
 353      77657200 
 354              	.LC4:
 355 0038 616C726D 		.ascii	"alrm_timeout\000"
 355      5F74696D 
 355      656F7574 
 355      00
 356 0045 000000   		.space	3
 357              	.LC5:
 358 0048 65765F42 		.ascii	"ev_Button1_Press\000"
 358      7574746F 
 358      6E315F50 
 358      72657373 
 358      00
 359 0059 000000   		.space	3
 360              	.LC6:
 361 005c 65765F42 		.ascii	"ev_Button2_Press\000"
 361      7574746F 
 361      6E325F50 
 361      72657373 
 361      00
 362 006d 000000   		.space	3
 363              	.LC7:
 364 0070 65765F54 		.ascii	"ev_Timeout\000"
 364      696D656F 
 364      757400
 365 007b 00       		.space	1
 366              	.LC8:
 367 007c 74736B5F 		.ascii	"tsk_init\000"
 367      696E6974 
 367      00
 368 0085 000000   		.space	3
 369              	.LC9:
 370 0088 74736B5F 		.ascii	"tsk_event\000"
 370      6576656E 
 370      7400
 371 0092 0000     		.space	2
 372              	.LC10:
ARM GAS  C:\Users\DHEERA~1\AppData\Local\Temp\ccTtv9ki.s 			page 8


 373 0094 74736B5F 		.ascii	"tsk_timer\000"
 373      74696D65 
 373      7200
 374 009e 0000     		.space	2
 375              	.LC11:
 376 00a0 74736B5F 		.ascii	"tsk_fader\000"
 376      66616465 
 376      7200
 377 00aa 0000     		.space	2
 378              	.LC12:
 379 00ac 74736B5F 		.ascii	"tsk_glower\000"
 379      676C6F77 
 379      657200
 380              		.bss
 381              		.align	2
 382              		.type	EE_th_waswaiting, %object
 383              		.size	EE_th_waswaiting, 20
 384              	EE_th_waswaiting:
 385 0000 00000000 		.space	20
 385      00000000 
 385      00000000 
 385      00000000 
 385      00000000 
 386              		.type	EE_th_event_waitmask, %object
 387              		.size	EE_th_event_waitmask, 20
 388              	EE_th_event_waitmask:
 389 0014 00000000 		.space	20
 389      00000000 
 389      00000000 
 389      00000000 
 389      00000000 
 390              		.type	EE_th_event_active, %object
 391              		.size	EE_th_event_active, 20
 392              	EE_th_event_active:
 393 0028 00000000 		.space	20
 393      00000000 
 393      00000000 
 393      00000000 
 393      00000000 
 394              		.type	EE_rq_free, %object
 395              		.size	EE_rq_free, 4
 396              	EE_rq_free:
 397 003c 00000000 		.space	4
 398              		.type	EE_rq_bitmask, %object
 399              		.size	EE_rq_bitmask, 2
 400              	EE_rq_bitmask:
 401 0040 0000     		.space	2
 402 0042 0000     		.space	2
 403              		.type	EE_sys_ceiling, %object
 404              		.size	EE_sys_ceiling, 4
 405              	EE_sys_ceiling:
 406 0044 00000000 		.space	4
 407              		.type	EE_cortex_mx_active_tos, %object
 408              		.size	EE_cortex_mx_active_tos, 4
 409              	EE_cortex_mx_active_tos:
 410 0048 00000000 		.space	4
 411              		.text
ARM GAS  C:\Users\DHEERA~1\AppData\Local\Temp\ccTtv9ki.s 			page 9


 412              	.Letext0:
 413              		.file 1 "Generated_Source\\PSoC5\\Erika_OS_common_ee_types.inc"
 414              		.file 2 "Generated_Source\\PSoC5\\Erika_OS_cortex_mx_ee_cpu.inc"
 415              		.file 3 "Generated_Source\\PSoC5\\Erika_OS_ee_oo_common.inc"
 416              		.file 4 "Generated_Source\\PSoC5\\Erika_OS_common_ee_hal_structs.inc"
 417              		.file 5 "Generated_Source\\PSoC5\\Erika_OS_eecfg.c"
 418              		.file 6 "Generated_Source\\PSoC5\\Erika_OS_ee_oo_intfunc.inc"
 419              		.file 7 "Generated_Source\\PSoC5\\Erika_OS_cortex_mx_ee_context.inc"
 420              		.file 8 "Generated_Source\\PSoC5\\Erika_OS_common_ee_primitives.inc"
 421              		.section	.debug_info,"",%progbits
 422              	.Ldebug_info0:
 423 0000 A3080000 		.4byte	0x8a3
 424 0004 0400     		.2byte	0x4
 425 0006 00000000 		.4byte	.Ldebug_abbrev0
 426 000a 04       		.byte	0x4
 427 000b 01       		.uleb128 0x1
 428 000c D5040000 		.4byte	.LASF112
 429 0010 0C       		.byte	0xc
 430 0011 8F070000 		.4byte	.LASF113
 431 0015 7D050000 		.4byte	.LASF114
 432 0019 00000000 		.4byte	.Ldebug_line0
 433 001d 02       		.uleb128 0x2
 434 001e 01       		.byte	0x1
 435 001f 06       		.byte	0x6
 436 0020 0F010000 		.4byte	.LASF0
 437 0024 02       		.uleb128 0x2
 438 0025 01       		.byte	0x1
 439 0026 08       		.byte	0x8
 440 0027 4D040000 		.4byte	.LASF1
 441 002b 02       		.uleb128 0x2
 442 002c 02       		.byte	0x2
 443 002d 05       		.byte	0x5
 444 002e 92040000 		.4byte	.LASF2
 445 0032 02       		.uleb128 0x2
 446 0033 02       		.byte	0x2
 447 0034 07       		.byte	0x7
 448 0035 73020000 		.4byte	.LASF3
 449 0039 02       		.uleb128 0x2
 450 003a 04       		.byte	0x4
 451 003b 05       		.byte	0x5
 452 003c 96010000 		.4byte	.LASF4
 453 0040 02       		.uleb128 0x2
 454 0041 04       		.byte	0x4
 455 0042 07       		.byte	0x7
 456 0043 31020000 		.4byte	.LASF5
 457 0047 02       		.uleb128 0x2
 458 0048 08       		.byte	0x8
 459 0049 05       		.byte	0x5
 460 004a 01010000 		.4byte	.LASF6
 461 004e 02       		.uleb128 0x2
 462 004f 08       		.byte	0x8
 463 0050 07       		.byte	0x7
 464 0051 5E000000 		.4byte	.LASF7
 465 0055 03       		.uleb128 0x3
 466 0056 04       		.byte	0x4
 467 0057 05       		.byte	0x5
 468 0058 696E7400 		.ascii	"int\000"
ARM GAS  C:\Users\DHEERA~1\AppData\Local\Temp\ccTtv9ki.s 			page 10


 469 005c 02       		.uleb128 0x2
 470 005d 04       		.byte	0x4
 471 005e 07       		.byte	0x7
 472 005f F9010000 		.4byte	.LASF8
 473 0063 02       		.uleb128 0x2
 474 0064 08       		.byte	0x8
 475 0065 04       		.byte	0x4
 476 0066 9B030000 		.4byte	.LASF9
 477 006a 04       		.uleb128 0x4
 478 006b 1A040000 		.4byte	.LASF10
 479 006f 01       		.byte	0x1
 480 0070 52       		.byte	0x52
 481 0071 32000000 		.4byte	0x32
 482 0075 04       		.uleb128 0x4
 483 0076 22070000 		.4byte	.LASF11
 484 007a 01       		.byte	0x1
 485 007b 53       		.byte	0x53
 486 007c 55000000 		.4byte	0x55
 487 0080 04       		.uleb128 0x4
 488 0081 18070000 		.4byte	.LASF12
 489 0085 01       		.byte	0x1
 490 0086 54       		.byte	0x54
 491 0087 5C000000 		.4byte	0x5c
 492 008b 04       		.uleb128 0x4
 493 008c 6D070000 		.4byte	.LASF13
 494 0090 01       		.byte	0x1
 495 0091 64       		.byte	0x64
 496 0092 96000000 		.4byte	0x96
 497 0096 05       		.uleb128 0x5
 498 0097 04       		.byte	0x4
 499 0098 06       		.uleb128 0x6
 500 0099 04       		.byte	0x4
 501 009a 9E000000 		.4byte	0x9e
 502 009e 07       		.uleb128 0x7
 503 009f 04       		.uleb128 0x4
 504 00a0 1E030000 		.4byte	.LASF14
 505 00a4 01       		.byte	0x1
 506 00a5 70       		.byte	0x70
 507 00a6 98000000 		.4byte	0x98
 508 00aa 04       		.uleb128 0x4
 509 00ab 6F050000 		.4byte	.LASF15
 510 00af 01       		.byte	0x1
 511 00b0 73       		.byte	0x73
 512 00b1 98000000 		.4byte	0x98
 513 00b5 04       		.uleb128 0x4
 514 00b6 06020000 		.4byte	.LASF16
 515 00ba 02       		.byte	0x2
 516 00bb 4D       		.byte	0x4d
 517 00bc 80000000 		.4byte	0x80
 518 00c0 04       		.uleb128 0x4
 519 00c1 BD030000 		.4byte	.LASF17
 520 00c5 02       		.byte	0x2
 521 00c6 4E       		.byte	0x4e
 522 00c7 75000000 		.4byte	0x75
 523 00cb 04       		.uleb128 0x4
 524 00cc 87070000 		.4byte	.LASF18
 525 00d0 02       		.byte	0x2
ARM GAS  C:\Users\DHEERA~1\AppData\Local\Temp\ccTtv9ki.s 			page 11


 526 00d1 4F       		.byte	0x4f
 527 00d2 80000000 		.4byte	0x80
 528 00d6 04       		.uleb128 0x4
 529 00d7 3D000000 		.4byte	.LASF19
 530 00db 02       		.byte	0x2
 531 00dc 54       		.byte	0x54
 532 00dd B5000000 		.4byte	0xb5
 533 00e1 04       		.uleb128 0x4
 534 00e2 EC010000 		.4byte	.LASF20
 535 00e6 02       		.byte	0x2
 536 00e7 78       		.byte	0x78
 537 00e8 75000000 		.4byte	0x75
 538 00ec 08       		.uleb128 0x8
 539 00ed B3000000 		.4byte	.LASF61
 540 00f1 04       		.byte	0x4
 541 00f2 04       		.byte	0x4
 542 00f3 4D       		.byte	0x4d
 543 00f4 05010000 		.4byte	0x105
 544 00f8 09       		.uleb128 0x9
 545 00f9 59070000 		.4byte	.LASF28
 546 00fd 04       		.byte	0x4
 547 00fe 4E       		.byte	0x4e
 548 00ff 8B000000 		.4byte	0x8b
 549 0103 00       		.byte	0
 550 0104 00       		.byte	0
 551 0105 0A       		.uleb128 0xa
 552 0106 82030000 		.4byte	.LASF21
 553 010a 03       		.byte	0x3
 554 010b 1101     		.2byte	0x111
 555 010d 6A000000 		.4byte	0x6a
 556 0111 0A       		.uleb128 0xa
 557 0112 AA000000 		.4byte	.LASF22
 558 0116 03       		.byte	0x3
 559 0117 F701     		.2byte	0x1f7
 560 0119 E1000000 		.4byte	0xe1
 561 011d 0A       		.uleb128 0xa
 562 011e 32010000 		.4byte	.LASF23
 563 0122 03       		.byte	0x3
 564 0123 2C02     		.2byte	0x22c
 565 0125 B5000000 		.4byte	0xb5
 566 0129 0A       		.uleb128 0xa
 567 012a 1D000000 		.4byte	.LASF24
 568 012e 03       		.byte	0x3
 569 012f 3502     		.2byte	0x235
 570 0131 B5000000 		.4byte	0xb5
 571 0135 0A       		.uleb128 0xa
 572 0136 0C060000 		.4byte	.LASF25
 573 013a 03       		.byte	0x3
 574 013b 5D02     		.2byte	0x25d
 575 013d B5000000 		.4byte	0xb5
 576 0141 0A       		.uleb128 0xa
 577 0142 32000000 		.4byte	.LASF26
 578 0146 03       		.byte	0x3
 579 0147 6302     		.2byte	0x263
 580 0149 B5000000 		.4byte	0xb5
 581 014d 0A       		.uleb128 0xa
 582 014e 2F030000 		.4byte	.LASF27
ARM GAS  C:\Users\DHEERA~1\AppData\Local\Temp\ccTtv9ki.s 			page 12


 583 0152 03       		.byte	0x3
 584 0153 6C02     		.2byte	0x26c
 585 0155 B5000000 		.4byte	0xb5
 586 0159 0B       		.uleb128 0xb
 587 015a 0C       		.byte	0xc
 588 015b 03       		.byte	0x3
 589 015c 7202     		.2byte	0x272
 590 015e 8A010000 		.4byte	0x18a
 591 0162 0C       		.uleb128 0xc
 592 0163 BA000000 		.4byte	.LASF29
 593 0167 03       		.byte	0x3
 594 0168 7302     		.2byte	0x273
 595 016a 29010000 		.4byte	0x129
 596 016e 00       		.byte	0
 597 016f 0C       		.uleb128 0xc
 598 0170 C5030000 		.4byte	.LASF30
 599 0174 03       		.byte	0x3
 600 0175 7402     		.2byte	0x274
 601 0177 29010000 		.4byte	0x129
 602 017b 04       		.byte	0x4
 603 017c 0C       		.uleb128 0xc
 604 017d E3010000 		.4byte	.LASF31
 605 0181 03       		.byte	0x3
 606 0182 7502     		.2byte	0x275
 607 0184 29010000 		.4byte	0x129
 608 0188 08       		.byte	0x8
 609 0189 00       		.byte	0
 610 018a 0A       		.uleb128 0xa
 611 018b BE040000 		.4byte	.LASF32
 612 018f 03       		.byte	0x3
 613 0190 7A02     		.2byte	0x27a
 614 0192 59010000 		.4byte	0x159
 615 0196 0B       		.uleb128 0xb
 616 0197 08       		.byte	0x8
 617 0198 03       		.byte	0x3
 618 0199 7D02     		.2byte	0x27d
 619 019b BA010000 		.4byte	0x1ba
 620 019f 0C       		.uleb128 0xc
 621 01a0 F3010000 		.4byte	.LASF33
 622 01a4 03       		.byte	0x3
 623 01a5 7E02     		.2byte	0x27e
 624 01a7 29010000 		.4byte	0x129
 625 01ab 00       		.byte	0
 626 01ac 0C       		.uleb128 0xc
 627 01ad 06060000 		.4byte	.LASF34
 628 01b1 03       		.byte	0x3
 629 01b2 7F02     		.2byte	0x27f
 630 01b4 35010000 		.4byte	0x135
 631 01b8 04       		.byte	0x4
 632 01b9 00       		.byte	0
 633 01ba 0A       		.uleb128 0xa
 634 01bb 73010000 		.4byte	.LASF35
 635 01bf 03       		.byte	0x3
 636 01c0 8002     		.2byte	0x280
 637 01c2 96010000 		.4byte	0x196
 638 01c6 0D       		.uleb128 0xd
 639 01c7 01       		.byte	0x1
ARM GAS  C:\Users\DHEERA~1\AppData\Local\Temp\ccTtv9ki.s 			page 13


 640 01c8 24000000 		.4byte	0x24
 641 01cc 03       		.byte	0x3
 642 01cd 8A02     		.2byte	0x28a
 643 01cf E0010000 		.4byte	0x1e0
 644 01d3 0E       		.uleb128 0xe
 645 01d4 5B040000 		.4byte	.LASF36
 646 01d8 00       		.byte	0
 647 01d9 0E       		.uleb128 0xe
 648 01da 24040000 		.4byte	.LASF37
 649 01de 01       		.byte	0x1
 650 01df 00       		.byte	0
 651 01e0 0A       		.uleb128 0xa
 652 01e1 9E020000 		.4byte	.LASF38
 653 01e5 03       		.byte	0x3
 654 01e6 8D02     		.2byte	0x28d
 655 01e8 C6010000 		.4byte	0x1c6
 656 01ec 0A       		.uleb128 0xa
 657 01ed CA020000 		.4byte	.LASF39
 658 01f1 03       		.byte	0x3
 659 01f2 9002     		.2byte	0x290
 660 01f4 E0010000 		.4byte	0x1e0
 661 01f8 0B       		.uleb128 0xb
 662 01f9 0C       		.byte	0xc
 663 01fa 03       		.byte	0x3
 664 01fb 9402     		.2byte	0x294
 665 01fd 27020000 		.4byte	0x227
 666 0201 0F       		.uleb128 0xf
 667 0202 6300     		.ascii	"c\000"
 668 0204 03       		.byte	0x3
 669 0205 9602     		.2byte	0x296
 670 0207 4D010000 		.4byte	0x14d
 671 020b 00       		.byte	0
 672 020c 0C       		.uleb128 0xc
 673 020d 63060000 		.4byte	.LASF40
 674 0211 03       		.byte	0x3
 675 0212 9802     		.2byte	0x298
 676 0214 35010000 		.4byte	0x135
 677 0218 04       		.byte	0x4
 678 0219 0C       		.uleb128 0xc
 679 021a 6E020000 		.4byte	.LASF41
 680 021e 03       		.byte	0x3
 681 021f 9A02     		.2byte	0x29a
 682 0221 EC010000 		.4byte	0x1ec
 683 0225 08       		.byte	0x8
 684 0226 00       		.byte	0
 685 0227 0A       		.uleb128 0xa
 686 0228 7B000000 		.4byte	.LASF42
 687 022c 03       		.byte	0x3
 688 022d 9B02     		.2byte	0x29b
 689 022f F8010000 		.4byte	0x1f8
 690 0233 0B       		.uleb128 0xb
 691 0234 10       		.byte	0x10
 692 0235 03       		.byte	0x3
 693 0236 9F02     		.2byte	0x29f
 694 0238 71020000 		.4byte	0x271
 695 023c 0C       		.uleb128 0xc
 696 023d D2030000 		.4byte	.LASF43
ARM GAS  C:\Users\DHEERA~1\AppData\Local\Temp\ccTtv9ki.s 			page 14


 697 0241 03       		.byte	0x3
 698 0242 A002     		.2byte	0x2a0
 699 0244 D6000000 		.4byte	0xd6
 700 0248 00       		.byte	0
 701 0249 0C       		.uleb128 0xc
 702 024a 50070000 		.4byte	.LASF44
 703 024e 03       		.byte	0x3
 704 024f A102     		.2byte	0x2a1
 705 0251 29010000 		.4byte	0x129
 706 0255 04       		.byte	0x4
 707 0256 0C       		.uleb128 0xc
 708 0257 75000000 		.4byte	.LASF45
 709 025b 03       		.byte	0x3
 710 025c A202     		.2byte	0x2a2
 711 025e 29010000 		.4byte	0x129
 712 0262 08       		.byte	0x8
 713 0263 0C       		.uleb128 0xc
 714 0264 00000000 		.4byte	.LASF46
 715 0268 03       		.byte	0x3
 716 0269 A302     		.2byte	0x2a3
 717 026b 35010000 		.4byte	0x135
 718 026f 0C       		.byte	0xc
 719 0270 00       		.byte	0
 720 0271 0A       		.uleb128 0xa
 721 0272 D7030000 		.4byte	.LASF47
 722 0276 03       		.byte	0x3
 723 0277 A402     		.2byte	0x2a4
 724 0279 33020000 		.4byte	0x233
 725 027d 0D       		.uleb128 0xd
 726 027e 01       		.byte	0x1
 727 027f 24000000 		.4byte	0x24
 728 0283 03       		.byte	0x3
 729 0284 A702     		.2byte	0x2a7
 730 0286 A3020000 		.4byte	0x2a3
 731 028a 0E       		.uleb128 0xe
 732 028b 23060000 		.4byte	.LASF48
 733 028f 00       		.byte	0
 734 0290 0E       		.uleb128 0xe
 735 0291 6B060000 		.4byte	.LASF49
 736 0295 01       		.byte	0x1
 737 0296 0E       		.uleb128 0xe
 738 0297 42060000 		.4byte	.LASF50
 739 029b 02       		.byte	0x2
 740 029c 0E       		.uleb128 0xe
 741 029d E5050000 		.4byte	.LASF51
 742 02a1 03       		.byte	0x3
 743 02a2 00       		.byte	0
 744 02a3 0A       		.uleb128 0xa
 745 02a4 1B010000 		.4byte	.LASF52
 746 02a8 03       		.byte	0x3
 747 02a9 AC02     		.2byte	0x2ac
 748 02ab 7D020000 		.4byte	0x27d
 749 02af 0A       		.uleb128 0xa
 750 02b0 C7060000 		.4byte	.LASF53
 751 02b4 03       		.byte	0x3
 752 02b5 AF02     		.2byte	0x2af
 753 02b7 A3020000 		.4byte	0x2a3
ARM GAS  C:\Users\DHEERA~1\AppData\Local\Temp\ccTtv9ki.s 			page 15


 754 02bb 0B       		.uleb128 0xb
 755 02bc 14       		.byte	0x14
 756 02bd 03       		.byte	0x3
 757 02be B202     		.2byte	0x2b2
 758 02c0 04030000 		.4byte	0x304
 759 02c4 0C       		.uleb128 0xc
 760 02c5 9D060000 		.4byte	.LASF54
 761 02c9 03       		.byte	0x3
 762 02ca B302     		.2byte	0x2b3
 763 02cc AF020000 		.4byte	0x2af
 764 02d0 00       		.byte	0
 765 02d1 0C       		.uleb128 0xc
 766 02d2 61070000 		.4byte	.LASF55
 767 02d6 03       		.byte	0x3
 768 02d7 B402     		.2byte	0x2b4
 769 02d9 11010000 		.4byte	0x111
 770 02dd 04       		.byte	0x4
 771 02de 0C       		.uleb128 0xc
 772 02df 63050000 		.4byte	.LASF56
 773 02e3 03       		.byte	0x3
 774 02e4 B602     		.2byte	0x2b6
 775 02e6 1D010000 		.4byte	0x11d
 776 02ea 08       		.byte	0x8
 777 02eb 0F       		.uleb128 0xf
 778 02ec 6600     		.ascii	"f\000"
 779 02ee 03       		.byte	0x3
 780 02ef B802     		.2byte	0x2b8
 781 02f1 9F000000 		.4byte	0x9f
 782 02f5 0C       		.byte	0xc
 783 02f6 0C       		.uleb128 0xc
 784 02f7 89040000 		.4byte	.LASF57
 785 02fb 03       		.byte	0x3
 786 02fc BA02     		.2byte	0x2ba
 787 02fe 4D010000 		.4byte	0x14d
 788 0302 10       		.byte	0x10
 789 0303 00       		.byte	0
 790 0304 0A       		.uleb128 0xa
 791 0305 04040000 		.4byte	.LASF58
 792 0309 03       		.byte	0x3
 793 030a BB02     		.2byte	0x2bb
 794 030c BB020000 		.4byte	0x2bb
 795 0310 0B       		.uleb128 0xb
 796 0311 04       		.byte	0x4
 797 0312 03       		.byte	0x3
 798 0313 BD02     		.2byte	0x2bd
 799 0315 27030000 		.4byte	0x327
 800 0319 0C       		.uleb128 0xc
 801 031a 54030000 		.4byte	.LASF59
 802 031e 03       		.byte	0x3
 803 031f BF02     		.2byte	0x2bf
 804 0321 41010000 		.4byte	0x141
 805 0325 00       		.byte	0
 806 0326 00       		.byte	0
 807 0327 0A       		.uleb128 0xa
 808 0328 0E020000 		.4byte	.LASF60
 809 032c 03       		.byte	0x3
 810 032d C402     		.2byte	0x2c4
ARM GAS  C:\Users\DHEERA~1\AppData\Local\Temp\ccTtv9ki.s 			page 16


 811 032f 10030000 		.4byte	0x310
 812 0333 10       		.uleb128 0x10
 813 0334 54020000 		.4byte	.LASF62
 814 0338 08       		.byte	0x8
 815 0339 03       		.byte	0x3
 816 033a 0E04     		.2byte	0x40e
 817 033c 5A030000 		.4byte	0x35a
 818 0340 0F       		.uleb128 0xf
 819 0341 6E7400   		.ascii	"nt\000"
 820 0344 03       		.byte	0x3
 821 0345 0F04     		.2byte	0x40f
 822 0347 B5000000 		.4byte	0xb5
 823 034b 00       		.byte	0
 824 034c 0C       		.uleb128 0xc
 825 034d A9060000 		.4byte	.LASF63
 826 0351 03       		.byte	0x3
 827 0352 1004     		.2byte	0x410
 828 0354 6A030000 		.4byte	0x36a
 829 0358 04       		.byte	0x4
 830 0359 00       		.byte	0
 831 035a 11       		.uleb128 0x11
 832 035b 65030000 		.4byte	0x365
 833 035f 65030000 		.4byte	0x365
 834 0363 12       		.uleb128 0x12
 835 0364 00       		.byte	0
 836 0365 13       		.uleb128 0x13
 837 0366 E1000000 		.4byte	0xe1
 838 036a 06       		.uleb128 0x6
 839 036b 04       		.byte	0x4
 840 036c 5A030000 		.4byte	0x35a
 841 0370 11       		.uleb128 0x11
 842 0371 65030000 		.4byte	0x365
 843 0375 80030000 		.4byte	0x380
 844 0379 14       		.uleb128 0x14
 845 037a 80030000 		.4byte	0x380
 846 037e 00       		.byte	0
 847 037f 00       		.byte	0
 848 0380 02       		.uleb128 0x2
 849 0381 04       		.byte	0x4
 850 0382 07       		.byte	0x7
 851 0383 92030000 		.4byte	.LASF64
 852 0387 15       		.uleb128 0x15
 853 0388 CA000000 		.4byte	.LASF115
 854 038c 05       		.byte	0x5
 855 038d 6507     		.2byte	0x765
 856 038f 99030000 		.4byte	0x399
 857 0393 05       		.uleb128 0x5
 858 0394 03       		.byte	0x3
 859 0395 08000000 		.4byte	EE_oo_autostart_task_mode_OSDEFAULTAPPMODE
 860 0399 13       		.uleb128 0x13
 861 039a 70030000 		.4byte	0x370
 862 039e 11       		.uleb128 0x11
 863 039f AE030000 		.4byte	0x3ae
 864 03a3 AE030000 		.4byte	0x3ae
 865 03a7 14       		.uleb128 0x14
 866 03a8 80030000 		.4byte	0x380
 867 03ac 04       		.byte	0x4
ARM GAS  C:\Users\DHEERA~1\AppData\Local\Temp\ccTtv9ki.s 			page 17


 868 03ad 00       		.byte	0
 869 03ae 13       		.uleb128 0x13
 870 03af AA000000 		.4byte	0xaa
 871 03b3 16       		.uleb128 0x16
 872 03b4 7B060000 		.4byte	.LASF65
 873 03b8 05       		.byte	0x5
 874 03b9 D2       		.byte	0xd2
 875 03ba C4030000 		.4byte	0x3c4
 876 03be 05       		.uleb128 0x5
 877 03bf 03       		.byte	0x3
 878 03c0 00000000 		.4byte	EE_hal_thread_body
 879 03c4 13       		.uleb128 0x13
 880 03c5 9E030000 		.4byte	0x39e
 881 03c9 11       		.uleb128 0x11
 882 03ca D9030000 		.4byte	0x3d9
 883 03ce D9030000 		.4byte	0x3d9
 884 03d2 14       		.uleb128 0x14
 885 03d3 80030000 		.4byte	0x380
 886 03d7 05       		.byte	0x5
 887 03d8 00       		.byte	0
 888 03d9 13       		.uleb128 0x13
 889 03da B5000000 		.4byte	0xb5
 890 03de 16       		.uleb128 0x16
 891 03df D3050000 		.4byte	.LASF66
 892 03e3 05       		.byte	0x5
 893 03e4 71       		.byte	0x71
 894 03e5 EF030000 		.4byte	0x3ef
 895 03e9 05       		.uleb128 0x5
 896 03ea 03       		.byte	0x3
 897 03eb 00000000 		.4byte	EE_std_thread_tos
 898 03ef 13       		.uleb128 0x13
 899 03f0 C9030000 		.4byte	0x3c9
 900 03f4 11       		.uleb128 0x11
 901 03f5 80000000 		.4byte	0x80
 902 03f9 04040000 		.4byte	0x404
 903 03fd 14       		.uleb128 0x14
 904 03fe 80030000 		.4byte	0x380
 905 0402 04       		.byte	0x4
 906 0403 00       		.byte	0
 907 0404 16       		.uleb128 0x16
 908 0405 2B070000 		.4byte	.LASF67
 909 0409 05       		.byte	0x5
 910 040a ED       		.byte	0xed
 911 040b F4030000 		.4byte	0x3f4
 912 040f 05       		.uleb128 0x5
 913 0410 03       		.byte	0x3
 914 0411 00000000 		.4byte	EE_terminate_data
 915 0415 16       		.uleb128 0x16
 916 0416 6F040000 		.4byte	.LASF68
 917 041a 05       		.byte	0x5
 918 041b F0       		.byte	0xf0
 919 041c 26040000 		.4byte	0x426
 920 0420 05       		.uleb128 0x5
 921 0421 03       		.byte	0x3
 922 0422 00000000 		.4byte	EE_terminate_real_th_body
 923 0426 13       		.uleb128 0x13
 924 0427 9E030000 		.4byte	0x39e
ARM GAS  C:\Users\DHEERA~1\AppData\Local\Temp\ccTtv9ki.s 			page 18


 925 042b 11       		.uleb128 0x11
 926 042c EC000000 		.4byte	0xec
 927 0430 3B040000 		.4byte	0x43b
 928 0434 14       		.uleb128 0x14
 929 0435 80030000 		.4byte	0x380
 930 0439 01       		.byte	0x1
 931 043a 00       		.byte	0
 932 043b 16       		.uleb128 0x16
 933 043c 35040000 		.4byte	.LASF69
 934 0440 05       		.byte	0x5
 935 0441 8D       		.byte	0x8d
 936 0442 2B040000 		.4byte	0x42b
 937 0446 05       		.uleb128 0x5
 938 0447 03       		.byte	0x3
 939 0448 00000000 		.4byte	EE_cortex_mx_system_tos
 940 044c 16       		.uleb128 0x16
 941 044d 5B010000 		.4byte	.LASF70
 942 0451 05       		.byte	0x5
 943 0452 A9       		.byte	0xa9
 944 0453 B5000000 		.4byte	0xb5
 945 0457 05       		.uleb128 0x5
 946 0458 03       		.byte	0x3
 947 0459 00000000 		.4byte	EE_cortex_mx_active_tos
 948 045d 11       		.uleb128 0x11
 949 045e D9030000 		.4byte	0x3d9
 950 0462 6D040000 		.4byte	0x46d
 951 0466 14       		.uleb128 0x14
 952 0467 80030000 		.4byte	0x380
 953 046b 04       		.byte	0x4
 954 046c 00       		.byte	0
 955 046d 17       		.uleb128 0x17
 956 046e 32060000 		.4byte	.LASF71
 957 0472 05       		.byte	0x5
 958 0473 E202     		.2byte	0x2e2
 959 0475 7F040000 		.4byte	0x47f
 960 0479 05       		.uleb128 0x5
 961 047a 03       		.byte	0x3
 962 047b 00000000 		.4byte	EE_th_rnact_max
 963 047f 13       		.uleb128 0x13
 964 0480 5D040000 		.4byte	0x45d
 965 0484 17       		.uleb128 0x17
 966 0485 D6060000 		.4byte	.LASF72
 967 0489 05       		.byte	0x5
 968 048a 0C01     		.2byte	0x10c
 969 048c 96040000 		.4byte	0x496
 970 0490 05       		.uleb128 0x5
 971 0491 03       		.byte	0x3
 972 0492 00000000 		.4byte	EE_th_ready_prio
 973 0496 13       		.uleb128 0x13
 974 0497 5D040000 		.4byte	0x45d
 975 049b 17       		.uleb128 0x17
 976 049c F5020000 		.4byte	.LASF73
 977 04a0 05       		.byte	0x5
 978 04a1 4502     		.2byte	0x245
 979 04a3 AD040000 		.4byte	0x4ad
 980 04a7 05       		.uleb128 0x5
 981 04a8 03       		.byte	0x3
ARM GAS  C:\Users\DHEERA~1\AppData\Local\Temp\ccTtv9ki.s 			page 19


 982 04a9 00000000 		.4byte	EE_th_dispatch_prio
 983 04ad 13       		.uleb128 0x13
 984 04ae 5D040000 		.4byte	0x45d
 985 04b2 11       		.uleb128 0x11
 986 04b3 C2040000 		.4byte	0x4c2
 987 04b7 C2040000 		.4byte	0x4c2
 988 04bb 14       		.uleb128 0x14
 989 04bc 80030000 		.4byte	0x380
 990 04c0 04       		.byte	0x4
 991 04c1 00       		.byte	0
 992 04c2 06       		.uleb128 0x6
 993 04c3 04       		.byte	0x4
 994 04c4 CF040000 		.4byte	0x4cf
 995 04c8 02       		.uleb128 0x2
 996 04c9 01       		.byte	0x1
 997 04ca 08       		.byte	0x8
 998 04cb 1E060000 		.4byte	.LASF74
 999 04cf 13       		.uleb128 0x13
 1000 04d0 C8040000 		.4byte	0x4c8
 1001 04d4 17       		.uleb128 0x17
 1002 04d5 B1040000 		.4byte	.LASF75
 1003 04d9 05       		.byte	0x5
 1004 04da 2801     		.2byte	0x128
 1005 04dc B2040000 		.4byte	0x4b2
 1006 04e0 05       		.uleb128 0x5
 1007 04e1 03       		.byte	0x3
 1008 04e2 00000000 		.4byte	EE_TASK_NAME
 1009 04e6 11       		.uleb128 0x11
 1010 04e7 C2040000 		.4byte	0x4c2
 1011 04eb F6040000 		.4byte	0x4f6
 1012 04ef 14       		.uleb128 0x14
 1013 04f0 80030000 		.4byte	0x380
 1014 04f4 02       		.byte	0x2
 1015 04f5 00       		.byte	0
 1016 04f6 17       		.uleb128 0x17
 1017 04f7 40010000 		.4byte	.LASF76
 1018 04fb 05       		.byte	0x5
 1019 04fc 8101     		.2byte	0x181
 1020 04fe E6040000 		.4byte	0x4e6
 1021 0502 05       		.uleb128 0x5
 1022 0503 03       		.byte	0x3
 1023 0504 00000000 		.4byte	EE_EVENT_NAME
 1024 0508 17       		.uleb128 0x17
 1025 0509 23020000 		.4byte	.LASF77
 1026 050d 05       		.byte	0x5
 1027 050e 3D06     		.2byte	0x63d
 1028 0510 B2040000 		.4byte	0x4b2
 1029 0514 05       		.uleb128 0x5
 1030 0515 03       		.byte	0x3
 1031 0516 00000000 		.4byte	EE_ALARM_NAME
 1032 051a 11       		.uleb128 0x11
 1033 051b 2A050000 		.4byte	0x52a
 1034 051f 2A050000 		.4byte	0x52a
 1035 0523 14       		.uleb128 0x14
 1036 0524 80030000 		.4byte	0x380
 1037 0528 02       		.byte	0x2
 1038 0529 00       		.byte	0
ARM GAS  C:\Users\DHEERA~1\AppData\Local\Temp\ccTtv9ki.s 			page 20


 1039 052a 13       		.uleb128 0x13
 1040 052b 40000000 		.4byte	0x40
 1041 052f 17       		.uleb128 0x17
 1042 0530 8A010000 		.4byte	.LASF78
 1043 0534 05       		.byte	0x5
 1044 0535 E201     		.2byte	0x1e2
 1045 0537 41050000 		.4byte	0x541
 1046 053b 05       		.uleb128 0x5
 1047 053c 03       		.byte	0x3
 1048 053d 00000000 		.4byte	EE_EVENT_ID
 1049 0541 13       		.uleb128 0x13
 1050 0542 1A050000 		.4byte	0x51a
 1051 0546 11       		.uleb128 0x11
 1052 0547 2A050000 		.4byte	0x52a
 1053 054b 56050000 		.4byte	0x556
 1054 054f 14       		.uleb128 0x14
 1055 0550 80030000 		.4byte	0x380
 1056 0554 04       		.byte	0x4
 1057 0555 00       		.byte	0
 1058 0556 17       		.uleb128 0x17
 1059 0557 F5000000 		.4byte	.LASF79
 1060 055b 05       		.byte	0x5
 1061 055c 5906     		.2byte	0x659
 1062 055e 68050000 		.4byte	0x568
 1063 0562 05       		.uleb128 0x5
 1064 0563 03       		.byte	0x3
 1065 0564 00000000 		.4byte	EE_ALARM_ID
 1066 0568 13       		.uleb128 0x13
 1067 0569 46050000 		.4byte	0x546
 1068 056d 11       		.uleb128 0x11
 1069 056e B5000000 		.4byte	0xb5
 1070 0572 7D050000 		.4byte	0x57d
 1071 0576 14       		.uleb128 0x14
 1072 0577 80030000 		.4byte	0x380
 1073 057b 04       		.byte	0x4
 1074 057c 00       		.byte	0
 1075 057d 17       		.uleb128 0x17
 1076 057e BD020000 		.4byte	.LASF80
 1077 0582 05       		.byte	0x5
 1078 0583 8102     		.2byte	0x281
 1079 0585 6D050000 		.4byte	0x56d
 1080 0589 05       		.uleb128 0x5
 1081 058a 03       		.byte	0x3
 1082 058b 00000000 		.4byte	EE_th_status
 1083 058f 11       		.uleb128 0x11
 1084 0590 E1000000 		.4byte	0xe1
 1085 0594 9F050000 		.4byte	0x59f
 1086 0598 14       		.uleb128 0x14
 1087 0599 80030000 		.4byte	0x380
 1088 059d 04       		.byte	0x4
 1089 059e 00       		.byte	0
 1090 059f 17       		.uleb128 0x17
 1091 05a0 64040000 		.4byte	.LASF81
 1092 05a4 05       		.byte	0x5
 1093 05a5 9D02     		.2byte	0x29d
 1094 05a7 8F050000 		.4byte	0x58f
 1095 05ab 05       		.uleb128 0x5
ARM GAS  C:\Users\DHEERA~1\AppData\Local\Temp\ccTtv9ki.s 			page 21


 1096 05ac 03       		.byte	0x3
 1097 05ad 00000000 		.4byte	EE_th_next
 1098 05b1 17       		.uleb128 0x17
 1099 05b2 E7060000 		.4byte	.LASF82
 1100 05b6 05       		.byte	0x5
 1101 05b7 C702     		.2byte	0x2c7
 1102 05b9 6D050000 		.4byte	0x56d
 1103 05bd 05       		.uleb128 0x5
 1104 05be 03       		.byte	0x3
 1105 05bf 00000000 		.4byte	EE_th_rnact
 1106 05c3 17       		.uleb128 0x17
 1107 05c4 05000000 		.4byte	.LASF83
 1108 05c8 05       		.byte	0x5
 1109 05c9 7703     		.2byte	0x377
 1110 05cb 8F050000 		.4byte	0x58f
 1111 05cf 05       		.uleb128 0x5
 1112 05d0 03       		.byte	0x3
 1113 05d1 00000000 		.4byte	EE_th_terminate_nextask
 1114 05d5 17       		.uleb128 0x17
 1115 05d6 26000000 		.4byte	.LASF84
 1116 05da 05       		.byte	0x5
 1117 05db B902     		.2byte	0x2b9
 1118 05dd E1000000 		.4byte	0xe1
 1119 05e1 05       		.uleb128 0x5
 1120 05e2 03       		.byte	0x3
 1121 05e3 00000000 		.4byte	EE_stkfirst
 1122 05e7 17       		.uleb128 0x17
 1123 05e8 8E060000 		.4byte	.LASF85
 1124 05ec 05       		.byte	0x5
 1125 05ed BC02     		.2byte	0x2bc
 1126 05ef B5000000 		.4byte	0xb5
 1127 05f3 05       		.uleb128 0x5
 1128 05f4 03       		.byte	0x3
 1129 05f5 00000000 		.4byte	EE_sys_ceiling
 1130 05f9 17       		.uleb128 0x17
 1131 05fa B2030000 		.4byte	.LASF86
 1132 05fe 05       		.byte	0x5
 1133 05ff FD02     		.2byte	0x2fd
 1134 0601 6D050000 		.4byte	0x56d
 1135 0605 05       		.uleb128 0x5
 1136 0606 03       		.byte	0x3
 1137 0607 00000000 		.4byte	EE_rq_link
 1138 060b 11       		.uleb128 0x11
 1139 060c C0000000 		.4byte	0xc0
 1140 0610 1B060000 		.4byte	0x61b
 1141 0614 14       		.uleb128 0x14
 1142 0615 80030000 		.4byte	0x380
 1143 0619 0F       		.byte	0xf
 1144 061a 00       		.byte	0
 1145 061b 17       		.uleb128 0x17
 1146 061c 9F010000 		.4byte	.LASF87
 1147 0620 05       		.byte	0x5
 1148 0621 BF02     		.2byte	0x2bf
 1149 0623 0B060000 		.4byte	0x60b
 1150 0627 05       		.uleb128 0x5
 1151 0628 03       		.byte	0x3
 1152 0629 00000000 		.4byte	EE_rq_queues_head
ARM GAS  C:\Users\DHEERA~1\AppData\Local\Temp\ccTtv9ki.s 			page 22


 1153 062d 17       		.uleb128 0x17
 1154 062e C1050000 		.4byte	.LASF88
 1155 0632 05       		.byte	0x5
 1156 0633 C102     		.2byte	0x2c1
 1157 0635 0B060000 		.4byte	0x60b
 1158 0639 05       		.uleb128 0x5
 1159 063a 03       		.byte	0x3
 1160 063b 00000000 		.4byte	EE_rq_queues_tail
 1161 063f 11       		.uleb128 0x11
 1162 0640 C0000000 		.4byte	0xc0
 1163 0644 4F060000 		.4byte	0x64f
 1164 0648 14       		.uleb128 0x14
 1165 0649 80030000 		.4byte	0x380
 1166 064d 04       		.byte	0x4
 1167 064e 00       		.byte	0
 1168 064f 17       		.uleb128 0x17
 1169 0650 99000000 		.4byte	.LASF89
 1170 0654 05       		.byte	0x5
 1171 0655 1B03     		.2byte	0x31b
 1172 0657 3F060000 		.4byte	0x63f
 1173 065b 05       		.uleb128 0x5
 1174 065c 03       		.byte	0x3
 1175 065d 00000000 		.4byte	EE_rq_pairs_next
 1176 0661 17       		.uleb128 0x17
 1177 0662 F3060000 		.4byte	.LASF90
 1178 0666 05       		.byte	0x5
 1179 0667 7003     		.2byte	0x370
 1180 0669 8F050000 		.4byte	0x58f
 1181 066d 05       		.uleb128 0x5
 1182 066e 03       		.byte	0x3
 1183 066f 00000000 		.4byte	EE_rq_pairs_tid
 1184 0673 17       		.uleb128 0x17
 1185 0674 F8050000 		.4byte	.LASF91
 1186 0678 05       		.byte	0x5
 1187 0679 C402     		.2byte	0x2c4
 1188 067b 05010000 		.4byte	0x105
 1189 067f 05       		.uleb128 0x5
 1190 0680 03       		.byte	0x3
 1191 0681 00000000 		.4byte	EE_rq_bitmask
 1192 0685 17       		.uleb128 0x17
 1193 0686 A7030000 		.4byte	.LASF92
 1194 068a 05       		.byte	0x5
 1195 068b 7303     		.2byte	0x373
 1196 068d C0000000 		.4byte	0xc0
 1197 0691 05       		.uleb128 0x5
 1198 0692 03       		.byte	0x3
 1199 0693 00000000 		.4byte	EE_rq_free
 1200 0697 17       		.uleb128 0x17
 1201 0698 3D070000 		.4byte	.LASF93
 1202 069c 05       		.byte	0x5
 1203 069d 9A03     		.2byte	0x39a
 1204 069f 6D050000 		.4byte	0x56d
 1205 06a3 05       		.uleb128 0x5
 1206 06a4 03       		.byte	0x3
 1207 06a5 00000000 		.4byte	EE_th_event_active
 1208 06a9 17       		.uleb128 0x17
 1209 06aa 9C040000 		.4byte	.LASF94
ARM GAS  C:\Users\DHEERA~1\AppData\Local\Temp\ccTtv9ki.s 			page 23


 1210 06ae 05       		.byte	0x5
 1211 06af B603     		.2byte	0x3b6
 1212 06b1 6D050000 		.4byte	0x56d
 1213 06b5 05       		.uleb128 0x5
 1214 06b6 03       		.byte	0x3
 1215 06b7 00000000 		.4byte	EE_th_event_waitmask
 1216 06bb 11       		.uleb128 0x11
 1217 06bc D6000000 		.4byte	0xd6
 1218 06c0 CB060000 		.4byte	0x6cb
 1219 06c4 14       		.uleb128 0x14
 1220 06c5 80030000 		.4byte	0x380
 1221 06c9 04       		.byte	0x4
 1222 06ca 00       		.byte	0
 1223 06cb 17       		.uleb128 0x17
 1224 06cc 43020000 		.4byte	.LASF95
 1225 06d0 05       		.byte	0x5
 1226 06d1 D203     		.2byte	0x3d2
 1227 06d3 BB060000 		.4byte	0x6bb
 1228 06d7 05       		.uleb128 0x5
 1229 06d8 03       		.byte	0x3
 1230 06d9 00000000 		.4byte	EE_th_waswaiting
 1231 06dd 17       		.uleb128 0x17
 1232 06de 75070000 		.4byte	.LASF96
 1233 06e2 05       		.byte	0x5
 1234 06e3 EE03     		.2byte	0x3ee
 1235 06e5 EF060000 		.4byte	0x6ef
 1236 06e9 05       		.uleb128 0x5
 1237 06ea 03       		.byte	0x3
 1238 06eb 00000000 		.4byte	EE_th_is_extended
 1239 06ef 13       		.uleb128 0x13
 1240 06f0 5D040000 		.4byte	0x45d
 1241 06f4 11       		.uleb128 0x11
 1242 06f5 04070000 		.4byte	0x704
 1243 06f9 04070000 		.4byte	0x704
 1244 06fd 14       		.uleb128 0x14
 1245 06fe 80030000 		.4byte	0x380
 1246 0702 00       		.byte	0
 1247 0703 00       		.byte	0
 1248 0704 13       		.uleb128 0x13
 1249 0705 8A010000 		.4byte	0x18a
 1250 0709 17       		.uleb128 0x17
 1251 070a F5030000 		.4byte	.LASF97
 1252 070e 05       		.byte	0x5
 1253 070f FF05     		.2byte	0x5ff
 1254 0711 1B070000 		.4byte	0x71b
 1255 0715 05       		.uleb128 0x5
 1256 0716 03       		.byte	0x3
 1257 0717 00000000 		.4byte	EE_counter_ROM
 1258 071b 13       		.uleb128 0x13
 1259 071c F4060000 		.4byte	0x6f4
 1260 0720 11       		.uleb128 0x11
 1261 0721 30070000 		.4byte	0x730
 1262 0725 30070000 		.4byte	0x730
 1263 0729 14       		.uleb128 0x14
 1264 072a 80030000 		.4byte	0x380
 1265 072e 04       		.byte	0x4
 1266 072f 00       		.byte	0
ARM GAS  C:\Users\DHEERA~1\AppData\Local\Temp\ccTtv9ki.s 			page 24


 1267 0730 13       		.uleb128 0x13
 1268 0731 27020000 		.4byte	0x227
 1269 0735 17       		.uleb128 0x17
 1270 0736 3B030000 		.4byte	.LASF98
 1271 073a 05       		.byte	0x5
 1272 073b 9606     		.2byte	0x696
 1273 073d 47070000 		.4byte	0x747
 1274 0741 05       		.uleb128 0x5
 1275 0742 03       		.byte	0x3
 1276 0743 00000000 		.4byte	EE_oo_counter_object_ROM
 1277 0747 13       		.uleb128 0x13
 1278 0748 20070000 		.4byte	0x720
 1279 074c 11       		.uleb128 0x11
 1280 074d 5C070000 		.4byte	0x75c
 1281 0751 5C070000 		.4byte	0x75c
 1282 0755 14       		.uleb128 0x14
 1283 0756 80030000 		.4byte	0x380
 1284 075a 04       		.byte	0x4
 1285 075b 00       		.byte	0
 1286 075c 13       		.uleb128 0x13
 1287 075d 04030000 		.4byte	0x304
 1288 0761 17       		.uleb128 0x17
 1289 0762 71030000 		.4byte	.LASF99
 1290 0766 05       		.byte	0x5
 1291 0767 BA06     		.2byte	0x6ba
 1292 0769 73070000 		.4byte	0x773
 1293 076d 05       		.uleb128 0x5
 1294 076e 03       		.byte	0x3
 1295 076f 00000000 		.4byte	EE_oo_action_ROM
 1296 0773 13       		.uleb128 0x13
 1297 0774 4C070000 		.4byte	0x74c
 1298 0778 11       		.uleb128 0x11
 1299 0779 88070000 		.4byte	0x788
 1300 077d 88070000 		.4byte	0x788
 1301 0781 14       		.uleb128 0x14
 1302 0782 80030000 		.4byte	0x380
 1303 0786 04       		.byte	0x4
 1304 0787 00       		.byte	0
 1305 0788 13       		.uleb128 0x13
 1306 0789 27030000 		.4byte	0x327
 1307 078d 17       		.uleb128 0x17
 1308 078e 4E010000 		.4byte	.LASF100
 1309 0792 05       		.byte	0x5
 1310 0793 2006     		.2byte	0x620
 1311 0795 9F070000 		.4byte	0x79f
 1312 0799 05       		.uleb128 0x5
 1313 079a 03       		.byte	0x3
 1314 079b 00000000 		.4byte	EE_alarm_ROM
 1315 079f 13       		.uleb128 0x13
 1316 07a0 78070000 		.4byte	0x778
 1317 07a4 11       		.uleb128 0x11
 1318 07a5 BA010000 		.4byte	0x1ba
 1319 07a9 B4070000 		.4byte	0x7b4
 1320 07ad 14       		.uleb128 0x14
 1321 07ae 80030000 		.4byte	0x380
 1322 07b2 00       		.byte	0
 1323 07b3 00       		.byte	0
ARM GAS  C:\Users\DHEERA~1\AppData\Local\Temp\ccTtv9ki.s 			page 25


 1324 07b4 17       		.uleb128 0x17
 1325 07b5 54060000 		.4byte	.LASF101
 1326 07b9 05       		.byte	0x5
 1327 07ba 0C06     		.2byte	0x60c
 1328 07bc A4070000 		.4byte	0x7a4
 1329 07c0 05       		.uleb128 0x5
 1330 07c1 03       		.byte	0x3
 1331 07c2 00000000 		.4byte	EE_counter_RAM
 1332 07c6 11       		.uleb128 0x11
 1333 07c7 71020000 		.4byte	0x271
 1334 07cb D6070000 		.4byte	0x7d6
 1335 07cf 14       		.uleb128 0x14
 1336 07d0 80030000 		.4byte	0x380
 1337 07d4 04       		.byte	0x4
 1338 07d5 00       		.byte	0
 1339 07d6 17       		.uleb128 0x17
 1340 07d7 AE060000 		.4byte	.LASF102
 1341 07db 05       		.byte	0x5
 1342 07dc B106     		.2byte	0x6b1
 1343 07de C6070000 		.4byte	0x7c6
 1344 07e2 05       		.uleb128 0x5
 1345 07e3 03       		.byte	0x3
 1346 07e4 00000000 		.4byte	EE_oo_counter_object_RAM
 1347 07e8 11       		.uleb128 0x11
 1348 07e9 F8070000 		.4byte	0x7f8
 1349 07ed F8070000 		.4byte	0x7f8
 1350 07f1 14       		.uleb128 0x14
 1351 07f2 80030000 		.4byte	0x380
 1352 07f6 00       		.byte	0
 1353 07f7 00       		.byte	0
 1354 07f8 13       		.uleb128 0x13
 1355 07f9 33030000 		.4byte	0x333
 1356 07fd 17       		.uleb128 0x17
 1357 07fe B7070000 		.4byte	.LASF103
 1358 0802 05       		.byte	0x5
 1359 0803 9607     		.2byte	0x796
 1360 0805 0F080000 		.4byte	0x80f
 1361 0809 05       		.uleb128 0x5
 1362 080a 03       		.byte	0x3
 1363 080b 00000000 		.4byte	EE_oo_autostart_task_data
 1364 080f 13       		.uleb128 0x13
 1365 0810 E8070000 		.4byte	0x7e8
 1366 0814 18       		.uleb128 0x18
 1367 0815 86020000 		.4byte	.LASF104
 1368 0819 06       		.byte	0x6
 1369 081a 40       		.byte	0x40
 1370 081b B5000000 		.4byte	0xb5
 1371 081f 18       		.uleb128 0x18
 1372 0820 B1010000 		.4byte	.LASF105
 1373 0824 06       		.byte	0x6
 1374 0825 47       		.byte	0x47
 1375 0826 CB000000 		.4byte	0xcb
 1376 082a 17       		.uleb128 0x17
 1377 082b 5E030000 		.4byte	.LASF106
 1378 082f 05       		.byte	0x5
 1379 0830 5C07     		.2byte	0x75c
 1380 0832 B5000000 		.4byte	0xb5
ARM GAS  C:\Users\DHEERA~1\AppData\Local\Temp\ccTtv9ki.s 			page 26


 1381 0836 05       		.uleb128 0x5
 1382 0837 03       		.byte	0x3
 1383 0838 00000000 		.4byte	EE_ApplicationMode
 1384 083c 18       		.uleb128 0x18
 1385 083d CA010000 		.4byte	.LASF107
 1386 0841 07       		.byte	0x7
 1387 0842 48       		.byte	0x48
 1388 0843 E1000000 		.4byte	0xe1
 1389 0847 18       		.uleb128 0x18
 1390 0848 03070000 		.4byte	.LASF108
 1391 084c 08       		.byte	0x8
 1392 084d 44       		.byte	0x44
 1393 084e B5000000 		.4byte	0xb5
 1394 0852 16       		.uleb128 0x16
 1395 0853 49000000 		.4byte	.LASF109
 1396 0857 05       		.byte	0x5
 1397 0858 AD       		.byte	0xad
 1398 0859 EC000000 		.4byte	0xec
 1399 085d 05       		.uleb128 0x5
 1400 085e 03       		.byte	0x3
 1401 085f 00000000 		.4byte	EE_cortex_mx_IRQ_tos
 1402 0863 11       		.uleb128 0x11
 1403 0864 55000000 		.4byte	0x55
 1404 0868 74080000 		.4byte	0x874
 1405 086c 19       		.uleb128 0x19
 1406 086d 80030000 		.4byte	0x380
 1407 0871 F301     		.2byte	0x1f3
 1408 0873 00       		.byte	0
 1409 0874 16       		.uleb128 0x16
 1410 0875 E0020000 		.4byte	.LASF110
 1411 0879 05       		.byte	0x5
 1412 087a 15       		.byte	0x15
 1413 087b 63080000 		.4byte	0x863
 1414 087f 05       		.uleb128 0x5
 1415 0880 03       		.byte	0x3
 1416 0881 00000000 		.4byte	EE_cortex_mx_stack_2
 1417 0885 11       		.uleb128 0x11
 1418 0886 55000000 		.4byte	0x55
 1419 088a 95080000 		.4byte	0x895
 1420 088e 14       		.uleb128 0x14
 1421 088f 80030000 		.4byte	0x380
 1422 0893 7F       		.byte	0x7f
 1423 0894 00       		.byte	0
 1424 0895 16       		.uleb128 0x16
 1425 0896 09030000 		.4byte	.LASF111
 1426 089a 05       		.byte	0x5
 1427 089b 32       		.byte	0x32
 1428 089c 85080000 		.4byte	0x885
 1429 08a0 05       		.uleb128 0x5
 1430 08a1 03       		.byte	0x3
 1431 08a2 00000000 		.4byte	EE_cortex_mx_stack_9
 1432 08a6 00       		.byte	0
 1433              		.section	.debug_abbrev,"",%progbits
 1434              	.Ldebug_abbrev0:
 1435 0000 01       		.uleb128 0x1
 1436 0001 11       		.uleb128 0x11
 1437 0002 01       		.byte	0x1
ARM GAS  C:\Users\DHEERA~1\AppData\Local\Temp\ccTtv9ki.s 			page 27


 1438 0003 25       		.uleb128 0x25
 1439 0004 0E       		.uleb128 0xe
 1440 0005 13       		.uleb128 0x13
 1441 0006 0B       		.uleb128 0xb
 1442 0007 03       		.uleb128 0x3
 1443 0008 0E       		.uleb128 0xe
 1444 0009 1B       		.uleb128 0x1b
 1445 000a 0E       		.uleb128 0xe
 1446 000b 10       		.uleb128 0x10
 1447 000c 17       		.uleb128 0x17
 1448 000d 00       		.byte	0
 1449 000e 00       		.byte	0
 1450 000f 02       		.uleb128 0x2
 1451 0010 24       		.uleb128 0x24
 1452 0011 00       		.byte	0
 1453 0012 0B       		.uleb128 0xb
 1454 0013 0B       		.uleb128 0xb
 1455 0014 3E       		.uleb128 0x3e
 1456 0015 0B       		.uleb128 0xb
 1457 0016 03       		.uleb128 0x3
 1458 0017 0E       		.uleb128 0xe
 1459 0018 00       		.byte	0
 1460 0019 00       		.byte	0
 1461 001a 03       		.uleb128 0x3
 1462 001b 24       		.uleb128 0x24
 1463 001c 00       		.byte	0
 1464 001d 0B       		.uleb128 0xb
 1465 001e 0B       		.uleb128 0xb
 1466 001f 3E       		.uleb128 0x3e
 1467 0020 0B       		.uleb128 0xb
 1468 0021 03       		.uleb128 0x3
 1469 0022 08       		.uleb128 0x8
 1470 0023 00       		.byte	0
 1471 0024 00       		.byte	0
 1472 0025 04       		.uleb128 0x4
 1473 0026 16       		.uleb128 0x16
 1474 0027 00       		.byte	0
 1475 0028 03       		.uleb128 0x3
 1476 0029 0E       		.uleb128 0xe
 1477 002a 3A       		.uleb128 0x3a
 1478 002b 0B       		.uleb128 0xb
 1479 002c 3B       		.uleb128 0x3b
 1480 002d 0B       		.uleb128 0xb
 1481 002e 49       		.uleb128 0x49
 1482 002f 13       		.uleb128 0x13
 1483 0030 00       		.byte	0
 1484 0031 00       		.byte	0
 1485 0032 05       		.uleb128 0x5
 1486 0033 0F       		.uleb128 0xf
 1487 0034 00       		.byte	0
 1488 0035 0B       		.uleb128 0xb
 1489 0036 0B       		.uleb128 0xb
 1490 0037 00       		.byte	0
 1491 0038 00       		.byte	0
 1492 0039 06       		.uleb128 0x6
 1493 003a 0F       		.uleb128 0xf
 1494 003b 00       		.byte	0
ARM GAS  C:\Users\DHEERA~1\AppData\Local\Temp\ccTtv9ki.s 			page 28


 1495 003c 0B       		.uleb128 0xb
 1496 003d 0B       		.uleb128 0xb
 1497 003e 49       		.uleb128 0x49
 1498 003f 13       		.uleb128 0x13
 1499 0040 00       		.byte	0
 1500 0041 00       		.byte	0
 1501 0042 07       		.uleb128 0x7
 1502 0043 15       		.uleb128 0x15
 1503 0044 00       		.byte	0
 1504 0045 27       		.uleb128 0x27
 1505 0046 19       		.uleb128 0x19
 1506 0047 00       		.byte	0
 1507 0048 00       		.byte	0
 1508 0049 08       		.uleb128 0x8
 1509 004a 13       		.uleb128 0x13
 1510 004b 01       		.byte	0x1
 1511 004c 03       		.uleb128 0x3
 1512 004d 0E       		.uleb128 0xe
 1513 004e 0B       		.uleb128 0xb
 1514 004f 0B       		.uleb128 0xb
 1515 0050 3A       		.uleb128 0x3a
 1516 0051 0B       		.uleb128 0xb
 1517 0052 3B       		.uleb128 0x3b
 1518 0053 0B       		.uleb128 0xb
 1519 0054 01       		.uleb128 0x1
 1520 0055 13       		.uleb128 0x13
 1521 0056 00       		.byte	0
 1522 0057 00       		.byte	0
 1523 0058 09       		.uleb128 0x9
 1524 0059 0D       		.uleb128 0xd
 1525 005a 00       		.byte	0
 1526 005b 03       		.uleb128 0x3
 1527 005c 0E       		.uleb128 0xe
 1528 005d 3A       		.uleb128 0x3a
 1529 005e 0B       		.uleb128 0xb
 1530 005f 3B       		.uleb128 0x3b
 1531 0060 0B       		.uleb128 0xb
 1532 0061 49       		.uleb128 0x49
 1533 0062 13       		.uleb128 0x13
 1534 0063 38       		.uleb128 0x38
 1535 0064 0B       		.uleb128 0xb
 1536 0065 00       		.byte	0
 1537 0066 00       		.byte	0
 1538 0067 0A       		.uleb128 0xa
 1539 0068 16       		.uleb128 0x16
 1540 0069 00       		.byte	0
 1541 006a 03       		.uleb128 0x3
 1542 006b 0E       		.uleb128 0xe
 1543 006c 3A       		.uleb128 0x3a
 1544 006d 0B       		.uleb128 0xb
 1545 006e 3B       		.uleb128 0x3b
 1546 006f 05       		.uleb128 0x5
 1547 0070 49       		.uleb128 0x49
 1548 0071 13       		.uleb128 0x13
 1549 0072 00       		.byte	0
 1550 0073 00       		.byte	0
 1551 0074 0B       		.uleb128 0xb
ARM GAS  C:\Users\DHEERA~1\AppData\Local\Temp\ccTtv9ki.s 			page 29


 1552 0075 13       		.uleb128 0x13
 1553 0076 01       		.byte	0x1
 1554 0077 0B       		.uleb128 0xb
 1555 0078 0B       		.uleb128 0xb
 1556 0079 3A       		.uleb128 0x3a
 1557 007a 0B       		.uleb128 0xb
 1558 007b 3B       		.uleb128 0x3b
 1559 007c 05       		.uleb128 0x5
 1560 007d 01       		.uleb128 0x1
 1561 007e 13       		.uleb128 0x13
 1562 007f 00       		.byte	0
 1563 0080 00       		.byte	0
 1564 0081 0C       		.uleb128 0xc
 1565 0082 0D       		.uleb128 0xd
 1566 0083 00       		.byte	0
 1567 0084 03       		.uleb128 0x3
 1568 0085 0E       		.uleb128 0xe
 1569 0086 3A       		.uleb128 0x3a
 1570 0087 0B       		.uleb128 0xb
 1571 0088 3B       		.uleb128 0x3b
 1572 0089 05       		.uleb128 0x5
 1573 008a 49       		.uleb128 0x49
 1574 008b 13       		.uleb128 0x13
 1575 008c 38       		.uleb128 0x38
 1576 008d 0B       		.uleb128 0xb
 1577 008e 00       		.byte	0
 1578 008f 00       		.byte	0
 1579 0090 0D       		.uleb128 0xd
 1580 0091 04       		.uleb128 0x4
 1581 0092 01       		.byte	0x1
 1582 0093 0B       		.uleb128 0xb
 1583 0094 0B       		.uleb128 0xb
 1584 0095 49       		.uleb128 0x49
 1585 0096 13       		.uleb128 0x13
 1586 0097 3A       		.uleb128 0x3a
 1587 0098 0B       		.uleb128 0xb
 1588 0099 3B       		.uleb128 0x3b
 1589 009a 05       		.uleb128 0x5
 1590 009b 01       		.uleb128 0x1
 1591 009c 13       		.uleb128 0x13
 1592 009d 00       		.byte	0
 1593 009e 00       		.byte	0
 1594 009f 0E       		.uleb128 0xe
 1595 00a0 28       		.uleb128 0x28
 1596 00a1 00       		.byte	0
 1597 00a2 03       		.uleb128 0x3
 1598 00a3 0E       		.uleb128 0xe
 1599 00a4 1C       		.uleb128 0x1c
 1600 00a5 0B       		.uleb128 0xb
 1601 00a6 00       		.byte	0
 1602 00a7 00       		.byte	0
 1603 00a8 0F       		.uleb128 0xf
 1604 00a9 0D       		.uleb128 0xd
 1605 00aa 00       		.byte	0
 1606 00ab 03       		.uleb128 0x3
 1607 00ac 08       		.uleb128 0x8
 1608 00ad 3A       		.uleb128 0x3a
ARM GAS  C:\Users\DHEERA~1\AppData\Local\Temp\ccTtv9ki.s 			page 30


 1609 00ae 0B       		.uleb128 0xb
 1610 00af 3B       		.uleb128 0x3b
 1611 00b0 05       		.uleb128 0x5
 1612 00b1 49       		.uleb128 0x49
 1613 00b2 13       		.uleb128 0x13
 1614 00b3 38       		.uleb128 0x38
 1615 00b4 0B       		.uleb128 0xb
 1616 00b5 00       		.byte	0
 1617 00b6 00       		.byte	0
 1618 00b7 10       		.uleb128 0x10
 1619 00b8 13       		.uleb128 0x13
 1620 00b9 01       		.byte	0x1
 1621 00ba 03       		.uleb128 0x3
 1622 00bb 0E       		.uleb128 0xe
 1623 00bc 0B       		.uleb128 0xb
 1624 00bd 0B       		.uleb128 0xb
 1625 00be 3A       		.uleb128 0x3a
 1626 00bf 0B       		.uleb128 0xb
 1627 00c0 3B       		.uleb128 0x3b
 1628 00c1 05       		.uleb128 0x5
 1629 00c2 01       		.uleb128 0x1
 1630 00c3 13       		.uleb128 0x13
 1631 00c4 00       		.byte	0
 1632 00c5 00       		.byte	0
 1633 00c6 11       		.uleb128 0x11
 1634 00c7 01       		.uleb128 0x1
 1635 00c8 01       		.byte	0x1
 1636 00c9 49       		.uleb128 0x49
 1637 00ca 13       		.uleb128 0x13
 1638 00cb 01       		.uleb128 0x1
 1639 00cc 13       		.uleb128 0x13
 1640 00cd 00       		.byte	0
 1641 00ce 00       		.byte	0
 1642 00cf 12       		.uleb128 0x12
 1643 00d0 21       		.uleb128 0x21
 1644 00d1 00       		.byte	0
 1645 00d2 00       		.byte	0
 1646 00d3 00       		.byte	0
 1647 00d4 13       		.uleb128 0x13
 1648 00d5 26       		.uleb128 0x26
 1649 00d6 00       		.byte	0
 1650 00d7 49       		.uleb128 0x49
 1651 00d8 13       		.uleb128 0x13
 1652 00d9 00       		.byte	0
 1653 00da 00       		.byte	0
 1654 00db 14       		.uleb128 0x14
 1655 00dc 21       		.uleb128 0x21
 1656 00dd 00       		.byte	0
 1657 00de 49       		.uleb128 0x49
 1658 00df 13       		.uleb128 0x13
 1659 00e0 2F       		.uleb128 0x2f
 1660 00e1 0B       		.uleb128 0xb
 1661 00e2 00       		.byte	0
 1662 00e3 00       		.byte	0
 1663 00e4 15       		.uleb128 0x15
 1664 00e5 34       		.uleb128 0x34
 1665 00e6 00       		.byte	0
ARM GAS  C:\Users\DHEERA~1\AppData\Local\Temp\ccTtv9ki.s 			page 31


 1666 00e7 03       		.uleb128 0x3
 1667 00e8 0E       		.uleb128 0xe
 1668 00e9 3A       		.uleb128 0x3a
 1669 00ea 0B       		.uleb128 0xb
 1670 00eb 3B       		.uleb128 0x3b
 1671 00ec 05       		.uleb128 0x5
 1672 00ed 49       		.uleb128 0x49
 1673 00ee 13       		.uleb128 0x13
 1674 00ef 02       		.uleb128 0x2
 1675 00f0 18       		.uleb128 0x18
 1676 00f1 00       		.byte	0
 1677 00f2 00       		.byte	0
 1678 00f3 16       		.uleb128 0x16
 1679 00f4 34       		.uleb128 0x34
 1680 00f5 00       		.byte	0
 1681 00f6 03       		.uleb128 0x3
 1682 00f7 0E       		.uleb128 0xe
 1683 00f8 3A       		.uleb128 0x3a
 1684 00f9 0B       		.uleb128 0xb
 1685 00fa 3B       		.uleb128 0x3b
 1686 00fb 0B       		.uleb128 0xb
 1687 00fc 49       		.uleb128 0x49
 1688 00fd 13       		.uleb128 0x13
 1689 00fe 3F       		.uleb128 0x3f
 1690 00ff 19       		.uleb128 0x19
 1691 0100 02       		.uleb128 0x2
 1692 0101 18       		.uleb128 0x18
 1693 0102 00       		.byte	0
 1694 0103 00       		.byte	0
 1695 0104 17       		.uleb128 0x17
 1696 0105 34       		.uleb128 0x34
 1697 0106 00       		.byte	0
 1698 0107 03       		.uleb128 0x3
 1699 0108 0E       		.uleb128 0xe
 1700 0109 3A       		.uleb128 0x3a
 1701 010a 0B       		.uleb128 0xb
 1702 010b 3B       		.uleb128 0x3b
 1703 010c 05       		.uleb128 0x5
 1704 010d 49       		.uleb128 0x49
 1705 010e 13       		.uleb128 0x13
 1706 010f 3F       		.uleb128 0x3f
 1707 0110 19       		.uleb128 0x19
 1708 0111 02       		.uleb128 0x2
 1709 0112 18       		.uleb128 0x18
 1710 0113 00       		.byte	0
 1711 0114 00       		.byte	0
 1712 0115 18       		.uleb128 0x18
 1713 0116 34       		.uleb128 0x34
 1714 0117 00       		.byte	0
 1715 0118 03       		.uleb128 0x3
 1716 0119 0E       		.uleb128 0xe
 1717 011a 3A       		.uleb128 0x3a
 1718 011b 0B       		.uleb128 0xb
 1719 011c 3B       		.uleb128 0x3b
 1720 011d 0B       		.uleb128 0xb
 1721 011e 49       		.uleb128 0x49
 1722 011f 13       		.uleb128 0x13
ARM GAS  C:\Users\DHEERA~1\AppData\Local\Temp\ccTtv9ki.s 			page 32


 1723 0120 3F       		.uleb128 0x3f
 1724 0121 19       		.uleb128 0x19
 1725 0122 3C       		.uleb128 0x3c
 1726 0123 19       		.uleb128 0x19
 1727 0124 00       		.byte	0
 1728 0125 00       		.byte	0
 1729 0126 19       		.uleb128 0x19
 1730 0127 21       		.uleb128 0x21
 1731 0128 00       		.byte	0
 1732 0129 49       		.uleb128 0x49
 1733 012a 13       		.uleb128 0x13
 1734 012b 2F       		.uleb128 0x2f
 1735 012c 05       		.uleb128 0x5
 1736 012d 00       		.byte	0
 1737 012e 00       		.byte	0
 1738 012f 00       		.byte	0
 1739              		.section	.debug_aranges,"",%progbits
 1740 0000 14000000 		.4byte	0x14
 1741 0004 0200     		.2byte	0x2
 1742 0006 00000000 		.4byte	.Ldebug_info0
 1743 000a 04       		.byte	0x4
 1744 000b 00       		.byte	0
 1745 000c 0000     		.2byte	0
 1746 000e 0000     		.2byte	0
 1747 0010 00000000 		.4byte	0
 1748 0014 00000000 		.4byte	0
 1749              		.section	.debug_line,"",%progbits
 1750              	.Ldebug_line0:
 1751 0000 30010000 		.section	.debug_str,"MS",%progbits,1
 1751      02002A01 
 1751      00000201 
 1751      FB0E0D00 
 1751      01010101 
 1752              	.LASF46:
 1753 0000 6E657874 		.ascii	"next\000"
 1753      00
 1754              	.LASF83:
 1755 0005 45455F74 		.ascii	"EE_th_terminate_nextask\000"
 1755      685F7465 
 1755      726D696E 
 1755      6174655F 
 1755      6E657874 
 1756              	.LASF24:
 1757 001d 5469636B 		.ascii	"TickType\000"
 1757      54797065 
 1757      00
 1758              	.LASF84:
 1759 0026 45455F73 		.ascii	"EE_stkfirst\000"
 1759      746B6669 
 1759      72737400 
 1760              	.LASF26:
 1761 0032 41637469 		.ascii	"ActionType\000"
 1761      6F6E5479 
 1761      706500
 1762              	.LASF19:
 1763 003d 45455F54 		.ascii	"EE_TYPEBOOL\000"
 1763      59504542 
ARM GAS  C:\Users\DHEERA~1\AppData\Local\Temp\ccTtv9ki.s 			page 33


 1763      4F4F4C00 
 1764              	.LASF109:
 1765 0049 45455F63 		.ascii	"EE_cortex_mx_IRQ_tos\000"
 1765      6F727465 
 1765      785F6D78 
 1765      5F495251 
 1765      5F746F73 
 1766              	.LASF7:
 1767 005e 6C6F6E67 		.ascii	"long long unsigned int\000"
 1767      206C6F6E 
 1767      6720756E 
 1767      7369676E 
 1767      65642069 
 1768              	.LASF45:
 1769 0075 64656C74 		.ascii	"delta\000"
 1769      6100
 1770              	.LASF42:
 1771 007b 45455F6F 		.ascii	"EE_oo_counter_object_ROM_type\000"
 1771      6F5F636F 
 1771      756E7465 
 1771      725F6F62 
 1771      6A656374 
 1772              	.LASF89:
 1773 0099 45455F72 		.ascii	"EE_rq_pairs_next\000"
 1773      715F7061 
 1773      6972735F 
 1773      6E657874 
 1773      00
 1774              	.LASF22:
 1775 00aa 5461736B 		.ascii	"TaskType\000"
 1775      54797065 
 1775      00
 1776              	.LASF61:
 1777 00b3 45455F54 		.ascii	"EE_TOS\000"
 1777      4F5300
 1778              	.LASF29:
 1779 00ba 6D617861 		.ascii	"maxallowedvalue\000"
 1779      6C6C6F77 
 1779      65647661 
 1779      6C756500 
 1780              	.LASF115:
 1781 00ca 45455F6F 		.ascii	"EE_oo_autostart_task_mode_OSDEFAULTAPPMODE\000"
 1781      6F5F6175 
 1781      746F7374 
 1781      6172745F 
 1781      7461736B 
 1782              	.LASF79:
 1783 00f5 45455F41 		.ascii	"EE_ALARM_ID\000"
 1783      4C41524D 
 1783      5F494400 
 1784              	.LASF6:
 1785 0101 6C6F6E67 		.ascii	"long long int\000"
 1785      206C6F6E 
 1785      6720696E 
 1785      7400
 1786              	.LASF0:
 1787 010f 7369676E 		.ascii	"signed char\000"
ARM GAS  C:\Users\DHEERA~1\AppData\Local\Temp\ccTtv9ki.s 			page 34


 1787      65642063 
 1787      68617200 
 1788              	.LASF52:
 1789 011b 45455F6F 		.ascii	"EE_oo_action_kind_type\000"
 1789      6F5F6163 
 1789      74696F6E 
 1789      5F6B696E 
 1789      645F7479 
 1790              	.LASF23:
 1791 0132 4576656E 		.ascii	"EventMaskType\000"
 1791      744D6173 
 1791      6B547970 
 1791      6500
 1792              	.LASF76:
 1793 0140 45455F45 		.ascii	"EE_EVENT_NAME\000"
 1793      56454E54 
 1793      5F4E414D 
 1793      4500
 1794              	.LASF100:
 1795 014e 45455F61 		.ascii	"EE_alarm_ROM\000"
 1795      6C61726D 
 1795      5F524F4D 
 1795      00
 1796              	.LASF70:
 1797 015b 45455F63 		.ascii	"EE_cortex_mx_active_tos\000"
 1797      6F727465 
 1797      785F6D78 
 1797      5F616374 
 1797      6976655F 
 1798              	.LASF35:
 1799 0173 45455F6F 		.ascii	"EE_oo_counter_RAM_type\000"
 1799      6F5F636F 
 1799      756E7465 
 1799      725F5241 
 1799      4D5F7479 
 1800              	.LASF78:
 1801 018a 45455F45 		.ascii	"EE_EVENT_ID\000"
 1801      56454E54 
 1801      5F494400 
 1802              	.LASF4:
 1803 0196 6C6F6E67 		.ascii	"long int\000"
 1803      20696E74 
 1803      00
 1804              	.LASF87:
 1805 019f 45455F72 		.ascii	"EE_rq_queues_head\000"
 1805      715F7175 
 1805      65756573 
 1805      5F686561 
 1805      6400
 1806              	.LASF105:
 1807 01b1 45455F6F 		.ascii	"EE_oo_IRQ_suspend_status\000"
 1807      6F5F4952 
 1807      515F7375 
 1807      7370656E 
 1807      645F7374 
 1808              	.LASF107:
 1809 01ca 45455F73 		.ascii	"EE_std_endcycle_next_tid\000"
ARM GAS  C:\Users\DHEERA~1\AppData\Local\Temp\ccTtv9ki.s 			page 35


 1809      74645F65 
 1809      6E646379 
 1809      636C655F 
 1809      6E657874 
 1810              	.LASF31:
 1811 01e3 6D696E63 		.ascii	"mincycle\000"
 1811      79636C65 
 1811      00
 1812              	.LASF20:
 1813 01ec 45455F54 		.ascii	"EE_TID\000"
 1813      494400
 1814              	.LASF33:
 1815 01f3 76616C75 		.ascii	"value\000"
 1815      6500
 1816              	.LASF8:
 1817 01f9 756E7369 		.ascii	"unsigned int\000"
 1817      676E6564 
 1817      20696E74 
 1817      00
 1818              	.LASF16:
 1819 0206 45455F55 		.ascii	"EE_UREG\000"
 1819      52454700 
 1820              	.LASF60:
 1821 020e 45455F6F 		.ascii	"EE_oo_alarm_ROM_type\000"
 1821      6F5F616C 
 1821      61726D5F 
 1821      524F4D5F 
 1821      74797065 
 1822              	.LASF77:
 1823 0223 45455F41 		.ascii	"EE_ALARM_NAME\000"
 1823      4C41524D 
 1823      5F4E414D 
 1823      4500
 1824              	.LASF5:
 1825 0231 6C6F6E67 		.ascii	"long unsigned int\000"
 1825      20756E73 
 1825      69676E65 
 1825      6420696E 
 1825      7400
 1826              	.LASF95:
 1827 0243 45455F74 		.ascii	"EE_th_waswaiting\000"
 1827      685F7761 
 1827      73776169 
 1827      74696E67 
 1827      00
 1828              	.LASF62:
 1829 0254 45455F6F 		.ascii	"EE_oo_autostart_task_type\000"
 1829      6F5F6175 
 1829      746F7374 
 1829      6172745F 
 1829      7461736B 
 1830              	.LASF41:
 1831 026e 6B696E64 		.ascii	"kind\000"
 1831      00
 1832              	.LASF3:
 1833 0273 73686F72 		.ascii	"short unsigned int\000"
 1833      7420756E 
ARM GAS  C:\Users\DHEERA~1\AppData\Local\Temp\ccTtv9ki.s 			page 36


 1833      7369676E 
 1833      65642069 
 1833      6E7400
 1834              	.LASF104:
 1835 0286 45455F6F 		.ascii	"EE_oo_IRQ_disable_count\000"
 1835      6F5F4952 
 1835      515F6469 
 1835      7361626C 
 1835      655F636F 
 1836              	.LASF38:
 1837 029e 45455F6F 		.ascii	"EE_oo_counter_object_kind_type\000"
 1837      6F5F636F 
 1837      756E7465 
 1837      725F6F62 
 1837      6A656374 
 1838              	.LASF80:
 1839 02bd 45455F74 		.ascii	"EE_th_status\000"
 1839      685F7374 
 1839      61747573 
 1839      00
 1840              	.LASF39:
 1841 02ca 436F756E 		.ascii	"CounterObjectKindType\000"
 1841      7465724F 
 1841      626A6563 
 1841      744B696E 
 1841      64547970 
 1842              	.LASF110:
 1843 02e0 45455F63 		.ascii	"EE_cortex_mx_stack_2\000"
 1843      6F727465 
 1843      785F6D78 
 1843      5F737461 
 1843      636B5F32 
 1844              	.LASF73:
 1845 02f5 45455F74 		.ascii	"EE_th_dispatch_prio\000"
 1845      685F6469 
 1845      73706174 
 1845      63685F70 
 1845      72696F00 
 1846              	.LASF111:
 1847 0309 45455F63 		.ascii	"EE_cortex_mx_stack_9\000"
 1847      6F727465 
 1847      785F6D78 
 1847      5F737461 
 1847      636B5F39 
 1848              	.LASF14:
 1849 031e 45455F56 		.ascii	"EE_VOID_CALLBACK\000"
 1849      4F49445F 
 1849      43414C4C 
 1849      4241434B 
 1849      00
 1850              	.LASF27:
 1851 032f 436F756E 		.ascii	"CounterType\000"
 1851      74657254 
 1851      79706500 
 1852              	.LASF98:
 1853 033b 45455F6F 		.ascii	"EE_oo_counter_object_ROM\000"
 1853      6F5F636F 
ARM GAS  C:\Users\DHEERA~1\AppData\Local\Temp\ccTtv9ki.s 			page 37


 1853      756E7465 
 1853      725F6F62 
 1853      6A656374 
 1854              	.LASF59:
 1855 0354 61637469 		.ascii	"action_id\000"
 1855      6F6E5F69 
 1855      6400
 1856              	.LASF106:
 1857 035e 45455F41 		.ascii	"EE_ApplicationMode\000"
 1857      70706C69 
 1857      63617469 
 1857      6F6E4D6F 
 1857      646500
 1858              	.LASF99:
 1859 0371 45455F6F 		.ascii	"EE_oo_action_ROM\000"
 1859      6F5F6163 
 1859      74696F6E 
 1859      5F524F4D 
 1859      00
 1860              	.LASF21:
 1861 0382 45455F54 		.ascii	"EE_TYPE_RQ_MASK\000"
 1861      5950455F 
 1861      52515F4D 
 1861      41534B00 
 1862              	.LASF64:
 1863 0392 73697A65 		.ascii	"sizetype\000"
 1863      74797065 
 1863      00
 1864              	.LASF9:
 1865 039b 6C6F6E67 		.ascii	"long double\000"
 1865      20646F75 
 1865      626C6500 
 1866              	.LASF92:
 1867 03a7 45455F72 		.ascii	"EE_rq_free\000"
 1867      715F6672 
 1867      656500
 1868              	.LASF86:
 1869 03b2 45455F72 		.ascii	"EE_rq_link\000"
 1869      715F6C69 
 1869      6E6B00
 1870              	.LASF17:
 1871 03bd 45455F53 		.ascii	"EE_SREG\000"
 1871      52454700 
 1872              	.LASF30:
 1873 03c5 7469636B 		.ascii	"ticksperbase\000"
 1873      73706572 
 1873      62617365 
 1873      00
 1874              	.LASF43:
 1875 03d2 75736564 		.ascii	"used\000"
 1875      00
 1876              	.LASF47:
 1877 03d7 45455F6F 		.ascii	"EE_oo_counter_object_RAM_type\000"
 1877      6F5F636F 
 1877      756E7465 
 1877      725F6F62 
 1877      6A656374 
ARM GAS  C:\Users\DHEERA~1\AppData\Local\Temp\ccTtv9ki.s 			page 38


 1878              	.LASF97:
 1879 03f5 45455F63 		.ascii	"EE_counter_ROM\000"
 1879      6F756E74 
 1879      65725F52 
 1879      4F4D00
 1880              	.LASF58:
 1881 0404 45455F6F 		.ascii	"EE_oo_action_ROM_type\000"
 1881      6F5F6163 
 1881      74696F6E 
 1881      5F524F4D 
 1881      5F747970 
 1882              	.LASF10:
 1883 041a 45455F55 		.ascii	"EE_UINT16\000"
 1883      494E5431 
 1883      3600
 1884              	.LASF37:
 1885 0424 45455F53 		.ascii	"EE_SCHEDULETABLE\000"
 1885      43484544 
 1885      554C4554 
 1885      41424C45 
 1885      00
 1886              	.LASF69:
 1887 0435 45455F63 		.ascii	"EE_cortex_mx_system_tos\000"
 1887      6F727465 
 1887      785F6D78 
 1887      5F737973 
 1887      74656D5F 
 1888              	.LASF1:
 1889 044d 756E7369 		.ascii	"unsigned char\000"
 1889      676E6564 
 1889      20636861 
 1889      7200
 1890              	.LASF36:
 1891 045b 45455F41 		.ascii	"EE_ALARM\000"
 1891      4C41524D 
 1891      00
 1892              	.LASF81:
 1893 0464 45455F74 		.ascii	"EE_th_next\000"
 1893      685F6E65 
 1893      787400
 1894              	.LASF68:
 1895 046f 45455F74 		.ascii	"EE_terminate_real_th_body\000"
 1895      65726D69 
 1895      6E617465 
 1895      5F726561 
 1895      6C5F7468 
 1896              	.LASF57:
 1897 0489 696E6363 		.ascii	"inccount\000"
 1897      6F756E74 
 1897      00
 1898              	.LASF2:
 1899 0492 73686F72 		.ascii	"short int\000"
 1899      7420696E 
 1899      7400
 1900              	.LASF94:
 1901 049c 45455F74 		.ascii	"EE_th_event_waitmask\000"
 1901      685F6576 
ARM GAS  C:\Users\DHEERA~1\AppData\Local\Temp\ccTtv9ki.s 			page 39


 1901      656E745F 
 1901      77616974 
 1901      6D61736B 
 1902              	.LASF75:
 1903 04b1 45455F54 		.ascii	"EE_TASK_NAME\000"
 1903      41534B5F 
 1903      4E414D45 
 1903      00
 1904              	.LASF32:
 1905 04be 45455F6F 		.ascii	"EE_oo_counter_ROM_type\000"
 1905      6F5F636F 
 1905      756E7465 
 1905      725F524F 
 1905      4D5F7479 
 1906              	.LASF112:
 1907 04d5 474E5520 		.ascii	"GNU C11 5.4.1 20160609 (release) [ARM/embedded-5-br"
 1907      43313120 
 1907      352E342E 
 1907      31203230 
 1907      31363036 
 1908 0508 616E6368 		.ascii	"anch revision 237715] -mcpu=cortex-m3 -mthumb -g -O"
 1908      20726576 
 1908      6973696F 
 1908      6E203233 
 1908      37373135 
 1909 053b 67202D66 		.ascii	"g -ffunction-sections -ffat-lto-objects\000"
 1909      66756E63 
 1909      74696F6E 
 1909      2D736563 
 1909      74696F6E 
 1910              	.LASF56:
 1911 0563 61637469 		.ascii	"action_mask\000"
 1911      6F6E5F6D 
 1911      61736B00 
 1912              	.LASF15:
 1913 056f 45455F54 		.ascii	"EE_THREAD_PTR\000"
 1913      48524541 
 1913      445F5054 
 1913      5200
 1914              	.LASF114:
 1915 057d 443A5C4D 		.ascii	"D:\\MS\\HDA\\Embedded\\EOS\\Workbook_continued\\Rea"
 1915      535C4844 
 1915      415C456D 
 1915      62656464 
 1915      65645C45 
 1916 05aa 6374696F 		.ascii	"ction_Game_Erika.cydsn\000"
 1916      6E5F4761 
 1916      6D655F45 
 1916      72696B61 
 1916      2E637964 
 1917              	.LASF88:
 1918 05c1 45455F72 		.ascii	"EE_rq_queues_tail\000"
 1918      715F7175 
 1918      65756573 
 1918      5F746169 
 1918      6C00
 1919              	.LASF66:
ARM GAS  C:\Users\DHEERA~1\AppData\Local\Temp\ccTtv9ki.s 			page 40


 1920 05d3 45455F73 		.ascii	"EE_std_thread_tos\000"
 1920      74645F74 
 1920      68726561 
 1920      645F746F 
 1920      7300
 1921              	.LASF51:
 1922 05e5 45455F41 		.ascii	"EE_ACTION_CALLBACK\000"
 1922      4354494F 
 1922      4E5F4341 
 1922      4C4C4241 
 1922      434B00
 1923              	.LASF91:
 1924 05f8 45455F72 		.ascii	"EE_rq_bitmask\000"
 1924      715F6269 
 1924      746D6173 
 1924      6B00
 1925              	.LASF34:
 1926 0606 66697273 		.ascii	"first\000"
 1926      7400
 1927              	.LASF25:
 1928 060c 436F756E 		.ascii	"CounterObjectType\000"
 1928      7465724F 
 1928      626A6563 
 1928      74547970 
 1928      6500
 1929              	.LASF74:
 1930 061e 63686172 		.ascii	"char\000"
 1930      00
 1931              	.LASF48:
 1932 0623 45455F41 		.ascii	"EE_ACTION_TASK\000"
 1932      4354494F 
 1932      4E5F5441 
 1932      534B00
 1933              	.LASF71:
 1934 0632 45455F74 		.ascii	"EE_th_rnact_max\000"
 1934      685F726E 
 1934      6163745F 
 1934      6D617800 
 1935              	.LASF50:
 1936 0642 45455F41 		.ascii	"EE_ACTION_COUNTER\000"
 1936      4354494F 
 1936      4E5F434F 
 1936      554E5445 
 1936      5200
 1937              	.LASF101:
 1938 0654 45455F63 		.ascii	"EE_counter_RAM\000"
 1938      6F756E74 
 1938      65725F52 
 1938      414D00
 1939              	.LASF40:
 1940 0663 73706563 		.ascii	"spec_id\000"
 1940      5F696400 
 1941              	.LASF49:
 1942 066b 45455F41 		.ascii	"EE_ACTION_EVENT\000"
 1942      4354494F 
 1942      4E5F4556 
 1942      454E5400 
ARM GAS  C:\Users\DHEERA~1\AppData\Local\Temp\ccTtv9ki.s 			page 41


 1943              	.LASF65:
 1944 067b 45455F68 		.ascii	"EE_hal_thread_body\000"
 1944      616C5F74 
 1944      68726561 
 1944      645F626F 
 1944      647900
 1945              	.LASF85:
 1946 068e 45455F73 		.ascii	"EE_sys_ceiling\000"
 1946      79735F63 
 1946      65696C69 
 1946      6E6700
 1947              	.LASF54:
 1948 069d 61637469 		.ascii	"action_kind\000"
 1948      6F6E5F6B 
 1948      696E6400 
 1949              	.LASF63:
 1950 06a9 7461736B 		.ascii	"task\000"
 1950      00
 1951              	.LASF102:
 1952 06ae 45455F6F 		.ascii	"EE_oo_counter_object_RAM\000"
 1952      6F5F636F 
 1952      756E7465 
 1952      725F6F62 
 1952      6A656374 
 1953              	.LASF53:
 1954 06c7 41637469 		.ascii	"ActionKindType\000"
 1954      6F6E4B69 
 1954      6E645479 
 1954      706500
 1955              	.LASF72:
 1956 06d6 45455F74 		.ascii	"EE_th_ready_prio\000"
 1956      685F7265 
 1956      6164795F 
 1956      7072696F 
 1956      00
 1957              	.LASF82:
 1958 06e7 45455F74 		.ascii	"EE_th_rnact\000"
 1958      685F726E 
 1958      61637400 
 1959              	.LASF90:
 1960 06f3 45455F72 		.ascii	"EE_rq_pairs_tid\000"
 1960      715F7061 
 1960      6972735F 
 1960      74696400 
 1961              	.LASF108:
 1962 0703 45455F49 		.ascii	"EE_IRQ_nesting_level\000"
 1962      52515F6E 
 1962      65737469 
 1962      6E675F6C 
 1962      6576656C 
 1963              	.LASF12:
 1964 0718 45455F55 		.ascii	"EE_UINT32\000"
 1964      494E5433 
 1964      3200
 1965              	.LASF11:
 1966 0722 45455F49 		.ascii	"EE_INT32\000"
 1966      4E543332 
ARM GAS  C:\Users\DHEERA~1\AppData\Local\Temp\ccTtv9ki.s 			page 42


 1966      00
 1967              	.LASF67:
 1968 072b 45455F74 		.ascii	"EE_terminate_data\000"
 1968      65726D69 
 1968      6E617465 
 1968      5F646174 
 1968      6100
 1969              	.LASF93:
 1970 073d 45455F74 		.ascii	"EE_th_event_active\000"
 1970      685F6576 
 1970      656E745F 
 1970      61637469 
 1970      766500
 1971              	.LASF44:
 1972 0750 636E7463 		.ascii	"cntcycle\000"
 1972      79636C65 
 1972      00
 1973              	.LASF28:
 1974 0759 5359535F 		.ascii	"SYS_tos\000"
 1974      746F7300 
 1975              	.LASF55:
 1976 0761 61637469 		.ascii	"action_task\000"
 1976      6F6E5F74 
 1976      61736B00 
 1977              	.LASF13:
 1978 076d 45455F41 		.ascii	"EE_ADDR\000"
 1978      44445200 
 1979              	.LASF96:
 1980 0775 45455F74 		.ascii	"EE_th_is_extended\000"
 1980      685F6973 
 1980      5F657874 
 1980      656E6465 
 1980      6400
 1981              	.LASF18:
 1982 0787 45455F46 		.ascii	"EE_FREG\000"
 1982      52454700 
 1983              	.LASF113:
 1984 078f 47656E65 		.ascii	"Generated_Source\\PSoC5\\Erika_OS_eecfg.c\000"
 1984      72617465 
 1984      645F536F 
 1984      75726365 
 1984      5C50536F 
 1985              	.LASF103:
 1986 07b7 45455F6F 		.ascii	"EE_oo_autostart_task_data\000"
 1986      6F5F6175 
 1986      746F7374 
 1986      6172745F 
 1986      7461736B 
 1987              		.ident	"GCC: (GNU Tools for ARM Embedded Processors) 5.4.1 20160609 (release) [ARM/embedded-5-bran
