ARM GAS  C:\Users\DHEERA~1\AppData\Local\Temp\ccVnWq7s.s 			page 1


   1              		.syntax unified
   2              		.cpu cortex-m3
   3              		.fpu softvfp
   4              		.eabi_attribute 20, 1
   5              		.eabi_attribute 21, 1
   6              		.eabi_attribute 23, 3
   7              		.eabi_attribute 24, 1
   8              		.eabi_attribute 25, 1
   9              		.eabi_attribute 26, 1
  10              		.eabi_attribute 30, 1
  11              		.eabi_attribute 34, 1
  12              		.eabi_attribute 18, 4
  13              		.thumb
  14              		.syntax unified
  15              		.file	"game.c"
  16              		.text
  17              	.Ltext0:
  18              		.cfi_sections	.debug_frame
  19              		.section	.text.WaitForRandomDelay,"ax",%progbits
  20              		.align	2
  21              		.global	WaitForRandomDelay
  22              		.thumb
  23              		.thumb_func
  24              		.type	WaitForRandomDelay, %function
  25              	WaitForRandomDelay:
  26              	.LFB111:
  27              		.file 1 "game.c"
   1:game.c        **** /* ========================================
   2:game.c        ****  *
   3:game.c        ****  * Copyright YOUR COMPANY, THE YEAR
   4:game.c        ****  * All Rights Reserved
   5:game.c        ****  * UNPUBLISHED, LICENSED SOFTWARE.
   6:game.c        ****  *
   7:game.c        ****  * CONFIDENTIAL AND PROPRIETARY INFORMATION
   8:game.c        ****  * WHICH IS THE PROPERTY OF your company.
   9:game.c        ****  *
  10:game.c        ****  * ========================================
  11:game.c        **** */
  12:game.c        **** 
  13:game.c        **** /**
  14:game.c        ****  * @file game.c
  15:game.c        ****  * @brief Implementation of the reaction time game.
  16:game.c        ****  *
  17:game.c        ****  * This file contains the game logic, including state transitions,
  18:game.c        ****  * random delay generation, and seven-segment display updates.
  19:game.c        ****  */
  20:game.c        **** 
  21:game.c        **** #include "project.h"
  22:game.c        **** #include <stdlib.h>
  23:game.c        **** #include <stdio.h> 
  24:game.c        **** #include "game.h" 
  25:game.c        **** #include "seven.h"
  26:game.c        **** 
  27:game.c        **** /**
  28:game.c        ****  * @brief Waits for a random delay between 1 and 3 seconds.
  29:game.c        ****  *
  30:game.c        ****  * @return uint8_t The generated random delay time in seconds.
ARM GAS  C:\Users\DHEERA~1\AppData\Local\Temp\ccVnWq7s.s 			page 2


  31:game.c        ****  */
  32:game.c        **** uint8_t WaitForRandomDelay(void)
  33:game.c        **** {
  28              		.loc 1 33 0
  29              		.cfi_startproc
  30              		@ args = 0, pretend = 0, frame = 0
  31              		@ frame_needed = 0, uses_anonymous_args = 0
  32 0000 10B5     		push	{r4, lr}
  33              		.cfi_def_cfa_offset 8
  34              		.cfi_offset 4, -8
  35              		.cfi_offset 14, -4
  34:game.c        ****     randomDelay = (rand() % 3) + 1;
  36              		.loc 1 34 0
  37 0002 FFF7FEFF 		bl	rand
  38              	.LVL0:
  39 0006 0A4B     		ldr	r3, .L3
  40 0008 83FB0023 		smull	r2, r3, r3, r0
  41 000c A3EBE073 		sub	r3, r3, r0, asr #31
  42 0010 03EB4303 		add	r3, r3, r3, lsl #1
  43 0014 C31A     		subs	r3, r0, r3
  44 0016 0133     		adds	r3, r3, #1
  45 0018 DBB2     		uxtb	r3, r3
  46 001a 064C     		ldr	r4, .L3+4
  47 001c 2370     		strb	r3, [r4]
  35:game.c        ****     CyDelay(randomDelay * 1000);
  48              		.loc 1 35 0
  49 001e 4FF47A70 		mov	r0, #1000
  50 0022 00FB03F0 		mul	r0, r0, r3
  51 0026 FFF7FEFF 		bl	CyDelay
  52              	.LVL1:
  36:game.c        ****     
  37:game.c        ****     return randomDelay;
  38:game.c        **** }
  53              		.loc 1 38 0
  54 002a 2078     		ldrb	r0, [r4]	@ zero_extendqisi2
  55 002c 10BD     		pop	{r4, pc}
  56              	.L4:
  57 002e 00BF     		.align	2
  58              	.L3:
  59 0030 56555555 		.word	1431655766
  60 0034 00000000 		.word	randomDelay
  61              		.cfi_endproc
  62              	.LFE111:
  63              		.size	WaitForRandomDelay, .-WaitForRandomDelay
  64              		.section	.text.DisplayRandomValue,"ax",%progbits
  65              		.align	2
  66              		.global	DisplayRandomValue
  67              		.thumb
  68              		.thumb_func
  69              		.type	DisplayRandomValue, %function
  70              	DisplayRandomValue:
  71              	.LFB112:
  39:game.c        **** 
  40:game.c        **** /**
  41:game.c        ****  * @brief Displays a random value (1 or 2) on the seven-segment displays.
  42:game.c        ****  *
  43:game.c        ****  * @return uint8_t The randomly generated value displayed.
ARM GAS  C:\Users\DHEERA~1\AppData\Local\Temp\ccVnWq7s.s 			page 3


  44:game.c        ****  */
  45:game.c        **** uint8_t DisplayRandomValue(void)
  46:game.c        **** {
  72              		.loc 1 46 0
  73              		.cfi_startproc
  74              		@ args = 0, pretend = 0, frame = 0
  75              		@ frame_needed = 0, uses_anonymous_args = 0
  76 0000 10B5     		push	{r4, lr}
  77              		.cfi_def_cfa_offset 8
  78              		.cfi_offset 4, -8
  79              		.cfi_offset 14, -4
  47:game.c        ****     randomValue = (rand() % 2) + 1;
  80              		.loc 1 47 0
  81 0002 FFF7FEFF 		bl	rand
  82              	.LVL2:
  83 0006 0A49     		ldr	r1, .L8
  84 0008 0840     		ands	r0, r0, r1
  85 000a 03D5     		bpl	.L6
  86 000c 0138     		subs	r0, r0, #1
  87 000e 60F00100 		orn	r0, r0, #1
  88 0012 0130     		adds	r0, r0, #1
  89              	.L6:
  90 0014 0130     		adds	r0, r0, #1
  91 0016 C1B2     		uxtb	r1, r0
  92 0018 064C     		ldr	r4, .L8+4
  93 001a 2170     		strb	r1, [r4]
  48:game.c        **** 
  49:game.c        ****     SEVEN_Set(SEVEN_0, randomValue); 
  94              		.loc 1 49 0
  95 001c 0020     		movs	r0, #0
  96 001e FFF7FEFF 		bl	SEVEN_Set
  97              	.LVL3:
  50:game.c        ****     SEVEN_Set(SEVEN_1, randomValue); 
  98              		.loc 1 50 0
  99 0022 2178     		ldrb	r1, [r4]	@ zero_extendqisi2
 100 0024 0120     		movs	r0, #1
 101 0026 FFF7FEFF 		bl	SEVEN_Set
 102              	.LVL4:
  51:game.c        ****     
  52:game.c        ****     return randomValue;
  53:game.c        **** }
 103              		.loc 1 53 0
 104 002a 2078     		ldrb	r0, [r4]	@ zero_extendqisi2
 105 002c 10BD     		pop	{r4, pc}
 106              	.L9:
 107 002e 00BF     		.align	2
 108              	.L8:
 109 0030 01000080 		.word	-2147483647
 110 0034 00000000 		.word	randomValue
 111              		.cfi_endproc
 112              	.LFE112:
 113              		.size	DisplayRandomValue, .-DisplayRandomValue
 114              		.section	.text.Functsk_timer,"ax",%progbits
 115              		.align	2
 116              		.global	Functsk_timer
 117              		.thumb
 118              		.thumb_func
ARM GAS  C:\Users\DHEERA~1\AppData\Local\Temp\ccVnWq7s.s 			page 4


 119              		.type	Functsk_timer, %function
 120              	Functsk_timer:
 121              	.LFB113:
  54:game.c        **** 
  55:game.c        **** /**
  56:game.c        ****  * @enum GAME__State_t
  57:game.c        ****  * @brief Enumerates the states of the game.
  58:game.c        ****  */
  59:game.c        **** typedef enum
  60:game.c        **** {
  61:game.c        ****     IDLE_STATE,             /**< Waiting for user input to start the game. */
  62:game.c        ****     SEGMENT_WAITING_STATE,  /**< Waiting for the random value to be displayed. */
  63:game.c        ****     BUTTON_WAITING_STATE    /**< Waiting for the user to press a button. */
  64:game.c        **** } GAME__State_t;            
  65:game.c        **** 
  66:game.c        **** static GAME__State_t GAME__State = IDLE_STATE;
  67:game.c        **** 
  68:game.c        **** /**
  69:game.c        ****  * @brief Timer task that increments the `timeCount` variable every millisecond.
  70:game.c        ****  */
  71:game.c        **** TASK(tsk_timer)
  72:game.c        **** {
 122              		.loc 1 72 0
 123              		.cfi_startproc
 124              		@ args = 0, pretend = 0, frame = 0
 125              		@ frame_needed = 0, uses_anonymous_args = 0
 126 0000 08B5     		push	{r3, lr}
 127              		.cfi_def_cfa_offset 8
 128              		.cfi_offset 3, -8
 129              		.cfi_offset 14, -4
  73:game.c        ****     timeCount++;
 130              		.loc 1 73 0
 131 0002 034A     		ldr	r2, .L12
 132 0004 1368     		ldr	r3, [r2]
 133 0006 0133     		adds	r3, r3, #1
 134 0008 1360     		str	r3, [r2]
  74:game.c        ****     TerminateTask(); 
 135              		.loc 1 74 0
 136 000a FFF7FEFF 		bl	EE_oo_TerminateTask
 137              	.LVL5:
 138 000e 08BD     		pop	{r3, pc}
 139              	.L13:
 140              		.align	2
 141              	.L12:
 142 0010 00000000 		.word	.LANCHOR0
 143              		.cfi_endproc
 144              	.LFE113:
 145              		.size	Functsk_timer, .-Functsk_timer
 146              		.section	.text.GAME_Play,"ax",%progbits
 147              		.align	2
 148              		.global	GAME_Play
 149              		.thumb
 150              		.thumb_func
 151              		.type	GAME_Play, %function
 152              	GAME_Play:
 153              	.LFB114:
  75:game.c        **** }
ARM GAS  C:\Users\DHEERA~1\AppData\Local\Temp\ccVnWq7s.s 			page 5


  76:game.c        **** 
  77:game.c        **** /**
  78:game.c        ****  * @brief Main function for handling game logic and state transitions.
  79:game.c        ****  *
  80:game.c        ****  * This function handles the different game states, tracks the user's reaction time,
  81:game.c        ****  * and calculates the score and total time across multiple rounds.
  82:game.c        ****  *
  83:game.c        ****  * @param ev The current game event.
  84:game.c        ****  * @return RC_t Returns a status code indicating the success or failure of the operation.
  85:game.c        ****  */
  86:game.c        **** RC_t GAME_Play(GAME_event_t ev)
  87:game.c        **** {
 154              		.loc 1 87 0
 155              		.cfi_startproc
 156              		@ args = 0, pretend = 0, frame = 600
 157              		@ frame_needed = 0, uses_anonymous_args = 0
 158              	.LVL6:
  88:game.c        ****     static uint32_t totalTime = 0;
  89:game.c        ****     static uint32_t averageTime = 0;
  90:game.c        ****     
  91:game.c        ****     // Check if the game round has reached the limit
  92:game.c        ****     if (round > TOTAL_ROUNDS)
 159              		.loc 1 92 0
 160 0000 664B     		ldr	r3, .L29
 161 0002 1B68     		ldr	r3, [r3]
 162 0004 0A2B     		cmp	r3, #10
 163 0006 00F3C780 		bgt	.L28
  87:game.c        ****     static uint32_t totalTime = 0;
 164              		.loc 1 87 0
 165 000a 30B5     		push	{r4, r5, lr}
 166              		.cfi_def_cfa_offset 12
 167              		.cfi_offset 4, -12
 168              		.cfi_offset 5, -8
 169              		.cfi_offset 14, -4
 170 000c ADF5177D 		sub	sp, sp, #604
 171              		.cfi_def_cfa_offset 616
 172 0010 0446     		mov	r4, r0
  93:game.c        ****     {
  94:game.c        ****         return RC_SUCCESS;
  95:game.c        ****     }
  96:game.c        ****     
  97:game.c        ****     switch (GAME__State)
 173              		.loc 1 97 0
 174 0012 634B     		ldr	r3, .L29+4
 175 0014 1B79     		ldrb	r3, [r3, #4]	@ zero_extendqisi2
 176 0016 012B     		cmp	r3, #1
 177 0018 15D0     		beq	.L16
 178 001a 13B1     		cbz	r3, .L17
 179 001c 022B     		cmp	r3, #2
 180 001e 2BD0     		beq	.L18
 181 0020 B6E0     		b	.L15
 182              	.L17:
  98:game.c        ****     {
  99:game.c        ****         // user to press any button to start the game and then wait for ~3 seconds   
 100:game.c        ****         case IDLE_STATE :
 101:game.c        ****             if (GAME_BUTTON1 == ev || GAME_BUTTON2 == ev)
 183              		.loc 1 101 0
ARM GAS  C:\Users\DHEERA~1\AppData\Local\Temp\ccVnWq7s.s 			page 6


 184 0022 0138     		subs	r0, r0, #1
 185              	.LVL7:
 186 0024 C0B2     		uxtb	r0, r0
 187 0026 0128     		cmp	r0, #1
 188 0028 00F2B280 		bhi	.L15
 102:game.c        ****             {
 103:game.c        ****                 SEVEN_Init();
 189              		.loc 1 103 0
 190 002c FFF7FEFF 		bl	SEVEN_Init
 191              	.LVL8:
 104:game.c        ****                 SetRelAlarm(alrm_random_time, WaitForRandomDelay(), 0);
 192              		.loc 1 104 0
 193 0030 FFF7FEFF 		bl	WaitForRandomDelay
 194              	.LVL9:
 195 0034 0022     		movs	r2, #0
 196 0036 0146     		mov	r1, r0
 197 0038 0120     		movs	r0, #1
 198 003a FFF7FEFF 		bl	EE_oo_SetRelAlarm
 199              	.LVL10:
 105:game.c        ****                 GAME__State = SEGMENT_WAITING_STATE; 
 200              		.loc 1 105 0
 201 003e 0122     		movs	r2, #1
 202 0040 574B     		ldr	r3, .L29+4
 203 0042 1A71     		strb	r2, [r3, #4]
 204 0044 A4E0     		b	.L15
 205              	.LVL11:
 206              	.L16:
 106:game.c        ****             }
 107:game.c        ****             break;
 108:game.c        ****         
 109:game.c        ****         // Waiting to display random digit on seven segment
 110:game.c        ****         case SEGMENT_WAITING_STATE : 
 111:game.c        ****             if (GAME_TIMEOUT == ev)
 207              		.loc 1 111 0
 208 0046 0328     		cmp	r0, #3
 209 0048 40F0A280 		bne	.L15
 112:game.c        ****             {   
 113:game.c        ****                 CancelAlarm(alrm_random_time);
 210              		.loc 1 113 0
 211 004c 0120     		movs	r0, #1
 212              	.LVL12:
 213 004e FFF7FEFF 		bl	EE_oo_CancelAlarm
 214              	.LVL13:
 114:game.c        ****                 DisplayRandomValue();
 215              		.loc 1 114 0
 216 0052 FFF7FEFF 		bl	DisplayRandomValue
 217              	.LVL14:
 115:game.c        ****                 timeCount = 0;
 218              		.loc 1 115 0
 219 0056 524D     		ldr	r5, .L29+4
 220 0058 0024     		movs	r4, #0
 221 005a 2C60     		str	r4, [r5]
 116:game.c        ****                 SetRelAlarm(alrm_timer, 1, 1);       // Starting the stop watch timer
 222              		.loc 1 116 0
 223 005c 0122     		movs	r2, #1
 224 005e 1146     		mov	r1, r2
 225 0060 2046     		mov	r0, r4
ARM GAS  C:\Users\DHEERA~1\AppData\Local\Temp\ccVnWq7s.s 			page 7


 226 0062 FFF7FEFF 		bl	EE_oo_SetRelAlarm
 227              	.LVL15:
 117:game.c        ****                 SetRelAlarm(alrm_timeout, 1000, 0);  // Timeout if no button press within 1 second
 228              		.loc 1 117 0
 229 0066 2246     		mov	r2, r4
 230 0068 4FF47A71 		mov	r1, #1000
 231 006c 0420     		movs	r0, #4
 232 006e FFF7FEFF 		bl	EE_oo_SetRelAlarm
 233              	.LVL16:
 118:game.c        ****                 GAME__State = BUTTON_WAITING_STATE;
 234              		.loc 1 118 0
 235 0072 0223     		movs	r3, #2
 236 0074 2B71     		strb	r3, [r5, #4]
 237 0076 8BE0     		b	.L15
 238              	.LVL17:
 239              	.L18:
 119:game.c        ****             }
 120:game.c        ****             break; 
 121:game.c        ****         
 122:game.c        ****         // Waiting for user to press the button after display
 123:game.c        ****         case BUTTON_WAITING_STATE : 
 124:game.c        ****             if (GAME_TIMEOUT == ev)
 240              		.loc 1 124 0
 241 0078 0328     		cmp	r0, #3
 242 007a 04D1     		bne	.L19
 125:game.c        ****             {
 126:game.c        ****                 UART_LOG_PutString("Too Slow\r\n");
 243              		.loc 1 126 0
 244 007c 4948     		ldr	r0, .L29+8
 245              	.LVL18:
 246 007e FFF7FEFF 		bl	UART_LOG_PutString
 247              	.LVL19:
 127:game.c        ****                 SEVEN_Init();
 248              		.loc 1 127 0
 249 0082 FFF7FEFF 		bl	SEVEN_Init
 250              	.LVL20:
 251              	.L19:
 128:game.c        ****             }
 129:game.c        ****             
 130:game.c        ****             if (GAME_BUTTON1 == ev || GAME_BUTTON2 == ev)
 252              		.loc 1 130 0
 253 0086 651E     		subs	r5, r4, #1
 254 0088 EDB2     		uxtb	r5, r5
 255 008a 012D     		cmp	r5, #1
 256 008c 31D8     		bhi	.L20
 131:game.c        ****             {
 132:game.c        ****                 CancelAlarm(alrm_timer); //Stop the counter as soon as user press button
 257              		.loc 1 132 0
 258 008e 0020     		movs	r0, #0
 259 0090 FFF7FEFF 		bl	EE_oo_CancelAlarm
 260              	.LVL21:
 133:game.c        ****                 
 134:game.c        ****                 if ((GAME_BUTTON1 == ev && randomValue == 2 && timeCount < 1000) ||
 261              		.loc 1 134 0
 262 0094 012C     		cmp	r4, #1
 263 0096 03D1     		bne	.L21
 264              		.loc 1 134 0 is_stmt 0 discriminator 1
ARM GAS  C:\Users\DHEERA~1\AppData\Local\Temp\ccVnWq7s.s 			page 8


 265 0098 434B     		ldr	r3, .L29+12
 266 009a 1B78     		ldrb	r3, [r3]	@ zero_extendqisi2
 267 009c 022B     		cmp	r3, #2
 268 009e 05D0     		beq	.L22
 269              	.L21:
 270              		.loc 1 134 0 discriminator 4
 271 00a0 022C     		cmp	r4, #2
 272 00a2 21D1     		bne	.L23
 135:game.c        ****                     (GAME_BUTTON2 == ev && randomValue == 1 && timeCount < 1000))
 273              		.loc 1 135 0 is_stmt 1
 274 00a4 404B     		ldr	r3, .L29+12
 275 00a6 1B78     		ldrb	r3, [r3]	@ zero_extendqisi2
 276 00a8 012B     		cmp	r3, #1
 277 00aa 1DD1     		bne	.L23
 278              	.L22:
 134:game.c        ****                     (GAME_BUTTON2 == ev && randomValue == 1 && timeCount < 1000))
 279              		.loc 1 134 0 discriminator 3
 280 00ac 3C4B     		ldr	r3, .L29+4
 281 00ae 1B68     		ldr	r3, [r3]
 282 00b0 B3F57A7F 		cmp	r3, #1000
 283 00b4 18DA     		bge	.L23
 284              	.LBB2:
 136:game.c        ****                 {
 137:game.c        ****                     UART_LOG_PutString("Great - correct button pressed\r\n");
 285              		.loc 1 137 0
 286 00b6 3D48     		ldr	r0, .L29+16
 287 00b8 FFF7FEFF 		bl	UART_LOG_PutString
 288              	.LVL22:
 138:game.c        ****                     UART_LOG_PutString("Reaction time in ms: ");
 289              		.loc 1 138 0
 290 00bc 3C48     		ldr	r0, .L29+20
 291 00be FFF7FEFF 		bl	UART_LOG_PutString
 292              	.LVL23:
 139:game.c        ****                     
 140:game.c        ****                     char showReactionTime[200];
 141:game.c        ****                     sprintf(showReactionTime,"%d\r\n", timeCount);
 293              		.loc 1 141 0
 294 00c2 374C     		ldr	r4, .L29+4
 295 00c4 2268     		ldr	r2, [r4]
 296 00c6 3B49     		ldr	r1, .L29+24
 297 00c8 64A8     		add	r0, sp, #400
 298 00ca FFF7FEFF 		bl	sprintf
 299              	.LVL24:
 142:game.c        ****                     UART_LOG_PutString(showReactionTime);
 300              		.loc 1 142 0
 301 00ce 64A8     		add	r0, sp, #400
 302 00d0 FFF7FEFF 		bl	UART_LOG_PutString
 303              	.LVL25:
 143:game.c        ****                     
 144:game.c        ****                     score++;
 304              		.loc 1 144 0
 305 00d4 A368     		ldr	r3, [r4, #8]
 306 00d6 0133     		adds	r3, r3, #1
 307 00d8 A360     		str	r3, [r4, #8]
 145:game.c        ****                     totalTime += timeCount;
 308              		.loc 1 145 0
 309 00da E268     		ldr	r2, [r4, #12]
ARM GAS  C:\Users\DHEERA~1\AppData\Local\Temp\ccVnWq7s.s 			page 9


 310 00dc 2368     		ldr	r3, [r4]
 311 00de 1344     		add	r3, r3, r2
 312 00e0 E360     		str	r3, [r4, #12]
 146:game.c        ****                     
 147:game.c        ****                     SEVEN_Init();
 313              		.loc 1 147 0
 314 00e2 FFF7FEFF 		bl	SEVEN_Init
 315              	.LVL26:
 316              	.LBE2:
 136:game.c        ****                     UART_LOG_PutString("Great - correct button pressed\r\n");
 317              		.loc 1 136 0
 318 00e6 04E0     		b	.L20
 319              	.L23:
 148:game.c        ****                 }
 149:game.c        ****                 else
 150:game.c        ****                 {
 151:game.c        ****                     UART_LOG_PutString("Wrong button pressed.\r\n");
 320              		.loc 1 151 0
 321 00e8 3348     		ldr	r0, .L29+28
 322 00ea FFF7FEFF 		bl	UART_LOG_PutString
 323              	.LVL27:
 152:game.c        ****                     SEVEN_Init();
 324              		.loc 1 152 0
 325 00ee FFF7FEFF 		bl	SEVEN_Init
 326              	.LVL28:
 327              	.L20:
 153:game.c        ****                 }
 154:game.c        ****             }
 155:game.c        ****             
 156:game.c        ****             round++;
 328              		.loc 1 156 0
 329 00f2 2A4A     		ldr	r2, .L29
 330 00f4 1368     		ldr	r3, [r2]
 331 00f6 0133     		adds	r3, r3, #1
 332 00f8 1360     		str	r3, [r2]
 157:game.c        **** 
 158:game.c        ****             if ((GAME_BUTTON1 == ev || GAME_BUTTON2 == ev || GAME_TIMEOUT == ev) &&
 333              		.loc 1 158 0
 334 00fa 022D     		cmp	r5, #2
 335 00fc 19D8     		bhi	.L24
 336              		.loc 1 158 0 is_stmt 0 discriminator 1
 337 00fe 0A2B     		cmp	r3, #10
 338 0100 17DC     		bgt	.L24
 339              	.LBB3:
 159:game.c        ****                  round <= TOTAL_ROUNDS)
 160:game.c        ****             {
 161:game.c        ****                 /* Before transitioning back to IDLE_STATE for the next round,
 162:game.c        ****                    print the round transition messages */
 163:game.c        ****                 UART_LOG_PutString("========================================\r\n");
 340              		.loc 1 163 0 is_stmt 1
 341 0102 2E48     		ldr	r0, .L29+32
 342 0104 FFF7FEFF 		bl	UART_LOG_PutString
 343              	.LVL29:
 164:game.c        ****                 UART_LOG_PutString("Reaction test program round: ");
 344              		.loc 1 164 0
 345 0108 2D48     		ldr	r0, .L29+36
 346 010a FFF7FEFF 		bl	UART_LOG_PutString
ARM GAS  C:\Users\DHEERA~1\AppData\Local\Temp\ccVnWq7s.s 			page 10


 347              	.LVL30:
 165:game.c        ****                 
 166:game.c        ****                 char showRound[200];
 167:game.c        ****                 sprintf(showRound, "%d\r\n", round);
 348              		.loc 1 167 0
 349 010e 234B     		ldr	r3, .L29
 350 0110 1A68     		ldr	r2, [r3]
 351 0112 2849     		ldr	r1, .L29+24
 352 0114 64A8     		add	r0, sp, #400
 353 0116 FFF7FEFF 		bl	sprintf
 354              	.LVL31:
 168:game.c        ****                 UART_LOG_PutString(showRound);
 355              		.loc 1 168 0
 356 011a 64A8     		add	r0, sp, #400
 357 011c FFF7FEFF 		bl	UART_LOG_PutString
 358              	.LVL32:
 169:game.c        ****                 
 170:game.c        ****                 UART_LOG_PutString("Press one of the two buttons to start...\r\n");
 359              		.loc 1 170 0
 360 0120 2848     		ldr	r0, .L29+40
 361 0122 FFF7FEFF 		bl	UART_LOG_PutString
 362              	.LVL33:
 171:game.c        ****                 UART_LOG_PutString("\r\n");
 363              		.loc 1 171 0
 364 0126 2848     		ldr	r0, .L29+44
 365 0128 FFF7FEFF 		bl	UART_LOG_PutString
 366              	.LVL34:
 172:game.c        ****                 
 173:game.c        ****                 GAME__State = IDLE_STATE;
 367              		.loc 1 173 0
 368 012c 0022     		movs	r2, #0
 369 012e 1C4B     		ldr	r3, .L29+4
 370 0130 1A71     		strb	r2, [r3, #4]
 371              	.L24:
 372              	.LBE3:
 174:game.c        ****             }
 175:game.c        ****                 
 176:game.c        ****             if (round > TOTAL_ROUNDS)
 373              		.loc 1 176 0
 374 0132 1A4B     		ldr	r3, .L29
 375 0134 1B68     		ldr	r3, [r3]
 376 0136 0A2B     		cmp	r3, #10
 377 0138 2ADD     		ble	.L15
 378              	.LBB4:
 177:game.c        ****             {
 178:game.c        ****                 UART_LOG_PutString("========================================\r\n");
 379              		.loc 1 178 0
 380 013a 2048     		ldr	r0, .L29+32
 381 013c FFF7FEFF 		bl	UART_LOG_PutString
 382              	.LVL35:
 179:game.c        ****                 UART_LOG_PutString("Game Over\r\n");
 383              		.loc 1 179 0
 384 0140 2248     		ldr	r0, .L29+48
 385 0142 FFF7FEFF 		bl	UART_LOG_PutString
 386              	.LVL36:
 180:game.c        **** 
 181:game.c        ****                 char showScore[200];
ARM GAS  C:\Users\DHEERA~1\AppData\Local\Temp\ccVnWq7s.s 			page 11


 182:game.c        ****                 sprintf(showScore,"Score = %d\r\n", score);
 387              		.loc 1 182 0
 388 0146 164C     		ldr	r4, .L29+4
 389 0148 A268     		ldr	r2, [r4, #8]
 390 014a 2149     		ldr	r1, .L29+52
 391 014c 6846     		mov	r0, sp
 392 014e FFF7FEFF 		bl	sprintf
 393              	.LVL37:
 183:game.c        ****                 UART_LOG_PutString(showScore);
 394              		.loc 1 183 0
 395 0152 6846     		mov	r0, sp
 396 0154 FFF7FEFF 		bl	UART_LOG_PutString
 397              	.LVL38:
 184:game.c        **** 
 185:game.c        ****                 char showTotalTime[200];
 186:game.c        ****                 sprintf(showTotalTime,"Total Time in ms = %u\r\n", totalTime);
 398              		.loc 1 186 0
 399 0158 E268     		ldr	r2, [r4, #12]
 400 015a 1E49     		ldr	r1, .L29+56
 401 015c 32A8     		add	r0, sp, #200
 402 015e FFF7FEFF 		bl	sprintf
 403              	.LVL39:
 187:game.c        ****                 UART_LOG_PutString(showTotalTime);
 404              		.loc 1 187 0
 405 0162 32A8     		add	r0, sp, #200
 406 0164 FFF7FEFF 		bl	UART_LOG_PutString
 407              	.LVL40:
 188:game.c        ****                 
 189:game.c        ****                 if (score > 0)
 408              		.loc 1 189 0
 409 0168 A268     		ldr	r2, [r4, #8]
 410 016a 002A     		cmp	r2, #0
 411 016c 04DD     		ble	.L25
 190:game.c        ****                 {
 191:game.c        ****                     averageTime = totalTime / score;
 412              		.loc 1 191 0
 413 016e E368     		ldr	r3, [r4, #12]
 414 0170 B3FBF2F3 		udiv	r3, r3, r2
 415 0174 2361     		str	r3, [r4, #16]
 416 0176 02E0     		b	.L26
 417              	.L25:
 192:game.c        ****                 }
 193:game.c        ****                 else
 194:game.c        ****                 {
 195:game.c        ****                     averageTime = 0;
 418              		.loc 1 195 0
 419 0178 0022     		movs	r2, #0
 420 017a 094B     		ldr	r3, .L29+4
 421 017c 1A61     		str	r2, [r3, #16]
 422              	.L26:
 196:game.c        ****                 }
 197:game.c        ****                 char showAverageTime[200];
 198:game.c        ****                 sprintf(showAverageTime, "Average Time in ms = %u\r\n", averageTime);
 423              		.loc 1 198 0
 424 017e 084B     		ldr	r3, .L29+4
 425 0180 1A69     		ldr	r2, [r3, #16]
 426 0182 1549     		ldr	r1, .L29+60
ARM GAS  C:\Users\DHEERA~1\AppData\Local\Temp\ccVnWq7s.s 			page 12


 427 0184 64A8     		add	r0, sp, #400
 428 0186 FFF7FEFF 		bl	sprintf
 429              	.LVL41:
 199:game.c        ****                 UART_LOG_PutString(showAverageTime);
 430              		.loc 1 199 0
 431 018a 64A8     		add	r0, sp, #400
 432 018c FFF7FEFF 		bl	UART_LOG_PutString
 433              	.LVL42:
 434              	.L15:
 435              	.LBE4:
 200:game.c        ****             }
 201:game.c        ****             
 202:game.c        ****             break;
 203:game.c        ****     }
 204:game.c        ****     return RC_SUCCESS;
 205:game.c        **** }
 436              		.loc 1 205 0
 437 0190 0020     		movs	r0, #0
 438 0192 0DF5177D 		add	sp, sp, #604
 439              		.cfi_def_cfa_offset 12
 440              		@ sp needed
 441 0196 30BD     		pop	{r4, r5, pc}
 442              	.LVL43:
 443              	.L28:
 444              		.cfi_def_cfa_offset 0
 445              		.cfi_restore 4
 446              		.cfi_restore 5
 447              		.cfi_restore 14
 448 0198 0020     		movs	r0, #0
 449              	.LVL44:
 450 019a 7047     		bx	lr
 451              	.L30:
 452              		.align	2
 453              	.L29:
 454 019c 00000000 		.word	.LANCHOR1
 455 01a0 00000000 		.word	.LANCHOR0
 456 01a4 00000000 		.word	.LC0
 457 01a8 00000000 		.word	randomValue
 458 01ac 0C000000 		.word	.LC1
 459 01b0 30000000 		.word	.LC2
 460 01b4 48000000 		.word	.LC3
 461 01b8 50000000 		.word	.LC4
 462 01bc 68000000 		.word	.LC5
 463 01c0 94000000 		.word	.LC6
 464 01c4 B4000000 		.word	.LC7
 465 01c8 E0000000 		.word	.LC8
 466 01cc E4000000 		.word	.LC9
 467 01d0 F0000000 		.word	.LC10
 468 01d4 00010000 		.word	.LC11
 469 01d8 18010000 		.word	.LC12
 470              		.cfi_endproc
 471              	.LFE114:
 472              		.size	GAME_Play, .-GAME_Play
 473              		.comm	randomValue,1,1
 474              		.comm	randomDelay,1,1
 475              		.data
 476              		.align	2
ARM GAS  C:\Users\DHEERA~1\AppData\Local\Temp\ccVnWq7s.s 			page 13


 477              		.set	.LANCHOR1,. + 0
 478              		.type	round, %object
 479              		.size	round, 4
 480              	round:
 481 0000 01000000 		.word	1
 482              		.section	.rodata.str1.4,"aMS",%progbits,1
 483              		.align	2
 484              	.LC0:
 485 0000 546F6F20 		.ascii	"Too Slow\015\012\000"
 485      536C6F77 
 485      0D0A00
 486 000b 00       		.space	1
 487              	.LC1:
 488 000c 47726561 		.ascii	"Great - correct button pressed\015\012\000"
 488      74202D20 
 488      636F7272 
 488      65637420 
 488      62757474 
 489 002d 000000   		.space	3
 490              	.LC2:
 491 0030 52656163 		.ascii	"Reaction time in ms: \000"
 491      74696F6E 
 491      2074696D 
 491      6520696E 
 491      206D733A 
 492 0046 0000     		.space	2
 493              	.LC3:
 494 0048 25640D0A 		.ascii	"%d\015\012\000"
 494      00
 495 004d 000000   		.space	3
 496              	.LC4:
 497 0050 57726F6E 		.ascii	"Wrong button pressed.\015\012\000"
 497      67206275 
 497      74746F6E 
 497      20707265 
 497      73736564 
 498              	.LC5:
 499 0068 3D3D3D3D 		.ascii	"========================================\015\012\000"
 499      3D3D3D3D 
 499      3D3D3D3D 
 499      3D3D3D3D 
 499      3D3D3D3D 
 500 0093 00       		.space	1
 501              	.LC6:
 502 0094 52656163 		.ascii	"Reaction test program round: \000"
 502      74696F6E 
 502      20746573 
 502      74207072 
 502      6F677261 
 503 00b2 0000     		.space	2
 504              	.LC7:
 505 00b4 50726573 		.ascii	"Press one of the two buttons to start...\015\012\000"
 505      73206F6E 
 505      65206F66 
 505      20746865 
 505      2074776F 
 506 00df 00       		.space	1
ARM GAS  C:\Users\DHEERA~1\AppData\Local\Temp\ccVnWq7s.s 			page 14


 507              	.LC8:
 508 00e0 0D0A00   		.ascii	"\015\012\000"
 509 00e3 00       		.space	1
 510              	.LC9:
 511 00e4 47616D65 		.ascii	"Game Over\015\012\000"
 511      204F7665 
 511      720D0A00 
 512              	.LC10:
 513 00f0 53636F72 		.ascii	"Score = %d\015\012\000"
 513      65203D20 
 513      25640D0A 
 513      00
 514 00fd 000000   		.space	3
 515              	.LC11:
 516 0100 546F7461 		.ascii	"Total Time in ms = %u\015\012\000"
 516      6C205469 
 516      6D652069 
 516      6E206D73 
 516      203D2025 
 517              	.LC12:
 518 0118 41766572 		.ascii	"Average Time in ms = %u\015\012\000"
 518      61676520 
 518      54696D65 
 518      20696E20 
 518      6D73203D 
 519              		.bss
 520              		.align	2
 521              		.set	.LANCHOR0,. + 0
 522              		.type	timeCount, %object
 523              		.size	timeCount, 4
 524              	timeCount:
 525 0000 00000000 		.space	4
 526              		.type	GAME__State, %object
 527              		.size	GAME__State, 1
 528              	GAME__State:
 529 0004 00       		.space	1
 530 0005 000000   		.space	3
 531              		.type	score, %object
 532              		.size	score, 4
 533              	score:
 534 0008 00000000 		.space	4
 535              		.type	totalTime.7913, %object
 536              		.size	totalTime.7913, 4
 537              	totalTime.7913:
 538 000c 00000000 		.space	4
 539              		.type	averageTime.7914, %object
 540              		.size	averageTime.7914, 4
 541              	averageTime.7914:
 542 0010 00000000 		.space	4
 543              		.text
 544              	.Letext0:
 545              		.file 2 "d:\\psoc creator\\4.4\\psoc creator\\import\\gnu\\arm\\5.4.1\\arm-none-eabi\\include\\mac
 546              		.file 3 "d:\\psoc creator\\4.4\\psoc creator\\import\\gnu\\arm\\5.4.1\\arm-none-eabi\\include\\sys
 547              		.file 4 "Generated_Source\\PSoC5/Erika_OS_common_ee_types.inc"
 548              		.file 5 "Generated_Source\\PSoC5/Erika_OS_cortex_mx_ee_cpu.inc"
 549              		.file 6 ".\\source\\bsw/global.h"
 550              		.file 7 "game.h"
ARM GAS  C:\Users\DHEERA~1\AppData\Local\Temp\ccVnWq7s.s 			page 15


 551              		.file 8 ".\\source\\bsw/seven.h"
 552              		.file 9 "Generated_Source\\PSoC5/Erika_OS_ee_oo_intfunc.inc"
 553              		.file 10 "Generated_Source\\PSoC5/Erika_OS_cortex_mx_ee_context.inc"
 554              		.file 11 "Generated_Source\\PSoC5/Erika_OS_common_ee_primitives.inc"
 555              		.file 12 "Generated_Source\\PSoC5/core_cm3.h"
 556              		.file 13 "d:\\psoc creator\\4.4\\psoc creator\\import\\gnu\\arm\\5.4.1\\arm-none-eabi\\include\\st
 557              		.file 14 "Generated_Source\\PSoC5/CyLib.h"
 558              		.file 15 "Generated_Source\\PSoC5/Erika_OS_ee_oo_kernel.inc"
 559              		.file 16 "Generated_Source\\PSoC5/UART_LOG.h"
 560              		.file 17 "d:\\psoc creator\\4.4\\psoc creator\\import\\gnu\\arm\\5.4.1\\arm-none-eabi\\include\\st
 561              		.section	.debug_info,"",%progbits
 562              	.Ldebug_info0:
 563 0000 28070000 		.4byte	0x728
 564 0004 0400     		.2byte	0x4
 565 0006 00000000 		.4byte	.Ldebug_abbrev0
 566 000a 04       		.byte	0x4
 567 000b 01       		.uleb128 0x1
 568 000c D3030000 		.4byte	.LASF93
 569 0010 0C       		.byte	0xc
 570 0011 61050000 		.4byte	.LASF94
 571 0015 07030000 		.4byte	.LASF95
 572 0019 00000000 		.4byte	.Ldebug_ranges0+0
 573 001d 00000000 		.4byte	0
 574 0021 00000000 		.4byte	.Ldebug_line0
 575 0025 02       		.uleb128 0x2
 576 0026 01       		.byte	0x1
 577 0027 06       		.byte	0x6
 578 0028 80010000 		.4byte	.LASF0
 579 002c 03       		.uleb128 0x3
 580 002d 41020000 		.4byte	.LASF4
 581 0031 02       		.byte	0x2
 582 0032 1D       		.byte	0x1d
 583 0033 37000000 		.4byte	0x37
 584 0037 02       		.uleb128 0x2
 585 0038 01       		.byte	0x1
 586 0039 08       		.byte	0x8
 587 003a AA020000 		.4byte	.LASF1
 588 003e 02       		.uleb128 0x2
 589 003f 02       		.byte	0x2
 590 0040 05       		.byte	0x5
 591 0041 69000000 		.4byte	.LASF2
 592 0045 02       		.uleb128 0x2
 593 0046 02       		.byte	0x2
 594 0047 07       		.byte	0x7
 595 0048 C0030000 		.4byte	.LASF3
 596 004c 03       		.uleb128 0x3
 597 004d 38050000 		.4byte	.LASF5
 598 0051 02       		.byte	0x2
 599 0052 3F       		.byte	0x3f
 600 0053 57000000 		.4byte	0x57
 601 0057 02       		.uleb128 0x2
 602 0058 04       		.byte	0x4
 603 0059 05       		.byte	0x5
 604 005a 0A020000 		.4byte	.LASF6
 605 005e 03       		.uleb128 0x3
 606 005f DC000000 		.4byte	.LASF7
 607 0063 02       		.byte	0x2
ARM GAS  C:\Users\DHEERA~1\AppData\Local\Temp\ccVnWq7s.s 			page 16


 608 0064 41       		.byte	0x41
 609 0065 69000000 		.4byte	0x69
 610 0069 02       		.uleb128 0x2
 611 006a 04       		.byte	0x4
 612 006b 07       		.byte	0x7
 613 006c E4040000 		.4byte	.LASF8
 614 0070 02       		.uleb128 0x2
 615 0071 08       		.byte	0x8
 616 0072 05       		.byte	0x5
 617 0073 CE000000 		.4byte	.LASF9
 618 0077 02       		.uleb128 0x2
 619 0078 08       		.byte	0x8
 620 0079 07       		.byte	0x7
 621 007a E7020000 		.4byte	.LASF10
 622 007e 04       		.uleb128 0x4
 623 007f 04       		.byte	0x4
 624 0080 05       		.byte	0x5
 625 0081 696E7400 		.ascii	"int\000"
 626 0085 02       		.uleb128 0x2
 627 0086 04       		.byte	0x4
 628 0087 07       		.byte	0x7
 629 0088 60030000 		.4byte	.LASF11
 630 008c 03       		.uleb128 0x3
 631 008d 0F010000 		.4byte	.LASF12
 632 0091 03       		.byte	0x3
 633 0092 18       		.byte	0x18
 634 0093 2C000000 		.4byte	0x2c
 635 0097 03       		.uleb128 0x3
 636 0098 7B040000 		.4byte	.LASF13
 637 009c 03       		.byte	0x3
 638 009d 2C       		.byte	0x2c
 639 009e 4C000000 		.4byte	0x4c
 640 00a2 03       		.uleb128 0x3
 641 00a3 FE020000 		.4byte	.LASF14
 642 00a7 03       		.byte	0x3
 643 00a8 30       		.byte	0x30
 644 00a9 5E000000 		.4byte	0x5e
 645 00ad 02       		.uleb128 0x2
 646 00ae 04       		.byte	0x4
 647 00af 04       		.byte	0x4
 648 00b0 8C010000 		.4byte	.LASF15
 649 00b4 02       		.uleb128 0x2
 650 00b5 08       		.byte	0x8
 651 00b6 04       		.byte	0x4
 652 00b7 F6040000 		.4byte	.LASF16
 653 00bb 02       		.uleb128 0x2
 654 00bc 01       		.byte	0x1
 655 00bd 08       		.byte	0x8
 656 00be 61040000 		.4byte	.LASF17
 657 00c2 02       		.uleb128 0x2
 658 00c3 08       		.byte	0x8
 659 00c4 04       		.byte	0x4
 660 00c5 9E020000 		.4byte	.LASF18
 661 00c9 02       		.uleb128 0x2
 662 00ca 04       		.byte	0x4
 663 00cb 07       		.byte	0x7
 664 00cc 99000000 		.4byte	.LASF19
ARM GAS  C:\Users\DHEERA~1\AppData\Local\Temp\ccVnWq7s.s 			page 17


 665 00d0 03       		.uleb128 0x3
 666 00d1 AB030000 		.4byte	.LASF20
 667 00d5 04       		.byte	0x4
 668 00d6 53       		.byte	0x53
 669 00d7 7E000000 		.4byte	0x7e
 670 00db 03       		.uleb128 0x3
 671 00dc F3000000 		.4byte	.LASF21
 672 00e0 04       		.byte	0x4
 673 00e1 54       		.byte	0x54
 674 00e2 85000000 		.4byte	0x85
 675 00e6 03       		.uleb128 0x3
 676 00e7 0F050000 		.4byte	.LASF22
 677 00eb 05       		.byte	0x5
 678 00ec 4D       		.byte	0x4d
 679 00ed DB000000 		.4byte	0xdb
 680 00f1 03       		.uleb128 0x3
 681 00f2 C6000000 		.4byte	.LASF23
 682 00f6 05       		.byte	0x5
 683 00f7 4F       		.byte	0x4f
 684 00f8 DB000000 		.4byte	0xdb
 685 00fc 03       		.uleb128 0x3
 686 00fd FD000000 		.4byte	.LASF24
 687 0101 05       		.byte	0x5
 688 0102 78       		.byte	0x78
 689 0103 D0000000 		.4byte	0xd0
 690 0107 05       		.uleb128 0x5
 691 0108 65524300 		.ascii	"eRC\000"
 692 010c 01       		.byte	0x1
 693 010d 25000000 		.4byte	0x25
 694 0111 06       		.byte	0x6
 695 0112 AC       		.byte	0xac
 696 0113 AE010000 		.4byte	0x1ae
 697 0117 06       		.uleb128 0x6
 698 0118 4A000000 		.4byte	.LASF25
 699 011c 00       		.byte	0
 700 011d 07       		.uleb128 0x7
 701 011e AD050000 		.4byte	.LASF26
 702 0122 7F       		.sleb128 -1
 703 0123 07       		.uleb128 0x7
 704 0124 87030000 		.4byte	.LASF27
 705 0128 7E       		.sleb128 -2
 706 0129 07       		.uleb128 0x7
 707 012a B8000000 		.4byte	.LASF28
 708 012e 7D       		.sleb128 -3
 709 012f 07       		.uleb128 0x7
 710 0130 CB050000 		.4byte	.LASF29
 711 0134 7C       		.sleb128 -4
 712 0135 07       		.uleb128 0x7
 713 0136 17050000 		.4byte	.LASF30
 714 013a 7B       		.sleb128 -5
 715 013b 07       		.uleb128 0x7
 716 013c 73000000 		.4byte	.LASF31
 717 0140 7A       		.sleb128 -6
 718 0141 07       		.uleb128 0x7
 719 0142 13020000 		.4byte	.LASF32
 720 0146 79       		.sleb128 -7
 721 0147 07       		.uleb128 0x7
ARM GAS  C:\Users\DHEERA~1\AppData\Local\Temp\ccVnWq7s.s 			page 18


 722 0148 66040000 		.4byte	.LASF33
 723 014c 78       		.sleb128 -8
 724 014d 07       		.uleb128 0x7
 725 014e 95030000 		.4byte	.LASF34
 726 0152 77       		.sleb128 -9
 727 0153 07       		.uleb128 0x7
 728 0154 33020000 		.4byte	.LASF35
 729 0158 76       		.sleb128 -10
 730 0159 07       		.uleb128 0x7
 731 015a F8050000 		.4byte	.LASF36
 732 015e 75       		.sleb128 -11
 733 015f 07       		.uleb128 0x7
 734 0160 6D030000 		.4byte	.LASF37
 735 0164 74       		.sleb128 -12
 736 0165 07       		.uleb128 0x7
 737 0166 FD040000 		.4byte	.LASF38
 738 016a 73       		.sleb128 -13
 739 016b 07       		.uleb128 0x7
 740 016c 78020000 		.4byte	.LASF39
 741 0170 72       		.sleb128 -14
 742 0171 07       		.uleb128 0x7
 743 0172 55000000 		.4byte	.LASF40
 744 0176 71       		.sleb128 -15
 745 0177 07       		.uleb128 0x7
 746 0178 4B020000 		.4byte	.LASF41
 747 017c 70       		.sleb128 -16
 748 017d 07       		.uleb128 0x7
 749 017e A0040000 		.4byte	.LASF42
 750 0182 6F       		.sleb128 -17
 751 0183 07       		.uleb128 0x7
 752 0184 84000000 		.4byte	.LASF43
 753 0188 6E       		.sleb128 -18
 754 0189 07       		.uleb128 0x7
 755 018a DC010000 		.4byte	.LASF44
 756 018e 6D       		.sleb128 -19
 757 018f 07       		.uleb128 0x7
 758 0190 BE040000 		.4byte	.LASF45
 759 0194 6C       		.sleb128 -20
 760 0195 07       		.uleb128 0x7
 761 0196 66020000 		.4byte	.LASF46
 762 019a 6B       		.sleb128 -21
 763 019b 07       		.uleb128 0x7
 764 019c 7D050000 		.4byte	.LASF47
 765 01a0 6A       		.sleb128 -22
 766 01a1 07       		.uleb128 0x7
 767 01a2 17010000 		.4byte	.LASF48
 768 01a6 69       		.sleb128 -23
 769 01a7 07       		.uleb128 0x7
 770 01a8 EF010000 		.4byte	.LASF49
 771 01ac 68       		.sleb128 -24
 772 01ad 00       		.byte	0
 773 01ae 03       		.uleb128 0x3
 774 01af F3050000 		.4byte	.LASF50
 775 01b3 06       		.byte	0x6
 776 01b4 C8       		.byte	0xc8
 777 01b5 07010000 		.4byte	0x107
 778 01b9 08       		.uleb128 0x8
ARM GAS  C:\Users\DHEERA~1\AppData\Local\Temp\ccVnWq7s.s 			page 19


 779 01ba 01       		.byte	0x1
 780 01bb 37000000 		.4byte	0x37
 781 01bf 07       		.byte	0x7
 782 01c0 2A       		.byte	0x2a
 783 01c1 DE010000 		.4byte	0x1de
 784 01c5 06       		.uleb128 0x6
 785 01c6 B6050000 		.4byte	.LASF51
 786 01ca 00       		.byte	0
 787 01cb 06       		.uleb128 0x6
 788 01cc A9010000 		.4byte	.LASF52
 789 01d0 01       		.byte	0x1
 790 01d1 06       		.uleb128 0x6
 791 01d2 B6010000 		.4byte	.LASF53
 792 01d6 02       		.byte	0x2
 793 01d7 06       		.uleb128 0x6
 794 01d8 54050000 		.4byte	.LASF54
 795 01dc 03       		.byte	0x3
 796 01dd 00       		.byte	0
 797 01de 03       		.uleb128 0x3
 798 01df 92010000 		.4byte	.LASF55
 799 01e3 07       		.byte	0x7
 800 01e4 2F       		.byte	0x2f
 801 01e5 B9010000 		.4byte	0x1b9
 802 01e9 08       		.uleb128 0x8
 803 01ea 01       		.byte	0x1
 804 01eb 37000000 		.4byte	0x37
 805 01ef 08       		.byte	0x8
 806 01f0 5F       		.byte	0x5f
 807 01f1 02020000 		.4byte	0x202
 808 01f5 06       		.uleb128 0x6
 809 01f6 B0000000 		.4byte	.LASF56
 810 01fa 00       		.byte	0
 811 01fb 06       		.uleb128 0x6
 812 01fc D9020000 		.4byte	.LASF57
 813 0200 01       		.byte	0x1
 814 0201 00       		.byte	0
 815 0202 08       		.uleb128 0x8
 816 0203 01       		.byte	0x1
 817 0204 37000000 		.4byte	0x37
 818 0208 01       		.byte	0x1
 819 0209 3C       		.byte	0x3c
 820 020a 21020000 		.4byte	0x221
 821 020e 06       		.uleb128 0x6
 822 020f 04010000 		.4byte	.LASF58
 823 0213 00       		.byte	0
 824 0214 06       		.uleb128 0x6
 825 0215 34000000 		.4byte	.LASF59
 826 0219 01       		.byte	0x1
 827 021a 06       		.uleb128 0x6
 828 021b 68050000 		.4byte	.LASF60
 829 021f 02       		.byte	0x2
 830 0220 00       		.byte	0
 831 0221 03       		.uleb128 0x3
 832 0222 A2000000 		.4byte	.LASF61
 833 0226 01       		.byte	0x1
 834 0227 40       		.byte	0x40
 835 0228 02020000 		.4byte	0x202
ARM GAS  C:\Users\DHEERA~1\AppData\Local\Temp\ccVnWq7s.s 			page 20


 836 022c 09       		.uleb128 0x9
 837 022d 83040000 		.4byte	.LASF62
 838 0231 01       		.byte	0x1
 839 0232 20       		.byte	0x20
 840 0233 8C000000 		.4byte	0x8c
 841 0237 00000000 		.4byte	.LFB111
 842 023b 38000000 		.4byte	.LFE111-.LFB111
 843 023f 01       		.uleb128 0x1
 844 0240 9C       		.byte	0x9c
 845 0241 58020000 		.4byte	0x258
 846 0245 0A       		.uleb128 0xa
 847 0246 06000000 		.4byte	.LVL0
 848 024a C6060000 		.4byte	0x6c6
 849 024e 0A       		.uleb128 0xa
 850 024f 2A000000 		.4byte	.LVL1
 851 0253 D1060000 		.4byte	0x6d1
 852 0257 00       		.byte	0
 853 0258 09       		.uleb128 0x9
 854 0259 B8020000 		.4byte	.LASF63
 855 025d 01       		.byte	0x1
 856 025e 2D       		.byte	0x2d
 857 025f 8C000000 		.4byte	0x8c
 858 0263 00000000 		.4byte	.LFB112
 859 0267 38000000 		.4byte	.LFE112-.LFB112
 860 026b 01       		.uleb128 0x1
 861 026c 9C       		.byte	0x9c
 862 026d 9D020000 		.4byte	0x29d
 863 0271 0A       		.uleb128 0xa
 864 0272 06000000 		.4byte	.LVL2
 865 0276 C6060000 		.4byte	0x6c6
 866 027a 0B       		.uleb128 0xb
 867 027b 22000000 		.4byte	.LVL3
 868 027f DC060000 		.4byte	0x6dc
 869 0283 8D020000 		.4byte	0x28d
 870 0287 0C       		.uleb128 0xc
 871 0288 01       		.uleb128 0x1
 872 0289 50       		.byte	0x50
 873 028a 01       		.uleb128 0x1
 874 028b 30       		.byte	0x30
 875 028c 00       		.byte	0
 876 028d 0D       		.uleb128 0xd
 877 028e 2A000000 		.4byte	.LVL4
 878 0292 DC060000 		.4byte	0x6dc
 879 0296 0C       		.uleb128 0xc
 880 0297 01       		.uleb128 0x1
 881 0298 50       		.byte	0x50
 882 0299 01       		.uleb128 0x1
 883 029a 31       		.byte	0x31
 884 029b 00       		.byte	0
 885 029c 00       		.byte	0
 886 029d 0E       		.uleb128 0xe
 887 029e 38010000 		.4byte	.LASF96
 888 02a2 01       		.byte	0x1
 889 02a3 47       		.byte	0x47
 890 02a4 00000000 		.4byte	.LFB113
 891 02a8 14000000 		.4byte	.LFE113-.LFB113
 892 02ac 01       		.uleb128 0x1
ARM GAS  C:\Users\DHEERA~1\AppData\Local\Temp\ccVnWq7s.s 			page 21


 893 02ad 9C       		.byte	0x9c
 894 02ae BC020000 		.4byte	0x2bc
 895 02b2 0A       		.uleb128 0xa
 896 02b3 0E000000 		.4byte	.LVL5
 897 02b7 E7060000 		.4byte	0x6e7
 898 02bb 00       		.byte	0
 899 02bc 09       		.uleb128 0x9
 900 02bd 2E010000 		.4byte	.LASF64
 901 02c1 01       		.byte	0x1
 902 02c2 56       		.byte	0x56
 903 02c3 AE010000 		.4byte	0x1ae
 904 02c7 00000000 		.4byte	.LFB114
 905 02cb DC010000 		.4byte	.LFE114-.LFB114
 906 02cf 01       		.uleb128 0x1
 907 02d0 9C       		.byte	0x9c
 908 02d1 08060000 		.4byte	0x608
 909 02d5 0F       		.uleb128 0xf
 910 02d6 657600   		.ascii	"ev\000"
 911 02d9 01       		.byte	0x1
 912 02da 56       		.byte	0x56
 913 02db DE010000 		.4byte	0x1de
 914 02df 00000000 		.4byte	.LLST0
 915 02e3 10       		.uleb128 0x10
 916 02e4 B4040000 		.4byte	.LASF65
 917 02e8 01       		.byte	0x1
 918 02e9 58       		.byte	0x58
 919 02ea A2000000 		.4byte	0xa2
 920 02ee 05       		.uleb128 0x5
 921 02ef 03       		.byte	0x3
 922 02f0 0C000000 		.4byte	totalTime.7913
 923 02f4 10       		.uleb128 0x10
 924 02f5 E7000000 		.4byte	.LASF66
 925 02f9 01       		.byte	0x1
 926 02fa 59       		.byte	0x59
 927 02fb A2000000 		.4byte	0xa2
 928 02ff 05       		.uleb128 0x5
 929 0300 03       		.byte	0x3
 930 0301 10000000 		.4byte	averageTime.7914
 931 0305 11       		.uleb128 0x11
 932 0306 B6000000 		.4byte	.LBB2
 933 030a 30000000 		.4byte	.LBE2-.LBB2
 934 030e 8C030000 		.4byte	0x38c
 935 0312 10       		.uleb128 0x10
 936 0313 8F050000 		.4byte	.LASF67
 937 0317 01       		.byte	0x1
 938 0318 8C       		.byte	0x8c
 939 0319 08060000 		.4byte	0x608
 940 031d 03       		.uleb128 0x3
 941 031e 91       		.byte	0x91
 942 031f A87E     		.sleb128 -216
 943 0321 0B       		.uleb128 0xb
 944 0322 BC000000 		.4byte	.LVL22
 945 0326 F2060000 		.4byte	0x6f2
 946 032a 38030000 		.4byte	0x338
 947 032e 0C       		.uleb128 0xc
 948 032f 01       		.uleb128 0x1
 949 0330 50       		.byte	0x50
ARM GAS  C:\Users\DHEERA~1\AppData\Local\Temp\ccVnWq7s.s 			page 22


 950 0331 05       		.uleb128 0x5
 951 0332 03       		.byte	0x3
 952 0333 0C000000 		.4byte	.LC1
 953 0337 00       		.byte	0
 954 0338 0B       		.uleb128 0xb
 955 0339 C2000000 		.4byte	.LVL23
 956 033d F2060000 		.4byte	0x6f2
 957 0341 4F030000 		.4byte	0x34f
 958 0345 0C       		.uleb128 0xc
 959 0346 01       		.uleb128 0x1
 960 0347 50       		.byte	0x50
 961 0348 05       		.uleb128 0x5
 962 0349 03       		.byte	0x3
 963 034a 30000000 		.4byte	.LC2
 964 034e 00       		.byte	0
 965 034f 0B       		.uleb128 0xb
 966 0350 CE000000 		.4byte	.LVL24
 967 0354 FD060000 		.4byte	0x6fd
 968 0358 6D030000 		.4byte	0x36d
 969 035c 0C       		.uleb128 0xc
 970 035d 01       		.uleb128 0x1
 971 035e 50       		.byte	0x50
 972 035f 03       		.uleb128 0x3
 973 0360 91       		.byte	0x91
 974 0361 A87E     		.sleb128 -216
 975 0363 0C       		.uleb128 0xc
 976 0364 01       		.uleb128 0x1
 977 0365 51       		.byte	0x51
 978 0366 05       		.uleb128 0x5
 979 0367 03       		.byte	0x3
 980 0368 48000000 		.4byte	.LC3
 981 036c 00       		.byte	0
 982 036d 0B       		.uleb128 0xb
 983 036e D4000000 		.4byte	.LVL25
 984 0372 F2060000 		.4byte	0x6f2
 985 0376 82030000 		.4byte	0x382
 986 037a 0C       		.uleb128 0xc
 987 037b 01       		.uleb128 0x1
 988 037c 50       		.byte	0x50
 989 037d 03       		.uleb128 0x3
 990 037e 91       		.byte	0x91
 991 037f A87E     		.sleb128 -216
 992 0381 00       		.byte	0
 993 0382 0A       		.uleb128 0xa
 994 0383 E6000000 		.4byte	.LVL26
 995 0387 08070000 		.4byte	0x708
 996 038b 00       		.byte	0
 997 038c 11       		.uleb128 0x11
 998 038d 02010000 		.4byte	.LBB3
 999 0391 30000000 		.4byte	.LBE3-.LBB3
 1000 0395 34040000 		.4byte	0x434
 1001 0399 10       		.uleb128 0x10
 1002 039a 5C020000 		.4byte	.LASF68
 1003 039e 01       		.byte	0x1
 1004 039f A6       		.byte	0xa6
 1005 03a0 08060000 		.4byte	0x608
 1006 03a4 03       		.uleb128 0x3
ARM GAS  C:\Users\DHEERA~1\AppData\Local\Temp\ccVnWq7s.s 			page 23


 1007 03a5 91       		.byte	0x91
 1008 03a6 A87E     		.sleb128 -216
 1009 03a8 0B       		.uleb128 0xb
 1010 03a9 08010000 		.4byte	.LVL29
 1011 03ad F2060000 		.4byte	0x6f2
 1012 03b1 BF030000 		.4byte	0x3bf
 1013 03b5 0C       		.uleb128 0xc
 1014 03b6 01       		.uleb128 0x1
 1015 03b7 50       		.byte	0x50
 1016 03b8 05       		.uleb128 0x5
 1017 03b9 03       		.byte	0x3
 1018 03ba 68000000 		.4byte	.LC5
 1019 03be 00       		.byte	0
 1020 03bf 0B       		.uleb128 0xb
 1021 03c0 0E010000 		.4byte	.LVL30
 1022 03c4 F2060000 		.4byte	0x6f2
 1023 03c8 D6030000 		.4byte	0x3d6
 1024 03cc 0C       		.uleb128 0xc
 1025 03cd 01       		.uleb128 0x1
 1026 03ce 50       		.byte	0x50
 1027 03cf 05       		.uleb128 0x5
 1028 03d0 03       		.byte	0x3
 1029 03d1 94000000 		.4byte	.LC6
 1030 03d5 00       		.byte	0
 1031 03d6 0B       		.uleb128 0xb
 1032 03d7 1A010000 		.4byte	.LVL31
 1033 03db FD060000 		.4byte	0x6fd
 1034 03df F4030000 		.4byte	0x3f4
 1035 03e3 0C       		.uleb128 0xc
 1036 03e4 01       		.uleb128 0x1
 1037 03e5 50       		.byte	0x50
 1038 03e6 03       		.uleb128 0x3
 1039 03e7 91       		.byte	0x91
 1040 03e8 A87E     		.sleb128 -216
 1041 03ea 0C       		.uleb128 0xc
 1042 03eb 01       		.uleb128 0x1
 1043 03ec 51       		.byte	0x51
 1044 03ed 05       		.uleb128 0x5
 1045 03ee 03       		.byte	0x3
 1046 03ef 48000000 		.4byte	.LC3
 1047 03f3 00       		.byte	0
 1048 03f4 0B       		.uleb128 0xb
 1049 03f5 20010000 		.4byte	.LVL32
 1050 03f9 F2060000 		.4byte	0x6f2
 1051 03fd 09040000 		.4byte	0x409
 1052 0401 0C       		.uleb128 0xc
 1053 0402 01       		.uleb128 0x1
 1054 0403 50       		.byte	0x50
 1055 0404 03       		.uleb128 0x3
 1056 0405 91       		.byte	0x91
 1057 0406 A87E     		.sleb128 -216
 1058 0408 00       		.byte	0
 1059 0409 0B       		.uleb128 0xb
 1060 040a 26010000 		.4byte	.LVL33
 1061 040e F2060000 		.4byte	0x6f2
 1062 0412 20040000 		.4byte	0x420
 1063 0416 0C       		.uleb128 0xc
ARM GAS  C:\Users\DHEERA~1\AppData\Local\Temp\ccVnWq7s.s 			page 24


 1064 0417 01       		.uleb128 0x1
 1065 0418 50       		.byte	0x50
 1066 0419 05       		.uleb128 0x5
 1067 041a 03       		.byte	0x3
 1068 041b B4000000 		.4byte	.LC7
 1069 041f 00       		.byte	0
 1070 0420 0D       		.uleb128 0xd
 1071 0421 2C010000 		.4byte	.LVL34
 1072 0425 F2060000 		.4byte	0x6f2
 1073 0429 0C       		.uleb128 0xc
 1074 042a 01       		.uleb128 0x1
 1075 042b 50       		.byte	0x50
 1076 042c 05       		.uleb128 0x5
 1077 042d 03       		.byte	0x3
 1078 042e E0000000 		.4byte	.LC8
 1079 0432 00       		.byte	0
 1080 0433 00       		.byte	0
 1081 0434 11       		.uleb128 0x11
 1082 0435 3A010000 		.4byte	.LBB4
 1083 0439 56000000 		.4byte	.LBE4-.LBB4
 1084 043d 30050000 		.4byte	0x530
 1085 0441 10       		.uleb128 0x10
 1086 0442 96040000 		.4byte	.LASF69
 1087 0446 01       		.byte	0x1
 1088 0447 B5       		.byte	0xb5
 1089 0448 08060000 		.4byte	0x608
 1090 044c 03       		.uleb128 0x3
 1091 044d 91       		.byte	0x91
 1092 044e 987B     		.sleb128 -616
 1093 0450 10       		.uleb128 0x10
 1094 0451 25020000 		.4byte	.LASF70
 1095 0455 01       		.byte	0x1
 1096 0456 B9       		.byte	0xb9
 1097 0457 08060000 		.4byte	0x608
 1098 045b 03       		.uleb128 0x3
 1099 045c 91       		.byte	0x91
 1100 045d E07C     		.sleb128 -416
 1101 045f 10       		.uleb128 0x10
 1102 0460 24000000 		.4byte	.LASF71
 1103 0464 01       		.byte	0x1
 1104 0465 C5       		.byte	0xc5
 1105 0466 08060000 		.4byte	0x608
 1106 046a 03       		.uleb128 0x3
 1107 046b 91       		.byte	0x91
 1108 046c A87E     		.sleb128 -216
 1109 046e 0B       		.uleb128 0xb
 1110 046f 40010000 		.4byte	.LVL35
 1111 0473 F2060000 		.4byte	0x6f2
 1112 0477 85040000 		.4byte	0x485
 1113 047b 0C       		.uleb128 0xc
 1114 047c 01       		.uleb128 0x1
 1115 047d 50       		.byte	0x50
 1116 047e 05       		.uleb128 0x5
 1117 047f 03       		.byte	0x3
 1118 0480 68000000 		.4byte	.LC5
 1119 0484 00       		.byte	0
 1120 0485 0B       		.uleb128 0xb
ARM GAS  C:\Users\DHEERA~1\AppData\Local\Temp\ccVnWq7s.s 			page 25


 1121 0486 46010000 		.4byte	.LVL36
 1122 048a F2060000 		.4byte	0x6f2
 1123 048e 9C040000 		.4byte	0x49c
 1124 0492 0C       		.uleb128 0xc
 1125 0493 01       		.uleb128 0x1
 1126 0494 50       		.byte	0x50
 1127 0495 05       		.uleb128 0x5
 1128 0496 03       		.byte	0x3
 1129 0497 E4000000 		.4byte	.LC9
 1130 049b 00       		.byte	0
 1131 049c 0B       		.uleb128 0xb
 1132 049d 52010000 		.4byte	.LVL37
 1133 04a1 FD060000 		.4byte	0x6fd
 1134 04a5 B9040000 		.4byte	0x4b9
 1135 04a9 0C       		.uleb128 0xc
 1136 04aa 01       		.uleb128 0x1
 1137 04ab 50       		.byte	0x50
 1138 04ac 02       		.uleb128 0x2
 1139 04ad 7D       		.byte	0x7d
 1140 04ae 00       		.sleb128 0
 1141 04af 0C       		.uleb128 0xc
 1142 04b0 01       		.uleb128 0x1
 1143 04b1 51       		.byte	0x51
 1144 04b2 05       		.uleb128 0x5
 1145 04b3 03       		.byte	0x3
 1146 04b4 F0000000 		.4byte	.LC10
 1147 04b8 00       		.byte	0
 1148 04b9 0B       		.uleb128 0xb
 1149 04ba 58010000 		.4byte	.LVL38
 1150 04be F2060000 		.4byte	0x6f2
 1151 04c2 CD040000 		.4byte	0x4cd
 1152 04c6 0C       		.uleb128 0xc
 1153 04c7 01       		.uleb128 0x1
 1154 04c8 50       		.byte	0x50
 1155 04c9 02       		.uleb128 0x2
 1156 04ca 7D       		.byte	0x7d
 1157 04cb 00       		.sleb128 0
 1158 04cc 00       		.byte	0
 1159 04cd 0B       		.uleb128 0xb
 1160 04ce 62010000 		.4byte	.LVL39
 1161 04d2 FD060000 		.4byte	0x6fd
 1162 04d6 EB040000 		.4byte	0x4eb
 1163 04da 0C       		.uleb128 0xc
 1164 04db 01       		.uleb128 0x1
 1165 04dc 50       		.byte	0x50
 1166 04dd 03       		.uleb128 0x3
 1167 04de 91       		.byte	0x91
 1168 04df E07C     		.sleb128 -416
 1169 04e1 0C       		.uleb128 0xc
 1170 04e2 01       		.uleb128 0x1
 1171 04e3 51       		.byte	0x51
 1172 04e4 05       		.uleb128 0x5
 1173 04e5 03       		.byte	0x3
 1174 04e6 00010000 		.4byte	.LC11
 1175 04ea 00       		.byte	0
 1176 04eb 0B       		.uleb128 0xb
 1177 04ec 68010000 		.4byte	.LVL40
ARM GAS  C:\Users\DHEERA~1\AppData\Local\Temp\ccVnWq7s.s 			page 26


 1178 04f0 F2060000 		.4byte	0x6f2
 1179 04f4 00050000 		.4byte	0x500
 1180 04f8 0C       		.uleb128 0xc
 1181 04f9 01       		.uleb128 0x1
 1182 04fa 50       		.byte	0x50
 1183 04fb 03       		.uleb128 0x3
 1184 04fc 91       		.byte	0x91
 1185 04fd E07C     		.sleb128 -416
 1186 04ff 00       		.byte	0
 1187 0500 0B       		.uleb128 0xb
 1188 0501 8A010000 		.4byte	.LVL41
 1189 0505 FD060000 		.4byte	0x6fd
 1190 0509 1E050000 		.4byte	0x51e
 1191 050d 0C       		.uleb128 0xc
 1192 050e 01       		.uleb128 0x1
 1193 050f 50       		.byte	0x50
 1194 0510 03       		.uleb128 0x3
 1195 0511 91       		.byte	0x91
 1196 0512 A87E     		.sleb128 -216
 1197 0514 0C       		.uleb128 0xc
 1198 0515 01       		.uleb128 0x1
 1199 0516 51       		.byte	0x51
 1200 0517 05       		.uleb128 0x5
 1201 0518 03       		.byte	0x3
 1202 0519 18010000 		.4byte	.LC12
 1203 051d 00       		.byte	0
 1204 051e 0D       		.uleb128 0xd
 1205 051f 90010000 		.4byte	.LVL42
 1206 0523 F2060000 		.4byte	0x6f2
 1207 0527 0C       		.uleb128 0xc
 1208 0528 01       		.uleb128 0x1
 1209 0529 50       		.byte	0x50
 1210 052a 03       		.uleb128 0x3
 1211 052b 91       		.byte	0x91
 1212 052c A87E     		.sleb128 -216
 1213 052e 00       		.byte	0
 1214 052f 00       		.byte	0
 1215 0530 0A       		.uleb128 0xa
 1216 0531 30000000 		.4byte	.LVL8
 1217 0535 08070000 		.4byte	0x708
 1218 0539 0A       		.uleb128 0xa
 1219 053a 34000000 		.4byte	.LVL9
 1220 053e 2C020000 		.4byte	0x22c
 1221 0542 0B       		.uleb128 0xb
 1222 0543 3E000000 		.4byte	.LVL10
 1223 0547 13070000 		.4byte	0x713
 1224 054b 5A050000 		.4byte	0x55a
 1225 054f 0C       		.uleb128 0xc
 1226 0550 01       		.uleb128 0x1
 1227 0551 50       		.byte	0x50
 1228 0552 01       		.uleb128 0x1
 1229 0553 31       		.byte	0x31
 1230 0554 0C       		.uleb128 0xc
 1231 0555 01       		.uleb128 0x1
 1232 0556 52       		.byte	0x52
 1233 0557 01       		.uleb128 0x1
 1234 0558 30       		.byte	0x30
ARM GAS  C:\Users\DHEERA~1\AppData\Local\Temp\ccVnWq7s.s 			page 27


 1235 0559 00       		.byte	0
 1236 055a 0B       		.uleb128 0xb
 1237 055b 52000000 		.4byte	.LVL13
 1238 055f 1F070000 		.4byte	0x71f
 1239 0563 6D050000 		.4byte	0x56d
 1240 0567 0C       		.uleb128 0xc
 1241 0568 01       		.uleb128 0x1
 1242 0569 50       		.byte	0x50
 1243 056a 01       		.uleb128 0x1
 1244 056b 31       		.byte	0x31
 1245 056c 00       		.byte	0
 1246 056d 0A       		.uleb128 0xa
 1247 056e 56000000 		.4byte	.LVL14
 1248 0572 58020000 		.4byte	0x258
 1249 0576 0B       		.uleb128 0xb
 1250 0577 66000000 		.4byte	.LVL15
 1251 057b 13070000 		.4byte	0x713
 1252 057f 94050000 		.4byte	0x594
 1253 0583 0C       		.uleb128 0xc
 1254 0584 01       		.uleb128 0x1
 1255 0585 50       		.byte	0x50
 1256 0586 02       		.uleb128 0x2
 1257 0587 74       		.byte	0x74
 1258 0588 00       		.sleb128 0
 1259 0589 0C       		.uleb128 0xc
 1260 058a 01       		.uleb128 0x1
 1261 058b 51       		.byte	0x51
 1262 058c 01       		.uleb128 0x1
 1263 058d 31       		.byte	0x31
 1264 058e 0C       		.uleb128 0xc
 1265 058f 01       		.uleb128 0x1
 1266 0590 52       		.byte	0x52
 1267 0591 01       		.uleb128 0x1
 1268 0592 31       		.byte	0x31
 1269 0593 00       		.byte	0
 1270 0594 0B       		.uleb128 0xb
 1271 0595 72000000 		.4byte	.LVL16
 1272 0599 13070000 		.4byte	0x713
 1273 059d B4050000 		.4byte	0x5b4
 1274 05a1 0C       		.uleb128 0xc
 1275 05a2 01       		.uleb128 0x1
 1276 05a3 50       		.byte	0x50
 1277 05a4 01       		.uleb128 0x1
 1278 05a5 34       		.byte	0x34
 1279 05a6 0C       		.uleb128 0xc
 1280 05a7 01       		.uleb128 0x1
 1281 05a8 51       		.byte	0x51
 1282 05a9 03       		.uleb128 0x3
 1283 05aa 0A       		.byte	0xa
 1284 05ab E803     		.2byte	0x3e8
 1285 05ad 0C       		.uleb128 0xc
 1286 05ae 01       		.uleb128 0x1
 1287 05af 52       		.byte	0x52
 1288 05b0 02       		.uleb128 0x2
 1289 05b1 74       		.byte	0x74
 1290 05b2 00       		.sleb128 0
 1291 05b3 00       		.byte	0
ARM GAS  C:\Users\DHEERA~1\AppData\Local\Temp\ccVnWq7s.s 			page 28


 1292 05b4 0B       		.uleb128 0xb
 1293 05b5 82000000 		.4byte	.LVL19
 1294 05b9 F2060000 		.4byte	0x6f2
 1295 05bd CB050000 		.4byte	0x5cb
 1296 05c1 0C       		.uleb128 0xc
 1297 05c2 01       		.uleb128 0x1
 1298 05c3 50       		.byte	0x50
 1299 05c4 05       		.uleb128 0x5
 1300 05c5 03       		.byte	0x3
 1301 05c6 00000000 		.4byte	.LC0
 1302 05ca 00       		.byte	0
 1303 05cb 0A       		.uleb128 0xa
 1304 05cc 86000000 		.4byte	.LVL20
 1305 05d0 08070000 		.4byte	0x708
 1306 05d4 0B       		.uleb128 0xb
 1307 05d5 94000000 		.4byte	.LVL21
 1308 05d9 1F070000 		.4byte	0x71f
 1309 05dd E7050000 		.4byte	0x5e7
 1310 05e1 0C       		.uleb128 0xc
 1311 05e2 01       		.uleb128 0x1
 1312 05e3 50       		.byte	0x50
 1313 05e4 01       		.uleb128 0x1
 1314 05e5 30       		.byte	0x30
 1315 05e6 00       		.byte	0
 1316 05e7 0B       		.uleb128 0xb
 1317 05e8 EE000000 		.4byte	.LVL27
 1318 05ec F2060000 		.4byte	0x6f2
 1319 05f0 FE050000 		.4byte	0x5fe
 1320 05f4 0C       		.uleb128 0xc
 1321 05f5 01       		.uleb128 0x1
 1322 05f6 50       		.byte	0x50
 1323 05f7 05       		.uleb128 0x5
 1324 05f8 03       		.byte	0x3
 1325 05f9 50000000 		.4byte	.LC4
 1326 05fd 00       		.byte	0
 1327 05fe 0A       		.uleb128 0xa
 1328 05ff F2000000 		.4byte	.LVL28
 1329 0603 08070000 		.4byte	0x708
 1330 0607 00       		.byte	0
 1331 0608 12       		.uleb128 0x12
 1332 0609 BB000000 		.4byte	0xbb
 1333 060d 18060000 		.4byte	0x618
 1334 0611 13       		.uleb128 0x13
 1335 0612 C9000000 		.4byte	0xc9
 1336 0616 C7       		.byte	0xc7
 1337 0617 00       		.byte	0
 1338 0618 10       		.uleb128 0x10
 1339 0619 00020000 		.4byte	.LASF72
 1340 061d 07       		.byte	0x7
 1341 061e 1E       		.byte	0x1e
 1342 061f 7E000000 		.4byte	0x7e
 1343 0623 05       		.uleb128 0x5
 1344 0624 03       		.byte	0x3
 1345 0625 00000000 		.4byte	timeCount
 1346 0629 10       		.uleb128 0x10
 1347 062a E1020000 		.4byte	.LASF73
 1348 062e 07       		.byte	0x7
ARM GAS  C:\Users\DHEERA~1\AppData\Local\Temp\ccVnWq7s.s 			page 29


 1349 062f 1F       		.byte	0x1f
 1350 0630 7E000000 		.4byte	0x7e
 1351 0634 05       		.uleb128 0x5
 1352 0635 03       		.byte	0x3
 1353 0636 08000000 		.4byte	score
 1354 063a 10       		.uleb128 0x10
 1355 063b D3020000 		.4byte	.LASF74
 1356 063f 07       		.byte	0x7
 1357 0640 20       		.byte	0x20
 1358 0641 7E000000 		.4byte	0x7e
 1359 0645 05       		.uleb128 0x5
 1360 0646 03       		.byte	0x3
 1361 0647 00000000 		.4byte	round
 1362 064b 10       		.uleb128 0x10
 1363 064c 7B030000 		.4byte	.LASF75
 1364 0650 01       		.byte	0x1
 1365 0651 42       		.byte	0x42
 1366 0652 21020000 		.4byte	0x221
 1367 0656 05       		.uleb128 0x5
 1368 0657 03       		.byte	0x3
 1369 0658 04000000 		.4byte	GAME__State
 1370 065c 14       		.uleb128 0x14
 1371 065d DB050000 		.4byte	.LASF76
 1372 0661 09       		.byte	0x9
 1373 0662 40       		.byte	0x40
 1374 0663 E6000000 		.4byte	0xe6
 1375 0667 14       		.uleb128 0x14
 1376 0668 C3010000 		.4byte	.LASF77
 1377 066c 09       		.byte	0x9
 1378 066d 47       		.byte	0x47
 1379 066e F1000000 		.4byte	0xf1
 1380 0672 14       		.uleb128 0x14
 1381 0673 D1040000 		.4byte	.LASF78
 1382 0677 09       		.byte	0x9
 1383 0678 4A       		.byte	0x4a
 1384 0679 E6000000 		.4byte	0xe6
 1385 067d 14       		.uleb128 0x14
 1386 067e 00000000 		.4byte	.LASF79
 1387 0682 0A       		.byte	0xa
 1388 0683 48       		.byte	0x48
 1389 0684 FC000000 		.4byte	0xfc
 1390 0688 14       		.uleb128 0x14
 1391 0689 4B010000 		.4byte	.LASF80
 1392 068d 0B       		.byte	0xb
 1393 068e 44       		.byte	0x44
 1394 068f E6000000 		.4byte	0xe6
 1395 0693 15       		.uleb128 0x15
 1396 0694 A0050000 		.4byte	.LASF81
 1397 0698 0C       		.byte	0xc
 1398 0699 1207     		.2byte	0x712
 1399 069b 9F060000 		.4byte	0x69f
 1400 069f 16       		.uleb128 0x16
 1401 06a0 97000000 		.4byte	0x97
 1402 06a4 17       		.uleb128 0x17
 1403 06a5 74010000 		.4byte	.LASF82
 1404 06a9 07       		.byte	0x7
 1405 06aa 1C       		.byte	0x1c
ARM GAS  C:\Users\DHEERA~1\AppData\Local\Temp\ccVnWq7s.s 			page 30


 1406 06ab 8C000000 		.4byte	0x8c
 1407 06af 05       		.uleb128 0x5
 1408 06b0 03       		.byte	0x3
 1409 06b1 00000000 		.4byte	randomDelay
 1410 06b5 17       		.uleb128 0x17
 1411 06b6 B4030000 		.4byte	.LASF83
 1412 06ba 07       		.byte	0x7
 1413 06bb 1D       		.byte	0x1d
 1414 06bc 8C000000 		.4byte	0x8c
 1415 06c0 05       		.uleb128 0x5
 1416 06c1 03       		.byte	0x3
 1417 06c2 00000000 		.4byte	randomValue
 1418 06c6 18       		.uleb128 0x18
 1419 06c7 46010000 		.4byte	.LASF84
 1420 06cb 46010000 		.4byte	.LASF84
 1421 06cf 0D       		.byte	0xd
 1422 06d0 88       		.byte	0x88
 1423 06d1 18       		.uleb128 0x18
 1424 06d2 C3050000 		.4byte	.LASF85
 1425 06d6 C3050000 		.4byte	.LASF85
 1426 06da 0E       		.byte	0xe
 1427 06db 76       		.byte	0x76
 1428 06dc 18       		.uleb128 0x18
 1429 06dd 9F010000 		.4byte	.LASF86
 1430 06e1 9F010000 		.4byte	.LASF86
 1431 06e5 08       		.byte	0x8
 1432 06e6 82       		.byte	0x82
 1433 06e7 18       		.uleb128 0x18
 1434 06e8 60010000 		.4byte	.LASF87
 1435 06ec 60010000 		.4byte	.LASF87
 1436 06f0 0F       		.byte	0xf
 1437 06f1 9F       		.byte	0x9f
 1438 06f2 18       		.uleb128 0x18
 1439 06f3 8B020000 		.4byte	.LASF88
 1440 06f7 8B020000 		.4byte	.LASF88
 1441 06fb 10       		.byte	0x10
 1442 06fc 8B       		.byte	0x8b
 1443 06fd 18       		.uleb128 0x18
 1444 06fe CB020000 		.4byte	.LASF89
 1445 0702 CB020000 		.4byte	.LASF89
 1446 0706 11       		.byte	0x11
 1447 0707 E7       		.byte	0xe7
 1448 0708 18       		.uleb128 0x18
 1449 0709 19000000 		.4byte	.LASF90
 1450 070d 19000000 		.4byte	.LASF90
 1451 0711 08       		.byte	0x8
 1452 0712 7A       		.byte	0x7a
 1453 0713 19       		.uleb128 0x19
 1454 0714 42050000 		.4byte	.LASF91
 1455 0718 42050000 		.4byte	.LASF91
 1456 071c 0F       		.byte	0xf
 1457 071d EF01     		.2byte	0x1ef
 1458 071f 19       		.uleb128 0x19
 1459 0720 26050000 		.4byte	.LASF92
 1460 0724 26050000 		.4byte	.LASF92
 1461 0728 0F       		.byte	0xf
 1462 0729 F901     		.2byte	0x1f9
ARM GAS  C:\Users\DHEERA~1\AppData\Local\Temp\ccVnWq7s.s 			page 31


 1463 072b 00       		.byte	0
 1464              		.section	.debug_abbrev,"",%progbits
 1465              	.Ldebug_abbrev0:
 1466 0000 01       		.uleb128 0x1
 1467 0001 11       		.uleb128 0x11
 1468 0002 01       		.byte	0x1
 1469 0003 25       		.uleb128 0x25
 1470 0004 0E       		.uleb128 0xe
 1471 0005 13       		.uleb128 0x13
 1472 0006 0B       		.uleb128 0xb
 1473 0007 03       		.uleb128 0x3
 1474 0008 0E       		.uleb128 0xe
 1475 0009 1B       		.uleb128 0x1b
 1476 000a 0E       		.uleb128 0xe
 1477 000b 55       		.uleb128 0x55
 1478 000c 17       		.uleb128 0x17
 1479 000d 11       		.uleb128 0x11
 1480 000e 01       		.uleb128 0x1
 1481 000f 10       		.uleb128 0x10
 1482 0010 17       		.uleb128 0x17
 1483 0011 00       		.byte	0
 1484 0012 00       		.byte	0
 1485 0013 02       		.uleb128 0x2
 1486 0014 24       		.uleb128 0x24
 1487 0015 00       		.byte	0
 1488 0016 0B       		.uleb128 0xb
 1489 0017 0B       		.uleb128 0xb
 1490 0018 3E       		.uleb128 0x3e
 1491 0019 0B       		.uleb128 0xb
 1492 001a 03       		.uleb128 0x3
 1493 001b 0E       		.uleb128 0xe
 1494 001c 00       		.byte	0
 1495 001d 00       		.byte	0
 1496 001e 03       		.uleb128 0x3
 1497 001f 16       		.uleb128 0x16
 1498 0020 00       		.byte	0
 1499 0021 03       		.uleb128 0x3
 1500 0022 0E       		.uleb128 0xe
 1501 0023 3A       		.uleb128 0x3a
 1502 0024 0B       		.uleb128 0xb
 1503 0025 3B       		.uleb128 0x3b
 1504 0026 0B       		.uleb128 0xb
 1505 0027 49       		.uleb128 0x49
 1506 0028 13       		.uleb128 0x13
 1507 0029 00       		.byte	0
 1508 002a 00       		.byte	0
 1509 002b 04       		.uleb128 0x4
 1510 002c 24       		.uleb128 0x24
 1511 002d 00       		.byte	0
 1512 002e 0B       		.uleb128 0xb
 1513 002f 0B       		.uleb128 0xb
 1514 0030 3E       		.uleb128 0x3e
 1515 0031 0B       		.uleb128 0xb
 1516 0032 03       		.uleb128 0x3
 1517 0033 08       		.uleb128 0x8
 1518 0034 00       		.byte	0
 1519 0035 00       		.byte	0
ARM GAS  C:\Users\DHEERA~1\AppData\Local\Temp\ccVnWq7s.s 			page 32


 1520 0036 05       		.uleb128 0x5
 1521 0037 04       		.uleb128 0x4
 1522 0038 01       		.byte	0x1
 1523 0039 03       		.uleb128 0x3
 1524 003a 08       		.uleb128 0x8
 1525 003b 0B       		.uleb128 0xb
 1526 003c 0B       		.uleb128 0xb
 1527 003d 49       		.uleb128 0x49
 1528 003e 13       		.uleb128 0x13
 1529 003f 3A       		.uleb128 0x3a
 1530 0040 0B       		.uleb128 0xb
 1531 0041 3B       		.uleb128 0x3b
 1532 0042 0B       		.uleb128 0xb
 1533 0043 01       		.uleb128 0x1
 1534 0044 13       		.uleb128 0x13
 1535 0045 00       		.byte	0
 1536 0046 00       		.byte	0
 1537 0047 06       		.uleb128 0x6
 1538 0048 28       		.uleb128 0x28
 1539 0049 00       		.byte	0
 1540 004a 03       		.uleb128 0x3
 1541 004b 0E       		.uleb128 0xe
 1542 004c 1C       		.uleb128 0x1c
 1543 004d 0B       		.uleb128 0xb
 1544 004e 00       		.byte	0
 1545 004f 00       		.byte	0
 1546 0050 07       		.uleb128 0x7
 1547 0051 28       		.uleb128 0x28
 1548 0052 00       		.byte	0
 1549 0053 03       		.uleb128 0x3
 1550 0054 0E       		.uleb128 0xe
 1551 0055 1C       		.uleb128 0x1c
 1552 0056 0D       		.uleb128 0xd
 1553 0057 00       		.byte	0
 1554 0058 00       		.byte	0
 1555 0059 08       		.uleb128 0x8
 1556 005a 04       		.uleb128 0x4
 1557 005b 01       		.byte	0x1
 1558 005c 0B       		.uleb128 0xb
 1559 005d 0B       		.uleb128 0xb
 1560 005e 49       		.uleb128 0x49
 1561 005f 13       		.uleb128 0x13
 1562 0060 3A       		.uleb128 0x3a
 1563 0061 0B       		.uleb128 0xb
 1564 0062 3B       		.uleb128 0x3b
 1565 0063 0B       		.uleb128 0xb
 1566 0064 01       		.uleb128 0x1
 1567 0065 13       		.uleb128 0x13
 1568 0066 00       		.byte	0
 1569 0067 00       		.byte	0
 1570 0068 09       		.uleb128 0x9
 1571 0069 2E       		.uleb128 0x2e
 1572 006a 01       		.byte	0x1
 1573 006b 3F       		.uleb128 0x3f
 1574 006c 19       		.uleb128 0x19
 1575 006d 03       		.uleb128 0x3
 1576 006e 0E       		.uleb128 0xe
ARM GAS  C:\Users\DHEERA~1\AppData\Local\Temp\ccVnWq7s.s 			page 33


 1577 006f 3A       		.uleb128 0x3a
 1578 0070 0B       		.uleb128 0xb
 1579 0071 3B       		.uleb128 0x3b
 1580 0072 0B       		.uleb128 0xb
 1581 0073 27       		.uleb128 0x27
 1582 0074 19       		.uleb128 0x19
 1583 0075 49       		.uleb128 0x49
 1584 0076 13       		.uleb128 0x13
 1585 0077 11       		.uleb128 0x11
 1586 0078 01       		.uleb128 0x1
 1587 0079 12       		.uleb128 0x12
 1588 007a 06       		.uleb128 0x6
 1589 007b 40       		.uleb128 0x40
 1590 007c 18       		.uleb128 0x18
 1591 007d 9742     		.uleb128 0x2117
 1592 007f 19       		.uleb128 0x19
 1593 0080 01       		.uleb128 0x1
 1594 0081 13       		.uleb128 0x13
 1595 0082 00       		.byte	0
 1596 0083 00       		.byte	0
 1597 0084 0A       		.uleb128 0xa
 1598 0085 898201   		.uleb128 0x4109
 1599 0088 00       		.byte	0
 1600 0089 11       		.uleb128 0x11
 1601 008a 01       		.uleb128 0x1
 1602 008b 31       		.uleb128 0x31
 1603 008c 13       		.uleb128 0x13
 1604 008d 00       		.byte	0
 1605 008e 00       		.byte	0
 1606 008f 0B       		.uleb128 0xb
 1607 0090 898201   		.uleb128 0x4109
 1608 0093 01       		.byte	0x1
 1609 0094 11       		.uleb128 0x11
 1610 0095 01       		.uleb128 0x1
 1611 0096 31       		.uleb128 0x31
 1612 0097 13       		.uleb128 0x13
 1613 0098 01       		.uleb128 0x1
 1614 0099 13       		.uleb128 0x13
 1615 009a 00       		.byte	0
 1616 009b 00       		.byte	0
 1617 009c 0C       		.uleb128 0xc
 1618 009d 8A8201   		.uleb128 0x410a
 1619 00a0 00       		.byte	0
 1620 00a1 02       		.uleb128 0x2
 1621 00a2 18       		.uleb128 0x18
 1622 00a3 9142     		.uleb128 0x2111
 1623 00a5 18       		.uleb128 0x18
 1624 00a6 00       		.byte	0
 1625 00a7 00       		.byte	0
 1626 00a8 0D       		.uleb128 0xd
 1627 00a9 898201   		.uleb128 0x4109
 1628 00ac 01       		.byte	0x1
 1629 00ad 11       		.uleb128 0x11
 1630 00ae 01       		.uleb128 0x1
 1631 00af 31       		.uleb128 0x31
 1632 00b0 13       		.uleb128 0x13
 1633 00b1 00       		.byte	0
ARM GAS  C:\Users\DHEERA~1\AppData\Local\Temp\ccVnWq7s.s 			page 34


 1634 00b2 00       		.byte	0
 1635 00b3 0E       		.uleb128 0xe
 1636 00b4 2E       		.uleb128 0x2e
 1637 00b5 01       		.byte	0x1
 1638 00b6 3F       		.uleb128 0x3f
 1639 00b7 19       		.uleb128 0x19
 1640 00b8 03       		.uleb128 0x3
 1641 00b9 0E       		.uleb128 0xe
 1642 00ba 3A       		.uleb128 0x3a
 1643 00bb 0B       		.uleb128 0xb
 1644 00bc 3B       		.uleb128 0x3b
 1645 00bd 0B       		.uleb128 0xb
 1646 00be 27       		.uleb128 0x27
 1647 00bf 19       		.uleb128 0x19
 1648 00c0 11       		.uleb128 0x11
 1649 00c1 01       		.uleb128 0x1
 1650 00c2 12       		.uleb128 0x12
 1651 00c3 06       		.uleb128 0x6
 1652 00c4 40       		.uleb128 0x40
 1653 00c5 18       		.uleb128 0x18
 1654 00c6 9742     		.uleb128 0x2117
 1655 00c8 19       		.uleb128 0x19
 1656 00c9 01       		.uleb128 0x1
 1657 00ca 13       		.uleb128 0x13
 1658 00cb 00       		.byte	0
 1659 00cc 00       		.byte	0
 1660 00cd 0F       		.uleb128 0xf
 1661 00ce 05       		.uleb128 0x5
 1662 00cf 00       		.byte	0
 1663 00d0 03       		.uleb128 0x3
 1664 00d1 08       		.uleb128 0x8
 1665 00d2 3A       		.uleb128 0x3a
 1666 00d3 0B       		.uleb128 0xb
 1667 00d4 3B       		.uleb128 0x3b
 1668 00d5 0B       		.uleb128 0xb
 1669 00d6 49       		.uleb128 0x49
 1670 00d7 13       		.uleb128 0x13
 1671 00d8 02       		.uleb128 0x2
 1672 00d9 17       		.uleb128 0x17
 1673 00da 00       		.byte	0
 1674 00db 00       		.byte	0
 1675 00dc 10       		.uleb128 0x10
 1676 00dd 34       		.uleb128 0x34
 1677 00de 00       		.byte	0
 1678 00df 03       		.uleb128 0x3
 1679 00e0 0E       		.uleb128 0xe
 1680 00e1 3A       		.uleb128 0x3a
 1681 00e2 0B       		.uleb128 0xb
 1682 00e3 3B       		.uleb128 0x3b
 1683 00e4 0B       		.uleb128 0xb
 1684 00e5 49       		.uleb128 0x49
 1685 00e6 13       		.uleb128 0x13
 1686 00e7 02       		.uleb128 0x2
 1687 00e8 18       		.uleb128 0x18
 1688 00e9 00       		.byte	0
 1689 00ea 00       		.byte	0
 1690 00eb 11       		.uleb128 0x11
ARM GAS  C:\Users\DHEERA~1\AppData\Local\Temp\ccVnWq7s.s 			page 35


 1691 00ec 0B       		.uleb128 0xb
 1692 00ed 01       		.byte	0x1
 1693 00ee 11       		.uleb128 0x11
 1694 00ef 01       		.uleb128 0x1
 1695 00f0 12       		.uleb128 0x12
 1696 00f1 06       		.uleb128 0x6
 1697 00f2 01       		.uleb128 0x1
 1698 00f3 13       		.uleb128 0x13
 1699 00f4 00       		.byte	0
 1700 00f5 00       		.byte	0
 1701 00f6 12       		.uleb128 0x12
 1702 00f7 01       		.uleb128 0x1
 1703 00f8 01       		.byte	0x1
 1704 00f9 49       		.uleb128 0x49
 1705 00fa 13       		.uleb128 0x13
 1706 00fb 01       		.uleb128 0x1
 1707 00fc 13       		.uleb128 0x13
 1708 00fd 00       		.byte	0
 1709 00fe 00       		.byte	0
 1710 00ff 13       		.uleb128 0x13
 1711 0100 21       		.uleb128 0x21
 1712 0101 00       		.byte	0
 1713 0102 49       		.uleb128 0x49
 1714 0103 13       		.uleb128 0x13
 1715 0104 2F       		.uleb128 0x2f
 1716 0105 0B       		.uleb128 0xb
 1717 0106 00       		.byte	0
 1718 0107 00       		.byte	0
 1719 0108 14       		.uleb128 0x14
 1720 0109 34       		.uleb128 0x34
 1721 010a 00       		.byte	0
 1722 010b 03       		.uleb128 0x3
 1723 010c 0E       		.uleb128 0xe
 1724 010d 3A       		.uleb128 0x3a
 1725 010e 0B       		.uleb128 0xb
 1726 010f 3B       		.uleb128 0x3b
 1727 0110 0B       		.uleb128 0xb
 1728 0111 49       		.uleb128 0x49
 1729 0112 13       		.uleb128 0x13
 1730 0113 3F       		.uleb128 0x3f
 1731 0114 19       		.uleb128 0x19
 1732 0115 3C       		.uleb128 0x3c
 1733 0116 19       		.uleb128 0x19
 1734 0117 00       		.byte	0
 1735 0118 00       		.byte	0
 1736 0119 15       		.uleb128 0x15
 1737 011a 34       		.uleb128 0x34
 1738 011b 00       		.byte	0
 1739 011c 03       		.uleb128 0x3
 1740 011d 0E       		.uleb128 0xe
 1741 011e 3A       		.uleb128 0x3a
 1742 011f 0B       		.uleb128 0xb
 1743 0120 3B       		.uleb128 0x3b
 1744 0121 05       		.uleb128 0x5
 1745 0122 49       		.uleb128 0x49
 1746 0123 13       		.uleb128 0x13
 1747 0124 3F       		.uleb128 0x3f
ARM GAS  C:\Users\DHEERA~1\AppData\Local\Temp\ccVnWq7s.s 			page 36


 1748 0125 19       		.uleb128 0x19
 1749 0126 3C       		.uleb128 0x3c
 1750 0127 19       		.uleb128 0x19
 1751 0128 00       		.byte	0
 1752 0129 00       		.byte	0
 1753 012a 16       		.uleb128 0x16
 1754 012b 35       		.uleb128 0x35
 1755 012c 00       		.byte	0
 1756 012d 49       		.uleb128 0x49
 1757 012e 13       		.uleb128 0x13
 1758 012f 00       		.byte	0
 1759 0130 00       		.byte	0
 1760 0131 17       		.uleb128 0x17
 1761 0132 34       		.uleb128 0x34
 1762 0133 00       		.byte	0
 1763 0134 03       		.uleb128 0x3
 1764 0135 0E       		.uleb128 0xe
 1765 0136 3A       		.uleb128 0x3a
 1766 0137 0B       		.uleb128 0xb
 1767 0138 3B       		.uleb128 0x3b
 1768 0139 0B       		.uleb128 0xb
 1769 013a 49       		.uleb128 0x49
 1770 013b 13       		.uleb128 0x13
 1771 013c 3F       		.uleb128 0x3f
 1772 013d 19       		.uleb128 0x19
 1773 013e 02       		.uleb128 0x2
 1774 013f 18       		.uleb128 0x18
 1775 0140 00       		.byte	0
 1776 0141 00       		.byte	0
 1777 0142 18       		.uleb128 0x18
 1778 0143 2E       		.uleb128 0x2e
 1779 0144 00       		.byte	0
 1780 0145 3F       		.uleb128 0x3f
 1781 0146 19       		.uleb128 0x19
 1782 0147 3C       		.uleb128 0x3c
 1783 0148 19       		.uleb128 0x19
 1784 0149 6E       		.uleb128 0x6e
 1785 014a 0E       		.uleb128 0xe
 1786 014b 03       		.uleb128 0x3
 1787 014c 0E       		.uleb128 0xe
 1788 014d 3A       		.uleb128 0x3a
 1789 014e 0B       		.uleb128 0xb
 1790 014f 3B       		.uleb128 0x3b
 1791 0150 0B       		.uleb128 0xb
 1792 0151 00       		.byte	0
 1793 0152 00       		.byte	0
 1794 0153 19       		.uleb128 0x19
 1795 0154 2E       		.uleb128 0x2e
 1796 0155 00       		.byte	0
 1797 0156 3F       		.uleb128 0x3f
 1798 0157 19       		.uleb128 0x19
 1799 0158 3C       		.uleb128 0x3c
 1800 0159 19       		.uleb128 0x19
 1801 015a 6E       		.uleb128 0x6e
 1802 015b 0E       		.uleb128 0xe
 1803 015c 03       		.uleb128 0x3
 1804 015d 0E       		.uleb128 0xe
ARM GAS  C:\Users\DHEERA~1\AppData\Local\Temp\ccVnWq7s.s 			page 37


 1805 015e 3A       		.uleb128 0x3a
 1806 015f 0B       		.uleb128 0xb
 1807 0160 3B       		.uleb128 0x3b
 1808 0161 05       		.uleb128 0x5
 1809 0162 00       		.byte	0
 1810 0163 00       		.byte	0
 1811 0164 00       		.byte	0
 1812              		.section	.debug_loc,"",%progbits
 1813              	.Ldebug_loc0:
 1814              	.LLST0:
 1815 0000 00000000 		.4byte	.LVL6
 1816 0004 24000000 		.4byte	.LVL7
 1817 0008 0100     		.2byte	0x1
 1818 000a 50       		.byte	0x50
 1819 000b 24000000 		.4byte	.LVL7
 1820 000f 46000000 		.4byte	.LVL11
 1821 0013 0400     		.2byte	0x4
 1822 0015 F3       		.byte	0xf3
 1823 0016 01       		.uleb128 0x1
 1824 0017 50       		.byte	0x50
 1825 0018 9F       		.byte	0x9f
 1826 0019 46000000 		.4byte	.LVL11
 1827 001d 4E000000 		.4byte	.LVL12
 1828 0021 0100     		.2byte	0x1
 1829 0023 50       		.byte	0x50
 1830 0024 4E000000 		.4byte	.LVL12
 1831 0028 78000000 		.4byte	.LVL17
 1832 002c 0400     		.2byte	0x4
 1833 002e F3       		.byte	0xf3
 1834 002f 01       		.uleb128 0x1
 1835 0030 50       		.byte	0x50
 1836 0031 9F       		.byte	0x9f
 1837 0032 78000000 		.4byte	.LVL17
 1838 0036 7E000000 		.4byte	.LVL18
 1839 003a 0100     		.2byte	0x1
 1840 003c 50       		.byte	0x50
 1841 003d 7E000000 		.4byte	.LVL18
 1842 0041 98010000 		.4byte	.LVL43
 1843 0045 0400     		.2byte	0x4
 1844 0047 F3       		.byte	0xf3
 1845 0048 01       		.uleb128 0x1
 1846 0049 50       		.byte	0x50
 1847 004a 9F       		.byte	0x9f
 1848 004b 98010000 		.4byte	.LVL43
 1849 004f 9A010000 		.4byte	.LVL44
 1850 0053 0100     		.2byte	0x1
 1851 0055 50       		.byte	0x50
 1852 0056 9A010000 		.4byte	.LVL44
 1853 005a DC010000 		.4byte	.LFE114
 1854 005e 0400     		.2byte	0x4
 1855 0060 F3       		.byte	0xf3
 1856 0061 01       		.uleb128 0x1
 1857 0062 50       		.byte	0x50
 1858 0063 9F       		.byte	0x9f
 1859 0064 00000000 		.4byte	0
 1860 0068 00000000 		.4byte	0
 1861              		.section	.debug_aranges,"",%progbits
ARM GAS  C:\Users\DHEERA~1\AppData\Local\Temp\ccVnWq7s.s 			page 38


 1862 0000 34000000 		.4byte	0x34
 1863 0004 0200     		.2byte	0x2
 1864 0006 00000000 		.4byte	.Ldebug_info0
 1865 000a 04       		.byte	0x4
 1866 000b 00       		.byte	0
 1867 000c 0000     		.2byte	0
 1868 000e 0000     		.2byte	0
 1869 0010 00000000 		.4byte	.LFB111
 1870 0014 38000000 		.4byte	.LFE111-.LFB111
 1871 0018 00000000 		.4byte	.LFB112
 1872 001c 38000000 		.4byte	.LFE112-.LFB112
 1873 0020 00000000 		.4byte	.LFB113
 1874 0024 14000000 		.4byte	.LFE113-.LFB113
 1875 0028 00000000 		.4byte	.LFB114
 1876 002c DC010000 		.4byte	.LFE114-.LFB114
 1877 0030 00000000 		.4byte	0
 1878 0034 00000000 		.4byte	0
 1879              		.section	.debug_ranges,"",%progbits
 1880              	.Ldebug_ranges0:
 1881 0000 00000000 		.4byte	.LFB111
 1882 0004 38000000 		.4byte	.LFE111
 1883 0008 00000000 		.4byte	.LFB112
 1884 000c 38000000 		.4byte	.LFE112
 1885 0010 00000000 		.4byte	.LFB113
 1886 0014 14000000 		.4byte	.LFE113
 1887 0018 00000000 		.4byte	.LFB114
 1888 001c DC010000 		.4byte	.LFE114
 1889 0020 00000000 		.4byte	0
 1890 0024 00000000 		.4byte	0
 1891              		.section	.debug_line,"",%progbits
 1892              	.Ldebug_line0:
 1893 0000 17030000 		.section	.debug_str,"MS",%progbits,1
 1893      02007702 
 1893      00000201 
 1893      FB0E0D00 
 1893      01010101 
 1894              	.LASF79:
 1895 0000 45455F73 		.ascii	"EE_std_endcycle_next_tid\000"
 1895      74645F65 
 1895      6E646379 
 1895      636C655F 
 1895      6E657874 
 1896              	.LASF90:
 1897 0019 53455645 		.ascii	"SEVEN_Init\000"
 1897      4E5F496E 
 1897      697400
 1898              	.LASF71:
 1899 0024 73686F77 		.ascii	"showAverageTime\000"
 1899      41766572 
 1899      61676554 
 1899      696D6500 
 1900              	.LASF59:
 1901 0034 5345474D 		.ascii	"SEGMENT_WAITING_STATE\000"
 1901      454E545F 
 1901      57414954 
 1901      494E475F 
 1901      53544154 
ARM GAS  C:\Users\DHEERA~1\AppData\Local\Temp\ccVnWq7s.s 			page 39


 1902              	.LASF25:
 1903 004a 52435F53 		.ascii	"RC_SUCCESS\000"
 1903      55434345 
 1903      535300
 1904              	.LASF40:
 1905 0055 52435F45 		.ascii	"RC_ERROR_WRITE_ONLY\000"
 1905      52524F52 
 1905      5F575249 
 1905      54455F4F 
 1905      4E4C5900 
 1906              	.LASF2:
 1907 0069 73686F72 		.ascii	"short int\000"
 1907      7420696E 
 1907      7400
 1908              	.LASF31:
 1909 0073 52435F45 		.ascii	"RC_ERROR_OVERRUN\000"
 1909      52524F52 
 1909      5F4F5645 
 1909      5252554E 
 1909      00
 1910              	.LASF43:
 1911 0084 52435F45 		.ascii	"RC_ERROR_WRITE_FAILS\000"
 1911      52524F52 
 1911      5F575249 
 1911      54455F46 
 1911      41494C53 
 1912              	.LASF19:
 1913 0099 73697A65 		.ascii	"sizetype\000"
 1913      74797065 
 1913      00
 1914              	.LASF61:
 1915 00a2 47414D45 		.ascii	"GAME__State_t\000"
 1915      5F5F5374 
 1915      6174655F 
 1915      7400
 1916              	.LASF56:
 1917 00b0 53455645 		.ascii	"SEVEN_0\000"
 1917      4E5F3000 
 1918              	.LASF28:
 1919 00b8 52435F45 		.ascii	"RC_ERROR_ZERO\000"
 1919      52524F52 
 1919      5F5A4552 
 1919      4F00
 1920              	.LASF23:
 1921 00c6 45455F46 		.ascii	"EE_FREG\000"
 1921      52454700 
 1922              	.LASF9:
 1923 00ce 6C6F6E67 		.ascii	"long long int\000"
 1923      206C6F6E 
 1923      6720696E 
 1923      7400
 1924              	.LASF7:
 1925 00dc 5F5F7569 		.ascii	"__uint32_t\000"
 1925      6E743332 
 1925      5F7400
 1926              	.LASF66:
 1927 00e7 61766572 		.ascii	"averageTime\000"
ARM GAS  C:\Users\DHEERA~1\AppData\Local\Temp\ccVnWq7s.s 			page 40


 1927      61676554 
 1927      696D6500 
 1928              	.LASF21:
 1929 00f3 45455F55 		.ascii	"EE_UINT32\000"
 1929      494E5433 
 1929      3200
 1930              	.LASF24:
 1931 00fd 45455F54 		.ascii	"EE_TID\000"
 1931      494400
 1932              	.LASF58:
 1933 0104 49444C45 		.ascii	"IDLE_STATE\000"
 1933      5F535441 
 1933      544500
 1934              	.LASF12:
 1935 010f 75696E74 		.ascii	"uint8_t\000"
 1935      385F7400 
 1936              	.LASF48:
 1937 0117 52435F45 		.ascii	"RC_ERROR_INVALID_STATE\000"
 1937      52524F52 
 1937      5F494E56 
 1937      414C4944 
 1937      5F535441 
 1938              	.LASF64:
 1939 012e 47414D45 		.ascii	"GAME_Play\000"
 1939      5F506C61 
 1939      7900
 1940              	.LASF96:
 1941 0138 46756E63 		.ascii	"Functsk_timer\000"
 1941      74736B5F 
 1941      74696D65 
 1941      7200
 1942              	.LASF84:
 1943 0146 72616E64 		.ascii	"rand\000"
 1943      00
 1944              	.LASF80:
 1945 014b 45455F49 		.ascii	"EE_IRQ_nesting_level\000"
 1945      52515F6E 
 1945      65737469 
 1945      6E675F6C 
 1945      6576656C 
 1946              	.LASF87:
 1947 0160 45455F6F 		.ascii	"EE_oo_TerminateTask\000"
 1947      6F5F5465 
 1947      726D696E 
 1947      61746554 
 1947      61736B00 
 1948              	.LASF82:
 1949 0174 72616E64 		.ascii	"randomDelay\000"
 1949      6F6D4465 
 1949      6C617900 
 1950              	.LASF0:
 1951 0180 7369676E 		.ascii	"signed char\000"
 1951      65642063 
 1951      68617200 
 1952              	.LASF15:
 1953 018c 666C6F61 		.ascii	"float\000"
 1953      7400
ARM GAS  C:\Users\DHEERA~1\AppData\Local\Temp\ccVnWq7s.s 			page 41


 1954              	.LASF55:
 1955 0192 47414D45 		.ascii	"GAME_event_t\000"
 1955      5F657665 
 1955      6E745F74 
 1955      00
 1956              	.LASF86:
 1957 019f 53455645 		.ascii	"SEVEN_Set\000"
 1957      4E5F5365 
 1957      7400
 1958              	.LASF52:
 1959 01a9 47414D45 		.ascii	"GAME_BUTTON1\000"
 1959      5F425554 
 1959      544F4E31 
 1959      00
 1960              	.LASF53:
 1961 01b6 47414D45 		.ascii	"GAME_BUTTON2\000"
 1961      5F425554 
 1961      544F4E32 
 1961      00
 1962              	.LASF77:
 1963 01c3 45455F6F 		.ascii	"EE_oo_IRQ_suspend_status\000"
 1963      6F5F4952 
 1963      515F7375 
 1963      7370656E 
 1963      645F7374 
 1964              	.LASF44:
 1965 01dc 52435F45 		.ascii	"RC_ERROR_NOT_MATCH\000"
 1965      52524F52 
 1965      5F4E4F54 
 1965      5F4D4154 
 1965      434800
 1966              	.LASF49:
 1967 01ef 52435F45 		.ascii	"RC_ERROR_UNKNOWN\000"
 1967      52524F52 
 1967      5F554E4B 
 1967      4E4F574E 
 1967      00
 1968              	.LASF72:
 1969 0200 74696D65 		.ascii	"timeCount\000"
 1969      436F756E 
 1969      7400
 1970              	.LASF6:
 1971 020a 6C6F6E67 		.ascii	"long int\000"
 1971      20696E74 
 1971      00
 1972              	.LASF32:
 1973 0213 52435F45 		.ascii	"RC_ERROR_UNDERRUN\000"
 1973      52524F52 
 1973      5F554E44 
 1973      45525255 
 1973      4E00
 1974              	.LASF70:
 1975 0225 73686F77 		.ascii	"showTotalTime\000"
 1975      546F7461 
 1975      6C54696D 
 1975      6500
 1976              	.LASF35:
ARM GAS  C:\Users\DHEERA~1\AppData\Local\Temp\ccVnWq7s.s 			page 42


 1977 0233 52435F45 		.ascii	"RC_ERROR_BUSY\000"
 1977      52524F52 
 1977      5F425553 
 1977      5900
 1978              	.LASF4:
 1979 0241 5F5F7569 		.ascii	"__uint8_t\000"
 1979      6E74385F 
 1979      7400
 1980              	.LASF41:
 1981 024b 52435F45 		.ascii	"RC_ERROR_INVALID\000"
 1981      52524F52 
 1981      5F494E56 
 1981      414C4944 
 1981      00
 1982              	.LASF68:
 1983 025c 73686F77 		.ascii	"showRound\000"
 1983      526F756E 
 1983      6400
 1984              	.LASF46:
 1985 0266 52435F45 		.ascii	"RC_ERROR_BAD_DATA\000"
 1985      52524F52 
 1985      5F424144 
 1985      5F444154 
 1985      4100
 1986              	.LASF39:
 1987 0278 52435F45 		.ascii	"RC_ERROR_READ_ONLY\000"
 1987      52524F52 
 1987      5F524541 
 1987      445F4F4E 
 1987      4C5900
 1988              	.LASF88:
 1989 028b 55415254 		.ascii	"UART_LOG_PutString\000"
 1989      5F4C4F47 
 1989      5F507574 
 1989      53747269 
 1989      6E6700
 1990              	.LASF18:
 1991 029e 6C6F6E67 		.ascii	"long double\000"
 1991      20646F75 
 1991      626C6500 
 1992              	.LASF1:
 1993 02aa 756E7369 		.ascii	"unsigned char\000"
 1993      676E6564 
 1993      20636861 
 1993      7200
 1994              	.LASF63:
 1995 02b8 44697370 		.ascii	"DisplayRandomValue\000"
 1995      6C617952 
 1995      616E646F 
 1995      6D56616C 
 1995      756500
 1996              	.LASF89:
 1997 02cb 73707269 		.ascii	"sprintf\000"
 1997      6E746600 
 1998              	.LASF74:
 1999 02d3 726F756E 		.ascii	"round\000"
 1999      6400
ARM GAS  C:\Users\DHEERA~1\AppData\Local\Temp\ccVnWq7s.s 			page 43


 2000              	.LASF57:
 2001 02d9 53455645 		.ascii	"SEVEN_1\000"
 2001      4E5F3100 
 2002              	.LASF73:
 2003 02e1 73636F72 		.ascii	"score\000"
 2003      6500
 2004              	.LASF10:
 2005 02e7 6C6F6E67 		.ascii	"long long unsigned int\000"
 2005      206C6F6E 
 2005      6720756E 
 2005      7369676E 
 2005      65642069 
 2006              	.LASF14:
 2007 02fe 75696E74 		.ascii	"uint32_t\000"
 2007      33325F74 
 2007      00
 2008              	.LASF95:
 2009 0307 443A5C4D 		.ascii	"D:\\MS\\HDA\\Embedded\\EOS\\LabAssignments\\Lab2\\R"
 2009      535C4844 
 2009      415C456D 
 2009      62656464 
 2009      65645C45 
 2010 0333 65616374 		.ascii	"eaction_Game_Final\\Reaction_Game_Erika.cydsn\000"
 2010      696F6E5F 
 2010      47616D65 
 2010      5F46696E 
 2010      616C5C52 
 2011              	.LASF11:
 2012 0360 756E7369 		.ascii	"unsigned int\000"
 2012      676E6564 
 2012      20696E74 
 2012      00
 2013              	.LASF37:
 2014 036d 52435F45 		.ascii	"RC_ERROR_OPEN\000"
 2014      52524F52 
 2014      5F4F5045 
 2014      4E00
 2015              	.LASF75:
 2016 037b 47414D45 		.ascii	"GAME__State\000"
 2016      5F5F5374 
 2016      61746500 
 2017              	.LASF27:
 2018 0387 52435F45 		.ascii	"RC_ERROR_NULL\000"
 2018      52524F52 
 2018      5F4E554C 
 2018      4C00
 2019              	.LASF34:
 2020 0395 52435F45 		.ascii	"RC_ERROR_BUFFER_EMTPY\000"
 2020      52524F52 
 2020      5F425546 
 2020      4645525F 
 2020      454D5450 
 2021              	.LASF20:
 2022 03ab 45455F49 		.ascii	"EE_INT32\000"
 2022      4E543332 
 2022      00
 2023              	.LASF83:
ARM GAS  C:\Users\DHEERA~1\AppData\Local\Temp\ccVnWq7s.s 			page 44


 2024 03b4 72616E64 		.ascii	"randomValue\000"
 2024      6F6D5661 
 2024      6C756500 
 2025              	.LASF3:
 2026 03c0 73686F72 		.ascii	"short unsigned int\000"
 2026      7420756E 
 2026      7369676E 
 2026      65642069 
 2026      6E7400
 2027              	.LASF93:
 2028 03d3 474E5520 		.ascii	"GNU C11 5.4.1 20160609 (release) [ARM/embedded-5-br"
 2028      43313120 
 2028      352E342E 
 2028      31203230 
 2028      31363036 
 2029 0406 616E6368 		.ascii	"anch revision 237715] -mcpu=cortex-m3 -mthumb -g -O"
 2029      20726576 
 2029      6973696F 
 2029      6E203233 
 2029      37373135 
 2030 0439 67202D66 		.ascii	"g -ffunction-sections -ffat-lto-objects\000"
 2030      66756E63 
 2030      74696F6E 
 2030      2D736563 
 2030      74696F6E 
 2031              	.LASF17:
 2032 0461 63686172 		.ascii	"char\000"
 2032      00
 2033              	.LASF33:
 2034 0466 52435F45 		.ascii	"RC_ERROR_BUFFER_FULL\000"
 2034      52524F52 
 2034      5F425546 
 2034      4645525F 
 2034      46554C4C 
 2035              	.LASF13:
 2036 047b 696E7433 		.ascii	"int32_t\000"
 2036      325F7400 
 2037              	.LASF62:
 2038 0483 57616974 		.ascii	"WaitForRandomDelay\000"
 2038      466F7252 
 2038      616E646F 
 2038      6D44656C 
 2038      617900
 2039              	.LASF69:
 2040 0496 73686F77 		.ascii	"showScore\000"
 2040      53636F72 
 2040      6500
 2041              	.LASF42:
 2042 04a0 52435F45 		.ascii	"RC_ERROR_READ_FAILS\000"
 2042      52524F52 
 2042      5F524541 
 2042      445F4641 
 2042      494C5300 
 2043              	.LASF65:
 2044 04b4 746F7461 		.ascii	"totalTime\000"
 2044      6C54696D 
 2044      6500
ARM GAS  C:\Users\DHEERA~1\AppData\Local\Temp\ccVnWq7s.s 			page 45


 2045              	.LASF45:
 2046 04be 52435F45 		.ascii	"RC_ERROR_BAD_PARAM\000"
 2046      52524F52 
 2046      5F424144 
 2046      5F504152 
 2046      414D00
 2047              	.LASF78:
 2048 04d1 45455F41 		.ascii	"EE_ApplicationMode\000"
 2048      70706C69 
 2048      63617469 
 2048      6F6E4D6F 
 2048      646500
 2049              	.LASF8:
 2050 04e4 6C6F6E67 		.ascii	"long unsigned int\000"
 2050      20756E73 
 2050      69676E65 
 2050      6420696E 
 2050      7400
 2051              	.LASF16:
 2052 04f6 646F7562 		.ascii	"double\000"
 2052      6C6500
 2053              	.LASF38:
 2054 04fd 52435F45 		.ascii	"RC_ERROR_CHECKSUM\000"
 2054      52524F52 
 2054      5F434845 
 2054      434B5355 
 2054      4D00
 2055              	.LASF22:
 2056 050f 45455F55 		.ascii	"EE_UREG\000"
 2056      52454700 
 2057              	.LASF30:
 2058 0517 52435F45 		.ascii	"RC_ERROR_RANGE\000"
 2058      52524F52 
 2058      5F52414E 
 2058      474500
 2059              	.LASF92:
 2060 0526 45455F6F 		.ascii	"EE_oo_CancelAlarm\000"
 2060      6F5F4361 
 2060      6E63656C 
 2060      416C6172 
 2060      6D00
 2061              	.LASF5:
 2062 0538 5F5F696E 		.ascii	"__int32_t\000"
 2062      7433325F 
 2062      7400
 2063              	.LASF91:
 2064 0542 45455F6F 		.ascii	"EE_oo_SetRelAlarm\000"
 2064      6F5F5365 
 2064      7452656C 
 2064      416C6172 
 2064      6D00
 2065              	.LASF54:
 2066 0554 47414D45 		.ascii	"GAME_TIMEOUT\000"
 2066      5F54494D 
 2066      454F5554 
 2066      00
 2067              	.LASF94:
ARM GAS  C:\Users\DHEERA~1\AppData\Local\Temp\ccVnWq7s.s 			page 46


 2068 0561 67616D65 		.ascii	"game.c\000"
 2068      2E6300
 2069              	.LASF60:
 2070 0568 42555454 		.ascii	"BUTTON_WAITING_STATE\000"
 2070      4F4E5F57 
 2070      41495449 
 2070      4E475F53 
 2070      54415445 
 2071              	.LASF47:
 2072 057d 52435F45 		.ascii	"RC_ERROR_CANCELED\000"
 2072      52524F52 
 2072      5F43414E 
 2072      43454C45 
 2072      4400
 2073              	.LASF67:
 2074 058f 73686F77 		.ascii	"showReactionTime\000"
 2074      52656163 
 2074      74696F6E 
 2074      54696D65 
 2074      00
 2075              	.LASF81:
 2076 05a0 49544D5F 		.ascii	"ITM_RxBuffer\000"
 2076      52784275 
 2076      66666572 
 2076      00
 2077              	.LASF26:
 2078 05ad 52435F45 		.ascii	"RC_ERROR\000"
 2078      52524F52 
 2078      00
 2079              	.LASF51:
 2080 05b6 47414D45 		.ascii	"GAME_NOEVENT\000"
 2080      5F4E4F45 
 2080      56454E54 
 2080      00
 2081              	.LASF85:
 2082 05c3 43794465 		.ascii	"CyDelay\000"
 2082      6C617900 
 2083              	.LASF29:
 2084 05cb 52435F45 		.ascii	"RC_ERROR_MEMORY\000"
 2084      52524F52 
 2084      5F4D454D 
 2084      4F525900 
 2085              	.LASF76:
 2086 05db 45455F6F 		.ascii	"EE_oo_IRQ_disable_count\000"
 2086      6F5F4952 
 2086      515F6469 
 2086      7361626C 
 2086      655F636F 
 2087              	.LASF50:
 2088 05f3 52435F74 		.ascii	"RC_t\000"
 2088      00
 2089              	.LASF36:
 2090 05f8 52435F45 		.ascii	"RC_ERROR_TIME_OUT\000"
 2090      52524F52 
 2090      5F54494D 
 2090      455F4F55 
 2090      5400
ARM GAS  C:\Users\DHEERA~1\AppData\Local\Temp\ccVnWq7s.s 			page 47


 2091              		.ident	"GCC: (GNU Tools for ARM Embedded Processors) 5.4.1 20160609 (release) [ARM/embedded-5-bran
